[0.685s] Invoking command in '/home/livia/rl_6dof_ws/src/6dof_arm_rl': PYTHONPATH=/home/livia/rl_6dof_ws/build/6dof_arm_rl/prefix_override:/usr/lib/python3/dist-packages/colcon_core/task/python/colcon_distutils_commands:/home/livia/rl_6dof_ws/install/6dof_arm_rl/lib/python3.10/site-packages:${PYTHONPATH} /usr/bin/python3 -W ignore:setup.py install is deprecated -W ignore:easy_install command is deprecated setup.py egg_info --egg-base ../../build/6dof_arm_rl build --build-base /home/livia/rl_6dof_ws/build/6dof_arm_rl/build install --record /home/livia/rl_6dof_ws/build/6dof_arm_rl/install.log --single-version-externally-managed install_data
[0.935s] running egg_info
[0.936s] writing ../../build/6dof_arm_rl/6dof_arm_rl.egg-info/PKG-INFO
[0.936s] writing dependency_links to ../../build/6dof_arm_rl/6dof_arm_rl.egg-info/dependency_links.txt
[0.936s] writing entry points to ../../build/6dof_arm_rl/6dof_arm_rl.egg-info/entry_points.txt
[0.936s] writing requirements to ../../build/6dof_arm_rl/6dof_arm_rl.egg-info/requires.txt
[0.936s] writing top-level names to ../../build/6dof_arm_rl/6dof_arm_rl.egg-info/top_level.txt
[0.939s] reading manifest file '../../build/6dof_arm_rl/6dof_arm_rl.egg-info/SOURCES.txt'
[0.940s] writing manifest file '../../build/6dof_arm_rl/6dof_arm_rl.egg-info/SOURCES.txt'
[0.940s] running build
[0.940s] running build_py
[0.940s] running install
[0.941s] running install_lib
[0.943s] running install_data
[0.943s] running install_egg_info
[0.945s] removing '/home/livia/rl_6dof_ws/install/6dof_arm_rl/lib/python3.10/site-packages/6dof_arm_rl-0.0.0-py3.10.egg-info' (and everything under it)
[0.945s] Copying ../../build/6dof_arm_rl/6dof_arm_rl.egg-info to /home/livia/rl_6dof_ws/install/6dof_arm_rl/lib/python3.10/site-packages/6dof_arm_rl-0.0.0-py3.10.egg-info
[0.946s] running install_scripts
[0.966s] Installing arm_control script to /home/livia/rl_6dof_ws/install/6dof_arm_rl/lib/6dof_arm_rl
[0.967s] writing list of installed files to '/home/livia/rl_6dof_ws/build/6dof_arm_rl/install.log'
[0.991s] Invoked command in '/home/livia/rl_6dof_ws/src/6dof_arm_rl' returned '0': PYTHONPATH=/home/livia/rl_6dof_ws/build/6dof_arm_rl/prefix_override:/usr/lib/python3/dist-packages/colcon_core/task/python/colcon_distutils_commands:/home/livia/rl_6dof_ws/install/6dof_arm_rl/lib/python3.10/site-packages:${PYTHONPATH} /usr/bin/python3 -W ignore:setup.py install is deprecated -W ignore:easy_install command is deprecated setup.py egg_info --egg-base ../../build/6dof_arm_rl build --build-base /home/livia/rl_6dof_ws/build/6dof_arm_rl/build install --record /home/livia/rl_6dof_ws/build/6dof_arm_rl/install.log --single-version-externally-managed install_data
