[0.113s] DEBUG:colcon:Command line arguments: ['/usr/bin/colcon', 'build', '--symlink-install']
[0.113s] DEBUG:colcon:Parsed command line arguments: Namespace(log_base=None, log_level=None, verb_name='build', build_base='build', install_base='install', merge_install=False, symlink_install=True, test_result_base=None, continue_on_error=False, executor='parallel', parallel_workers=4, event_handlers=None, ignore_user_meta=False, metas=['./colcon.meta'], base_paths=['.'], packages_ignore=None, packages_ignore_regex=None, paths=None, packages_up_to=None, packages_up_to_regex=None, packages_above=None, packages_above_and_dependencies=None, packages_above_depth=None, packages_select_by_dep=None, packages_skip_by_dep=None, packages_skip_up_to=None, packages_select_build_failed=False, packages_skip_build_finished=False, packages_select_test_failures=False, packages_skip_test_passed=False, packages_select=None, packages_skip=None, packages_select_regex=None, packages_skip_regex=None, packages_start=None, packages_end=None, allow_overriding=[], cmake_args=None, cmake_target=None, cmake_target_skip_unavailable=False, cmake_clean_cache=False, cmake_clean_first=False, cmake_force_configure=False, ament_cmake_args=None, catkin_cmake_args=None, catkin_skip_building_tests=False, verb_parser=<colcon_defaults.argument_parser.defaults.DefaultArgumentsDecorator object at 0x73b1b4308f70>, verb_extension=<colcon_core.verb.build.BuildVerb object at 0x73b1b43083d0>, main=<bound method BuildVerb.main of <colcon_core.verb.build.BuildVerb object at 0x73b1b43083d0>>)
[0.289s] Level 1:colcon.colcon_core.package_discovery:discover_packages(colcon_meta) check parameters
[0.289s] Level 1:colcon.colcon_core.package_discovery:discover_packages(recursive) check parameters
[0.289s] Level 1:colcon.colcon_core.package_discovery:discover_packages(ignore) check parameters
[0.289s] Level 1:colcon.colcon_core.package_discovery:discover_packages(path) check parameters
[0.289s] Level 1:colcon.colcon_core.package_discovery:discover_packages(colcon_meta) discover
[0.289s] Level 1:colcon.colcon_core.package_discovery:discover_packages(recursive) discover
[0.289s] INFO:colcon.colcon_core.package_discovery:Crawling recursively for packages in '/home/livia/rl_6dof_ws'
[0.289s] Level 1:colcon.colcon_core.package_identification:_identify(.) by extensions ['ignore', 'ignore_ament_install']
[0.289s] Level 1:colcon.colcon_core.package_identification:_identify(.) by extension 'ignore'
[0.289s] Level 1:colcon.colcon_core.package_identification:_identify(.) by extension 'ignore_ament_install'
[0.289s] Level 1:colcon.colcon_core.package_identification:_identify(.) by extensions ['colcon_pkg']
[0.289s] Level 1:colcon.colcon_core.package_identification:_identify(.) by extension 'colcon_pkg'
[0.289s] Level 1:colcon.colcon_core.package_identification:_identify(.) by extensions ['colcon_meta']
[0.289s] Level 1:colcon.colcon_core.package_identification:_identify(.) by extension 'colcon_meta'
[0.289s] Level 1:colcon.colcon_core.package_identification:_identify(.) by extensions ['ros']
[0.289s] Level 1:colcon.colcon_core.package_identification:_identify(.) by extension 'ros'
[0.302s] Level 1:colcon.colcon_core.package_identification:_identify(.) by extensions ['cmake', 'python']
[0.302s] Level 1:colcon.colcon_core.package_identification:_identify(.) by extension 'cmake'
[0.302s] Level 1:colcon.colcon_core.package_identification:_identify(.) by extension 'python'
[0.302s] Level 1:colcon.colcon_core.package_identification:_identify(.) by extensions ['python_setup_py']
[0.302s] Level 1:colcon.colcon_core.package_identification:_identify(.) by extension 'python_setup_py'
[0.302s] Level 1:colcon.colcon_core.package_identification:_identify(build) by extensions ['ignore', 'ignore_ament_install']
[0.302s] Level 1:colcon.colcon_core.package_identification:_identify(build) by extension 'ignore'
[0.302s] Level 1:colcon.colcon_core.package_identification:_identify(build) ignored
[0.302s] Level 1:colcon.colcon_core.package_identification:_identify(install) by extensions ['ignore', 'ignore_ament_install']
[0.302s] Level 1:colcon.colcon_core.package_identification:_identify(install) by extension 'ignore'
[0.302s] Level 1:colcon.colcon_core.package_identification:_identify(install) ignored
[0.302s] Level 1:colcon.colcon_core.package_identification:_identify(log) by extensions ['ignore', 'ignore_ament_install']
[0.303s] Level 1:colcon.colcon_core.package_identification:_identify(log) by extension 'ignore'
[0.303s] Level 1:colcon.colcon_core.package_identification:_identify(log) ignored
[0.303s] Level 1:colcon.colcon_core.package_identification:_identify(src) by extensions ['ignore', 'ignore_ament_install']
[0.303s] Level 1:colcon.colcon_core.package_identification:_identify(src) by extension 'ignore'
[0.303s] Level 1:colcon.colcon_core.package_identification:_identify(src) by extension 'ignore_ament_install'
[0.303s] Level 1:colcon.colcon_core.package_identification:_identify(src) by extensions ['colcon_pkg']
[0.303s] Level 1:colcon.colcon_core.package_identification:_identify(src) by extension 'colcon_pkg'
[0.303s] Level 1:colcon.colcon_core.package_identification:_identify(src) by extensions ['colcon_meta']
[0.303s] Level 1:colcon.colcon_core.package_identification:_identify(src) by extension 'colcon_meta'
[0.303s] Level 1:colcon.colcon_core.package_identification:_identify(src) by extensions ['ros']
[0.303s] Level 1:colcon.colcon_core.package_identification:_identify(src) by extension 'ros'
[0.303s] Level 1:colcon.colcon_core.package_identification:_identify(src) by extensions ['cmake', 'python']
[0.303s] Level 1:colcon.colcon_core.package_identification:_identify(src) by extension 'cmake'
[0.303s] Level 1:colcon.colcon_core.package_identification:_identify(src) by extension 'python'
[0.303s] Level 1:colcon.colcon_core.package_identification:_identify(src) by extensions ['python_setup_py']
[0.303s] Level 1:colcon.colcon_core.package_identification:_identify(src) by extension 'python_setup_py'
[0.303s] Level 1:colcon.colcon_core.package_identification:_identify(src/6dof_arm_bringup) by extensions ['ignore', 'ignore_ament_install']
[0.303s] Level 1:colcon.colcon_core.package_identification:_identify(src/6dof_arm_bringup) by extension 'ignore'
[0.303s] Level 1:colcon.colcon_core.package_identification:_identify(src/6dof_arm_bringup) by extension 'ignore_ament_install'
[0.304s] Level 1:colcon.colcon_core.package_identification:_identify(src/6dof_arm_bringup) by extensions ['colcon_pkg']
[0.304s] Level 1:colcon.colcon_core.package_identification:_identify(src/6dof_arm_bringup) by extension 'colcon_pkg'
[0.304s] Level 1:colcon.colcon_core.package_identification:_identify(src/6dof_arm_bringup) by extensions ['colcon_meta']
[0.304s] Level 1:colcon.colcon_core.package_identification:_identify(src/6dof_arm_bringup) by extension 'colcon_meta'
[0.304s] Level 1:colcon.colcon_core.package_identification:_identify(src/6dof_arm_bringup) by extensions ['ros']
[0.304s] Level 1:colcon.colcon_core.package_identification:_identify(src/6dof_arm_bringup) by extension 'ros'
[0.306s] DEBUG:colcon.colcon_core.package_identification:Package 'src/6dof_arm_bringup' with type 'ros.ament_cmake' and name '6dof_arm_bringup'
[0.306s] Level 1:colcon.colcon_core.package_identification:_identify(src/6dof_arm_description) by extensions ['ignore', 'ignore_ament_install']
[0.306s] Level 1:colcon.colcon_core.package_identification:_identify(src/6dof_arm_description) by extension 'ignore'
[0.306s] Level 1:colcon.colcon_core.package_identification:_identify(src/6dof_arm_description) by extension 'ignore_ament_install'
[0.306s] Level 1:colcon.colcon_core.package_identification:_identify(src/6dof_arm_description) by extensions ['colcon_pkg']
[0.306s] Level 1:colcon.colcon_core.package_identification:_identify(src/6dof_arm_description) by extension 'colcon_pkg'
[0.306s] Level 1:colcon.colcon_core.package_identification:_identify(src/6dof_arm_description) by extensions ['colcon_meta']
[0.306s] Level 1:colcon.colcon_core.package_identification:_identify(src/6dof_arm_description) by extension 'colcon_meta'
[0.307s] Level 1:colcon.colcon_core.package_identification:_identify(src/6dof_arm_description) by extensions ['ros']
[0.307s] Level 1:colcon.colcon_core.package_identification:_identify(src/6dof_arm_description) by extension 'ros'
[0.307s] DEBUG:colcon.colcon_core.package_identification:Package 'src/6dof_arm_description' with type 'ros.ament_cmake' and name '6dof_arm_description'
[0.307s] Level 1:colcon.colcon_core.package_identification:_identify(src/6dof_arm_rl) by extensions ['ignore', 'ignore_ament_install']
[0.307s] Level 1:colcon.colcon_core.package_identification:_identify(src/6dof_arm_rl) by extension 'ignore'
[0.307s] Level 1:colcon.colcon_core.package_identification:_identify(src/6dof_arm_rl) by extension 'ignore_ament_install'
[0.307s] Level 1:colcon.colcon_core.package_identification:_identify(src/6dof_arm_rl) by extensions ['colcon_pkg']
[0.307s] Level 1:colcon.colcon_core.package_identification:_identify(src/6dof_arm_rl) by extension 'colcon_pkg'
[0.307s] Level 1:colcon.colcon_core.package_identification:_identify(src/6dof_arm_rl) by extensions ['colcon_meta']
[0.308s] Level 1:colcon.colcon_core.package_identification:_identify(src/6dof_arm_rl) by extension 'colcon_meta'
[0.308s] Level 1:colcon.colcon_core.package_identification:_identify(src/6dof_arm_rl) by extensions ['ros']
[0.308s] Level 1:colcon.colcon_core.package_identification:_identify(src/6dof_arm_rl) by extension 'ros'
[0.308s] DEBUG:colcon.colcon_core.package_identification:Package 'src/6dof_arm_rl' with type 'ros.ament_python' and name '6dof_arm_rl'
[0.308s] Level 1:colcon.colcon_core.package_discovery:discover_packages(recursive) using defaults
[0.308s] Level 1:colcon.colcon_core.package_discovery:discover_packages(ignore) discover
[0.308s] Level 1:colcon.colcon_core.package_discovery:discover_packages(ignore) using defaults
[0.308s] Level 1:colcon.colcon_core.package_discovery:discover_packages(path) discover
[0.308s] Level 1:colcon.colcon_core.package_discovery:discover_packages(path) using defaults
[0.339s] Level 1:colcon.colcon_core.package_discovery:discover_packages(prefix_path) check parameters
[0.339s] Level 1:colcon.colcon_core.package_discovery:discover_packages(prefix_path) discover
[0.341s] DEBUG:colcon.colcon_installed_package_information.package_discovery:Found 1 installed packages in /home/livia/Documents/git/Catch-Them-All-Turtlesim-Project/Catch_Them_All_Turtlesim_Project_WS/install
[0.342s] DEBUG:colcon.colcon_installed_package_information.package_discovery:Found 6 installed packages in /home/livia/ros2_ws/install
[0.342s] DEBUG:colcon.colcon_installed_package_information.package_discovery:Found 3 installed packages in /home/livia/rl_6dof_ws/install
[0.343s] DEBUG:colcon.colcon_installed_package_information.package_discovery:Found 1 installed packages in /home/livia/ros2_ws2/install
[0.344s] DEBUG:colcon.colcon_installed_package_information.package_discovery:Found 338 installed packages in /opt/ros/humble
[0.347s] Level 1:colcon.colcon_core.package_discovery:discover_packages(prefix_path) using defaults
[0.392s] Level 5:colcon.colcon_core.verb:set package '6dof_arm_description' build argument 'cmake_args' from command line to 'None'
[0.392s] Level 5:colcon.colcon_core.verb:set package '6dof_arm_description' build argument 'cmake_target' from command line to 'None'
[0.392s] Level 5:colcon.colcon_core.verb:set package '6dof_arm_description' build argument 'cmake_target_skip_unavailable' from command line to 'False'
[0.392s] Level 5:colcon.colcon_core.verb:set package '6dof_arm_description' build argument 'cmake_clean_cache' from command line to 'False'
[0.392s] Level 5:colcon.colcon_core.verb:set package '6dof_arm_description' build argument 'cmake_clean_first' from command line to 'False'
[0.392s] Level 5:colcon.colcon_core.verb:set package '6dof_arm_description' build argument 'cmake_force_configure' from command line to 'False'
[0.392s] Level 5:colcon.colcon_core.verb:set package '6dof_arm_description' build argument 'ament_cmake_args' from command line to 'None'
[0.392s] Level 5:colcon.colcon_core.verb:set package '6dof_arm_description' build argument 'catkin_cmake_args' from command line to 'None'
[0.392s] Level 5:colcon.colcon_core.verb:set package '6dof_arm_description' build argument 'catkin_skip_building_tests' from command line to 'False'
[0.392s] DEBUG:colcon.colcon_core.verb:Building package '6dof_arm_description' with the following arguments: {'ament_cmake_args': None, 'build_base': '/home/livia/rl_6dof_ws/build/6dof_arm_description', 'catkin_cmake_args': None, 'catkin_skip_building_tests': False, 'cmake_args': None, 'cmake_clean_cache': False, 'cmake_clean_first': False, 'cmake_force_configure': False, 'cmake_target': None, 'cmake_target_skip_unavailable': False, 'install_base': '/home/livia/rl_6dof_ws/install/6dof_arm_description', 'merge_install': False, 'path': '/home/livia/rl_6dof_ws/src/6dof_arm_description', 'symlink_install': True, 'test_result_base': None}
[0.392s] Level 5:colcon.colcon_core.verb:set package '6dof_arm_rl' build argument 'cmake_args' from command line to 'None'
[0.392s] Level 5:colcon.colcon_core.verb:set package '6dof_arm_rl' build argument 'cmake_target' from command line to 'None'
[0.392s] Level 5:colcon.colcon_core.verb:set package '6dof_arm_rl' build argument 'cmake_target_skip_unavailable' from command line to 'False'
[0.392s] Level 5:colcon.colcon_core.verb:set package '6dof_arm_rl' build argument 'cmake_clean_cache' from command line to 'False'
[0.392s] Level 5:colcon.colcon_core.verb:set package '6dof_arm_rl' build argument 'cmake_clean_first' from command line to 'False'
[0.392s] Level 5:colcon.colcon_core.verb:set package '6dof_arm_rl' build argument 'cmake_force_configure' from command line to 'False'
[0.392s] Level 5:colcon.colcon_core.verb:set package '6dof_arm_rl' build argument 'ament_cmake_args' from command line to 'None'
[0.393s] Level 5:colcon.colcon_core.verb:set package '6dof_arm_rl' build argument 'catkin_cmake_args' from command line to 'None'
[0.393s] Level 5:colcon.colcon_core.verb:set package '6dof_arm_rl' build argument 'catkin_skip_building_tests' from command line to 'False'
[0.393s] DEBUG:colcon.colcon_core.verb:Building package '6dof_arm_rl' with the following arguments: {'ament_cmake_args': None, 'build_base': '/home/livia/rl_6dof_ws/build/6dof_arm_rl', 'catkin_cmake_args': None, 'catkin_skip_building_tests': False, 'cmake_args': None, 'cmake_clean_cache': False, 'cmake_clean_first': False, 'cmake_force_configure': False, 'cmake_target': None, 'cmake_target_skip_unavailable': False, 'install_base': '/home/livia/rl_6dof_ws/install/6dof_arm_rl', 'merge_install': False, 'path': '/home/livia/rl_6dof_ws/src/6dof_arm_rl', 'symlink_install': True, 'test_result_base': None}
[0.393s] Level 5:colcon.colcon_core.verb:set package '6dof_arm_bringup' build argument 'cmake_args' from command line to 'None'
[0.393s] Level 5:colcon.colcon_core.verb:set package '6dof_arm_bringup' build argument 'cmake_target' from command line to 'None'
[0.393s] Level 5:colcon.colcon_core.verb:set package '6dof_arm_bringup' build argument 'cmake_target_skip_unavailable' from command line to 'False'
[0.393s] Level 5:colcon.colcon_core.verb:set package '6dof_arm_bringup' build argument 'cmake_clean_cache' from command line to 'False'
[0.393s] Level 5:colcon.colcon_core.verb:set package '6dof_arm_bringup' build argument 'cmake_clean_first' from command line to 'False'
[0.393s] Level 5:colcon.colcon_core.verb:set package '6dof_arm_bringup' build argument 'cmake_force_configure' from command line to 'False'
[0.393s] Level 5:colcon.colcon_core.verb:set package '6dof_arm_bringup' build argument 'ament_cmake_args' from command line to 'None'
[0.393s] Level 5:colcon.colcon_core.verb:set package '6dof_arm_bringup' build argument 'catkin_cmake_args' from command line to 'None'
[0.393s] Level 5:colcon.colcon_core.verb:set package '6dof_arm_bringup' build argument 'catkin_skip_building_tests' from command line to 'False'
[0.393s] DEBUG:colcon.colcon_core.verb:Building package '6dof_arm_bringup' with the following arguments: {'ament_cmake_args': None, 'build_base': '/home/livia/rl_6dof_ws/build/6dof_arm_bringup', 'catkin_cmake_args': None, 'catkin_skip_building_tests': False, 'cmake_args': None, 'cmake_clean_cache': False, 'cmake_clean_first': False, 'cmake_force_configure': False, 'cmake_target': None, 'cmake_target_skip_unavailable': False, 'install_base': '/home/livia/rl_6dof_ws/install/6dof_arm_bringup', 'merge_install': False, 'path': '/home/livia/rl_6dof_ws/src/6dof_arm_bringup', 'symlink_install': True, 'test_result_base': None}
[0.393s] INFO:colcon.colcon_core.executor:Executing jobs using 'parallel' executor
[0.394s] DEBUG:colcon.colcon_parallel_executor.executor.parallel:run_until_complete
[0.395s] INFO:colcon.colcon_ros.task.ament_cmake.build:Building ROS package in '/home/livia/rl_6dof_ws/src/6dof_arm_description' with build type 'ament_cmake'
[0.395s] INFO:colcon.colcon_cmake.task.cmake.build:Building CMake package in '/home/livia/rl_6dof_ws/src/6dof_arm_description'
[0.397s] INFO:colcon.colcon_core.plugin_system:Skipping extension 'colcon_core.shell.bat': Not used on non-Windows systems
[0.397s] INFO:colcon.colcon_core.shell:Skip shell extension 'powershell' for command environment: Not usable outside of PowerShell
[0.397s] DEBUG:colcon.colcon_core.shell:Skip shell extension 'dsv' for command environment
[0.402s] INFO:colcon.colcon_ros.task.ament_python.build:Building ROS package in '/home/livia/rl_6dof_ws/src/6dof_arm_rl' with build type 'ament_python'
[0.402s] Level 1:colcon.colcon_core.shell:create_environment_hook('6dof_arm_rl', 'ament_prefix_path')
[0.402s] INFO:colcon.colcon_core.shell:Creating environment hook '/home/livia/rl_6dof_ws/install/6dof_arm_rl/share/6dof_arm_rl/hook/ament_prefix_path.ps1'
[0.403s] INFO:colcon.colcon_core.shell:Creating environment descriptor '/home/livia/rl_6dof_ws/install/6dof_arm_rl/share/6dof_arm_rl/hook/ament_prefix_path.dsv'
[0.404s] INFO:colcon.colcon_core.shell:Creating environment hook '/home/livia/rl_6dof_ws/install/6dof_arm_rl/share/6dof_arm_rl/hook/ament_prefix_path.sh'
[0.404s] INFO:colcon.colcon_core.shell:Skip shell extension 'powershell' for command environment: Not usable outside of PowerShell
[0.404s] DEBUG:colcon.colcon_core.shell:Skip shell extension 'dsv' for command environment
[0.415s] DEBUG:colcon.colcon_core.event_handler.log_command:Invoking command in '/home/livia/rl_6dof_ws/build/6dof_arm_description': CMAKE_PREFIX_PATH=${CMAKE_PREFIX_PATH}:/home/livia/rl_6dof_ws/install/6dof_arm_rl:/home/livia/ros2_ws/install/my_py_pkg:/home/livia/Documents/git/Catch-Them-All-Turtlesim-Project/Catch_Them_All_Turtlesim_Project_WS/install/turtlesim_catch_them_all:/opt/ros/humble /usr/bin/cmake --build /home/livia/rl_6dof_ws/build/6dof_arm_description -- -j4 -l4
[0.694s] INFO:colcon.colcon_core.task.python.build:Building Python package in '/home/livia/rl_6dof_ws/src/6dof_arm_rl'
[0.694s] INFO:colcon.colcon_core.shell:Skip shell extension 'powershell' for command environment: Not usable outside of PowerShell
[0.694s] DEBUG:colcon.colcon_core.shell:Skip shell extension 'dsv' for command environment
[0.701s] DEBUG:colcon.colcon_core.event_handler.log_command:Invoked command in '/home/livia/rl_6dof_ws/build/6dof_arm_description' returned '0': CMAKE_PREFIX_PATH=${CMAKE_PREFIX_PATH}:/home/livia/rl_6dof_ws/install/6dof_arm_rl:/home/livia/ros2_ws/install/my_py_pkg:/home/livia/Documents/git/Catch-Them-All-Turtlesim-Project/Catch_Them_All_Turtlesim_Project_WS/install/turtlesim_catch_them_all:/opt/ros/humble /usr/bin/cmake --build /home/livia/rl_6dof_ws/build/6dof_arm_description -- -j4 -l4
[0.711s] DEBUG:colcon.colcon_core.event_handler.log_command:Invoking command in '/home/livia/rl_6dof_ws/build/6dof_arm_description': CMAKE_PREFIX_PATH=${CMAKE_PREFIX_PATH}:/home/livia/rl_6dof_ws/install/6dof_arm_rl:/home/livia/ros2_ws/install/my_py_pkg:/home/livia/Documents/git/Catch-Them-All-Turtlesim-Project/Catch_Them_All_Turtlesim_Project_WS/install/turtlesim_catch_them_all:/opt/ros/humble /usr/bin/cmake --install /home/livia/rl_6dof_ws/build/6dof_arm_description
[0.741s] Level 1:colcon.colcon_core.environment:create_environment_scripts_only(6dof_arm_description)
[0.742s] DEBUG:colcon.colcon_core.event_handler.log_command:Invoked command in '/home/livia/rl_6dof_ws/build/6dof_arm_description' returned '0': CMAKE_PREFIX_PATH=${CMAKE_PREFIX_PATH}:/home/livia/rl_6dof_ws/install/6dof_arm_rl:/home/livia/ros2_ws/install/my_py_pkg:/home/livia/Documents/git/Catch-Them-All-Turtlesim-Project/Catch_Them_All_Turtlesim_Project_WS/install/turtlesim_catch_them_all:/opt/ros/humble /usr/bin/cmake --install /home/livia/rl_6dof_ws/build/6dof_arm_description
[0.745s] Level 1:colcon.colcon_core.environment:checking '/home/livia/rl_6dof_ws/install/6dof_arm_description' for CMake module files
[0.745s] Level 1:colcon.colcon_core.environment:checking '/home/livia/rl_6dof_ws/install/6dof_arm_description' for CMake config files
[0.746s] Level 1:colcon.colcon_core.shell:create_environment_hook('6dof_arm_description', 'cmake_prefix_path')
[0.746s] INFO:colcon.colcon_core.shell:Creating environment hook '/home/livia/rl_6dof_ws/install/6dof_arm_description/share/6dof_arm_description/hook/cmake_prefix_path.ps1'
[0.747s] INFO:colcon.colcon_core.shell:Creating environment descriptor '/home/livia/rl_6dof_ws/install/6dof_arm_description/share/6dof_arm_description/hook/cmake_prefix_path.dsv'
[0.747s] INFO:colcon.colcon_core.shell:Creating environment hook '/home/livia/rl_6dof_ws/install/6dof_arm_description/share/6dof_arm_description/hook/cmake_prefix_path.sh'
[0.748s] Level 1:colcon.colcon_core.environment:checking '/home/livia/rl_6dof_ws/install/6dof_arm_description/bin'
[0.748s] Level 1:colcon.colcon_core.environment:checking '/home/livia/rl_6dof_ws/install/6dof_arm_description/lib/pkgconfig/6dof_arm_description.pc'
[0.749s] Level 1:colcon.colcon_core.environment:checking '/home/livia/rl_6dof_ws/install/6dof_arm_description/lib/python3.10/site-packages'
[0.749s] Level 1:colcon.colcon_core.environment:checking '/home/livia/rl_6dof_ws/install/6dof_arm_description/bin'
[0.749s] INFO:colcon.colcon_core.shell:Creating package script '/home/livia/rl_6dof_ws/install/6dof_arm_description/share/6dof_arm_description/package.ps1'
[0.750s] INFO:colcon.colcon_core.shell:Creating package descriptor '/home/livia/rl_6dof_ws/install/6dof_arm_description/share/6dof_arm_description/package.dsv'
[0.751s] INFO:colcon.colcon_core.shell:Creating package script '/home/livia/rl_6dof_ws/install/6dof_arm_description/share/6dof_arm_description/package.sh'
[0.752s] INFO:colcon.colcon_core.shell:Creating package script '/home/livia/rl_6dof_ws/install/6dof_arm_description/share/6dof_arm_description/package.bash'
[0.752s] INFO:colcon.colcon_core.shell:Creating package script '/home/livia/rl_6dof_ws/install/6dof_arm_description/share/6dof_arm_description/package.zsh'
[0.753s] Level 1:colcon.colcon_core.environment:create_file_with_runtime_dependencies(/home/livia/rl_6dof_ws/install/6dof_arm_description/share/colcon-core/packages/6dof_arm_description)
[0.754s] Level 1:colcon.colcon_core.environment:create_environment_scripts_only(6dof_arm_description)
[0.754s] Level 1:colcon.colcon_core.environment:checking '/home/livia/rl_6dof_ws/install/6dof_arm_description' for CMake module files
[0.754s] Level 1:colcon.colcon_core.environment:checking '/home/livia/rl_6dof_ws/install/6dof_arm_description' for CMake config files
[0.755s] Level 1:colcon.colcon_core.shell:create_environment_hook('6dof_arm_description', 'cmake_prefix_path')
[0.755s] INFO:colcon.colcon_core.shell:Creating environment hook '/home/livia/rl_6dof_ws/install/6dof_arm_description/share/6dof_arm_description/hook/cmake_prefix_path.ps1'
[0.755s] INFO:colcon.colcon_core.shell:Creating environment descriptor '/home/livia/rl_6dof_ws/install/6dof_arm_description/share/6dof_arm_description/hook/cmake_prefix_path.dsv'
[0.756s] INFO:colcon.colcon_core.shell:Creating environment hook '/home/livia/rl_6dof_ws/install/6dof_arm_description/share/6dof_arm_description/hook/cmake_prefix_path.sh'
[0.756s] Level 1:colcon.colcon_core.environment:checking '/home/livia/rl_6dof_ws/install/6dof_arm_description/bin'
[0.756s] Level 1:colcon.colcon_core.environment:checking '/home/livia/rl_6dof_ws/install/6dof_arm_description/lib/pkgconfig/6dof_arm_description.pc'
[0.757s] Level 1:colcon.colcon_core.environment:checking '/home/livia/rl_6dof_ws/install/6dof_arm_description/lib/python3.10/site-packages'
[0.757s] Level 1:colcon.colcon_core.environment:checking '/home/livia/rl_6dof_ws/install/6dof_arm_description/bin'
[0.757s] INFO:colcon.colcon_core.shell:Creating package script '/home/livia/rl_6dof_ws/install/6dof_arm_description/share/6dof_arm_description/package.ps1'
[0.758s] INFO:colcon.colcon_core.shell:Creating package descriptor '/home/livia/rl_6dof_ws/install/6dof_arm_description/share/6dof_arm_description/package.dsv'
[0.758s] INFO:colcon.colcon_core.shell:Creating package script '/home/livia/rl_6dof_ws/install/6dof_arm_description/share/6dof_arm_description/package.sh'
[0.759s] INFO:colcon.colcon_core.shell:Creating package script '/home/livia/rl_6dof_ws/install/6dof_arm_description/share/6dof_arm_description/package.bash'
[0.759s] INFO:colcon.colcon_core.shell:Creating package script '/home/livia/rl_6dof_ws/install/6dof_arm_description/share/6dof_arm_description/package.zsh'
[0.759s] Level 1:colcon.colcon_core.environment:create_file_with_runtime_dependencies(/home/livia/rl_6dof_ws/install/6dof_arm_description/share/colcon-core/packages/6dof_arm_description)
[0.760s] INFO:colcon.colcon_ros.task.ament_cmake.build:Building ROS package in '/home/livia/rl_6dof_ws/src/6dof_arm_bringup' with build type 'ament_cmake'
[0.760s] INFO:colcon.colcon_cmake.task.cmake.build:Building CMake package in '/home/livia/rl_6dof_ws/src/6dof_arm_bringup'
[0.760s] INFO:colcon.colcon_core.shell:Skip shell extension 'powershell' for command environment: Not usable outside of PowerShell
[0.760s] DEBUG:colcon.colcon_core.shell:Skip shell extension 'dsv' for command environment
[0.774s] DEBUG:colcon.colcon_core.event_handler.log_command:Invoking command in '/home/livia/rl_6dof_ws/build/6dof_arm_bringup': CMAKE_PREFIX_PATH=/home/livia/rl_6dof_ws/install/6dof_arm_description:/home/livia/ros2_ws/install/my_robot_description:/home/livia/ros2_ws/install/my_cpp_pkg:/home/livia/ros2_ws2/install/my_robot_interfaces:/home/livia/ros2_ws/install/my_robot_bringup:/home/livia/ros2_ws/install/my_robot_interfaces:/home/livia/ros2_ws/install/my_robot_gazebo_bringup:/home/livia/rl_6dof_ws/install/6dof_arm_bringup:/home/livia/rl_6dof_ws/install/6dof_arm_rl:/home/livia/ros2_ws/install/my_py_pkg:/home/livia/Documents/git/Catch-Them-All-Turtlesim-Project/Catch_Them_All_Turtlesim_Project_WS/install/turtlesim_catch_them_all:/opt/ros/humble /usr/bin/cmake --build /home/livia/rl_6dof_ws/build/6dof_arm_bringup -- -j4 -l4
[0.818s] DEBUG:colcon.colcon_core.event_handler.log_command:Invoked command in '/home/livia/rl_6dof_ws/build/6dof_arm_bringup' returned '0': CMAKE_PREFIX_PATH=/home/livia/rl_6dof_ws/install/6dof_arm_description:/home/livia/ros2_ws/install/my_robot_description:/home/livia/ros2_ws/install/my_cpp_pkg:/home/livia/ros2_ws2/install/my_robot_interfaces:/home/livia/ros2_ws/install/my_robot_bringup:/home/livia/ros2_ws/install/my_robot_interfaces:/home/livia/ros2_ws/install/my_robot_gazebo_bringup:/home/livia/rl_6dof_ws/install/6dof_arm_bringup:/home/livia/rl_6dof_ws/install/6dof_arm_rl:/home/livia/ros2_ws/install/my_py_pkg:/home/livia/Documents/git/Catch-Them-All-Turtlesim-Project/Catch_Them_All_Turtlesim_Project_WS/install/turtlesim_catch_them_all:/opt/ros/humble /usr/bin/cmake --build /home/livia/rl_6dof_ws/build/6dof_arm_bringup -- -j4 -l4
[0.820s] DEBUG:colcon.colcon_core.event_handler.log_command:Invoking command in '/home/livia/rl_6dof_ws/build/6dof_arm_bringup': CMAKE_PREFIX_PATH=/home/livia/rl_6dof_ws/install/6dof_arm_description:/home/livia/ros2_ws/install/my_robot_description:/home/livia/ros2_ws/install/my_cpp_pkg:/home/livia/ros2_ws2/install/my_robot_interfaces:/home/livia/ros2_ws/install/my_robot_bringup:/home/livia/ros2_ws/install/my_robot_interfaces:/home/livia/ros2_ws/install/my_robot_gazebo_bringup:/home/livia/rl_6dof_ws/install/6dof_arm_bringup:/home/livia/rl_6dof_ws/install/6dof_arm_rl:/home/livia/ros2_ws/install/my_py_pkg:/home/livia/Documents/git/Catch-Them-All-Turtlesim-Project/Catch_Them_All_Turtlesim_Project_WS/install/turtlesim_catch_them_all:/opt/ros/humble /usr/bin/cmake --install /home/livia/rl_6dof_ws/build/6dof_arm_bringup
[0.847s] Level 1:colcon.colcon_core.environment:create_environment_scripts_only(6dof_arm_bringup)
[0.847s] Level 1:colcon.colcon_core.environment:checking '/home/livia/rl_6dof_ws/install/6dof_arm_bringup' for CMake module files
[0.848s] DEBUG:colcon.colcon_core.event_handler.log_command:Invoked command in '/home/livia/rl_6dof_ws/build/6dof_arm_bringup' returned '0': CMAKE_PREFIX_PATH=/home/livia/rl_6dof_ws/install/6dof_arm_description:/home/livia/ros2_ws/install/my_robot_description:/home/livia/ros2_ws/install/my_cpp_pkg:/home/livia/ros2_ws2/install/my_robot_interfaces:/home/livia/ros2_ws/install/my_robot_bringup:/home/livia/ros2_ws/install/my_robot_interfaces:/home/livia/ros2_ws/install/my_robot_gazebo_bringup:/home/livia/rl_6dof_ws/install/6dof_arm_bringup:/home/livia/rl_6dof_ws/install/6dof_arm_rl:/home/livia/ros2_ws/install/my_py_pkg:/home/livia/Documents/git/Catch-Them-All-Turtlesim-Project/Catch_Them_All_Turtlesim_Project_WS/install/turtlesim_catch_them_all:/opt/ros/humble /usr/bin/cmake --install /home/livia/rl_6dof_ws/build/6dof_arm_bringup
[0.849s] Level 1:colcon.colcon_core.environment:checking '/home/livia/rl_6dof_ws/install/6dof_arm_bringup' for CMake config files
[0.849s] Level 1:colcon.colcon_core.shell:create_environment_hook('6dof_arm_bringup', 'cmake_prefix_path')
[0.849s] INFO:colcon.colcon_core.shell:Creating environment hook '/home/livia/rl_6dof_ws/install/6dof_arm_bringup/share/6dof_arm_bringup/hook/cmake_prefix_path.ps1'
[0.850s] INFO:colcon.colcon_core.shell:Creating environment descriptor '/home/livia/rl_6dof_ws/install/6dof_arm_bringup/share/6dof_arm_bringup/hook/cmake_prefix_path.dsv'
[0.850s] INFO:colcon.colcon_core.shell:Creating environment hook '/home/livia/rl_6dof_ws/install/6dof_arm_bringup/share/6dof_arm_bringup/hook/cmake_prefix_path.sh'
[0.850s] Level 1:colcon.colcon_core.environment:checking '/home/livia/rl_6dof_ws/install/6dof_arm_bringup/bin'
[0.851s] Level 1:colcon.colcon_core.environment:checking '/home/livia/rl_6dof_ws/install/6dof_arm_bringup/lib/pkgconfig/6dof_arm_bringup.pc'
[0.851s] Level 1:colcon.colcon_core.environment:checking '/home/livia/rl_6dof_ws/install/6dof_arm_bringup/lib/python3.10/site-packages'
[0.851s] Level 1:colcon.colcon_core.environment:checking '/home/livia/rl_6dof_ws/install/6dof_arm_bringup/bin'
[0.851s] INFO:colcon.colcon_core.shell:Creating package script '/home/livia/rl_6dof_ws/install/6dof_arm_bringup/share/6dof_arm_bringup/package.ps1'
[0.852s] INFO:colcon.colcon_core.shell:Creating package descriptor '/home/livia/rl_6dof_ws/install/6dof_arm_bringup/share/6dof_arm_bringup/package.dsv'
[0.852s] INFO:colcon.colcon_core.shell:Creating package script '/home/livia/rl_6dof_ws/install/6dof_arm_bringup/share/6dof_arm_bringup/package.sh'
[0.852s] INFO:colcon.colcon_core.shell:Creating package script '/home/livia/rl_6dof_ws/install/6dof_arm_bringup/share/6dof_arm_bringup/package.bash'
[0.853s] INFO:colcon.colcon_core.shell:Creating package script '/home/livia/rl_6dof_ws/install/6dof_arm_bringup/share/6dof_arm_bringup/package.zsh'
[0.853s] Level 1:colcon.colcon_core.environment:create_file_with_runtime_dependencies(/home/livia/rl_6dof_ws/install/6dof_arm_bringup/share/colcon-core/packages/6dof_arm_bringup)
[0.854s] Level 1:colcon.colcon_core.environment:create_environment_scripts_only(6dof_arm_bringup)
[0.854s] Level 1:colcon.colcon_core.environment:checking '/home/livia/rl_6dof_ws/install/6dof_arm_bringup' for CMake module files
[0.854s] Level 1:colcon.colcon_core.environment:checking '/home/livia/rl_6dof_ws/install/6dof_arm_bringup' for CMake config files
[0.855s] Level 1:colcon.colcon_core.shell:create_environment_hook('6dof_arm_bringup', 'cmake_prefix_path')
[0.855s] INFO:colcon.colcon_core.shell:Creating environment hook '/home/livia/rl_6dof_ws/install/6dof_arm_bringup/share/6dof_arm_bringup/hook/cmake_prefix_path.ps1'
[0.855s] INFO:colcon.colcon_core.shell:Creating environment descriptor '/home/livia/rl_6dof_ws/install/6dof_arm_bringup/share/6dof_arm_bringup/hook/cmake_prefix_path.dsv'
[0.855s] INFO:colcon.colcon_core.shell:Creating environment hook '/home/livia/rl_6dof_ws/install/6dof_arm_bringup/share/6dof_arm_bringup/hook/cmake_prefix_path.sh'
[0.856s] Level 1:colcon.colcon_core.environment:checking '/home/livia/rl_6dof_ws/install/6dof_arm_bringup/bin'
[0.856s] Level 1:colcon.colcon_core.environment:checking '/home/livia/rl_6dof_ws/install/6dof_arm_bringup/lib/pkgconfig/6dof_arm_bringup.pc'
[0.856s] Level 1:colcon.colcon_core.environment:checking '/home/livia/rl_6dof_ws/install/6dof_arm_bringup/lib/python3.10/site-packages'
[0.857s] Level 1:colcon.colcon_core.environment:checking '/home/livia/rl_6dof_ws/install/6dof_arm_bringup/bin'
[0.857s] INFO:colcon.colcon_core.shell:Creating package script '/home/livia/rl_6dof_ws/install/6dof_arm_bringup/share/6dof_arm_bringup/package.ps1'
[0.857s] INFO:colcon.colcon_core.shell:Creating package descriptor '/home/livia/rl_6dof_ws/install/6dof_arm_bringup/share/6dof_arm_bringup/package.dsv'
[0.858s] INFO:colcon.colcon_core.shell:Creating package script '/home/livia/rl_6dof_ws/install/6dof_arm_bringup/share/6dof_arm_bringup/package.sh'
[0.858s] INFO:colcon.colcon_core.shell:Creating package script '/home/livia/rl_6dof_ws/install/6dof_arm_bringup/share/6dof_arm_bringup/package.bash'
[0.859s] INFO:colcon.colcon_core.shell:Creating package script '/home/livia/rl_6dof_ws/install/6dof_arm_bringup/share/6dof_arm_bringup/package.zsh'
[0.859s] Level 1:colcon.colcon_core.environment:create_file_with_runtime_dependencies(/home/livia/rl_6dof_ws/install/6dof_arm_bringup/share/colcon-core/packages/6dof_arm_bringup)
[1.114s] DEBUG:colcon.colcon_core.event_handler.log_command:Invoking command in '/home/livia/rl_6dof_ws/build/6dof_arm_rl': PYTHONPATH=/home/livia/rl_6dof_ws/build/6dof_arm_rl/prefix_override:/usr/lib/python3/dist-packages/colcon_core/task/python/colcon_distutils_commands:/home/livia/rl_6dof_ws/install/6dof_arm_rl/lib/python3.10/site-packages:${PYTHONPATH} /usr/bin/python3 -W ignore:setup.py install is deprecated -W ignore:easy_install command is deprecated setup.py develop --editable --build-directory /home/livia/rl_6dof_ws/build/6dof_arm_rl/build --no-deps symlink_data
[1.597s] Level 1:colcon.colcon_core.shell:create_environment_hook('6dof_arm_rl', 'pythonpath_develop')
[1.598s] INFO:colcon.colcon_core.shell:Creating environment hook '/home/livia/rl_6dof_ws/build/6dof_arm_rl/share/6dof_arm_rl/hook/pythonpath_develop.ps1'
[1.598s] DEBUG:colcon.colcon_core.event_handler.log_command:Invoked command in '/home/livia/rl_6dof_ws/build/6dof_arm_rl' returned '0': PYTHONPATH=/home/livia/rl_6dof_ws/build/6dof_arm_rl/prefix_override:/usr/lib/python3/dist-packages/colcon_core/task/python/colcon_distutils_commands:/home/livia/rl_6dof_ws/install/6dof_arm_rl/lib/python3.10/site-packages:${PYTHONPATH} /usr/bin/python3 -W ignore:setup.py install is deprecated -W ignore:easy_install command is deprecated setup.py develop --editable --build-directory /home/livia/rl_6dof_ws/build/6dof_arm_rl/build --no-deps symlink_data
[1.598s] INFO:colcon.colcon_core.shell:Creating environment descriptor '/home/livia/rl_6dof_ws/build/6dof_arm_rl/share/6dof_arm_rl/hook/pythonpath_develop.dsv'
[1.599s] INFO:colcon.colcon_core.shell:Creating environment hook '/home/livia/rl_6dof_ws/build/6dof_arm_rl/share/6dof_arm_rl/hook/pythonpath_develop.sh'
[1.599s] Level 1:colcon.colcon_core.environment:checking '/home/livia/rl_6dof_ws/install/6dof_arm_rl' for CMake module files
[1.600s] Level 1:colcon.colcon_core.environment:checking '/home/livia/rl_6dof_ws/install/6dof_arm_rl' for CMake config files
[1.600s] Level 1:colcon.colcon_core.environment:checking '/home/livia/rl_6dof_ws/install/6dof_arm_rl/lib'
[1.600s] Level 1:colcon.colcon_core.environment:checking '/home/livia/rl_6dof_ws/install/6dof_arm_rl/bin'
[1.600s] Level 1:colcon.colcon_core.environment:checking '/home/livia/rl_6dof_ws/install/6dof_arm_rl/lib/pkgconfig/6dof_arm_rl.pc'
[1.600s] Level 1:colcon.colcon_core.environment:checking '/home/livia/rl_6dof_ws/install/6dof_arm_rl/lib/python3.10/site-packages'
[1.601s] Level 1:colcon.colcon_core.shell:create_environment_hook('6dof_arm_rl', 'pythonpath')
[1.601s] INFO:colcon.colcon_core.shell:Creating environment hook '/home/livia/rl_6dof_ws/install/6dof_arm_rl/share/6dof_arm_rl/hook/pythonpath.ps1'
[1.601s] INFO:colcon.colcon_core.shell:Creating environment descriptor '/home/livia/rl_6dof_ws/install/6dof_arm_rl/share/6dof_arm_rl/hook/pythonpath.dsv'
[1.601s] INFO:colcon.colcon_core.shell:Creating environment hook '/home/livia/rl_6dof_ws/install/6dof_arm_rl/share/6dof_arm_rl/hook/pythonpath.sh'
[1.602s] Level 1:colcon.colcon_core.environment:checking '/home/livia/rl_6dof_ws/install/6dof_arm_rl/bin'
[1.602s] Level 1:colcon.colcon_core.environment:create_environment_scripts_only(6dof_arm_rl)
[1.602s] INFO:colcon.colcon_core.shell:Creating package script '/home/livia/rl_6dof_ws/install/6dof_arm_rl/share/6dof_arm_rl/package.ps1'
[1.603s] INFO:colcon.colcon_core.shell:Creating package descriptor '/home/livia/rl_6dof_ws/install/6dof_arm_rl/share/6dof_arm_rl/package.dsv'
[1.603s] INFO:colcon.colcon_core.shell:Creating package script '/home/livia/rl_6dof_ws/install/6dof_arm_rl/share/6dof_arm_rl/package.sh'
[1.604s] INFO:colcon.colcon_core.shell:Creating package script '/home/livia/rl_6dof_ws/install/6dof_arm_rl/share/6dof_arm_rl/package.bash'
[1.604s] INFO:colcon.colcon_core.shell:Creating package script '/home/livia/rl_6dof_ws/install/6dof_arm_rl/share/6dof_arm_rl/package.zsh'
[1.605s] Level 1:colcon.colcon_core.environment:create_file_with_runtime_dependencies(/home/livia/rl_6dof_ws/install/6dof_arm_rl/share/colcon-core/packages/6dof_arm_rl)
[1.605s] DEBUG:colcon.colcon_parallel_executor.executor.parallel:closing loop
[1.605s] DEBUG:colcon.colcon_parallel_executor.executor.parallel:loop closed
[1.605s] DEBUG:colcon.colcon_parallel_executor.executor.parallel:run_until_complete finished with '0'
[1.605s] DEBUG:colcon.colcon_core.event_reactor:joining thread
[1.611s] INFO:colcon.colcon_core.plugin_system:Skipping extension 'colcon_notification.desktop_notification.terminal_notifier': Not used on non-Darwin systems
[1.611s] INFO:colcon.colcon_core.plugin_system:Skipping extension 'colcon_notification.desktop_notification.win32': Not used on non-Windows systems
[1.611s] INFO:colcon.colcon_notification.desktop_notification:Sending desktop notification using 'notify2'
[1.622s] DEBUG:colcon.colcon_core.event_reactor:joined thread
[1.622s] INFO:colcon.colcon_core.shell:Creating prefix script '/home/livia/rl_6dof_ws/install/local_setup.ps1'
[1.624s] INFO:colcon.colcon_core.shell:Creating prefix util module '/home/livia/rl_6dof_ws/install/_local_setup_util_ps1.py'
[1.625s] INFO:colcon.colcon_core.shell:Creating prefix chain script '/home/livia/rl_6dof_ws/install/setup.ps1'
[1.626s] INFO:colcon.colcon_core.shell:Creating prefix script '/home/livia/rl_6dof_ws/install/local_setup.sh'
[1.627s] INFO:colcon.colcon_core.shell:Creating prefix util module '/home/livia/rl_6dof_ws/install/_local_setup_util_sh.py'
[1.627s] INFO:colcon.colcon_core.shell:Creating prefix chain script '/home/livia/rl_6dof_ws/install/setup.sh'
[1.629s] INFO:colcon.colcon_core.shell:Creating prefix script '/home/livia/rl_6dof_ws/install/local_setup.bash'
[1.630s] INFO:colcon.colcon_core.shell:Creating prefix chain script '/home/livia/rl_6dof_ws/install/setup.bash'
[1.632s] INFO:colcon.colcon_core.shell:Creating prefix script '/home/livia/rl_6dof_ws/install/local_setup.zsh'
[1.633s] INFO:colcon.colcon_core.shell:Creating prefix chain script '/home/livia/rl_6dof_ws/install/setup.zsh'
