running egg_info
writing ../../build/6dof_arm_rl/6dof_arm_rl.egg-info/PKG-INFO
writing dependency_links to ../../build/6dof_arm_rl/6dof_arm_rl.egg-info/dependency_links.txt
writing entry points to ../../build/6dof_arm_rl/6dof_arm_rl.egg-info/entry_points.txt
writing requirements to ../../build/6dof_arm_rl/6dof_arm_rl.egg-info/requires.txt
writing top-level names to ../../build/6dof_arm_rl/6dof_arm_rl.egg-info/top_level.txt
reading manifest file '../../build/6dof_arm_rl/6dof_arm_rl.egg-info/SOURCES.txt'
writing manifest file '../../build/6dof_arm_rl/6dof_arm_rl.egg-info/SOURCES.txt'
running build
running build_py
running install
running install_lib
running install_data
copying package.xml -> /home/livia/rl_6dof_ws/install/6dof_arm_rl/share/6dof_arm_rl
running install_egg_info
removing '/home/livia/rl_6dof_ws/install/6dof_arm_rl/lib/python3.10/site-packages/6dof_arm_rl-0.0.0-py3.10.egg-info' (and everything under it)
Copying ../../build/6dof_arm_rl/6dof_arm_rl.egg-info to /home/livia/rl_6dof_ws/install/6dof_arm_rl/lib/python3.10/site-packages/6dof_arm_rl-0.0.0-py3.10.egg-info
running install_scripts
Installing arm_control script to /home/livia/rl_6dof_ws/install/6dof_arm_rl/lib/6dof_arm_rl
writing list of installed files to '/home/livia/rl_6dof_ws/build/6dof_arm_rl/install.log'
