[0.020s] Invoking command in '/home/livia/rl_6dof_ws/build/6dof_arm_description': CMAKE_PREFIX_PATH=${CMAKE_PREFIX_PATH}:/home/livia/ros2_ws/install/my_py_pkg:/home/livia/Documents/git/Catch-Them-All-Turtlesim-Project/Catch_Them_All_Turtlesim_Project_WS/install/turtlesim_catch_them_all:/home/livia/rl_6dof_ws/install/6dof_arm_rl:/opt/ros/humble /usr/bin/cmake --build /home/livia/rl_6dof_ws/build/6dof_arm_description -- -j4 -l4
[0.321s] Invoked command in '/home/livia/rl_6dof_ws/build/6dof_arm_description' returned '0': CMAKE_PREFIX_PATH=${CMAKE_PREFIX_PATH}:/home/livia/ros2_ws/install/my_py_pkg:/home/livia/Documents/git/Catch-Them-All-Turtlesim-Project/Catch_Them_All_Turtlesim_Project_WS/install/turtlesim_catch_them_all:/home/livia/rl_6dof_ws/install/6dof_arm_rl:/opt/ros/humble /usr/bin/cmake --build /home/livia/rl_6dof_ws/build/6dof_arm_description -- -j4 -l4
[0.333s] Invoking command in '/home/livia/rl_6dof_ws/build/6dof_arm_description': CMAKE_PREFIX_PATH=${CMAKE_PREFIX_PATH}:/home/livia/ros2_ws/install/my_py_pkg:/home/livia/Documents/git/Catch-Them-All-Turtlesim-Project/Catch_Them_All_Turtlesim_Project_WS/install/turtlesim_catch_them_all:/home/livia/rl_6dof_ws/install/6dof_arm_rl:/opt/ros/humble /usr/bin/cmake --install /home/livia/rl_6dof_ws/build/6dof_arm_description
[0.342s] -- Install configuration: ""
[0.342s] -- Execute custom install script
[0.343s] -- Up-to-date symlink: /home/livia/rl_6dof_ws/install/6dof_arm_description/share/6dof_arm_description//urdf/6dof_arm.trans
[0.343s] -- Up-to-date symlink: /home/livia/rl_6dof_ws/install/6dof_arm_description/share/6dof_arm_description//urdf/6dof_arm.urdf.xacro
[0.344s] -- Symlinking: /home/livia/rl_6dof_ws/install/6dof_arm_description/share/6dof_arm_description//urdf/6dof_arm_gazebo_properties.xacro
[0.353s] -- Up-to-date symlink: /home/livia/rl_6dof_ws/install/6dof_arm_description/share/6dof_arm_description//urdf/lidar_sensor.urdf.xacro
[0.353s] -- Up-to-date symlink: /home/livia/rl_6dof_ws/install/6dof_arm_description/share/6dof_arm_description//urdf/mobile_base.urdf.xacro
[0.353s] -- Up-to-date symlink: /home/livia/rl_6dof_ws/install/6dof_arm_description/share/6dof_arm_description//urdf/properties.urdf.xacro
[0.354s] -- Up-to-date symlink: /home/livia/rl_6dof_ws/install/6dof_arm_description/share/6dof_arm_description//urdf/ros2_control.xacro
[0.354s] -- Up-to-date symlink: /home/livia/rl_6dof_ws/install/6dof_arm_description/share/6dof_arm_description//meshes/6dof_arm/base_link.stl
[0.354s] -- Up-to-date symlink: /home/livia/rl_6dof_ws/install/6dof_arm_description/share/6dof_arm_description//meshes/6dof_arm/link_1.stl
[0.355s] -- Up-to-date symlink: /home/livia/rl_6dof_ws/install/6dof_arm_description/share/6dof_arm_description//meshes/6dof_arm/link_2.stl
[0.355s] -- Up-to-date symlink: /home/livia/rl_6dof_ws/install/6dof_arm_description/share/6dof_arm_description//meshes/6dof_arm/link_3.stl
[0.355s] -- Up-to-date symlink: /home/livia/rl_6dof_ws/install/6dof_arm_description/share/6dof_arm_description//meshes/6dof_arm/link_4.stl
[0.355s] -- Up-to-date symlink: /home/livia/rl_6dof_ws/install/6dof_arm_description/share/6dof_arm_description//meshes/6dof_arm/link_5.stl
[0.356s] -- Up-to-date symlink: /home/livia/rl_6dof_ws/install/6dof_arm_description/share/6dof_arm_description//meshes/6dof_arm/link_6.stl
[0.356s] -- Up-to-date symlink: /home/livia/rl_6dof_ws/install/6dof_arm_description/share/6dof_arm_description//config/6dof_arm_controllers.yaml
[0.356s] -- Up-to-date symlink: /home/livia/rl_6dof_ws/install/6dof_arm_description/share/ament_index/resource_index/package_run_dependencies/6dof_arm_description
[0.357s] -- Up-to-date symlink: /home/livia/rl_6dof_ws/install/6dof_arm_description/share/ament_index/resource_index/parent_prefix_path/6dof_arm_description
[0.357s] -- Up-to-date symlink: /home/livia/rl_6dof_ws/install/6dof_arm_description/share/6dof_arm_description/environment/ament_prefix_path.sh
[0.357s] -- Up-to-date symlink: /home/livia/rl_6dof_ws/install/6dof_arm_description/share/6dof_arm_description/environment/ament_prefix_path.dsv
[0.357s] -- Up-to-date symlink: /home/livia/rl_6dof_ws/install/6dof_arm_description/share/6dof_arm_description/environment/path.sh
[0.358s] -- Up-to-date symlink: /home/livia/rl_6dof_ws/install/6dof_arm_description/share/6dof_arm_description/environment/path.dsv
[0.358s] -- Up-to-date symlink: /home/livia/rl_6dof_ws/install/6dof_arm_description/share/6dof_arm_description/local_setup.bash
[0.358s] -- Up-to-date symlink: /home/livia/rl_6dof_ws/install/6dof_arm_description/share/6dof_arm_description/local_setup.sh
[0.358s] -- Up-to-date symlink: /home/livia/rl_6dof_ws/install/6dof_arm_description/share/6dof_arm_description/local_setup.zsh
[0.359s] -- Up-to-date symlink: /home/livia/rl_6dof_ws/install/6dof_arm_description/share/6dof_arm_description/local_setup.dsv
[0.359s] -- Symlinking: /home/livia/rl_6dof_ws/install/6dof_arm_description/share/6dof_arm_description/package.dsv
[0.369s] -- Up-to-date symlink: /home/livia/rl_6dof_ws/install/6dof_arm_description/share/ament_index/resource_index/packages/6dof_arm_description
[0.369s] -- Up-to-date symlink: /home/livia/rl_6dof_ws/install/6dof_arm_description/share/6dof_arm_description/cmake/6dof_arm_descriptionConfig.cmake
[0.369s] -- Up-to-date symlink: /home/livia/rl_6dof_ws/install/6dof_arm_description/share/6dof_arm_description/cmake/6dof_arm_descriptionConfig-version.cmake
[0.370s] -- Up-to-date symlink: /home/livia/rl_6dof_ws/install/6dof_arm_description/share/6dof_arm_description/package.xml
[0.372s] Invoked command in '/home/livia/rl_6dof_ws/build/6dof_arm_description' returned '0': CMAKE_PREFIX_PATH=${CMAKE_PREFIX_PATH}:/home/livia/ros2_ws/install/my_py_pkg:/home/livia/Documents/git/Catch-Them-All-Turtlesim-Project/Catch_Them_All_Turtlesim_Project_WS/install/turtlesim_catch_them_all:/home/livia/rl_6dof_ws/install/6dof_arm_rl:/opt/ros/humble /usr/bin/cmake --install /home/livia/rl_6dof_ws/build/6dof_arm_description
