[0.750s] Invoking command in '/home/livia/rl_6dof_ws/build/6dof_arm_rl': CONDA_PROMPT_MODIFIER=(base) PYTHONPATH=/home/livia/rl_6dof_ws/build/6dof_arm_rl/prefix_override:/usr/lib/python3/dist-packages/colcon_core/task/python/colcon_distutils_commands:/home/livia/rl_6dof_ws/install/6dof_arm_rl/lib/python3.10/site-packages:${PYTHONPATH} /usr/bin/python3 -W ignore:setup.py install is deprecated -W ignore:easy_install command is deprecated setup.py develop --editable --build-directory /home/livia/rl_6dof_ws/build/6dof_arm_rl/build --no-deps symlink_data
[1.037s] running develop
[1.213s] running egg_info
[1.213s] creating 6dof_arm_rl.egg-info
[1.213s] writing 6dof_arm_rl.egg-info/PKG-INFO
[1.213s] writing dependency_links to 6dof_arm_rl.egg-info/dependency_links.txt
[1.213s] writing entry points to 6dof_arm_rl.egg-info/entry_points.txt
[1.214s] writing requirements to 6dof_arm_rl.egg-info/requires.txt
[1.214s] writing top-level names to 6dof_arm_rl.egg-info/top_level.txt
[1.214s] writing manifest file '6dof_arm_rl.egg-info/SOURCES.txt'
[1.216s] reading manifest file '6dof_arm_rl.egg-info/SOURCES.txt'
[1.216s] writing manifest file '6dof_arm_rl.egg-info/SOURCES.txt'
[1.218s] running build_ext
[1.218s] Creating /home/livia/rl_6dof_ws/install/6dof_arm_rl/lib/python3.10/site-packages/6dof-arm-rl.egg-link (link to .)
[1.221s] 
[1.221s] Installed /home/livia/rl_6dof_ws/build/6dof_arm_rl
[1.221s] running symlink_data
[1.221s] creating /home/livia/rl_6dof_ws/install/6dof_arm_rl/share/ament_index
[1.221s] creating /home/livia/rl_6dof_ws/install/6dof_arm_rl/share/ament_index/resource_index
[1.221s] creating /home/livia/rl_6dof_ws/install/6dof_arm_rl/share/ament_index/resource_index/packages
[1.221s] symbolically linking /home/livia/rl_6dof_ws/build/6dof_arm_rl/resource/6dof_arm_rl -> /home/livia/rl_6dof_ws/install/6dof_arm_rl/share/ament_index/resource_index/packages
[1.221s] symbolically linking /home/livia/rl_6dof_ws/build/6dof_arm_rl/package.xml -> /home/livia/rl_6dof_ws/install/6dof_arm_rl/share/6dof_arm_rl
[1.252s] Invoked command in '/home/livia/rl_6dof_ws/build/6dof_arm_rl' returned '0': CONDA_PROMPT_MODIFIER=(base) PYTHONPATH=/home/livia/rl_6dof_ws/build/6dof_arm_rl/prefix_override:/usr/lib/python3/dist-packages/colcon_core/task/python/colcon_distutils_commands:/home/livia/rl_6dof_ws/install/6dof_arm_rl/lib/python3.10/site-packages:${PYTHONPATH} /usr/bin/python3 -W ignore:setup.py install is deprecated -W ignore:easy_install command is deprecated setup.py develop --editable --build-directory /home/livia/rl_6dof_ws/build/6dof_arm_rl/build --no-deps symlink_data
