[0.024s] Invoking command in '/home/livia/rl_6dof_ws/build/sixdof_arm_interfaces': CMAKE_PREFIX_PATH=${CMAKE_PREFIX_PATH}:/home/livia/ros2_ws/install/my_py_pkg:/home/livia/ros2_ws/install/actions_py:/home/livia/Documents/git/Catch-Them-All-Turtlesim-Project/Catch_Them_All_Turtlesim_Project_WS/install/turtlesim_catch_them_all:/home/livia/rl_6dof_ws/install/sixdof_arm_rl:/opt/ros/humble CONDA_PROMPT_MODIFIER=(rl_sixdof_env) /usr/bin/cmake --build /home/livia/rl_6dof_ws/build/sixdof_arm_interfaces -- -j4 -l4
[0.167s] [  2%] Built target sixdof_arm_interfaces__cpp
[0.202s] [  2%] Built target ament_cmake_python_symlink_sixdof_arm_interfaces
[0.237s] [ 12%] Built target sixdof_arm_interfaces__rosidl_typesupport_fastrtps_cpp
[0.269s] [ 23%] Built target sixdof_arm_interfaces__rosidl_typesupport_introspection_cpp
[0.557s] running egg_info
[0.570s] writing sixdof_arm_interfaces.egg-info/PKG-INFO
[0.571s] writing dependency_links to sixdof_arm_interfaces.egg-info/dependency_links.txt
[0.571s] writing top-level names to sixdof_arm_interfaces.egg-info/top_level.txt
[0.611s] reading manifest file 'sixdof_arm_interfaces.egg-info/SOURCES.txt'
[0.612s] writing manifest file 'sixdof_arm_interfaces.egg-info/SOURCES.txt'
[0.642s] [ 23%] Built target ament_cmake_python_build_sixdof_arm_interfaces_egg
[0.673s] [ 33%] Built target sixdof_arm_interfaces__rosidl_typesupport_cpp
[0.702s] [ 43%] Built target sixdof_arm_interfaces__rosidl_generator_c
[0.733s] [ 53%] Built target sixdof_arm_interfaces__rosidl_typesupport_fastrtps_c
[0.765s] [ 64%] Built target sixdof_arm_interfaces__rosidl_typesupport_c
[0.796s] [ 74%] Built target sixdof_arm_interfaces__rosidl_typesupport_introspection_c
[0.821s] [ 74%] Built target sixdof_arm_interfaces
[0.847s] [ 76%] Built target sixdof_arm_interfaces__py
[0.875s] [ 84%] Built target sixdof_arm_interfaces__rosidl_generator_py
[0.903s] [ 89%] Built target sixdof_arm_interfaces__rosidl_typesupport_fastrtps_c__pyext
[0.932s] [ 94%] Built target sixdof_arm_interfaces__rosidl_typesupport_c__pyext
[0.961s] [100%] Built target sixdof_arm_interfaces__rosidl_typesupport_introspection_c__pyext
[0.972s] Invoked command in '/home/livia/rl_6dof_ws/build/sixdof_arm_interfaces' returned '0': CMAKE_PREFIX_PATH=${CMAKE_PREFIX_PATH}:/home/livia/ros2_ws/install/my_py_pkg:/home/livia/ros2_ws/install/actions_py:/home/livia/Documents/git/Catch-Them-All-Turtlesim-Project/Catch_Them_All_Turtlesim_Project_WS/install/turtlesim_catch_them_all:/home/livia/rl_6dof_ws/install/sixdof_arm_rl:/opt/ros/humble CONDA_PROMPT_MODIFIER=(rl_sixdof_env) /usr/bin/cmake --build /home/livia/rl_6dof_ws/build/sixdof_arm_interfaces -- -j4 -l4
[0.975s] Invoking command in '/home/livia/rl_6dof_ws/build/sixdof_arm_interfaces': CMAKE_PREFIX_PATH=${CMAKE_PREFIX_PATH}:/home/livia/ros2_ws/install/my_py_pkg:/home/livia/ros2_ws/install/actions_py:/home/livia/Documents/git/Catch-Them-All-Turtlesim-Project/Catch_Them_All_Turtlesim_Project_WS/install/turtlesim_catch_them_all:/home/livia/rl_6dof_ws/install/sixdof_arm_rl:/opt/ros/humble CONDA_PROMPT_MODIFIER=(rl_sixdof_env) /usr/bin/cmake --install /home/livia/rl_6dof_ws/build/sixdof_arm_interfaces
[0.983s] -- Install configuration: ""
[0.984s] -- Execute custom install script
[0.985s] -- Up-to-date symlink: /home/livia/rl_6dof_ws/install/sixdof_arm_interfaces/share/ament_index/resource_index/rosidl_interfaces/sixdof_arm_interfaces
[0.990s] -- Up-to-date symlink: /home/livia/rl_6dof_ws/install/sixdof_arm_interfaces/include/sixdof_arm_interfaces/sixdof_arm_interfaces/action/detail/move_six_dof_arm__functions.h
[0.991s] -- Up-to-date symlink: /home/livia/rl_6dof_ws/install/sixdof_arm_interfaces/include/sixdof_arm_interfaces/sixdof_arm_interfaces/action/detail/move_six_dof_arm__struct.h
[0.991s] -- Up-to-date symlink: /home/livia/rl_6dof_ws/install/sixdof_arm_interfaces/include/sixdof_arm_interfaces/sixdof_arm_interfaces/action/detail/move_six_dof_arm__type_support.h
[0.992s] -- Up-to-date symlink: /home/livia/rl_6dof_ws/install/sixdof_arm_interfaces/include/sixdof_arm_interfaces/sixdof_arm_interfaces/action/move_six_dof_arm.h
[0.992s] -- Up-to-date symlink: /home/livia/rl_6dof_ws/install/sixdof_arm_interfaces/include/sixdof_arm_interfaces/sixdof_arm_interfaces/msg/rosidl_generator_c__visibility_control.h
[0.993s] -- Up-to-date symlink: /home/livia/rl_6dof_ws/install/sixdof_arm_interfaces/include/sixdof_arm_interfaces/sixdof_arm_interfaces/srv/detail/reset_arm__functions.h
[0.994s] -- Up-to-date symlink: /home/livia/rl_6dof_ws/install/sixdof_arm_interfaces/include/sixdof_arm_interfaces/sixdof_arm_interfaces/srv/detail/reset_arm__struct.h
[0.994s] -- Up-to-date symlink: /home/livia/rl_6dof_ws/install/sixdof_arm_interfaces/include/sixdof_arm_interfaces/sixdof_arm_interfaces/srv/detail/reset_arm__type_support.h
[0.995s] -- Up-to-date symlink: /home/livia/rl_6dof_ws/install/sixdof_arm_interfaces/include/sixdof_arm_interfaces/sixdof_arm_interfaces/srv/reset_arm.h
[0.997s] -- Up-to-date symlink: /home/livia/rl_6dof_ws/install/sixdof_arm_interfaces/share/sixdof_arm_interfaces/environment/library_path.sh
[0.997s] -- Up-to-date symlink: /home/livia/rl_6dof_ws/install/sixdof_arm_interfaces/share/sixdof_arm_interfaces/environment/library_path.dsv
[0.998s] -- Up-to-date symlink: /home/livia/rl_6dof_ws/install/sixdof_arm_interfaces/include/sixdof_arm_interfaces/sixdof_arm_interfaces/action/detail/move_six_dof_arm__rosidl_typesupport_fastrtps_c.h
[0.998s] -- Up-to-date symlink: /home/livia/rl_6dof_ws/install/sixdof_arm_interfaces/include/sixdof_arm_interfaces/sixdof_arm_interfaces/msg/rosidl_typesupport_fastrtps_c__visibility_control.h
[0.999s] -- Up-to-date symlink: /home/livia/rl_6dof_ws/install/sixdof_arm_interfaces/include/sixdof_arm_interfaces/sixdof_arm_interfaces/srv/detail/reset_arm__rosidl_typesupport_fastrtps_c.h
[0.999s] -- Up-to-date symlink: /home/livia/rl_6dof_ws/install/sixdof_arm_interfaces/include/sixdof_arm_interfaces/sixdof_arm_interfaces/action/detail/move_six_dof_arm__rosidl_typesupport_introspection_c.h
[1.000s] -- Up-to-date symlink: /home/livia/rl_6dof_ws/install/sixdof_arm_interfaces/include/sixdof_arm_interfaces/sixdof_arm_interfaces/msg/rosidl_typesupport_introspection_c__visibility_control.h
[1.000s] -- Up-to-date symlink: /home/livia/rl_6dof_ws/install/sixdof_arm_interfaces/include/sixdof_arm_interfaces/sixdof_arm_interfaces/srv/detail/reset_arm__rosidl_typesupport_introspection_c.h
[1.002s] -- Up-to-date symlink: /home/livia/rl_6dof_ws/install/sixdof_arm_interfaces/include/sixdof_arm_interfaces/sixdof_arm_interfaces/action/detail/move_six_dof_arm__builder.hpp
[1.002s] -- Up-to-date symlink: /home/livia/rl_6dof_ws/install/sixdof_arm_interfaces/include/sixdof_arm_interfaces/sixdof_arm_interfaces/action/detail/move_six_dof_arm__struct.hpp
[1.002s] -- Up-to-date symlink: /home/livia/rl_6dof_ws/install/sixdof_arm_interfaces/include/sixdof_arm_interfaces/sixdof_arm_interfaces/action/detail/move_six_dof_arm__traits.hpp
[1.003s] -- Up-to-date symlink: /home/livia/rl_6dof_ws/install/sixdof_arm_interfaces/include/sixdof_arm_interfaces/sixdof_arm_interfaces/action/detail/move_six_dof_arm__type_support.hpp
[1.003s] -- Up-to-date symlink: /home/livia/rl_6dof_ws/install/sixdof_arm_interfaces/include/sixdof_arm_interfaces/sixdof_arm_interfaces/action/move_six_dof_arm.hpp
[1.004s] -- Up-to-date symlink: /home/livia/rl_6dof_ws/install/sixdof_arm_interfaces/include/sixdof_arm_interfaces/sixdof_arm_interfaces/msg/rosidl_generator_cpp__visibility_control.hpp
[1.004s] -- Up-to-date symlink: /home/livia/rl_6dof_ws/install/sixdof_arm_interfaces/include/sixdof_arm_interfaces/sixdof_arm_interfaces/srv/detail/reset_arm__builder.hpp
[1.005s] -- Up-to-date symlink: /home/livia/rl_6dof_ws/install/sixdof_arm_interfaces/include/sixdof_arm_interfaces/sixdof_arm_interfaces/srv/detail/reset_arm__struct.hpp
[1.006s] -- Up-to-date symlink: /home/livia/rl_6dof_ws/install/sixdof_arm_interfaces/include/sixdof_arm_interfaces/sixdof_arm_interfaces/srv/detail/reset_arm__traits.hpp
[1.006s] -- Up-to-date symlink: /home/livia/rl_6dof_ws/install/sixdof_arm_interfaces/include/sixdof_arm_interfaces/sixdof_arm_interfaces/srv/detail/reset_arm__type_support.hpp
[1.007s] -- Up-to-date symlink: /home/livia/rl_6dof_ws/install/sixdof_arm_interfaces/include/sixdof_arm_interfaces/sixdof_arm_interfaces/srv/reset_arm.hpp
[1.008s] -- Up-to-date symlink: /home/livia/rl_6dof_ws/install/sixdof_arm_interfaces/include/sixdof_arm_interfaces/sixdof_arm_interfaces/action/detail/move_six_dof_arm__rosidl_typesupport_fastrtps_cpp.hpp
[1.009s] -- Up-to-date symlink: /home/livia/rl_6dof_ws/install/sixdof_arm_interfaces/include/sixdof_arm_interfaces/sixdof_arm_interfaces/msg/rosidl_typesupport_fastrtps_cpp__visibility_control.h
[1.009s] -- Up-to-date symlink: /home/livia/rl_6dof_ws/install/sixdof_arm_interfaces/include/sixdof_arm_interfaces/sixdof_arm_interfaces/srv/detail/reset_arm__rosidl_typesupport_fastrtps_cpp.hpp
[1.010s] -- Up-to-date symlink: /home/livia/rl_6dof_ws/install/sixdof_arm_interfaces/include/sixdof_arm_interfaces/sixdof_arm_interfaces/action/detail/move_six_dof_arm__rosidl_typesupport_introspection_cpp.hpp
[1.010s] -- Up-to-date symlink: /home/livia/rl_6dof_ws/install/sixdof_arm_interfaces/include/sixdof_arm_interfaces/sixdof_arm_interfaces/srv/detail/reset_arm__rosidl_typesupport_introspection_cpp.hpp
[1.011s] -- Up-to-date symlink: /home/livia/rl_6dof_ws/install/sixdof_arm_interfaces/share/sixdof_arm_interfaces/environment/pythonpath.sh
[1.011s] -- Up-to-date symlink: /home/livia/rl_6dof_ws/install/sixdof_arm_interfaces/share/sixdof_arm_interfaces/environment/pythonpath.dsv
[1.012s] -- Up-to-date symlink: /home/livia/rl_6dof_ws/install/sixdof_arm_interfaces/local/lib/python3.10/dist-packages/sixdof_arm_interfaces-0.0.0-py3.10.egg-info/PKG-INFO
[1.012s] -- Up-to-date symlink: /home/livia/rl_6dof_ws/install/sixdof_arm_interfaces/local/lib/python3.10/dist-packages/sixdof_arm_interfaces-0.0.0-py3.10.egg-info/SOURCES.txt
[1.013s] -- Up-to-date symlink: /home/livia/rl_6dof_ws/install/sixdof_arm_interfaces/local/lib/python3.10/dist-packages/sixdof_arm_interfaces-0.0.0-py3.10.egg-info/dependency_links.txt
[1.013s] -- Up-to-date symlink: /home/livia/rl_6dof_ws/install/sixdof_arm_interfaces/local/lib/python3.10/dist-packages/sixdof_arm_interfaces-0.0.0-py3.10.egg-info/top_level.txt
[1.014s] -- Up-to-date symlink: /home/livia/rl_6dof_ws/install/sixdof_arm_interfaces/local/lib/python3.10/dist-packages/sixdof_arm_interfaces/__init__.py
[1.015s] -- Up-to-date symlink: /home/livia/rl_6dof_ws/install/sixdof_arm_interfaces/local/lib/python3.10/dist-packages/sixdof_arm_interfaces/_sixdof_arm_interfaces_s.ep.rosidl_typesupport_c.c
[1.015s] -- Up-to-date symlink: /home/livia/rl_6dof_ws/install/sixdof_arm_interfaces/local/lib/python3.10/dist-packages/sixdof_arm_interfaces/_sixdof_arm_interfaces_s.ep.rosidl_typesupport_fastrtps_c.c
[1.016s] -- Up-to-date symlink: /home/livia/rl_6dof_ws/install/sixdof_arm_interfaces/local/lib/python3.10/dist-packages/sixdof_arm_interfaces/_sixdof_arm_interfaces_s.ep.rosidl_typesupport_introspection_c.c
[1.016s] -- Up-to-date symlink: /home/livia/rl_6dof_ws/install/sixdof_arm_interfaces/local/lib/python3.10/dist-packages/sixdof_arm_interfaces/action/__init__.py
[1.017s] -- Up-to-date symlink: /home/livia/rl_6dof_ws/install/sixdof_arm_interfaces/local/lib/python3.10/dist-packages/sixdof_arm_interfaces/action/_move_six_dof_arm.py
[1.017s] -- Up-to-date symlink: /home/livia/rl_6dof_ws/install/sixdof_arm_interfaces/local/lib/python3.10/dist-packages/sixdof_arm_interfaces/action/_move_six_dof_arm_s.c
[1.018s] -- Up-to-date symlink: /home/livia/rl_6dof_ws/install/sixdof_arm_interfaces/local/lib/python3.10/dist-packages/sixdof_arm_interfaces/libsixdof_arm_interfaces__rosidl_generator_py.so
[1.018s] -- Up-to-date symlink: /home/livia/rl_6dof_ws/install/sixdof_arm_interfaces/local/lib/python3.10/dist-packages/sixdof_arm_interfaces/sixdof_arm_interfaces_s__rosidl_typesupport_c.cpython-310-x86_64-linux-gnu.so
[1.019s] -- Up-to-date symlink: /home/livia/rl_6dof_ws/install/sixdof_arm_interfaces/local/lib/python3.10/dist-packages/sixdof_arm_interfaces/sixdof_arm_interfaces_s__rosidl_typesupport_fastrtps_c.cpython-310-x86_64-linux-gnu.so
[1.019s] -- Up-to-date symlink: /home/livia/rl_6dof_ws/install/sixdof_arm_interfaces/local/lib/python3.10/dist-packages/sixdof_arm_interfaces/sixdof_arm_interfaces_s__rosidl_typesupport_introspection_c.cpython-310-x86_64-linux-gnu.so
[1.020s] -- Up-to-date symlink: /home/livia/rl_6dof_ws/install/sixdof_arm_interfaces/local/lib/python3.10/dist-packages/sixdof_arm_interfaces/srv/__init__.py
[1.020s] -- Up-to-date symlink: /home/livia/rl_6dof_ws/install/sixdof_arm_interfaces/local/lib/python3.10/dist-packages/sixdof_arm_interfaces/srv/_reset_arm.py
[1.021s] -- Up-to-date symlink: /home/livia/rl_6dof_ws/install/sixdof_arm_interfaces/local/lib/python3.10/dist-packages/sixdof_arm_interfaces/srv/_reset_arm_s.c
[1.021s] -- Up-to-date symlink: /home/livia/rl_6dof_ws/install/sixdof_arm_interfaces/local/lib/python3.10/dist-packages/sixdof_arm_interfaces/sixdof_arm_interfaces_s__rosidl_typesupport_fastrtps_c.cpython-310-x86_64-linux-gnu.so
[1.022s] -- Up-to-date symlink: /home/livia/rl_6dof_ws/install/sixdof_arm_interfaces/local/lib/python3.10/dist-packages/sixdof_arm_interfaces/sixdof_arm_interfaces_s__rosidl_typesupport_introspection_c.cpython-310-x86_64-linux-gnu.so
[1.022s] -- Up-to-date symlink: /home/livia/rl_6dof_ws/install/sixdof_arm_interfaces/local/lib/python3.10/dist-packages/sixdof_arm_interfaces/sixdof_arm_interfaces_s__rosidl_typesupport_c.cpython-310-x86_64-linux-gnu.so
[1.023s] -- Up-to-date symlink: /home/livia/rl_6dof_ws/install/sixdof_arm_interfaces/share/sixdof_arm_interfaces/srv/ResetArm.idl
[1.024s] -- Up-to-date symlink: /home/livia/rl_6dof_ws/install/sixdof_arm_interfaces/share/sixdof_arm_interfaces/action/MoveSixDofArm.idl
[1.024s] -- Up-to-date symlink: /home/livia/rl_6dof_ws/install/sixdof_arm_interfaces/share/sixdof_arm_interfaces/srv/ResetArm.srv
[1.025s] -- Up-to-date symlink: /home/livia/rl_6dof_ws/install/sixdof_arm_interfaces/share/sixdof_arm_interfaces/srv/ResetArm_Request.msg
[1.025s] -- Up-to-date symlink: /home/livia/rl_6dof_ws/install/sixdof_arm_interfaces/share/sixdof_arm_interfaces/srv/ResetArm_Response.msg
[1.026s] -- Up-to-date symlink: /home/livia/rl_6dof_ws/install/sixdof_arm_interfaces/share/sixdof_arm_interfaces/action/MoveSixDofArm.action
[1.027s] -- Up-to-date symlink: /home/livia/rl_6dof_ws/install/sixdof_arm_interfaces/share/ament_index/resource_index/package_run_dependencies/sixdof_arm_interfaces
[1.027s] -- Up-to-date symlink: /home/livia/rl_6dof_ws/install/sixdof_arm_interfaces/share/ament_index/resource_index/parent_prefix_path/sixdof_arm_interfaces
[1.028s] -- Up-to-date symlink: /home/livia/rl_6dof_ws/install/sixdof_arm_interfaces/share/sixdof_arm_interfaces/environment/ament_prefix_path.sh
[1.028s] -- Up-to-date symlink: /home/livia/rl_6dof_ws/install/sixdof_arm_interfaces/share/sixdof_arm_interfaces/environment/ament_prefix_path.dsv
[1.028s] -- Up-to-date symlink: /home/livia/rl_6dof_ws/install/sixdof_arm_interfaces/share/sixdof_arm_interfaces/environment/path.sh
[1.029s] -- Up-to-date symlink: /home/livia/rl_6dof_ws/install/sixdof_arm_interfaces/share/sixdof_arm_interfaces/environment/path.dsv
[1.029s] -- Up-to-date symlink: /home/livia/rl_6dof_ws/install/sixdof_arm_interfaces/share/sixdof_arm_interfaces/local_setup.bash
[1.030s] -- Up-to-date symlink: /home/livia/rl_6dof_ws/install/sixdof_arm_interfaces/share/sixdof_arm_interfaces/local_setup.sh
[1.030s] -- Up-to-date symlink: /home/livia/rl_6dof_ws/install/sixdof_arm_interfaces/share/sixdof_arm_interfaces/local_setup.zsh
[1.030s] -- Up-to-date symlink: /home/livia/rl_6dof_ws/install/sixdof_arm_interfaces/share/sixdof_arm_interfaces/local_setup.dsv
[1.030s] -- Symlinking: /home/livia/rl_6dof_ws/install/sixdof_arm_interfaces/share/sixdof_arm_interfaces/package.dsv
[1.040s] -- Up-to-date symlink: /home/livia/rl_6dof_ws/install/sixdof_arm_interfaces/share/ament_index/resource_index/packages/sixdof_arm_interfaces
[1.041s] -- Up-to-date symlink: /home/livia/rl_6dof_ws/install/sixdof_arm_interfaces/share/sixdof_arm_interfaces/cmake/rosidl_cmake-extras.cmake
[1.041s] -- Up-to-date symlink: /home/livia/rl_6dof_ws/install/sixdof_arm_interfaces/share/sixdof_arm_interfaces/cmake/ament_cmake_export_dependencies-extras.cmake
[1.042s] -- Up-to-date symlink: /home/livia/rl_6dof_ws/install/sixdof_arm_interfaces/share/sixdof_arm_interfaces/cmake/ament_cmake_export_include_directories-extras.cmake
[1.042s] -- Up-to-date symlink: /home/livia/rl_6dof_ws/install/sixdof_arm_interfaces/share/sixdof_arm_interfaces/cmake/ament_cmake_export_libraries-extras.cmake
[1.043s] -- Up-to-date symlink: /home/livia/rl_6dof_ws/install/sixdof_arm_interfaces/share/sixdof_arm_interfaces/cmake/ament_cmake_export_targets-extras.cmake
[1.043s] -- Up-to-date symlink: /home/livia/rl_6dof_ws/install/sixdof_arm_interfaces/share/sixdof_arm_interfaces/cmake/rosidl_cmake_export_typesupport_targets-extras.cmake
[1.043s] -- Up-to-date symlink: /home/livia/rl_6dof_ws/install/sixdof_arm_interfaces/share/sixdof_arm_interfaces/cmake/rosidl_cmake_export_typesupport_libraries-extras.cmake
[1.044s] -- Up-to-date symlink: /home/livia/rl_6dof_ws/install/sixdof_arm_interfaces/share/sixdof_arm_interfaces/cmake/sixdof_arm_interfacesConfig.cmake
[1.044s] -- Up-to-date symlink: /home/livia/rl_6dof_ws/install/sixdof_arm_interfaces/share/sixdof_arm_interfaces/cmake/sixdof_arm_interfacesConfig-version.cmake
[1.044s] -- Up-to-date symlink: /home/livia/rl_6dof_ws/install/sixdof_arm_interfaces/share/sixdof_arm_interfaces/package.xml
[1.045s] -- Up-to-date: /home/livia/rl_6dof_ws/install/sixdof_arm_interfaces/lib/libsixdof_arm_interfaces__rosidl_generator_c.so
[1.047s] -- Up-to-date: /home/livia/rl_6dof_ws/install/sixdof_arm_interfaces/lib/libsixdof_arm_interfaces__rosidl_typesupport_fastrtps_c.so
[1.048s] -- Up-to-date: /home/livia/rl_6dof_ws/install/sixdof_arm_interfaces/lib/libsixdof_arm_interfaces__rosidl_typesupport_introspection_c.so
[1.050s] -- Up-to-date: /home/livia/rl_6dof_ws/install/sixdof_arm_interfaces/lib/libsixdof_arm_interfaces__rosidl_typesupport_c.so
[1.051s] -- Up-to-date: /home/livia/rl_6dof_ws/install/sixdof_arm_interfaces/lib/libsixdof_arm_interfaces__rosidl_typesupport_fastrtps_cpp.so
[1.053s] -- Up-to-date: /home/livia/rl_6dof_ws/install/sixdof_arm_interfaces/lib/libsixdof_arm_interfaces__rosidl_typesupport_introspection_cpp.so
[1.054s] -- Up-to-date: /home/livia/rl_6dof_ws/install/sixdof_arm_interfaces/lib/libsixdof_arm_interfaces__rosidl_typesupport_cpp.so
[1.168s] Listing '/home/livia/rl_6dof_ws/install/sixdof_arm_interfaces/local/lib/python3.10/dist-packages/sixdof_arm_interfaces'...
[1.168s] Listing '/home/livia/rl_6dof_ws/install/sixdof_arm_interfaces/local/lib/python3.10/dist-packages/sixdof_arm_interfaces/action'...
[1.168s] Listing '/home/livia/rl_6dof_ws/install/sixdof_arm_interfaces/local/lib/python3.10/dist-packages/sixdof_arm_interfaces/srv'...
[1.173s] -- Up-to-date: /home/livia/rl_6dof_ws/install/sixdof_arm_interfaces/lib/libsixdof_arm_interfaces__rosidl_generator_py.so
[1.175s] -- Up-to-date: /home/livia/rl_6dof_ws/install/sixdof_arm_interfaces/share/sixdof_arm_interfaces/cmake/export_sixdof_arm_interfaces__rosidl_generator_cExport.cmake
[1.175s] -- Up-to-date: /home/livia/rl_6dof_ws/install/sixdof_arm_interfaces/share/sixdof_arm_interfaces/cmake/export_sixdof_arm_interfaces__rosidl_generator_cExport-noconfig.cmake
[1.175s] -- Up-to-date: /home/livia/rl_6dof_ws/install/sixdof_arm_interfaces/share/sixdof_arm_interfaces/cmake/export_sixdof_arm_interfaces__rosidl_typesupport_fastrtps_cExport.cmake
[1.176s] -- Up-to-date: /home/livia/rl_6dof_ws/install/sixdof_arm_interfaces/share/sixdof_arm_interfaces/cmake/export_sixdof_arm_interfaces__rosidl_typesupport_fastrtps_cExport-noconfig.cmake
[1.176s] -- Up-to-date: /home/livia/rl_6dof_ws/install/sixdof_arm_interfaces/share/sixdof_arm_interfaces/cmake/sixdof_arm_interfaces__rosidl_typesupport_introspection_cExport.cmake
[1.176s] -- Up-to-date: /home/livia/rl_6dof_ws/install/sixdof_arm_interfaces/share/sixdof_arm_interfaces/cmake/sixdof_arm_interfaces__rosidl_typesupport_introspection_cExport-noconfig.cmake
[1.177s] -- Up-to-date: /home/livia/rl_6dof_ws/install/sixdof_arm_interfaces/share/sixdof_arm_interfaces/cmake/sixdof_arm_interfaces__rosidl_typesupport_cExport.cmake
[1.177s] -- Up-to-date: /home/livia/rl_6dof_ws/install/sixdof_arm_interfaces/share/sixdof_arm_interfaces/cmake/sixdof_arm_interfaces__rosidl_typesupport_cExport-noconfig.cmake
[1.178s] -- Up-to-date: /home/livia/rl_6dof_ws/install/sixdof_arm_interfaces/share/sixdof_arm_interfaces/cmake/export_sixdof_arm_interfaces__rosidl_generator_cppExport.cmake
[1.178s] -- Up-to-date: /home/livia/rl_6dof_ws/install/sixdof_arm_interfaces/share/sixdof_arm_interfaces/cmake/export_sixdof_arm_interfaces__rosidl_typesupport_fastrtps_cppExport.cmake
[1.178s] -- Up-to-date: /home/livia/rl_6dof_ws/install/sixdof_arm_interfaces/share/sixdof_arm_interfaces/cmake/export_sixdof_arm_interfaces__rosidl_typesupport_fastrtps_cppExport-noconfig.cmake
[1.179s] -- Up-to-date: /home/livia/rl_6dof_ws/install/sixdof_arm_interfaces/share/sixdof_arm_interfaces/cmake/sixdof_arm_interfaces__rosidl_typesupport_introspection_cppExport.cmake
[1.179s] -- Up-to-date: /home/livia/rl_6dof_ws/install/sixdof_arm_interfaces/share/sixdof_arm_interfaces/cmake/sixdof_arm_interfaces__rosidl_typesupport_introspection_cppExport-noconfig.cmake
[1.180s] -- Up-to-date: /home/livia/rl_6dof_ws/install/sixdof_arm_interfaces/share/sixdof_arm_interfaces/cmake/sixdof_arm_interfaces__rosidl_typesupport_cppExport.cmake
[1.180s] -- Up-to-date: /home/livia/rl_6dof_ws/install/sixdof_arm_interfaces/share/sixdof_arm_interfaces/cmake/sixdof_arm_interfaces__rosidl_typesupport_cppExport-noconfig.cmake
[1.181s] -- Up-to-date: /home/livia/rl_6dof_ws/install/sixdof_arm_interfaces/share/sixdof_arm_interfaces/cmake/export_sixdof_arm_interfaces__rosidl_generator_pyExport.cmake
[1.181s] -- Up-to-date: /home/livia/rl_6dof_ws/install/sixdof_arm_interfaces/share/sixdof_arm_interfaces/cmake/export_sixdof_arm_interfaces__rosidl_generator_pyExport-noconfig.cmake
[1.183s] Invoked command in '/home/livia/rl_6dof_ws/build/sixdof_arm_interfaces' returned '0': CMAKE_PREFIX_PATH=${CMAKE_PREFIX_PATH}:/home/livia/ros2_ws/install/my_py_pkg:/home/livia/ros2_ws/install/actions_py:/home/livia/Documents/git/Catch-Them-All-Turtlesim-Project/Catch_Them_All_Turtlesim_Project_WS/install/turtlesim_catch_them_all:/home/livia/rl_6dof_ws/install/sixdof_arm_rl:/opt/ros/humble CONDA_PROMPT_MODIFIER=(rl_sixdof_env) /usr/bin/cmake --install /home/livia/rl_6dof_ws/build/sixdof_arm_interfaces
