-- Found ament_cmake: 1.3.11 (/opt/ros/humble/share/ament_cmake/cmake)
-- Found Python3: /home/livia/.pyenv/shims/python3 (found version "3.11.5") found components: Interpreter 
-- Override CMake install command with custom implementation using symlinks instead of copying resources
WARNING: Package name "6dof_arm_bringup" does not follow the naming conventions. It should start with a lower case letter and only contain lower case letters, digits, underscores, and dashes.
-- Configuring done
-- Generating done
-- Build files have been written to: /home/livia/rl_6dof_ws/build/6dof_arm_bringup
-- Install configuration: ""
-- Execute custom install script
-- Up-to-date symlink: /home/livia/rl_6dof_ws/install/6dof_arm_bringup/share/6dof_arm_bringup//launch/gazebo.launch.xml
-- Up-to-date symlink: /home/livia/rl_6dof_ws/install/6dof_arm_bringup/share/6dof_arm_bringup//launch/rviz_display.launch.xml
-- Up-to-date symlink: /home/livia/rl_6dof_ws/install/6dof_arm_bringup/share/ament_index/resource_index/package_run_dependencies/6dof_arm_bringup
-- Up-to-date symlink: /home/livia/rl_6dof_ws/install/6dof_arm_bringup/share/ament_index/resource_index/parent_prefix_path/6dof_arm_bringup
-- Up-to-date symlink: /home/livia/rl_6dof_ws/install/6dof_arm_bringup/share/6dof_arm_bringup/environment/ament_prefix_path.sh
-- Up-to-date symlink: /home/livia/rl_6dof_ws/install/6dof_arm_bringup/share/6dof_arm_bringup/environment/ament_prefix_path.dsv
-- Up-to-date symlink: /home/livia/rl_6dof_ws/install/6dof_arm_bringup/share/6dof_arm_bringup/environment/path.sh
-- Up-to-date symlink: /home/livia/rl_6dof_ws/install/6dof_arm_bringup/share/6dof_arm_bringup/environment/path.dsv
-- Up-to-date symlink: /home/livia/rl_6dof_ws/install/6dof_arm_bringup/share/6dof_arm_bringup/local_setup.bash
-- Up-to-date symlink: /home/livia/rl_6dof_ws/install/6dof_arm_bringup/share/6dof_arm_bringup/local_setup.sh
-- Up-to-date symlink: /home/livia/rl_6dof_ws/install/6dof_arm_bringup/share/6dof_arm_bringup/local_setup.zsh
-- Up-to-date symlink: /home/livia/rl_6dof_ws/install/6dof_arm_bringup/share/6dof_arm_bringup/local_setup.dsv
-- Symlinking: /home/livia/rl_6dof_ws/install/6dof_arm_bringup/share/6dof_arm_bringup/package.dsv
-- Up-to-date symlink: /home/livia/rl_6dof_ws/install/6dof_arm_bringup/share/ament_index/resource_index/packages/6dof_arm_bringup
-- Up-to-date symlink: /home/livia/rl_6dof_ws/install/6dof_arm_bringup/share/6dof_arm_bringup/cmake/6dof_arm_bringupConfig.cmake
-- Up-to-date symlink: /home/livia/rl_6dof_ws/install/6dof_arm_bringup/share/6dof_arm_bringup/cmake/6dof_arm_bringupConfig-version.cmake
-- Up-to-date symlink: /home/livia/rl_6dof_ws/install/6dof_arm_bringup/share/6dof_arm_bringup/package.xml
