[0.046s] Invoking command in '/home/livia/rl_6dof_ws/build/6dof_arm_description': CMAKE_PREFIX_PATH=${CMAKE_PREFIX_PATH}:/home/livia/ros2_ws/install/my_py_pkg:/home/livia/Documents/git/Catch-Them-All-Turtlesim-Project/Catch_Them_All_Turtlesim_Project_WS/install/turtlesim_catch_them_all:/home/livia/rl_6dof_ws/install/6dof_arm_rl:/opt/ros/humble CONDA_PROMPT_MODIFIER=(base) /usr/bin/cmake /home/livia/rl_6dof_ws/src/6dof_arm_description -DAMENT_CMAKE_SYMLINK_INSTALL=1 -DCMAKE_INSTALL_PREFIX=/home/livia/rl_6dof_ws/install/6dof_arm_description
[0.077s] -- Found ament_cmake: 1.3.11 (/opt/ros/humble/share/ament_cmake/cmake)
[0.529s] -- Found Python3: /home/livia/.pyenv/shims/python3 (found version "3.11.5") found components: Interpreter 
[0.933s] -- Override CMake install command with custom implementation using symlinks instead of copying resources
[1.380s] WARNING: Package name "6dof_arm_description" does not follow the naming conventions. It should start with a lower case letter and only contain lower case letters, digits, underscores, and dashes.
[1.417s] -- Configuring done
[1.428s] -- Generating done
[1.432s] -- Build files have been written to: /home/livia/rl_6dof_ws/build/6dof_arm_description
[1.439s] Invoked command in '/home/livia/rl_6dof_ws/build/6dof_arm_description' returned '0': CMAKE_PREFIX_PATH=${CMAKE_PREFIX_PATH}:/home/livia/ros2_ws/install/my_py_pkg:/home/livia/Documents/git/Catch-Them-All-Turtlesim-Project/Catch_Them_All_Turtlesim_Project_WS/install/turtlesim_catch_them_all:/home/livia/rl_6dof_ws/install/6dof_arm_rl:/opt/ros/humble CONDA_PROMPT_MODIFIER=(base) /usr/bin/cmake /home/livia/rl_6dof_ws/src/6dof_arm_description -DAMENT_CMAKE_SYMLINK_INSTALL=1 -DCMAKE_INSTALL_PREFIX=/home/livia/rl_6dof_ws/install/6dof_arm_description
[1.440s] Invoking command in '/home/livia/rl_6dof_ws/build/6dof_arm_description': CMAKE_PREFIX_PATH=${CMAKE_PREFIX_PATH}:/home/livia/ros2_ws/install/my_py_pkg:/home/livia/Documents/git/Catch-Them-All-Turtlesim-Project/Catch_Them_All_Turtlesim_Project_WS/install/turtlesim_catch_them_all:/home/livia/rl_6dof_ws/install/6dof_arm_rl:/opt/ros/humble CONDA_PROMPT_MODIFIER=(base) /usr/bin/cmake --build /home/livia/rl_6dof_ws/build/6dof_arm_description -- -j4 -l4
[1.541s] Invoked command in '/home/livia/rl_6dof_ws/build/6dof_arm_description' returned '0': CMAKE_PREFIX_PATH=${CMAKE_PREFIX_PATH}:/home/livia/ros2_ws/install/my_py_pkg:/home/livia/Documents/git/Catch-Them-All-Turtlesim-Project/Catch_Them_All_Turtlesim_Project_WS/install/turtlesim_catch_them_all:/home/livia/rl_6dof_ws/install/6dof_arm_rl:/opt/ros/humble CONDA_PROMPT_MODIFIER=(base) /usr/bin/cmake --build /home/livia/rl_6dof_ws/build/6dof_arm_description -- -j4 -l4
[1.562s] Invoking command in '/home/livia/rl_6dof_ws/build/6dof_arm_description': CMAKE_PREFIX_PATH=${CMAKE_PREFIX_PATH}:/home/livia/ros2_ws/install/my_py_pkg:/home/livia/Documents/git/Catch-Them-All-Turtlesim-Project/Catch_Them_All_Turtlesim_Project_WS/install/turtlesim_catch_them_all:/home/livia/rl_6dof_ws/install/6dof_arm_rl:/opt/ros/humble CONDA_PROMPT_MODIFIER=(base) /usr/bin/cmake --install /home/livia/rl_6dof_ws/build/6dof_arm_description
[1.575s] -- Install configuration: ""
[1.576s] -- Execute custom install script
[1.577s] -- Up-to-date symlink: /home/livia/rl_6dof_ws/install/6dof_arm_description/share/6dof_arm_description//urdf/6dof_arm.trans
[1.577s] -- Up-to-date symlink: /home/livia/rl_6dof_ws/install/6dof_arm_description/share/6dof_arm_description//urdf/6dof_arm.urdf.xacro
[1.582s] -- Up-to-date symlink: /home/livia/rl_6dof_ws/install/6dof_arm_description/share/6dof_arm_description//urdf/mobile_base.urdf.xacro
[1.582s] -- Up-to-date symlink: /home/livia/rl_6dof_ws/install/6dof_arm_description/share/6dof_arm_description//urdf/mobile_base_gazebo.xacro
[1.582s] -- Up-to-date symlink: /home/livia/rl_6dof_ws/install/6dof_arm_description/share/6dof_arm_description//urdf/properties.urdf.xacro
[1.582s] -- Up-to-date symlink: /home/livia/rl_6dof_ws/install/6dof_arm_description/share/6dof_arm_description//urdf/ros2_control.xacro
[1.582s] -- Up-to-date symlink: /home/livia/rl_6dof_ws/install/6dof_arm_description/share/6dof_arm_description//meshes/6dof_arm/base_link.stl
[1.582s] -- Up-to-date symlink: /home/livia/rl_6dof_ws/install/6dof_arm_description/share/6dof_arm_description//meshes/6dof_arm/link_1.stl
[1.583s] -- Up-to-date symlink: /home/livia/rl_6dof_ws/install/6dof_arm_description/share/6dof_arm_description//meshes/6dof_arm/link_2.stl
[1.583s] -- Up-to-date symlink: /home/livia/rl_6dof_ws/install/6dof_arm_description/share/6dof_arm_description//meshes/6dof_arm/link_3.stl
[1.585s] -- Up-to-date symlink: /home/livia/rl_6dof_ws/install/6dof_arm_description/share/6dof_arm_description//meshes/6dof_arm/link_4.stl
[1.585s] -- Up-to-date symlink: /home/livia/rl_6dof_ws/install/6dof_arm_description/share/6dof_arm_description//meshes/6dof_arm/link_5.stl
[1.585s] -- Up-to-date symlink: /home/livia/rl_6dof_ws/install/6dof_arm_description/share/6dof_arm_description//meshes/6dof_arm/link_6.stl
[1.585s] -- Symlinking: /home/livia/rl_6dof_ws/install/6dof_arm_description/share/6dof_arm_description//config/6dof_arm_controllers.yaml
[1.614s] -- Up-to-date symlink: /home/livia/rl_6dof_ws/install/6dof_arm_description/share/ament_index/resource_index/package_run_dependencies/6dof_arm_description
[1.614s] -- Up-to-date symlink: /home/livia/rl_6dof_ws/install/6dof_arm_description/share/ament_index/resource_index/parent_prefix_path/6dof_arm_description
[1.614s] -- Up-to-date symlink: /home/livia/rl_6dof_ws/install/6dof_arm_description/share/6dof_arm_description/environment/ament_prefix_path.sh
[1.614s] -- Up-to-date symlink: /home/livia/rl_6dof_ws/install/6dof_arm_description/share/6dof_arm_description/environment/ament_prefix_path.dsv
[1.614s] -- Up-to-date symlink: /home/livia/rl_6dof_ws/install/6dof_arm_description/share/6dof_arm_description/environment/path.sh
[1.614s] -- Up-to-date symlink: /home/livia/rl_6dof_ws/install/6dof_arm_description/share/6dof_arm_description/environment/path.dsv
[1.615s] -- Up-to-date symlink: /home/livia/rl_6dof_ws/install/6dof_arm_description/share/6dof_arm_description/local_setup.bash
[1.615s] -- Up-to-date symlink: /home/livia/rl_6dof_ws/install/6dof_arm_description/share/6dof_arm_description/local_setup.sh
[1.615s] -- Up-to-date symlink: /home/livia/rl_6dof_ws/install/6dof_arm_description/share/6dof_arm_description/local_setup.zsh
[1.615s] -- Up-to-date symlink: /home/livia/rl_6dof_ws/install/6dof_arm_description/share/6dof_arm_description/local_setup.dsv
[1.615s] -- Symlinking: /home/livia/rl_6dof_ws/install/6dof_arm_description/share/6dof_arm_description/package.dsv
[1.628s] -- Up-to-date symlink: /home/livia/rl_6dof_ws/install/6dof_arm_description/share/ament_index/resource_index/packages/6dof_arm_description
[1.629s] -- Up-to-date symlink: /home/livia/rl_6dof_ws/install/6dof_arm_description/share/6dof_arm_description/cmake/6dof_arm_descriptionConfig.cmake
[1.630s] -- Up-to-date symlink: /home/livia/rl_6dof_ws/install/6dof_arm_description/share/6dof_arm_description/cmake/6dof_arm_descriptionConfig-version.cmake
[1.630s] -- Up-to-date symlink: /home/livia/rl_6dof_ws/install/6dof_arm_description/share/6dof_arm_description/package.xml
[1.632s] Invoked command in '/home/livia/rl_6dof_ws/build/6dof_arm_description' returned '0': CMAKE_PREFIX_PATH=${CMAKE_PREFIX_PATH}:/home/livia/ros2_ws/install/my_py_pkg:/home/livia/Documents/git/Catch-Them-All-Turtlesim-Project/Catch_Them_All_Turtlesim_Project_WS/install/turtlesim_catch_them_all:/home/livia/rl_6dof_ws/install/6dof_arm_rl:/opt/ros/humble CONDA_PROMPT_MODIFIER=(base) /usr/bin/cmake --install /home/livia/rl_6dof_ws/build/6dof_arm_description
