[0.016s] Invoking command in '/home/livia/rl_6dof_ws/build/sixdof_arm_interfaces': CMAKE_PREFIX_PATH=${CMAKE_PREFIX_PATH}:/home/livia/ros2_ws/install/my_py_pkg:/home/livia/ros2_ws/install/actions_py:/home/livia/Documents/git/Catch-Them-All-Turtlesim-Project/Catch_Them_All_Turtlesim_Project_WS/install/turtlesim_catch_them_all:/home/livia/rl_6dof_ws/install/sixdof_arm_rl:/opt/ros/humble /usr/bin/cmake /home/livia/rl_6dof_ws/src/sixdof_arm_interfaces -DAMENT_CMAKE_SYMLINK_INSTALL=1 -DCMAKE_INSTALL_PREFIX=/home/livia/rl_6dof_ws/install/sixdof_arm_interfaces
[0.087s] -- The C compiler identification is GNU 11.4.0
[0.157s] -- The CXX compiler identification is GNU 11.4.0
[0.168s] -- Detecting C compiler ABI info
[0.254s] -- Detecting C compiler ABI info - done
[0.268s] -- Check for working C compiler: /usr/bin/cc - skipped
[0.269s] -- Detecting C compile features
[0.269s] -- Detecting C compile features - done
[0.272s] -- Detecting CXX compiler ABI info
[0.367s] -- Detecting CXX compiler ABI info - done
[0.377s] -- Check for working CXX compiler: /usr/bin/c++ - skipped
[0.377s] -- Detecting CXX compile features
[0.378s] -- Detecting CXX compile features - done
[0.381s] -- Found ament_cmake: 1.3.11 (/opt/ros/humble/share/ament_cmake/cmake)
[1.044s] -- Found Python3: /home/livia/.pyenv/shims/python3 (found version "3.10.12") found components: Interpreter 
[1.199s] -- Override CMake install command with custom implementation using symlinks instead of copying resources
[1.235s] -- Found rosidl_default_generators: 1.2.0 (/opt/ros/humble/share/rosidl_default_generators/cmake)
[1.240s] -- Using all available rosidl_typesupport_c: rosidl_typesupport_fastrtps_c;rosidl_typesupport_introspection_c
[1.250s] -- Found rosidl_adapter: 3.1.6 (/opt/ros/humble/share/rosidl_adapter/cmake)
[1.301s] -- Using all available rosidl_typesupport_cpp: rosidl_typesupport_fastrtps_cpp;rosidl_typesupport_introspection_cpp
[2.018s] -- Found ament_cmake_ros: 0.10.0 (/opt/ros/humble/share/ament_cmake_ros/cmake)
[2.897s] -- Using all available rosidl_typesupport_c: rosidl_typesupport_fastrtps_c;rosidl_typesupport_introspection_c
[4.042s] -- Using all available rosidl_typesupport_cpp: rosidl_typesupport_fastrtps_cpp;rosidl_typesupport_introspection_cpp
[4.233s] -- Found PythonInterp: /home/livia/.pyenv/shims/python3 (found suitable version "3.10.12", minimum required is "3.6") 
[4.239s] -- Found python_cmake_module: 0.10.0 (/opt/ros/humble/share/python_cmake_module/cmake)
[4.481s] -- Found PythonLibs: /usr/lib/x86_64-linux-gnu/libpython3.10.so (found suitable version "3.10.12", minimum required is "3.5") 
[4.483s] -- Using PYTHON_EXECUTABLE: /home/livia/.pyenv/shims/python3
[4.487s] -- Using PYTHON_INCLUDE_DIRS: /usr/include/python3.10
[4.487s] -- Using PYTHON_LIBRARIES: /usr/lib/x86_64-linux-gnu/libpython3.10.so
[4.722s] -- Found PythonExtra: .so  
[4.988s] -- Configuring done
[5.048s] -- Generating done
[5.070s] -- Build files have been written to: /home/livia/rl_6dof_ws/build/sixdof_arm_interfaces
[5.083s] Invoked command in '/home/livia/rl_6dof_ws/build/sixdof_arm_interfaces' returned '0': CMAKE_PREFIX_PATH=${CMAKE_PREFIX_PATH}:/home/livia/ros2_ws/install/my_py_pkg:/home/livia/ros2_ws/install/actions_py:/home/livia/Documents/git/Catch-Them-All-Turtlesim-Project/Catch_Them_All_Turtlesim_Project_WS/install/turtlesim_catch_them_all:/home/livia/rl_6dof_ws/install/sixdof_arm_rl:/opt/ros/humble /usr/bin/cmake /home/livia/rl_6dof_ws/src/sixdof_arm_interfaces -DAMENT_CMAKE_SYMLINK_INSTALL=1 -DCMAKE_INSTALL_PREFIX=/home/livia/rl_6dof_ws/install/sixdof_arm_interfaces
[5.084s] Invoking command in '/home/livia/rl_6dof_ws/build/sixdof_arm_interfaces': CMAKE_PREFIX_PATH=${CMAKE_PREFIX_PATH}:/home/livia/ros2_ws/install/my_py_pkg:/home/livia/ros2_ws/install/actions_py:/home/livia/Documents/git/Catch-Them-All-Turtlesim-Project/Catch_Them_All_Turtlesim_Project_WS/install/turtlesim_catch_them_all:/home/livia/rl_6dof_ws/install/sixdof_arm_rl:/opt/ros/humble /usr/bin/cmake --build /home/livia/rl_6dof_ws/build/sixdof_arm_interfaces -- -j4 -l4
[5.159s] [  2%] [34m[1mGenerating C code for ROS interfaces[0m
[5.179s] [  5%] [34m[1mGenerating C++ code for ROS interfaces[0m
[5.203s] [  5%] Built target ament_cmake_python_symlink_sixdof_arm_interfaces
[6.010s] running egg_info
[6.015s] creating sixdof_arm_interfaces.egg-info
[6.015s] writing sixdof_arm_interfaces.egg-info/PKG-INFO
[6.015s] writing dependency_links to sixdof_arm_interfaces.egg-info/dependency_links.txt
[6.015s] writing top-level names to sixdof_arm_interfaces.egg-info/top_level.txt
[6.015s] writing manifest file 'sixdof_arm_interfaces.egg-info/SOURCES.txt'
[6.019s] reading manifest file 'sixdof_arm_interfaces.egg-info/SOURCES.txt'
[6.023s] writing manifest file 'sixdof_arm_interfaces.egg-info/SOURCES.txt'
[6.098s] [  5%] Built target ament_cmake_python_build_sixdof_arm_interfaces_egg
[6.582s] [  5%] Built target sixdof_arm_interfaces__cpp
[6.621s] [  7%] [32mBuilding C object CMakeFiles/sixdof_arm_interfaces__rosidl_generator_c.dir/rosidl_generator_c/sixdof_arm_interfaces/srv/detail/reset_arm__functions.c.o[0m
[6.621s] [ 10%] [34m[1mGenerating C++ type support for eProsima Fast-RTPS[0m
[6.625s] [ 12%] [34m[1mGenerating C++ type support dispatch for ROS interfaces[0m
[6.626s] [ 15%] [34m[1mGenerating C++ introspection for ROS interfaces[0m
[6.756s] [ 17%] [32mBuilding C object CMakeFiles/sixdof_arm_interfaces__rosidl_generator_c.dir/rosidl_generator_c/sixdof_arm_interfaces/action/detail/move_six_dof_arm__functions.c.o[0m
[7.077s] [ 20%] [32m[1mLinking C shared library libsixdof_arm_interfaces__rosidl_generator_c.so[0m
[7.179s] [ 20%] Built target sixdof_arm_interfaces__rosidl_generator_c
[7.213s] [ 23%] [34m[1mGenerating C type support for eProsima Fast-RTPS[0m
[8.219s] [ 25%] [32mBuilding CXX object CMakeFiles/sixdof_arm_interfaces__rosidl_typesupport_introspection_cpp.dir/rosidl_typesupport_introspection_cpp/sixdof_arm_interfaces/srv/detail/reset_arm__type_support.cpp.o[0m
[8.244s] [ 28%] [32mBuilding CXX object CMakeFiles/sixdof_arm_interfaces__rosidl_typesupport_cpp.dir/rosidl_typesupport_cpp/sixdof_arm_interfaces/srv/reset_arm__type_support.cpp.o[0m
[8.471s] [ 30%] [32mBuilding CXX object CMakeFiles/sixdof_arm_interfaces__rosidl_typesupport_fastrtps_cpp.dir/rosidl_typesupport_fastrtps_cpp/sixdof_arm_interfaces/srv/detail/dds_fastrtps/reset_arm__type_support.cpp.o[0m
[8.718s] [ 33%] [32mBuilding CXX object CMakeFiles/sixdof_arm_interfaces__rosidl_typesupport_cpp.dir/rosidl_typesupport_cpp/sixdof_arm_interfaces/action/move_six_dof_arm__type_support.cpp.o[0m
[8.938s] [ 35%] [32mBuilding CXX object CMakeFiles/sixdof_arm_interfaces__rosidl_typesupport_fastrtps_c.dir/rosidl_typesupport_fastrtps_c/sixdof_arm_interfaces/srv/detail/reset_arm__type_support_c.cpp.o[0m
[8.991s] [ 38%] [32mBuilding CXX object CMakeFiles/sixdof_arm_interfaces__rosidl_typesupport_introspection_cpp.dir/rosidl_typesupport_introspection_cpp/sixdof_arm_interfaces/action/detail/move_six_dof_arm__type_support.cpp.o[0m
[9.261s] [ 41%] [32mBuilding CXX object CMakeFiles/sixdof_arm_interfaces__rosidl_typesupport_fastrtps_cpp.dir/rosidl_typesupport_fastrtps_cpp/sixdof_arm_interfaces/action/detail/dds_fastrtps/move_six_dof_arm__type_support.cpp.o[0m
[9.469s] [ 43%] [32m[1mLinking CXX shared library libsixdof_arm_interfaces__rosidl_typesupport_cpp.so[0m
[9.526s] [ 46%] [32mBuilding CXX object CMakeFiles/sixdof_arm_interfaces__rosidl_typesupport_fastrtps_c.dir/rosidl_typesupport_fastrtps_c/sixdof_arm_interfaces/action/detail/move_six_dof_arm__type_support_c.cpp.o[0m
[9.541s] [ 46%] Built target sixdof_arm_interfaces__rosidl_typesupport_cpp
[9.560s] [ 48%] [34m[1mGenerating C introspection for ROS interfaces[0m
[10.169s] [ 51%] [32m[1mLinking CXX shared library libsixdof_arm_interfaces__rosidl_typesupport_introspection_cpp.so[0m
[10.237s] [ 53%] [32m[1mLinking CXX shared library libsixdof_arm_interfaces__rosidl_typesupport_fastrtps_c.so[0m
[10.322s] [ 53%] Built target sixdof_arm_interfaces__rosidl_typesupport_introspection_cpp
[10.341s] [ 56%] [34m[1mGenerating C type support dispatch for ROS interfaces[0m
[10.384s] [ 56%] Built target sixdof_arm_interfaces__rosidl_typesupport_fastrtps_c
[10.409s] [ 58%] [32m[1mLinking CXX shared library libsixdof_arm_interfaces__rosidl_typesupport_fastrtps_cpp.so[0m
[10.546s] [ 58%] Built target sixdof_arm_interfaces__rosidl_typesupport_fastrtps_cpp
[10.554s] [ 61%] [32mBuilding C object CMakeFiles/sixdof_arm_interfaces__rosidl_typesupport_introspection_c.dir/rosidl_typesupport_introspection_c/sixdof_arm_interfaces/action/detail/move_six_dof_arm__type_support.c.o[0m
[10.556s] [ 64%] [32mBuilding C object CMakeFiles/sixdof_arm_interfaces__rosidl_typesupport_introspection_c.dir/rosidl_typesupport_introspection_c/sixdof_arm_interfaces/srv/detail/reset_arm__type_support.c.o[0m
[10.642s] [ 66%] [32m[1mLinking C shared library libsixdof_arm_interfaces__rosidl_typesupport_introspection_c.so[0m
[10.679s] [ 66%] Built target sixdof_arm_interfaces__rosidl_typesupport_introspection_c
[10.900s] [ 71%] [32mBuilding CXX object CMakeFiles/sixdof_arm_interfaces__rosidl_typesupport_c.dir/rosidl_typesupport_c/sixdof_arm_interfaces/action/move_six_dof_arm__type_support.cpp.o[0m
[10.900s] [ 71%] [32mBuilding CXX object CMakeFiles/sixdof_arm_interfaces__rosidl_typesupport_c.dir/rosidl_typesupport_c/sixdof_arm_interfaces/srv/reset_arm__type_support.cpp.o[0m
[10.954s] [ 74%] [32m[1mLinking CXX shared library libsixdof_arm_interfaces__rosidl_typesupport_c.so[0m
[10.999s] [ 74%] Built target sixdof_arm_interfaces__rosidl_typesupport_c
[11.023s] [ 74%] Built target sixdof_arm_interfaces
[11.047s] [ 76%] [34m[1mGenerating Python code for ROS interfaces[0m
[12.164s] [ 76%] Built target sixdof_arm_interfaces__py
[12.187s] [ 82%] [32mBuilding C object CMakeFiles/sixdof_arm_interfaces__rosidl_generator_py.dir/rosidl_generator_py/sixdof_arm_interfaces/srv/_reset_arm_s.c.o[0m
[12.188s] [ 82%] [32mBuilding C object CMakeFiles/sixdof_arm_interfaces__rosidl_generator_py.dir/rosidl_generator_py/sixdof_arm_interfaces/action/_move_six_dof_arm_s.c.o[0m
[12.371s] [ 84%] [32m[1mLinking C shared library rosidl_generator_py/sixdof_arm_interfaces/libsixdof_arm_interfaces__rosidl_generator_py.so[0m
[12.422s] [ 84%] Built target sixdof_arm_interfaces__rosidl_generator_py
[12.450s] [ 87%] [32mBuilding C object CMakeFiles/sixdof_arm_interfaces__rosidl_typesupport_introspection_c__pyext.dir/rosidl_generator_py/sixdof_arm_interfaces/_sixdof_arm_interfaces_s.ep.rosidl_typesupport_introspection_c.c.o[0m
[12.454s] [ 89%] [32mBuilding C object CMakeFiles/sixdof_arm_interfaces__rosidl_typesupport_fastrtps_c__pyext.dir/rosidl_generator_py/sixdof_arm_interfaces/_sixdof_arm_interfaces_s.ep.rosidl_typesupport_fastrtps_c.c.o[0m
[12.457s] [ 92%] [32mBuilding C object CMakeFiles/sixdof_arm_interfaces__rosidl_typesupport_c__pyext.dir/rosidl_generator_py/sixdof_arm_interfaces/_sixdof_arm_interfaces_s.ep.rosidl_typesupport_c.c.o[0m
[12.594s] [ 94%] [32m[1mLinking C shared library rosidl_generator_py/sixdof_arm_interfaces/sixdof_arm_interfaces_s__rosidl_typesupport_introspection_c.cpython-310-x86_64-linux-gnu.so[0m
[12.646s] [ 94%] Built target sixdof_arm_interfaces__rosidl_typesupport_introspection_c__pyext
[12.673s] [100%] [32m[1mLinking C shared library rosidl_generator_py/sixdof_arm_interfaces/sixdof_arm_interfaces_s__rosidl_typesupport_fastrtps_c.cpython-310-x86_64-linux-gnu.so[0m
[12.673s] [100%] [32m[1mLinking C shared library rosidl_generator_py/sixdof_arm_interfaces/sixdof_arm_interfaces_s__rosidl_typesupport_c.cpython-310-x86_64-linux-gnu.so[0m
[12.720s] [100%] Built target sixdof_arm_interfaces__rosidl_typesupport_fastrtps_c__pyext
[12.720s] [100%] Built target sixdof_arm_interfaces__rosidl_typesupport_c__pyext
[12.732s] Invoked command in '/home/livia/rl_6dof_ws/build/sixdof_arm_interfaces' returned '0': CMAKE_PREFIX_PATH=${CMAKE_PREFIX_PATH}:/home/livia/ros2_ws/install/my_py_pkg:/home/livia/ros2_ws/install/actions_py:/home/livia/Documents/git/Catch-Them-All-Turtlesim-Project/Catch_Them_All_Turtlesim_Project_WS/install/turtlesim_catch_them_all:/home/livia/rl_6dof_ws/install/sixdof_arm_rl:/opt/ros/humble /usr/bin/cmake --build /home/livia/rl_6dof_ws/build/sixdof_arm_interfaces -- -j4 -l4
[12.735s] Invoking command in '/home/livia/rl_6dof_ws/build/sixdof_arm_interfaces': CMAKE_PREFIX_PATH=${CMAKE_PREFIX_PATH}:/home/livia/ros2_ws/install/my_py_pkg:/home/livia/ros2_ws/install/actions_py:/home/livia/Documents/git/Catch-Them-All-Turtlesim-Project/Catch_Them_All_Turtlesim_Project_WS/install/turtlesim_catch_them_all:/home/livia/rl_6dof_ws/install/sixdof_arm_rl:/opt/ros/humble /usr/bin/cmake --install /home/livia/rl_6dof_ws/build/sixdof_arm_interfaces
[12.743s] -- Install configuration: ""
[12.743s] -- Execute custom install script
[12.744s] -- Symlinking: /home/livia/rl_6dof_ws/install/sixdof_arm_interfaces/share/ament_index/resource_index/rosidl_interfaces/sixdof_arm_interfaces
[12.753s] -- Symlinking: /home/livia/rl_6dof_ws/install/sixdof_arm_interfaces/include/sixdof_arm_interfaces/sixdof_arm_interfaces/action/detail/move_six_dof_arm__functions.h
[12.762s] -- Symlinking: /home/livia/rl_6dof_ws/install/sixdof_arm_interfaces/include/sixdof_arm_interfaces/sixdof_arm_interfaces/action/detail/move_six_dof_arm__struct.h
[12.771s] -- Symlinking: /home/livia/rl_6dof_ws/install/sixdof_arm_interfaces/include/sixdof_arm_interfaces/sixdof_arm_interfaces/action/detail/move_six_dof_arm__type_support.h
[12.780s] -- Symlinking: /home/livia/rl_6dof_ws/install/sixdof_arm_interfaces/include/sixdof_arm_interfaces/sixdof_arm_interfaces/action/move_six_dof_arm.h
[12.789s] -- Symlinking: /home/livia/rl_6dof_ws/install/sixdof_arm_interfaces/include/sixdof_arm_interfaces/sixdof_arm_interfaces/msg/rosidl_generator_c__visibility_control.h
[12.798s] -- Symlinking: /home/livia/rl_6dof_ws/install/sixdof_arm_interfaces/include/sixdof_arm_interfaces/sixdof_arm_interfaces/srv/detail/reset_arm__functions.h
[12.806s] -- Symlinking: /home/livia/rl_6dof_ws/install/sixdof_arm_interfaces/include/sixdof_arm_interfaces/sixdof_arm_interfaces/srv/detail/reset_arm__struct.h
[12.816s] -- Symlinking: /home/livia/rl_6dof_ws/install/sixdof_arm_interfaces/include/sixdof_arm_interfaces/sixdof_arm_interfaces/srv/detail/reset_arm__type_support.h
[12.825s] -- Symlinking: /home/livia/rl_6dof_ws/install/sixdof_arm_interfaces/include/sixdof_arm_interfaces/sixdof_arm_interfaces/srv/reset_arm.h
[12.834s] -- Symlinking: /home/livia/rl_6dof_ws/install/sixdof_arm_interfaces/share/sixdof_arm_interfaces/environment/library_path.sh
[12.844s] -- Symlinking: /home/livia/rl_6dof_ws/install/sixdof_arm_interfaces/share/sixdof_arm_interfaces/environment/library_path.dsv
[12.855s] -- Symlinking: /home/livia/rl_6dof_ws/install/sixdof_arm_interfaces/include/sixdof_arm_interfaces/sixdof_arm_interfaces/action/detail/move_six_dof_arm__rosidl_typesupport_fastrtps_c.h
[12.865s] -- Symlinking: /home/livia/rl_6dof_ws/install/sixdof_arm_interfaces/include/sixdof_arm_interfaces/sixdof_arm_interfaces/msg/rosidl_typesupport_fastrtps_c__visibility_control.h
[12.875s] -- Symlinking: /home/livia/rl_6dof_ws/install/sixdof_arm_interfaces/include/sixdof_arm_interfaces/sixdof_arm_interfaces/srv/detail/reset_arm__rosidl_typesupport_fastrtps_c.h
[12.885s] -- Symlinking: /home/livia/rl_6dof_ws/install/sixdof_arm_interfaces/include/sixdof_arm_interfaces/sixdof_arm_interfaces/action/detail/move_six_dof_arm__rosidl_typesupport_introspection_c.h
[12.894s] -- Symlinking: /home/livia/rl_6dof_ws/install/sixdof_arm_interfaces/include/sixdof_arm_interfaces/sixdof_arm_interfaces/msg/rosidl_typesupport_introspection_c__visibility_control.h
[12.903s] -- Symlinking: /home/livia/rl_6dof_ws/install/sixdof_arm_interfaces/include/sixdof_arm_interfaces/sixdof_arm_interfaces/srv/detail/reset_arm__rosidl_typesupport_introspection_c.h
[12.912s] -- Symlinking: /home/livia/rl_6dof_ws/install/sixdof_arm_interfaces/include/sixdof_arm_interfaces/sixdof_arm_interfaces/action/detail/move_six_dof_arm__builder.hpp
[12.921s] -- Symlinking: /home/livia/rl_6dof_ws/install/sixdof_arm_interfaces/include/sixdof_arm_interfaces/sixdof_arm_interfaces/action/detail/move_six_dof_arm__struct.hpp
[12.930s] -- Symlinking: /home/livia/rl_6dof_ws/install/sixdof_arm_interfaces/include/sixdof_arm_interfaces/sixdof_arm_interfaces/action/detail/move_six_dof_arm__traits.hpp
[12.939s] -- Symlinking: /home/livia/rl_6dof_ws/install/sixdof_arm_interfaces/include/sixdof_arm_interfaces/sixdof_arm_interfaces/action/detail/move_six_dof_arm__type_support.hpp
[12.948s] -- Symlinking: /home/livia/rl_6dof_ws/install/sixdof_arm_interfaces/include/sixdof_arm_interfaces/sixdof_arm_interfaces/action/move_six_dof_arm.hpp
[12.957s] -- Symlinking: /home/livia/rl_6dof_ws/install/sixdof_arm_interfaces/include/sixdof_arm_interfaces/sixdof_arm_interfaces/msg/rosidl_generator_cpp__visibility_control.hpp
[12.966s] -- Symlinking: /home/livia/rl_6dof_ws/install/sixdof_arm_interfaces/include/sixdof_arm_interfaces/sixdof_arm_interfaces/srv/detail/reset_arm__builder.hpp
[12.975s] -- Symlinking: /home/livia/rl_6dof_ws/install/sixdof_arm_interfaces/include/sixdof_arm_interfaces/sixdof_arm_interfaces/srv/detail/reset_arm__struct.hpp
[12.984s] -- Symlinking: /home/livia/rl_6dof_ws/install/sixdof_arm_interfaces/include/sixdof_arm_interfaces/sixdof_arm_interfaces/srv/detail/reset_arm__traits.hpp
[12.993s] -- Symlinking: /home/livia/rl_6dof_ws/install/sixdof_arm_interfaces/include/sixdof_arm_interfaces/sixdof_arm_interfaces/srv/detail/reset_arm__type_support.hpp
[13.002s] -- Symlinking: /home/livia/rl_6dof_ws/install/sixdof_arm_interfaces/include/sixdof_arm_interfaces/sixdof_arm_interfaces/srv/reset_arm.hpp
[13.011s] -- Symlinking: /home/livia/rl_6dof_ws/install/sixdof_arm_interfaces/include/sixdof_arm_interfaces/sixdof_arm_interfaces/action/detail/move_six_dof_arm__rosidl_typesupport_fastrtps_cpp.hpp
[13.021s] -- Symlinking: /home/livia/rl_6dof_ws/install/sixdof_arm_interfaces/include/sixdof_arm_interfaces/sixdof_arm_interfaces/msg/rosidl_typesupport_fastrtps_cpp__visibility_control.h
[13.030s] -- Symlinking: /home/livia/rl_6dof_ws/install/sixdof_arm_interfaces/include/sixdof_arm_interfaces/sixdof_arm_interfaces/srv/detail/reset_arm__rosidl_typesupport_fastrtps_cpp.hpp
[13.040s] -- Symlinking: /home/livia/rl_6dof_ws/install/sixdof_arm_interfaces/include/sixdof_arm_interfaces/sixdof_arm_interfaces/action/detail/move_six_dof_arm__rosidl_typesupport_introspection_cpp.hpp
[13.049s] -- Symlinking: /home/livia/rl_6dof_ws/install/sixdof_arm_interfaces/include/sixdof_arm_interfaces/sixdof_arm_interfaces/srv/detail/reset_arm__rosidl_typesupport_introspection_cpp.hpp
[13.058s] -- Symlinking: /home/livia/rl_6dof_ws/install/sixdof_arm_interfaces/share/sixdof_arm_interfaces/environment/pythonpath.sh
[13.067s] -- Symlinking: /home/livia/rl_6dof_ws/install/sixdof_arm_interfaces/share/sixdof_arm_interfaces/environment/pythonpath.dsv
[13.077s] -- Symlinking: /home/livia/rl_6dof_ws/install/sixdof_arm_interfaces/local/lib/python3.10/dist-packages/sixdof_arm_interfaces-0.0.0-py3.10.egg-info/PKG-INFO
[13.085s] -- Symlinking: /home/livia/rl_6dof_ws/install/sixdof_arm_interfaces/local/lib/python3.10/dist-packages/sixdof_arm_interfaces-0.0.0-py3.10.egg-info/SOURCES.txt
[13.095s] -- Symlinking: /home/livia/rl_6dof_ws/install/sixdof_arm_interfaces/local/lib/python3.10/dist-packages/sixdof_arm_interfaces-0.0.0-py3.10.egg-info/dependency_links.txt
[13.104s] -- Symlinking: /home/livia/rl_6dof_ws/install/sixdof_arm_interfaces/local/lib/python3.10/dist-packages/sixdof_arm_interfaces-0.0.0-py3.10.egg-info/top_level.txt
[13.114s] -- Symlinking: /home/livia/rl_6dof_ws/install/sixdof_arm_interfaces/local/lib/python3.10/dist-packages/sixdof_arm_interfaces/__init__.py
[13.123s] -- Symlinking: /home/livia/rl_6dof_ws/install/sixdof_arm_interfaces/local/lib/python3.10/dist-packages/sixdof_arm_interfaces/_sixdof_arm_interfaces_s.ep.rosidl_typesupport_c.c
[13.133s] -- Symlinking: /home/livia/rl_6dof_ws/install/sixdof_arm_interfaces/local/lib/python3.10/dist-packages/sixdof_arm_interfaces/_sixdof_arm_interfaces_s.ep.rosidl_typesupport_fastrtps_c.c
[13.142s] -- Symlinking: /home/livia/rl_6dof_ws/install/sixdof_arm_interfaces/local/lib/python3.10/dist-packages/sixdof_arm_interfaces/_sixdof_arm_interfaces_s.ep.rosidl_typesupport_introspection_c.c
[13.151s] -- Symlinking: /home/livia/rl_6dof_ws/install/sixdof_arm_interfaces/local/lib/python3.10/dist-packages/sixdof_arm_interfaces/action/__init__.py
[13.160s] -- Symlinking: /home/livia/rl_6dof_ws/install/sixdof_arm_interfaces/local/lib/python3.10/dist-packages/sixdof_arm_interfaces/action/_move_six_dof_arm.py
[13.169s] -- Symlinking: /home/livia/rl_6dof_ws/install/sixdof_arm_interfaces/local/lib/python3.10/dist-packages/sixdof_arm_interfaces/action/_move_six_dof_arm_s.c
[13.178s] -- Symlinking: /home/livia/rl_6dof_ws/install/sixdof_arm_interfaces/local/lib/python3.10/dist-packages/sixdof_arm_interfaces/libsixdof_arm_interfaces__rosidl_generator_py.so
[13.187s] -- Symlinking: /home/livia/rl_6dof_ws/install/sixdof_arm_interfaces/local/lib/python3.10/dist-packages/sixdof_arm_interfaces/sixdof_arm_interfaces_s__rosidl_typesupport_c.cpython-310-x86_64-linux-gnu.so
[13.196s] -- Symlinking: /home/livia/rl_6dof_ws/install/sixdof_arm_interfaces/local/lib/python3.10/dist-packages/sixdof_arm_interfaces/sixdof_arm_interfaces_s__rosidl_typesupport_fastrtps_c.cpython-310-x86_64-linux-gnu.so
[13.205s] -- Symlinking: /home/livia/rl_6dof_ws/install/sixdof_arm_interfaces/local/lib/python3.10/dist-packages/sixdof_arm_interfaces/sixdof_arm_interfaces_s__rosidl_typesupport_introspection_c.cpython-310-x86_64-linux-gnu.so
[13.214s] -- Symlinking: /home/livia/rl_6dof_ws/install/sixdof_arm_interfaces/local/lib/python3.10/dist-packages/sixdof_arm_interfaces/srv/__init__.py
[13.224s] -- Symlinking: /home/livia/rl_6dof_ws/install/sixdof_arm_interfaces/local/lib/python3.10/dist-packages/sixdof_arm_interfaces/srv/_reset_arm.py
[13.233s] -- Symlinking: /home/livia/rl_6dof_ws/install/sixdof_arm_interfaces/local/lib/python3.10/dist-packages/sixdof_arm_interfaces/srv/_reset_arm_s.c
[13.243s] -- Up-to-date symlink: /home/livia/rl_6dof_ws/install/sixdof_arm_interfaces/local/lib/python3.10/dist-packages/sixdof_arm_interfaces/sixdof_arm_interfaces_s__rosidl_typesupport_fastrtps_c.cpython-310-x86_64-linux-gnu.so
[13.243s] -- Up-to-date symlink: /home/livia/rl_6dof_ws/install/sixdof_arm_interfaces/local/lib/python3.10/dist-packages/sixdof_arm_interfaces/sixdof_arm_interfaces_s__rosidl_typesupport_introspection_c.cpython-310-x86_64-linux-gnu.so
[13.243s] -- Up-to-date symlink: /home/livia/rl_6dof_ws/install/sixdof_arm_interfaces/local/lib/python3.10/dist-packages/sixdof_arm_interfaces/sixdof_arm_interfaces_s__rosidl_typesupport_c.cpython-310-x86_64-linux-gnu.so
[13.243s] -- Symlinking: /home/livia/rl_6dof_ws/install/sixdof_arm_interfaces/share/sixdof_arm_interfaces/srv/ResetArm.idl
[13.252s] -- Symlinking: /home/livia/rl_6dof_ws/install/sixdof_arm_interfaces/share/sixdof_arm_interfaces/action/MoveSixDofArm.idl
[13.261s] -- Symlinking: /home/livia/rl_6dof_ws/install/sixdof_arm_interfaces/share/sixdof_arm_interfaces/srv/ResetArm.srv
[13.270s] -- Symlinking: /home/livia/rl_6dof_ws/install/sixdof_arm_interfaces/share/sixdof_arm_interfaces/srv/ResetArm_Request.msg
[13.279s] -- Symlinking: /home/livia/rl_6dof_ws/install/sixdof_arm_interfaces/share/sixdof_arm_interfaces/srv/ResetArm_Response.msg
[13.288s] -- Symlinking: /home/livia/rl_6dof_ws/install/sixdof_arm_interfaces/share/sixdof_arm_interfaces/action/MoveSixDofArm.action
[13.297s] -- Symlinking: /home/livia/rl_6dof_ws/install/sixdof_arm_interfaces/share/ament_index/resource_index/package_run_dependencies/sixdof_arm_interfaces
[13.306s] -- Symlinking: /home/livia/rl_6dof_ws/install/sixdof_arm_interfaces/share/ament_index/resource_index/parent_prefix_path/sixdof_arm_interfaces
[13.315s] -- Symlinking: /home/livia/rl_6dof_ws/install/sixdof_arm_interfaces/share/sixdof_arm_interfaces/environment/ament_prefix_path.sh
[13.324s] -- Symlinking: /home/livia/rl_6dof_ws/install/sixdof_arm_interfaces/share/sixdof_arm_interfaces/environment/ament_prefix_path.dsv
[13.334s] -- Symlinking: /home/livia/rl_6dof_ws/install/sixdof_arm_interfaces/share/sixdof_arm_interfaces/environment/path.sh
[13.343s] -- Symlinking: /home/livia/rl_6dof_ws/install/sixdof_arm_interfaces/share/sixdof_arm_interfaces/environment/path.dsv
[13.352s] -- Symlinking: /home/livia/rl_6dof_ws/install/sixdof_arm_interfaces/share/sixdof_arm_interfaces/local_setup.bash
[13.361s] -- Symlinking: /home/livia/rl_6dof_ws/install/sixdof_arm_interfaces/share/sixdof_arm_interfaces/local_setup.sh
[13.369s] -- Symlinking: /home/livia/rl_6dof_ws/install/sixdof_arm_interfaces/share/sixdof_arm_interfaces/local_setup.zsh
[13.379s] -- Symlinking: /home/livia/rl_6dof_ws/install/sixdof_arm_interfaces/share/sixdof_arm_interfaces/local_setup.dsv
[13.388s] -- Symlinking: /home/livia/rl_6dof_ws/install/sixdof_arm_interfaces/share/sixdof_arm_interfaces/package.dsv
[13.397s] -- Symlinking: /home/livia/rl_6dof_ws/install/sixdof_arm_interfaces/share/ament_index/resource_index/packages/sixdof_arm_interfaces
[13.406s] -- Symlinking: /home/livia/rl_6dof_ws/install/sixdof_arm_interfaces/share/sixdof_arm_interfaces/cmake/rosidl_cmake-extras.cmake
[13.416s] -- Symlinking: /home/livia/rl_6dof_ws/install/sixdof_arm_interfaces/share/sixdof_arm_interfaces/cmake/ament_cmake_export_dependencies-extras.cmake
[13.426s] -- Symlinking: /home/livia/rl_6dof_ws/install/sixdof_arm_interfaces/share/sixdof_arm_interfaces/cmake/ament_cmake_export_include_directories-extras.cmake
[13.435s] -- Symlinking: /home/livia/rl_6dof_ws/install/sixdof_arm_interfaces/share/sixdof_arm_interfaces/cmake/ament_cmake_export_libraries-extras.cmake
[13.445s] -- Symlinking: /home/livia/rl_6dof_ws/install/sixdof_arm_interfaces/share/sixdof_arm_interfaces/cmake/ament_cmake_export_targets-extras.cmake
[13.453s] -- Symlinking: /home/livia/rl_6dof_ws/install/sixdof_arm_interfaces/share/sixdof_arm_interfaces/cmake/rosidl_cmake_export_typesupport_targets-extras.cmake
[13.462s] -- Symlinking: /home/livia/rl_6dof_ws/install/sixdof_arm_interfaces/share/sixdof_arm_interfaces/cmake/rosidl_cmake_export_typesupport_libraries-extras.cmake
[13.471s] -- Symlinking: /home/livia/rl_6dof_ws/install/sixdof_arm_interfaces/share/sixdof_arm_interfaces/cmake/sixdof_arm_interfacesConfig.cmake
[13.480s] -- Symlinking: /home/livia/rl_6dof_ws/install/sixdof_arm_interfaces/share/sixdof_arm_interfaces/cmake/sixdof_arm_interfacesConfig-version.cmake
[13.489s] -- Symlinking: /home/livia/rl_6dof_ws/install/sixdof_arm_interfaces/share/sixdof_arm_interfaces/package.xml
[13.498s] -- Installing: /home/livia/rl_6dof_ws/install/sixdof_arm_interfaces/lib/libsixdof_arm_interfaces__rosidl_generator_c.so
[13.499s] -- Set runtime path of "/home/livia/rl_6dof_ws/install/sixdof_arm_interfaces/lib/libsixdof_arm_interfaces__rosidl_generator_c.so" to ""
[13.499s] -- Installing: /home/livia/rl_6dof_ws/install/sixdof_arm_interfaces/lib/libsixdof_arm_interfaces__rosidl_typesupport_fastrtps_c.so
[13.500s] -- Set runtime path of "/home/livia/rl_6dof_ws/install/sixdof_arm_interfaces/lib/libsixdof_arm_interfaces__rosidl_typesupport_fastrtps_c.so" to ""
[13.500s] -- Installing: /home/livia/rl_6dof_ws/install/sixdof_arm_interfaces/lib/libsixdof_arm_interfaces__rosidl_typesupport_introspection_c.so
[13.500s] -- Set runtime path of "/home/livia/rl_6dof_ws/install/sixdof_arm_interfaces/lib/libsixdof_arm_interfaces__rosidl_typesupport_introspection_c.so" to ""
[13.500s] -- Installing: /home/livia/rl_6dof_ws/install/sixdof_arm_interfaces/lib/libsixdof_arm_interfaces__rosidl_typesupport_c.so
[13.501s] -- Set runtime path of "/home/livia/rl_6dof_ws/install/sixdof_arm_interfaces/lib/libsixdof_arm_interfaces__rosidl_typesupport_c.so" to ""
[13.501s] -- Installing: /home/livia/rl_6dof_ws/install/sixdof_arm_interfaces/lib/libsixdof_arm_interfaces__rosidl_typesupport_fastrtps_cpp.so
[13.501s] -- Set runtime path of "/home/livia/rl_6dof_ws/install/sixdof_arm_interfaces/lib/libsixdof_arm_interfaces__rosidl_typesupport_fastrtps_cpp.so" to ""
[13.501s] -- Installing: /home/livia/rl_6dof_ws/install/sixdof_arm_interfaces/lib/libsixdof_arm_interfaces__rosidl_typesupport_introspection_cpp.so
[13.502s] -- Set runtime path of "/home/livia/rl_6dof_ws/install/sixdof_arm_interfaces/lib/libsixdof_arm_interfaces__rosidl_typesupport_introspection_cpp.so" to ""
[13.502s] -- Installing: /home/livia/rl_6dof_ws/install/sixdof_arm_interfaces/lib/libsixdof_arm_interfaces__rosidl_typesupport_cpp.so
[13.503s] -- Set runtime path of "/home/livia/rl_6dof_ws/install/sixdof_arm_interfaces/lib/libsixdof_arm_interfaces__rosidl_typesupport_cpp.so" to ""
[13.627s] Listing '/home/livia/rl_6dof_ws/install/sixdof_arm_interfaces/local/lib/python3.10/dist-packages/sixdof_arm_interfaces'...
[13.627s] Compiling '/home/livia/rl_6dof_ws/install/sixdof_arm_interfaces/local/lib/python3.10/dist-packages/sixdof_arm_interfaces/__init__.py'...
[13.627s] Listing '/home/livia/rl_6dof_ws/install/sixdof_arm_interfaces/local/lib/python3.10/dist-packages/sixdof_arm_interfaces/action'...
[13.627s] Compiling '/home/livia/rl_6dof_ws/install/sixdof_arm_interfaces/local/lib/python3.10/dist-packages/sixdof_arm_interfaces/action/__init__.py'...
[13.627s] Compiling '/home/livia/rl_6dof_ws/install/sixdof_arm_interfaces/local/lib/python3.10/dist-packages/sixdof_arm_interfaces/action/_move_six_dof_arm.py'...
[13.627s] Listing '/home/livia/rl_6dof_ws/install/sixdof_arm_interfaces/local/lib/python3.10/dist-packages/sixdof_arm_interfaces/srv'...
[13.627s] Compiling '/home/livia/rl_6dof_ws/install/sixdof_arm_interfaces/local/lib/python3.10/dist-packages/sixdof_arm_interfaces/srv/__init__.py'...
[13.627s] Compiling '/home/livia/rl_6dof_ws/install/sixdof_arm_interfaces/local/lib/python3.10/dist-packages/sixdof_arm_interfaces/srv/_reset_arm.py'...
[13.632s] -- Installing: /home/livia/rl_6dof_ws/install/sixdof_arm_interfaces/lib/libsixdof_arm_interfaces__rosidl_generator_py.so
[13.633s] -- Set runtime path of "/home/livia/rl_6dof_ws/install/sixdof_arm_interfaces/lib/libsixdof_arm_interfaces__rosidl_generator_py.so" to ""
[13.633s] -- Installing: /home/livia/rl_6dof_ws/install/sixdof_arm_interfaces/share/sixdof_arm_interfaces/cmake/export_sixdof_arm_interfaces__rosidl_generator_cExport.cmake
[13.633s] -- Installing: /home/livia/rl_6dof_ws/install/sixdof_arm_interfaces/share/sixdof_arm_interfaces/cmake/export_sixdof_arm_interfaces__rosidl_generator_cExport-noconfig.cmake
[13.633s] -- Installing: /home/livia/rl_6dof_ws/install/sixdof_arm_interfaces/share/sixdof_arm_interfaces/cmake/export_sixdof_arm_interfaces__rosidl_typesupport_fastrtps_cExport.cmake
[13.633s] -- Installing: /home/livia/rl_6dof_ws/install/sixdof_arm_interfaces/share/sixdof_arm_interfaces/cmake/export_sixdof_arm_interfaces__rosidl_typesupport_fastrtps_cExport-noconfig.cmake
[13.634s] -- Installing: /home/livia/rl_6dof_ws/install/sixdof_arm_interfaces/share/sixdof_arm_interfaces/cmake/sixdof_arm_interfaces__rosidl_typesupport_introspection_cExport.cmake
[13.634s] -- Installing: /home/livia/rl_6dof_ws/install/sixdof_arm_interfaces/share/sixdof_arm_interfaces/cmake/sixdof_arm_interfaces__rosidl_typesupport_introspection_cExport-noconfig.cmake
[13.634s] -- Installing: /home/livia/rl_6dof_ws/install/sixdof_arm_interfaces/share/sixdof_arm_interfaces/cmake/sixdof_arm_interfaces__rosidl_typesupport_cExport.cmake
[13.634s] -- Installing: /home/livia/rl_6dof_ws/install/sixdof_arm_interfaces/share/sixdof_arm_interfaces/cmake/sixdof_arm_interfaces__rosidl_typesupport_cExport-noconfig.cmake
[13.634s] -- Installing: /home/livia/rl_6dof_ws/install/sixdof_arm_interfaces/share/sixdof_arm_interfaces/cmake/export_sixdof_arm_interfaces__rosidl_generator_cppExport.cmake
[13.635s] -- Installing: /home/livia/rl_6dof_ws/install/sixdof_arm_interfaces/share/sixdof_arm_interfaces/cmake/export_sixdof_arm_interfaces__rosidl_typesupport_fastrtps_cppExport.cmake
[13.635s] -- Installing: /home/livia/rl_6dof_ws/install/sixdof_arm_interfaces/share/sixdof_arm_interfaces/cmake/export_sixdof_arm_interfaces__rosidl_typesupport_fastrtps_cppExport-noconfig.cmake
[13.635s] -- Installing: /home/livia/rl_6dof_ws/install/sixdof_arm_interfaces/share/sixdof_arm_interfaces/cmake/sixdof_arm_interfaces__rosidl_typesupport_introspection_cppExport.cmake
[13.635s] -- Installing: /home/livia/rl_6dof_ws/install/sixdof_arm_interfaces/share/sixdof_arm_interfaces/cmake/sixdof_arm_interfaces__rosidl_typesupport_introspection_cppExport-noconfig.cmake
[13.635s] -- Installing: /home/livia/rl_6dof_ws/install/sixdof_arm_interfaces/share/sixdof_arm_interfaces/cmake/sixdof_arm_interfaces__rosidl_typesupport_cppExport.cmake
[13.636s] -- Installing: /home/livia/rl_6dof_ws/install/sixdof_arm_interfaces/share/sixdof_arm_interfaces/cmake/sixdof_arm_interfaces__rosidl_typesupport_cppExport-noconfig.cmake
[13.636s] -- Installing: /home/livia/rl_6dof_ws/install/sixdof_arm_interfaces/share/sixdof_arm_interfaces/cmake/export_sixdof_arm_interfaces__rosidl_generator_pyExport.cmake
[13.636s] -- Installing: /home/livia/rl_6dof_ws/install/sixdof_arm_interfaces/share/sixdof_arm_interfaces/cmake/export_sixdof_arm_interfaces__rosidl_generator_pyExport-noconfig.cmake
[13.639s] Invoked command in '/home/livia/rl_6dof_ws/build/sixdof_arm_interfaces' returned '0': CMAKE_PREFIX_PATH=${CMAKE_PREFIX_PATH}:/home/livia/ros2_ws/install/my_py_pkg:/home/livia/ros2_ws/install/actions_py:/home/livia/Documents/git/Catch-Them-All-Turtlesim-Project/Catch_Them_All_Turtlesim_Project_WS/install/turtlesim_catch_them_all:/home/livia/rl_6dof_ws/install/sixdof_arm_rl:/opt/ros/humble /usr/bin/cmake --install /home/livia/rl_6dof_ws/build/sixdof_arm_interfaces
