[0.113s] DEBUG:colcon:Command line arguments: ['/usr/bin/colcon', 'build', '--symlink-install']
[0.113s] DEBUG:colcon:Parsed command line arguments: Namespace(log_base=None, log_level=None, verb_name='build', build_base='build', install_base='install', merge_install=False, symlink_install=True, test_result_base=None, continue_on_error=False, executor='parallel', parallel_workers=4, event_handlers=None, ignore_user_meta=False, metas=['./colcon.meta'], base_paths=['.'], packages_ignore=None, packages_ignore_regex=None, paths=None, packages_up_to=None, packages_up_to_regex=None, packages_above=None, packages_above_and_dependencies=None, packages_above_depth=None, packages_select_by_dep=None, packages_skip_by_dep=None, packages_skip_up_to=None, packages_select_build_failed=False, packages_skip_build_finished=False, packages_select_test_failures=False, packages_skip_test_passed=False, packages_select=None, packages_skip=None, packages_select_regex=None, packages_skip_regex=None, packages_start=None, packages_end=None, allow_overriding=[], cmake_args=None, cmake_target=None, cmake_target_skip_unavailable=False, cmake_clean_cache=False, cmake_clean_first=False, cmake_force_configure=False, ament_cmake_args=None, catkin_cmake_args=None, catkin_skip_building_tests=False, verb_parser=<colcon_defaults.argument_parser.defaults.DefaultArgumentsDecorator object at 0x7b2482afdc60>, verb_extension=<colcon_core.verb.build.BuildVerb object at 0x7b2482afd0c0>, main=<bound method BuildVerb.main of <colcon_core.verb.build.BuildVerb object at 0x7b2482afd0c0>>)
[0.497s] Level 1:colcon.colcon_core.package_discovery:discover_packages(colcon_meta) check parameters
[0.497s] Level 1:colcon.colcon_core.package_discovery:discover_packages(recursive) check parameters
[0.497s] Level 1:colcon.colcon_core.package_discovery:discover_packages(ignore) check parameters
[0.498s] Level 1:colcon.colcon_core.package_discovery:discover_packages(path) check parameters
[0.498s] Level 1:colcon.colcon_core.package_discovery:discover_packages(colcon_meta) discover
[0.498s] Level 1:colcon.colcon_core.package_discovery:discover_packages(recursive) discover
[0.498s] INFO:colcon.colcon_core.package_discovery:Crawling recursively for packages in '/home/livia/rl_6dof_ws'
[0.498s] Level 1:colcon.colcon_core.package_identification:_identify(.) by extensions ['ignore', 'ignore_ament_install']
[0.498s] Level 1:colcon.colcon_core.package_identification:_identify(.) by extension 'ignore'
[0.498s] Level 1:colcon.colcon_core.package_identification:_identify(.) by extension 'ignore_ament_install'
[0.498s] Level 1:colcon.colcon_core.package_identification:_identify(.) by extensions ['colcon_pkg']
[0.498s] Level 1:colcon.colcon_core.package_identification:_identify(.) by extension 'colcon_pkg'
[0.498s] Level 1:colcon.colcon_core.package_identification:_identify(.) by extensions ['colcon_meta']
[0.498s] Level 1:colcon.colcon_core.package_identification:_identify(.) by extension 'colcon_meta'
[0.498s] Level 1:colcon.colcon_core.package_identification:_identify(.) by extensions ['ros']
[0.498s] Level 1:colcon.colcon_core.package_identification:_identify(.) by extension 'ros'
[0.522s] Level 1:colcon.colcon_core.package_identification:_identify(.) by extensions ['cmake', 'python']
[0.522s] Level 1:colcon.colcon_core.package_identification:_identify(.) by extension 'cmake'
[0.522s] Level 1:colcon.colcon_core.package_identification:_identify(.) by extension 'python'
[0.522s] Level 1:colcon.colcon_core.package_identification:_identify(.) by extensions ['python_setup_py']
[0.522s] Level 1:colcon.colcon_core.package_identification:_identify(.) by extension 'python_setup_py'
[0.522s] Level 1:colcon.colcon_core.package_identification:_identify(build) by extensions ['ignore', 'ignore_ament_install']
[0.522s] Level 1:colcon.colcon_core.package_identification:_identify(build) by extension 'ignore'
[0.522s] Level 1:colcon.colcon_core.package_identification:_identify(build) ignored
[0.523s] Level 1:colcon.colcon_core.package_identification:_identify(install) by extensions ['ignore', 'ignore_ament_install']
[0.523s] Level 1:colcon.colcon_core.package_identification:_identify(install) by extension 'ignore'
[0.523s] Level 1:colcon.colcon_core.package_identification:_identify(install) ignored
[0.523s] Level 1:colcon.colcon_core.package_identification:_identify(log) by extensions ['ignore', 'ignore_ament_install']
[0.523s] Level 1:colcon.colcon_core.package_identification:_identify(log) by extension 'ignore'
[0.523s] Level 1:colcon.colcon_core.package_identification:_identify(log) ignored
[0.524s] Level 1:colcon.colcon_core.package_identification:_identify(src) by extensions ['ignore', 'ignore_ament_install']
[0.524s] Level 1:colcon.colcon_core.package_identification:_identify(src) by extension 'ignore'
[0.524s] Level 1:colcon.colcon_core.package_identification:_identify(src) by extension 'ignore_ament_install'
[0.524s] Level 1:colcon.colcon_core.package_identification:_identify(src) by extensions ['colcon_pkg']
[0.524s] Level 1:colcon.colcon_core.package_identification:_identify(src) by extension 'colcon_pkg'
[0.524s] Level 1:colcon.colcon_core.package_identification:_identify(src) by extensions ['colcon_meta']
[0.524s] Level 1:colcon.colcon_core.package_identification:_identify(src) by extension 'colcon_meta'
[0.524s] Level 1:colcon.colcon_core.package_identification:_identify(src) by extensions ['ros']
[0.524s] Level 1:colcon.colcon_core.package_identification:_identify(src) by extension 'ros'
[0.525s] Level 1:colcon.colcon_core.package_identification:_identify(src) by extensions ['cmake', 'python']
[0.525s] Level 1:colcon.colcon_core.package_identification:_identify(src) by extension 'cmake'
[0.525s] Level 1:colcon.colcon_core.package_identification:_identify(src) by extension 'python'
[0.525s] Level 1:colcon.colcon_core.package_identification:_identify(src) by extensions ['python_setup_py']
[0.525s] Level 1:colcon.colcon_core.package_identification:_identify(src) by extension 'python_setup_py'
[0.525s] Level 1:colcon.colcon_core.package_identification:_identify(src/sixdof_arm_bringup) by extensions ['ignore', 'ignore_ament_install']
[0.525s] Level 1:colcon.colcon_core.package_identification:_identify(src/sixdof_arm_bringup) by extension 'ignore'
[0.525s] Level 1:colcon.colcon_core.package_identification:_identify(src/sixdof_arm_bringup) by extension 'ignore_ament_install'
[0.526s] Level 1:colcon.colcon_core.package_identification:_identify(src/sixdof_arm_bringup) by extensions ['colcon_pkg']
[0.526s] Level 1:colcon.colcon_core.package_identification:_identify(src/sixdof_arm_bringup) by extension 'colcon_pkg'
[0.526s] Level 1:colcon.colcon_core.package_identification:_identify(src/sixdof_arm_bringup) by extensions ['colcon_meta']
[0.526s] Level 1:colcon.colcon_core.package_identification:_identify(src/sixdof_arm_bringup) by extension 'colcon_meta'
[0.526s] Level 1:colcon.colcon_core.package_identification:_identify(src/sixdof_arm_bringup) by extensions ['ros']
[0.526s] Level 1:colcon.colcon_core.package_identification:_identify(src/sixdof_arm_bringup) by extension 'ros'
[0.530s] DEBUG:colcon.colcon_core.package_identification:Package 'src/sixdof_arm_bringup' with type 'ros.ament_cmake' and name 'sixdof_arm_bringup'
[0.531s] Level 1:colcon.colcon_core.package_identification:_identify(src/sixdof_arm_description) by extensions ['ignore', 'ignore_ament_install']
[0.531s] Level 1:colcon.colcon_core.package_identification:_identify(src/sixdof_arm_description) by extension 'ignore'
[0.531s] Level 1:colcon.colcon_core.package_identification:_identify(src/sixdof_arm_description) by extension 'ignore_ament_install'
[0.531s] Level 1:colcon.colcon_core.package_identification:_identify(src/sixdof_arm_description) by extensions ['colcon_pkg']
[0.531s] Level 1:colcon.colcon_core.package_identification:_identify(src/sixdof_arm_description) by extension 'colcon_pkg'
[0.531s] Level 1:colcon.colcon_core.package_identification:_identify(src/sixdof_arm_description) by extensions ['colcon_meta']
[0.531s] Level 1:colcon.colcon_core.package_identification:_identify(src/sixdof_arm_description) by extension 'colcon_meta'
[0.531s] Level 1:colcon.colcon_core.package_identification:_identify(src/sixdof_arm_description) by extensions ['ros']
[0.531s] Level 1:colcon.colcon_core.package_identification:_identify(src/sixdof_arm_description) by extension 'ros'
[0.533s] DEBUG:colcon.colcon_core.package_identification:Package 'src/sixdof_arm_description' with type 'ros.ament_cmake' and name 'sixdof_arm_description'
[0.534s] Level 1:colcon.colcon_core.package_identification:_identify(src/sixdof_arm_interfaces) by extensions ['ignore', 'ignore_ament_install']
[0.535s] Level 1:colcon.colcon_core.package_identification:_identify(src/sixdof_arm_interfaces) by extension 'ignore'
[0.535s] Level 1:colcon.colcon_core.package_identification:_identify(src/sixdof_arm_interfaces) by extension 'ignore_ament_install'
[0.535s] Level 1:colcon.colcon_core.package_identification:_identify(src/sixdof_arm_interfaces) by extensions ['colcon_pkg']
[0.535s] Level 1:colcon.colcon_core.package_identification:_identify(src/sixdof_arm_interfaces) by extension 'colcon_pkg'
[0.535s] Level 1:colcon.colcon_core.package_identification:_identify(src/sixdof_arm_interfaces) by extensions ['colcon_meta']
[0.535s] Level 1:colcon.colcon_core.package_identification:_identify(src/sixdof_arm_interfaces) by extension 'colcon_meta'
[0.535s] Level 1:colcon.colcon_core.package_identification:_identify(src/sixdof_arm_interfaces) by extensions ['ros']
[0.535s] Level 1:colcon.colcon_core.package_identification:_identify(src/sixdof_arm_interfaces) by extension 'ros'
[0.536s] DEBUG:colcon.colcon_core.package_identification:Package 'src/sixdof_arm_interfaces' with type 'ros.ament_cmake' and name 'sixdof_arm_interfaces'
[0.538s] Level 1:colcon.colcon_core.package_identification:_identify(src/sixdof_arm_rl) by extensions ['ignore', 'ignore_ament_install']
[0.538s] Level 1:colcon.colcon_core.package_identification:_identify(src/sixdof_arm_rl) by extension 'ignore'
[0.538s] Level 1:colcon.colcon_core.package_identification:_identify(src/sixdof_arm_rl) by extension 'ignore_ament_install'
[0.539s] Level 1:colcon.colcon_core.package_identification:_identify(src/sixdof_arm_rl) by extensions ['colcon_pkg']
[0.539s] Level 1:colcon.colcon_core.package_identification:_identify(src/sixdof_arm_rl) by extension 'colcon_pkg'
[0.539s] Level 1:colcon.colcon_core.package_identification:_identify(src/sixdof_arm_rl) by extensions ['colcon_meta']
[0.539s] Level 1:colcon.colcon_core.package_identification:_identify(src/sixdof_arm_rl) by extension 'colcon_meta'
[0.539s] Level 1:colcon.colcon_core.package_identification:_identify(src/sixdof_arm_rl) by extensions ['ros']
[0.539s] Level 1:colcon.colcon_core.package_identification:_identify(src/sixdof_arm_rl) by extension 'ros'
[0.541s] DEBUG:colcon.colcon_core.package_identification:Package 'src/sixdof_arm_rl' with type 'ros.ament_python' and name 'sixdof_arm_rl'
[0.541s] Level 1:colcon.colcon_core.package_discovery:discover_packages(recursive) using defaults
[0.541s] Level 1:colcon.colcon_core.package_discovery:discover_packages(ignore) discover
[0.541s] Level 1:colcon.colcon_core.package_discovery:discover_packages(ignore) using defaults
[0.541s] Level 1:colcon.colcon_core.package_discovery:discover_packages(path) discover
[0.541s] Level 1:colcon.colcon_core.package_discovery:discover_packages(path) using defaults
[0.600s] Level 1:colcon.colcon_core.package_discovery:discover_packages(prefix_path) check parameters
[0.600s] Level 1:colcon.colcon_core.package_discovery:discover_packages(prefix_path) discover
[0.605s] DEBUG:colcon.colcon_installed_package_information.package_discovery:Found 1 installed packages in /home/livia/Documents/git/Catch-Them-All-Turtlesim-Project/Catch_Them_All_Turtlesim_Project_WS/install
[0.606s] DEBUG:colcon.colcon_installed_package_information.package_discovery:Found 6 installed packages in /home/livia/ros2_ws/install
[0.607s] DEBUG:colcon.colcon_installed_package_information.package_discovery:Found 4 installed packages in /home/livia/rl_6dof_ws/install
[0.609s] DEBUG:colcon.colcon_installed_package_information.package_discovery:Found 338 installed packages in /opt/ros/humble
[0.612s] Level 1:colcon.colcon_core.package_discovery:discover_packages(prefix_path) using defaults
[0.706s] Level 5:colcon.colcon_core.verb:set package 'sixdof_arm_description' build argument 'cmake_args' from command line to 'None'
[0.706s] Level 5:colcon.colcon_core.verb:set package 'sixdof_arm_description' build argument 'cmake_target' from command line to 'None'
[0.706s] Level 5:colcon.colcon_core.verb:set package 'sixdof_arm_description' build argument 'cmake_target_skip_unavailable' from command line to 'False'
[0.706s] Level 5:colcon.colcon_core.verb:set package 'sixdof_arm_description' build argument 'cmake_clean_cache' from command line to 'False'
[0.706s] Level 5:colcon.colcon_core.verb:set package 'sixdof_arm_description' build argument 'cmake_clean_first' from command line to 'False'
[0.706s] Level 5:colcon.colcon_core.verb:set package 'sixdof_arm_description' build argument 'cmake_force_configure' from command line to 'False'
[0.706s] Level 5:colcon.colcon_core.verb:set package 'sixdof_arm_description' build argument 'ament_cmake_args' from command line to 'None'
[0.707s] Level 5:colcon.colcon_core.verb:set package 'sixdof_arm_description' build argument 'catkin_cmake_args' from command line to 'None'
[0.707s] Level 5:colcon.colcon_core.verb:set package 'sixdof_arm_description' build argument 'catkin_skip_building_tests' from command line to 'False'
[0.707s] DEBUG:colcon.colcon_core.verb:Building package 'sixdof_arm_description' with the following arguments: {'ament_cmake_args': None, 'build_base': '/home/livia/rl_6dof_ws/build/sixdof_arm_description', 'catkin_cmake_args': None, 'catkin_skip_building_tests': False, 'cmake_args': None, 'cmake_clean_cache': False, 'cmake_clean_first': False, 'cmake_force_configure': False, 'cmake_target': None, 'cmake_target_skip_unavailable': False, 'install_base': '/home/livia/rl_6dof_ws/install/sixdof_arm_description', 'merge_install': False, 'path': '/home/livia/rl_6dof_ws/src/sixdof_arm_description', 'symlink_install': True, 'test_result_base': None}
[0.707s] Level 5:colcon.colcon_core.verb:set package 'sixdof_arm_interfaces' build argument 'cmake_args' from command line to 'None'
[0.707s] Level 5:colcon.colcon_core.verb:set package 'sixdof_arm_interfaces' build argument 'cmake_target' from command line to 'None'
[0.707s] Level 5:colcon.colcon_core.verb:set package 'sixdof_arm_interfaces' build argument 'cmake_target_skip_unavailable' from command line to 'False'
[0.707s] Level 5:colcon.colcon_core.verb:set package 'sixdof_arm_interfaces' build argument 'cmake_clean_cache' from command line to 'False'
[0.707s] Level 5:colcon.colcon_core.verb:set package 'sixdof_arm_interfaces' build argument 'cmake_clean_first' from command line to 'False'
[0.707s] Level 5:colcon.colcon_core.verb:set package 'sixdof_arm_interfaces' build argument 'cmake_force_configure' from command line to 'False'
[0.707s] Level 5:colcon.colcon_core.verb:set package 'sixdof_arm_interfaces' build argument 'ament_cmake_args' from command line to 'None'
[0.708s] Level 5:colcon.colcon_core.verb:set package 'sixdof_arm_interfaces' build argument 'catkin_cmake_args' from command line to 'None'
[0.708s] Level 5:colcon.colcon_core.verb:set package 'sixdof_arm_interfaces' build argument 'catkin_skip_building_tests' from command line to 'False'
[0.708s] DEBUG:colcon.colcon_core.verb:Building package 'sixdof_arm_interfaces' with the following arguments: {'ament_cmake_args': None, 'build_base': '/home/livia/rl_6dof_ws/build/sixdof_arm_interfaces', 'catkin_cmake_args': None, 'catkin_skip_building_tests': False, 'cmake_args': None, 'cmake_clean_cache': False, 'cmake_clean_first': False, 'cmake_force_configure': False, 'cmake_target': None, 'cmake_target_skip_unavailable': False, 'install_base': '/home/livia/rl_6dof_ws/install/sixdof_arm_interfaces', 'merge_install': False, 'path': '/home/livia/rl_6dof_ws/src/sixdof_arm_interfaces', 'symlink_install': True, 'test_result_base': None}
[0.708s] Level 5:colcon.colcon_core.verb:set package 'sixdof_arm_rl' build argument 'cmake_args' from command line to 'None'
[0.708s] Level 5:colcon.colcon_core.verb:set package 'sixdof_arm_rl' build argument 'cmake_target' from command line to 'None'
[0.708s] Level 5:colcon.colcon_core.verb:set package 'sixdof_arm_rl' build argument 'cmake_target_skip_unavailable' from command line to 'False'
[0.708s] Level 5:colcon.colcon_core.verb:set package 'sixdof_arm_rl' build argument 'cmake_clean_cache' from command line to 'False'
[0.708s] Level 5:colcon.colcon_core.verb:set package 'sixdof_arm_rl' build argument 'cmake_clean_first' from command line to 'False'
[0.708s] Level 5:colcon.colcon_core.verb:set package 'sixdof_arm_rl' build argument 'cmake_force_configure' from command line to 'False'
[0.708s] Level 5:colcon.colcon_core.verb:set package 'sixdof_arm_rl' build argument 'ament_cmake_args' from command line to 'None'
[0.709s] Level 5:colcon.colcon_core.verb:set package 'sixdof_arm_rl' build argument 'catkin_cmake_args' from command line to 'None'
[0.709s] Level 5:colcon.colcon_core.verb:set package 'sixdof_arm_rl' build argument 'catkin_skip_building_tests' from command line to 'False'
[0.709s] DEBUG:colcon.colcon_core.verb:Building package 'sixdof_arm_rl' with the following arguments: {'ament_cmake_args': None, 'build_base': '/home/livia/rl_6dof_ws/build/sixdof_arm_rl', 'catkin_cmake_args': None, 'catkin_skip_building_tests': False, 'cmake_args': None, 'cmake_clean_cache': False, 'cmake_clean_first': False, 'cmake_force_configure': False, 'cmake_target': None, 'cmake_target_skip_unavailable': False, 'install_base': '/home/livia/rl_6dof_ws/install/sixdof_arm_rl', 'merge_install': False, 'path': '/home/livia/rl_6dof_ws/src/sixdof_arm_rl', 'symlink_install': True, 'test_result_base': None}
[0.709s] Level 5:colcon.colcon_core.verb:set package 'sixdof_arm_bringup' build argument 'cmake_args' from command line to 'None'
[0.709s] Level 5:colcon.colcon_core.verb:set package 'sixdof_arm_bringup' build argument 'cmake_target' from command line to 'None'
[0.709s] Level 5:colcon.colcon_core.verb:set package 'sixdof_arm_bringup' build argument 'cmake_target_skip_unavailable' from command line to 'False'
[0.709s] Level 5:colcon.colcon_core.verb:set package 'sixdof_arm_bringup' build argument 'cmake_clean_cache' from command line to 'False'
[0.709s] Level 5:colcon.colcon_core.verb:set package 'sixdof_arm_bringup' build argument 'cmake_clean_first' from command line to 'False'
[0.709s] Level 5:colcon.colcon_core.verb:set package 'sixdof_arm_bringup' build argument 'cmake_force_configure' from command line to 'False'
[0.710s] Level 5:colcon.colcon_core.verb:set package 'sixdof_arm_bringup' build argument 'ament_cmake_args' from command line to 'None'
[0.710s] Level 5:colcon.colcon_core.verb:set package 'sixdof_arm_bringup' build argument 'catkin_cmake_args' from command line to 'None'
[0.710s] Level 5:colcon.colcon_core.verb:set package 'sixdof_arm_bringup' build argument 'catkin_skip_building_tests' from command line to 'False'
[0.710s] DEBUG:colcon.colcon_core.verb:Building package 'sixdof_arm_bringup' with the following arguments: {'ament_cmake_args': None, 'build_base': '/home/livia/rl_6dof_ws/build/sixdof_arm_bringup', 'catkin_cmake_args': None, 'catkin_skip_building_tests': False, 'cmake_args': None, 'cmake_clean_cache': False, 'cmake_clean_first': False, 'cmake_force_configure': False, 'cmake_target': None, 'cmake_target_skip_unavailable': False, 'install_base': '/home/livia/rl_6dof_ws/install/sixdof_arm_bringup', 'merge_install': False, 'path': '/home/livia/rl_6dof_ws/src/sixdof_arm_bringup', 'symlink_install': True, 'test_result_base': None}
[0.710s] INFO:colcon.colcon_core.executor:Executing jobs using 'parallel' executor
[0.711s] DEBUG:colcon.colcon_parallel_executor.executor.parallel:run_until_complete
[0.711s] INFO:colcon.colcon_ros.task.ament_cmake.build:Building ROS package in '/home/livia/rl_6dof_ws/src/sixdof_arm_interfaces' with build type 'ament_cmake'
[0.712s] INFO:colcon.colcon_cmake.task.cmake.build:Building CMake package in '/home/livia/rl_6dof_ws/src/sixdof_arm_interfaces'
[0.719s] INFO:colcon.colcon_core.plugin_system:Skipping extension 'colcon_core.shell.bat': Not used on non-Windows systems
[0.719s] INFO:colcon.colcon_core.shell:Skip shell extension 'powershell' for command environment: Not usable outside of PowerShell
[0.719s] DEBUG:colcon.colcon_core.shell:Skip shell extension 'dsv' for command environment
[0.726s] INFO:colcon.colcon_ros.task.ament_cmake.build:Building ROS package in '/home/livia/rl_6dof_ws/src/sixdof_arm_description' with build type 'ament_cmake'
[0.727s] INFO:colcon.colcon_cmake.task.cmake.build:Building CMake package in '/home/livia/rl_6dof_ws/src/sixdof_arm_description'
[0.727s] INFO:colcon.colcon_core.shell:Skip shell extension 'powershell' for command environment: Not usable outside of PowerShell
[0.727s] DEBUG:colcon.colcon_core.shell:Skip shell extension 'dsv' for command environment
[0.740s] DEBUG:colcon.colcon_core.event_handler.log_command:Invoking command in '/home/livia/rl_6dof_ws/build/sixdof_arm_interfaces': CMAKE_PREFIX_PATH=${CMAKE_PREFIX_PATH}:/home/livia/ros2_ws/install/my_py_pkg:/home/livia/ros2_ws/install/actions_py:/home/livia/Documents/git/Catch-Them-All-Turtlesim-Project/Catch_Them_All_Turtlesim_Project_WS/install/turtlesim_catch_them_all:/home/livia/rl_6dof_ws/install/sixdof_arm_rl:/opt/ros/humble CONDA_PROMPT_MODIFIER=(base) /usr/bin/cmake --build /home/livia/rl_6dof_ws/build/sixdof_arm_interfaces -- -j4 -l4
[0.751s] DEBUG:colcon.colcon_core.event_handler.log_command:Invoking command in '/home/livia/rl_6dof_ws/build/sixdof_arm_description': CMAKE_PREFIX_PATH=${CMAKE_PREFIX_PATH}:/home/livia/ros2_ws/install/my_py_pkg:/home/livia/ros2_ws/install/actions_py:/home/livia/Documents/git/Catch-Them-All-Turtlesim-Project/Catch_Them_All_Turtlesim_Project_WS/install/turtlesim_catch_them_all:/home/livia/rl_6dof_ws/install/sixdof_arm_rl:/opt/ros/humble CONDA_PROMPT_MODIFIER=(base) /usr/bin/cmake --build /home/livia/rl_6dof_ws/build/sixdof_arm_description -- -j4 -l4
[0.866s] DEBUG:colcon.colcon_core.event_handler.log_command:Invoked command in '/home/livia/rl_6dof_ws/build/sixdof_arm_description' returned '0': CMAKE_PREFIX_PATH=${CMAKE_PREFIX_PATH}:/home/livia/ros2_ws/install/my_py_pkg:/home/livia/ros2_ws/install/actions_py:/home/livia/Documents/git/Catch-Them-All-Turtlesim-Project/Catch_Them_All_Turtlesim_Project_WS/install/turtlesim_catch_them_all:/home/livia/rl_6dof_ws/install/sixdof_arm_rl:/opt/ros/humble CONDA_PROMPT_MODIFIER=(base) /usr/bin/cmake --build /home/livia/rl_6dof_ws/build/sixdof_arm_description -- -j4 -l4
[0.902s] DEBUG:colcon.colcon_core.event_handler.log_command:Invoking command in '/home/livia/rl_6dof_ws/build/sixdof_arm_description': CMAKE_PREFIX_PATH=${CMAKE_PREFIX_PATH}:/home/livia/ros2_ws/install/my_py_pkg:/home/livia/ros2_ws/install/actions_py:/home/livia/Documents/git/Catch-Them-All-Turtlesim-Project/Catch_Them_All_Turtlesim_Project_WS/install/turtlesim_catch_them_all:/home/livia/rl_6dof_ws/install/sixdof_arm_rl:/opt/ros/humble CONDA_PROMPT_MODIFIER=(base) /usr/bin/cmake --install /home/livia/rl_6dof_ws/build/sixdof_arm_description
[1.003s] Level 1:colcon.colcon_core.environment:create_environment_scripts_only(sixdof_arm_description)
[1.006s] DEBUG:colcon.colcon_core.event_handler.log_command:Invoked command in '/home/livia/rl_6dof_ws/build/sixdof_arm_description' returned '0': CMAKE_PREFIX_PATH=${CMAKE_PREFIX_PATH}:/home/livia/ros2_ws/install/my_py_pkg:/home/livia/ros2_ws/install/actions_py:/home/livia/Documents/git/Catch-Them-All-Turtlesim-Project/Catch_Them_All_Turtlesim_Project_WS/install/turtlesim_catch_them_all:/home/livia/rl_6dof_ws/install/sixdof_arm_rl:/opt/ros/humble CONDA_PROMPT_MODIFIER=(base) /usr/bin/cmake --install /home/livia/rl_6dof_ws/build/sixdof_arm_description
[1.020s] Level 1:colcon.colcon_core.environment:checking '/home/livia/rl_6dof_ws/install/sixdof_arm_description' for CMake module files
[1.021s] Level 1:colcon.colcon_core.environment:checking '/home/livia/rl_6dof_ws/install/sixdof_arm_description' for CMake config files
[1.022s] Level 1:colcon.colcon_core.shell:create_environment_hook('sixdof_arm_description', 'cmake_prefix_path')
[1.022s] INFO:colcon.colcon_core.shell:Creating environment hook '/home/livia/rl_6dof_ws/install/sixdof_arm_description/share/sixdof_arm_description/hook/cmake_prefix_path.ps1'
[1.027s] INFO:colcon.colcon_core.shell:Creating environment descriptor '/home/livia/rl_6dof_ws/install/sixdof_arm_description/share/sixdof_arm_description/hook/cmake_prefix_path.dsv'
[1.029s] INFO:colcon.colcon_core.shell:Creating environment hook '/home/livia/rl_6dof_ws/install/sixdof_arm_description/share/sixdof_arm_description/hook/cmake_prefix_path.sh'
[1.034s] Level 1:colcon.colcon_core.environment:checking '/home/livia/rl_6dof_ws/install/sixdof_arm_description/bin'
[1.034s] Level 1:colcon.colcon_core.environment:checking '/home/livia/rl_6dof_ws/install/sixdof_arm_description/lib/pkgconfig/sixdof_arm_description.pc'
[1.036s] Level 1:colcon.colcon_core.environment:checking '/home/livia/rl_6dof_ws/install/sixdof_arm_description/lib/python3.10/site-packages'
[1.036s] Level 1:colcon.colcon_core.environment:checking '/home/livia/rl_6dof_ws/install/sixdof_arm_description/bin'
[1.037s] INFO:colcon.colcon_core.shell:Creating package script '/home/livia/rl_6dof_ws/install/sixdof_arm_description/share/sixdof_arm_description/package.ps1'
[1.043s] INFO:colcon.colcon_core.shell:Creating package descriptor '/home/livia/rl_6dof_ws/install/sixdof_arm_description/share/sixdof_arm_description/package.dsv'
[1.045s] INFO:colcon.colcon_core.shell:Creating package script '/home/livia/rl_6dof_ws/install/sixdof_arm_description/share/sixdof_arm_description/package.sh'
[1.048s] INFO:colcon.colcon_core.shell:Creating package script '/home/livia/rl_6dof_ws/install/sixdof_arm_description/share/sixdof_arm_description/package.bash'
[1.052s] INFO:colcon.colcon_core.shell:Creating package script '/home/livia/rl_6dof_ws/install/sixdof_arm_description/share/sixdof_arm_description/package.zsh'
[1.056s] Level 1:colcon.colcon_core.environment:create_file_with_runtime_dependencies(/home/livia/rl_6dof_ws/install/sixdof_arm_description/share/colcon-core/packages/sixdof_arm_description)
[1.060s] Level 1:colcon.colcon_core.environment:create_environment_scripts_only(sixdof_arm_description)
[1.060s] Level 1:colcon.colcon_core.environment:checking '/home/livia/rl_6dof_ws/install/sixdof_arm_description' for CMake module files
[1.061s] Level 1:colcon.colcon_core.environment:checking '/home/livia/rl_6dof_ws/install/sixdof_arm_description' for CMake config files
[1.062s] Level 1:colcon.colcon_core.shell:create_environment_hook('sixdof_arm_description', 'cmake_prefix_path')
[1.062s] INFO:colcon.colcon_core.shell:Creating environment hook '/home/livia/rl_6dof_ws/install/sixdof_arm_description/share/sixdof_arm_description/hook/cmake_prefix_path.ps1'
[1.064s] INFO:colcon.colcon_core.shell:Creating environment descriptor '/home/livia/rl_6dof_ws/install/sixdof_arm_description/share/sixdof_arm_description/hook/cmake_prefix_path.dsv'
[1.065s] INFO:colcon.colcon_core.shell:Creating environment hook '/home/livia/rl_6dof_ws/install/sixdof_arm_description/share/sixdof_arm_description/hook/cmake_prefix_path.sh'
[1.067s] Level 1:colcon.colcon_core.environment:checking '/home/livia/rl_6dof_ws/install/sixdof_arm_description/bin'
[1.067s] Level 1:colcon.colcon_core.environment:checking '/home/livia/rl_6dof_ws/install/sixdof_arm_description/lib/pkgconfig/sixdof_arm_description.pc'
[1.071s] Level 1:colcon.colcon_core.environment:checking '/home/livia/rl_6dof_ws/install/sixdof_arm_description/lib/python3.10/site-packages'
[1.072s] Level 1:colcon.colcon_core.environment:checking '/home/livia/rl_6dof_ws/install/sixdof_arm_description/bin'
[1.072s] INFO:colcon.colcon_core.shell:Creating package script '/home/livia/rl_6dof_ws/install/sixdof_arm_description/share/sixdof_arm_description/package.ps1'
[1.074s] INFO:colcon.colcon_core.shell:Creating package descriptor '/home/livia/rl_6dof_ws/install/sixdof_arm_description/share/sixdof_arm_description/package.dsv'
[1.075s] INFO:colcon.colcon_core.shell:Creating package script '/home/livia/rl_6dof_ws/install/sixdof_arm_description/share/sixdof_arm_description/package.sh'
[1.075s] INFO:colcon.colcon_core.shell:Creating package script '/home/livia/rl_6dof_ws/install/sixdof_arm_description/share/sixdof_arm_description/package.bash'
[1.076s] INFO:colcon.colcon_core.shell:Creating package script '/home/livia/rl_6dof_ws/install/sixdof_arm_description/share/sixdof_arm_description/package.zsh'
[1.079s] Level 1:colcon.colcon_core.environment:create_file_with_runtime_dependencies(/home/livia/rl_6dof_ws/install/sixdof_arm_description/share/colcon-core/packages/sixdof_arm_description)
[2.034s] DEBUG:colcon.colcon_core.event_handler.log_command:Invoked command in '/home/livia/rl_6dof_ws/build/sixdof_arm_interfaces' returned '0': CMAKE_PREFIX_PATH=${CMAKE_PREFIX_PATH}:/home/livia/ros2_ws/install/my_py_pkg:/home/livia/ros2_ws/install/actions_py:/home/livia/Documents/git/Catch-Them-All-Turtlesim-Project/Catch_Them_All_Turtlesim_Project_WS/install/turtlesim_catch_them_all:/home/livia/rl_6dof_ws/install/sixdof_arm_rl:/opt/ros/humble CONDA_PROMPT_MODIFIER=(base) /usr/bin/cmake --build /home/livia/rl_6dof_ws/build/sixdof_arm_interfaces -- -j4 -l4
[2.037s] DEBUG:colcon.colcon_core.event_handler.log_command:Invoking command in '/home/livia/rl_6dof_ws/build/sixdof_arm_interfaces': CMAKE_PREFIX_PATH=${CMAKE_PREFIX_PATH}:/home/livia/ros2_ws/install/my_py_pkg:/home/livia/ros2_ws/install/actions_py:/home/livia/Documents/git/Catch-Them-All-Turtlesim-Project/Catch_Them_All_Turtlesim_Project_WS/install/turtlesim_catch_them_all:/home/livia/rl_6dof_ws/install/sixdof_arm_rl:/opt/ros/humble CONDA_PROMPT_MODIFIER=(base) /usr/bin/cmake --install /home/livia/rl_6dof_ws/build/sixdof_arm_interfaces
[2.323s] Level 1:colcon.colcon_core.environment:create_environment_scripts_only(sixdof_arm_interfaces)
[2.323s] Level 1:colcon.colcon_core.environment:checking '/home/livia/rl_6dof_ws/install/sixdof_arm_interfaces' for CMake module files
[2.324s] DEBUG:colcon.colcon_core.event_handler.log_command:Invoked command in '/home/livia/rl_6dof_ws/build/sixdof_arm_interfaces' returned '0': CMAKE_PREFIX_PATH=${CMAKE_PREFIX_PATH}:/home/livia/ros2_ws/install/my_py_pkg:/home/livia/ros2_ws/install/actions_py:/home/livia/Documents/git/Catch-Them-All-Turtlesim-Project/Catch_Them_All_Turtlesim_Project_WS/install/turtlesim_catch_them_all:/home/livia/rl_6dof_ws/install/sixdof_arm_rl:/opt/ros/humble CONDA_PROMPT_MODIFIER=(base) /usr/bin/cmake --install /home/livia/rl_6dof_ws/build/sixdof_arm_interfaces
[2.325s] Level 1:colcon.colcon_core.environment:checking '/home/livia/rl_6dof_ws/install/sixdof_arm_interfaces' for CMake config files
[2.325s] Level 1:colcon.colcon_core.shell:create_environment_hook('sixdof_arm_interfaces', 'cmake_prefix_path')
[2.326s] INFO:colcon.colcon_core.shell:Creating environment hook '/home/livia/rl_6dof_ws/install/sixdof_arm_interfaces/share/sixdof_arm_interfaces/hook/cmake_prefix_path.ps1'
[2.326s] INFO:colcon.colcon_core.shell:Creating environment descriptor '/home/livia/rl_6dof_ws/install/sixdof_arm_interfaces/share/sixdof_arm_interfaces/hook/cmake_prefix_path.dsv'
[2.327s] INFO:colcon.colcon_core.shell:Creating environment hook '/home/livia/rl_6dof_ws/install/sixdof_arm_interfaces/share/sixdof_arm_interfaces/hook/cmake_prefix_path.sh'
[2.328s] Level 1:colcon.colcon_core.environment:checking '/home/livia/rl_6dof_ws/install/sixdof_arm_interfaces/lib'
[2.328s] Level 1:colcon.colcon_core.shell:create_environment_hook('sixdof_arm_interfaces', 'ld_library_path_lib')
[2.328s] INFO:colcon.colcon_core.shell:Creating environment hook '/home/livia/rl_6dof_ws/install/sixdof_arm_interfaces/share/sixdof_arm_interfaces/hook/ld_library_path_lib.ps1'
[2.329s] INFO:colcon.colcon_core.shell:Creating environment descriptor '/home/livia/rl_6dof_ws/install/sixdof_arm_interfaces/share/sixdof_arm_interfaces/hook/ld_library_path_lib.dsv'
[2.329s] INFO:colcon.colcon_core.shell:Creating environment hook '/home/livia/rl_6dof_ws/install/sixdof_arm_interfaces/share/sixdof_arm_interfaces/hook/ld_library_path_lib.sh'
[2.330s] Level 1:colcon.colcon_core.environment:checking '/home/livia/rl_6dof_ws/install/sixdof_arm_interfaces/bin'
[2.330s] Level 1:colcon.colcon_core.environment:checking '/home/livia/rl_6dof_ws/install/sixdof_arm_interfaces/lib/pkgconfig/sixdof_arm_interfaces.pc'
[2.330s] Level 1:colcon.colcon_core.environment:checking '/home/livia/rl_6dof_ws/install/sixdof_arm_interfaces/lib/python3.10/site-packages'
[2.331s] Level 1:colcon.colcon_core.environment:checking '/home/livia/rl_6dof_ws/install/sixdof_arm_interfaces/bin'
[2.331s] INFO:colcon.colcon_core.shell:Creating package script '/home/livia/rl_6dof_ws/install/sixdof_arm_interfaces/share/sixdof_arm_interfaces/package.ps1'
[2.332s] INFO:colcon.colcon_core.shell:Creating package descriptor '/home/livia/rl_6dof_ws/install/sixdof_arm_interfaces/share/sixdof_arm_interfaces/package.dsv'
[2.333s] INFO:colcon.colcon_core.shell:Creating package script '/home/livia/rl_6dof_ws/install/sixdof_arm_interfaces/share/sixdof_arm_interfaces/package.sh'
[2.333s] INFO:colcon.colcon_core.shell:Creating package script '/home/livia/rl_6dof_ws/install/sixdof_arm_interfaces/share/sixdof_arm_interfaces/package.bash'
[2.334s] INFO:colcon.colcon_core.shell:Creating package script '/home/livia/rl_6dof_ws/install/sixdof_arm_interfaces/share/sixdof_arm_interfaces/package.zsh'
[2.334s] Level 1:colcon.colcon_core.environment:create_file_with_runtime_dependencies(/home/livia/rl_6dof_ws/install/sixdof_arm_interfaces/share/colcon-core/packages/sixdof_arm_interfaces)
[2.335s] Level 1:colcon.colcon_core.environment:create_environment_scripts_only(sixdof_arm_interfaces)
[2.335s] Level 1:colcon.colcon_core.environment:checking '/home/livia/rl_6dof_ws/install/sixdof_arm_interfaces' for CMake module files
[2.336s] Level 1:colcon.colcon_core.environment:checking '/home/livia/rl_6dof_ws/install/sixdof_arm_interfaces' for CMake config files
[2.336s] Level 1:colcon.colcon_core.shell:create_environment_hook('sixdof_arm_interfaces', 'cmake_prefix_path')
[2.337s] INFO:colcon.colcon_core.shell:Creating environment hook '/home/livia/rl_6dof_ws/install/sixdof_arm_interfaces/share/sixdof_arm_interfaces/hook/cmake_prefix_path.ps1'
[2.337s] INFO:colcon.colcon_core.shell:Creating environment descriptor '/home/livia/rl_6dof_ws/install/sixdof_arm_interfaces/share/sixdof_arm_interfaces/hook/cmake_prefix_path.dsv'
[2.338s] INFO:colcon.colcon_core.shell:Creating environment hook '/home/livia/rl_6dof_ws/install/sixdof_arm_interfaces/share/sixdof_arm_interfaces/hook/cmake_prefix_path.sh'
[2.338s] Level 1:colcon.colcon_core.environment:checking '/home/livia/rl_6dof_ws/install/sixdof_arm_interfaces/lib'
[2.338s] Level 1:colcon.colcon_core.shell:create_environment_hook('sixdof_arm_interfaces', 'ld_library_path_lib')
[2.339s] INFO:colcon.colcon_core.shell:Creating environment hook '/home/livia/rl_6dof_ws/install/sixdof_arm_interfaces/share/sixdof_arm_interfaces/hook/ld_library_path_lib.ps1'
[2.339s] INFO:colcon.colcon_core.shell:Creating environment descriptor '/home/livia/rl_6dof_ws/install/sixdof_arm_interfaces/share/sixdof_arm_interfaces/hook/ld_library_path_lib.dsv'
[2.339s] INFO:colcon.colcon_core.shell:Creating environment hook '/home/livia/rl_6dof_ws/install/sixdof_arm_interfaces/share/sixdof_arm_interfaces/hook/ld_library_path_lib.sh'
[2.340s] Level 1:colcon.colcon_core.environment:checking '/home/livia/rl_6dof_ws/install/sixdof_arm_interfaces/bin'
[2.340s] Level 1:colcon.colcon_core.environment:checking '/home/livia/rl_6dof_ws/install/sixdof_arm_interfaces/lib/pkgconfig/sixdof_arm_interfaces.pc'
[2.340s] Level 1:colcon.colcon_core.environment:checking '/home/livia/rl_6dof_ws/install/sixdof_arm_interfaces/lib/python3.10/site-packages'
[2.340s] Level 1:colcon.colcon_core.environment:checking '/home/livia/rl_6dof_ws/install/sixdof_arm_interfaces/bin'
[2.341s] INFO:colcon.colcon_core.shell:Creating package script '/home/livia/rl_6dof_ws/install/sixdof_arm_interfaces/share/sixdof_arm_interfaces/package.ps1'
[2.341s] INFO:colcon.colcon_core.shell:Creating package descriptor '/home/livia/rl_6dof_ws/install/sixdof_arm_interfaces/share/sixdof_arm_interfaces/package.dsv'
[2.342s] INFO:colcon.colcon_core.shell:Creating package script '/home/livia/rl_6dof_ws/install/sixdof_arm_interfaces/share/sixdof_arm_interfaces/package.sh'
[2.343s] INFO:colcon.colcon_core.shell:Creating package script '/home/livia/rl_6dof_ws/install/sixdof_arm_interfaces/share/sixdof_arm_interfaces/package.bash'
[2.343s] INFO:colcon.colcon_core.shell:Creating package script '/home/livia/rl_6dof_ws/install/sixdof_arm_interfaces/share/sixdof_arm_interfaces/package.zsh'
[2.344s] Level 1:colcon.colcon_core.environment:create_file_with_runtime_dependencies(/home/livia/rl_6dof_ws/install/sixdof_arm_interfaces/share/colcon-core/packages/sixdof_arm_interfaces)
[2.344s] INFO:colcon.colcon_ros.task.ament_python.build:Building ROS package in '/home/livia/rl_6dof_ws/src/sixdof_arm_rl' with build type 'ament_python'
[2.344s] Level 1:colcon.colcon_core.shell:create_environment_hook('sixdof_arm_rl', 'ament_prefix_path')
[2.345s] INFO:colcon.colcon_core.shell:Creating environment hook '/home/livia/rl_6dof_ws/install/sixdof_arm_rl/share/sixdof_arm_rl/hook/ament_prefix_path.ps1'
[2.346s] INFO:colcon.colcon_core.shell:Creating environment descriptor '/home/livia/rl_6dof_ws/install/sixdof_arm_rl/share/sixdof_arm_rl/hook/ament_prefix_path.dsv'
[2.347s] INFO:colcon.colcon_core.shell:Creating environment hook '/home/livia/rl_6dof_ws/install/sixdof_arm_rl/share/sixdof_arm_rl/hook/ament_prefix_path.sh'
[2.348s] INFO:colcon.colcon_core.shell:Skip shell extension 'powershell' for command environment: Not usable outside of PowerShell
[2.348s] DEBUG:colcon.colcon_core.shell:Skip shell extension 'dsv' for command environment
[2.770s] INFO:colcon.colcon_core.task.python.build:Building Python package in '/home/livia/rl_6dof_ws/src/sixdof_arm_rl'
[2.770s] INFO:colcon.colcon_core.shell:Skip shell extension 'powershell' for command environment: Not usable outside of PowerShell
[2.770s] DEBUG:colcon.colcon_core.shell:Skip shell extension 'dsv' for command environment
[3.284s] DEBUG:colcon.colcon_core.event_handler.log_command:Invoking command in '/home/livia/rl_6dof_ws/build/sixdof_arm_rl': CMAKE_PREFIX_PATH=/home/livia/rl_6dof_ws/install/sixdof_arm_interfaces:/home/livia/ros2_ws/install/my_robot_bringup:/home/livia/ros2_ws/install/my_robot_interfaces:/home/livia/ros2_ws/install/my_robot_description:/home/livia/ros2_ws/install/my_cpp_pkg:/home/livia/rl_6dof_ws/install/sixdof_arm_bringup:/home/livia/rl_6dof_ws/install/sixdof_arm_description CONDA_PROMPT_MODIFIER=(base) LD_LIBRARY_PATH=/home/livia/rl_6dof_ws/install/sixdof_arm_interfaces/lib:/home/livia/ros2_ws/install/my_robot_interfaces/lib:/usr/lib/x86_64-linux-gnu/gazebo-11/plugins:/opt/ros/humble/opt/rviz_ogre_vendor/lib:/opt/ros/humble/lib/x86_64-linux-gnu:/opt/ros/humble/lib:/usr/share/gazebo/../../lib/x86_64-linux-gnu/gazebo-11/plugins PYTHONPATH=/home/livia/rl_6dof_ws/build/sixdof_arm_rl/prefix_override:/usr/lib/python3/dist-packages/colcon_core/task/python/colcon_distutils_commands:/home/livia/rl_6dof_ws/install/sixdof_arm_rl/lib/python3.10/site-packages:${PYTHONPATH} /usr/bin/python3 -W ignore:setup.py install is deprecated -W ignore:easy_install command is deprecated setup.py develop --editable --build-directory /home/livia/rl_6dof_ws/build/sixdof_arm_rl/build --no-deps symlink_data
[3.981s] Level 1:colcon.colcon_core.shell:create_environment_hook('sixdof_arm_rl', 'pythonpath_develop')
[3.981s] INFO:colcon.colcon_core.shell:Creating environment hook '/home/livia/rl_6dof_ws/build/sixdof_arm_rl/share/sixdof_arm_rl/hook/pythonpath_develop.ps1'
[3.982s] INFO:colcon.colcon_core.shell:Creating environment descriptor '/home/livia/rl_6dof_ws/build/sixdof_arm_rl/share/sixdof_arm_rl/hook/pythonpath_develop.dsv'
[3.983s] INFO:colcon.colcon_core.shell:Creating environment hook '/home/livia/rl_6dof_ws/build/sixdof_arm_rl/share/sixdof_arm_rl/hook/pythonpath_develop.sh'
[3.984s] Level 1:colcon.colcon_core.environment:checking '/home/livia/rl_6dof_ws/install/sixdof_arm_rl' for CMake module files
[3.985s] DEBUG:colcon.colcon_core.event_handler.log_command:Invoked command in '/home/livia/rl_6dof_ws/build/sixdof_arm_rl' returned '0': CMAKE_PREFIX_PATH=/home/livia/rl_6dof_ws/install/sixdof_arm_interfaces:/home/livia/ros2_ws/install/my_robot_bringup:/home/livia/ros2_ws/install/my_robot_interfaces:/home/livia/ros2_ws/install/my_robot_description:/home/livia/ros2_ws/install/my_cpp_pkg:/home/livia/rl_6dof_ws/install/sixdof_arm_bringup:/home/livia/rl_6dof_ws/install/sixdof_arm_description CONDA_PROMPT_MODIFIER=(base) LD_LIBRARY_PATH=/home/livia/rl_6dof_ws/install/sixdof_arm_interfaces/lib:/home/livia/ros2_ws/install/my_robot_interfaces/lib:/usr/lib/x86_64-linux-gnu/gazebo-11/plugins:/opt/ros/humble/opt/rviz_ogre_vendor/lib:/opt/ros/humble/lib/x86_64-linux-gnu:/opt/ros/humble/lib:/usr/share/gazebo/../../lib/x86_64-linux-gnu/gazebo-11/plugins PYTHONPATH=/home/livia/rl_6dof_ws/build/sixdof_arm_rl/prefix_override:/usr/lib/python3/dist-packages/colcon_core/task/python/colcon_distutils_commands:/home/livia/rl_6dof_ws/install/sixdof_arm_rl/lib/python3.10/site-packages:${PYTHONPATH} /usr/bin/python3 -W ignore:setup.py install is deprecated -W ignore:easy_install command is deprecated setup.py develop --editable --build-directory /home/livia/rl_6dof_ws/build/sixdof_arm_rl/build --no-deps symlink_data
[3.985s] Level 1:colcon.colcon_core.environment:checking '/home/livia/rl_6dof_ws/install/sixdof_arm_rl' for CMake config files
[3.986s] Level 1:colcon.colcon_core.environment:checking '/home/livia/rl_6dof_ws/install/sixdof_arm_rl/lib'
[3.986s] Level 1:colcon.colcon_core.environment:checking '/home/livia/rl_6dof_ws/install/sixdof_arm_rl/bin'
[3.986s] Level 1:colcon.colcon_core.environment:checking '/home/livia/rl_6dof_ws/install/sixdof_arm_rl/lib/pkgconfig/sixdof_arm_rl.pc'
[3.986s] Level 1:colcon.colcon_core.environment:checking '/home/livia/rl_6dof_ws/install/sixdof_arm_rl/lib/python3.10/site-packages'
[3.986s] Level 1:colcon.colcon_core.shell:create_environment_hook('sixdof_arm_rl', 'pythonpath')
[3.987s] INFO:colcon.colcon_core.shell:Creating environment hook '/home/livia/rl_6dof_ws/install/sixdof_arm_rl/share/sixdof_arm_rl/hook/pythonpath.ps1'
[3.987s] INFO:colcon.colcon_core.shell:Creating environment descriptor '/home/livia/rl_6dof_ws/install/sixdof_arm_rl/share/sixdof_arm_rl/hook/pythonpath.dsv'
[3.988s] INFO:colcon.colcon_core.shell:Creating environment hook '/home/livia/rl_6dof_ws/install/sixdof_arm_rl/share/sixdof_arm_rl/hook/pythonpath.sh'
[3.989s] Level 1:colcon.colcon_core.environment:checking '/home/livia/rl_6dof_ws/install/sixdof_arm_rl/bin'
[3.989s] Level 1:colcon.colcon_core.environment:create_environment_scripts_only(sixdof_arm_rl)
[3.990s] INFO:colcon.colcon_core.shell:Creating package script '/home/livia/rl_6dof_ws/install/sixdof_arm_rl/share/sixdof_arm_rl/package.ps1'
[3.990s] INFO:colcon.colcon_core.shell:Creating package descriptor '/home/livia/rl_6dof_ws/install/sixdof_arm_rl/share/sixdof_arm_rl/package.dsv'
[3.991s] INFO:colcon.colcon_core.shell:Creating package script '/home/livia/rl_6dof_ws/install/sixdof_arm_rl/share/sixdof_arm_rl/package.sh'
[3.992s] INFO:colcon.colcon_core.shell:Creating package script '/home/livia/rl_6dof_ws/install/sixdof_arm_rl/share/sixdof_arm_rl/package.bash'
[3.992s] INFO:colcon.colcon_core.shell:Creating package script '/home/livia/rl_6dof_ws/install/sixdof_arm_rl/share/sixdof_arm_rl/package.zsh'
[3.993s] Level 1:colcon.colcon_core.environment:create_file_with_runtime_dependencies(/home/livia/rl_6dof_ws/install/sixdof_arm_rl/share/colcon-core/packages/sixdof_arm_rl)
[3.993s] INFO:colcon.colcon_ros.task.ament_cmake.build:Building ROS package in '/home/livia/rl_6dof_ws/src/sixdof_arm_bringup' with build type 'ament_cmake'
[3.993s] INFO:colcon.colcon_cmake.task.cmake.build:Building CMake package in '/home/livia/rl_6dof_ws/src/sixdof_arm_bringup'
[3.994s] INFO:colcon.colcon_core.shell:Skip shell extension 'powershell' for command environment: Not usable outside of PowerShell
[3.994s] DEBUG:colcon.colcon_core.shell:Skip shell extension 'dsv' for command environment
[4.019s] DEBUG:colcon.colcon_core.event_handler.log_command:Invoking command in '/home/livia/rl_6dof_ws/build/sixdof_arm_bringup': AMENT_PREFIX_PATH=/home/livia/rl_6dof_ws/install/sixdof_arm_rl:/home/livia/ros2_ws/install/my_robot_bringup:/home/livia/ros2_ws/install/my_py_pkg:/home/livia/ros2_ws/install/actions_py:/home/livia/ros2_ws/install/my_robot_interfaces:/home/livia/ros2_ws/install/my_robot_description:/home/livia/ros2_ws/install/my_cpp_pkg:/home/livia/Documents/git/Catch-Them-All-Turtlesim-Project/Catch_Them_All_Turtlesim_Project_WS/install/turtlesim_catch_them_all:/home/livia/rl_6dof_ws/install/sixdof_arm_bringup:/home/livia/rl_6dof_ws/install/sixdof_arm_interfaces:/home/livia/rl_6dof_ws/install/sixdof_arm_description:/opt/ros/humble CMAKE_PREFIX_PATH=/home/livia/rl_6dof_ws/install/sixdof_arm_interfaces:/home/livia/rl_6dof_ws/install/sixdof_arm_description:/home/livia/ros2_ws/install/my_robot_bringup:/home/livia/ros2_ws/install/my_robot_interfaces:/home/livia/ros2_ws/install/my_robot_description:/home/livia/ros2_ws/install/my_cpp_pkg:/home/livia/rl_6dof_ws/install/sixdof_arm_bringup:/home/livia/ros2_ws/install/my_py_pkg:/home/livia/ros2_ws/install/actions_py:/home/livia/Documents/git/Catch-Them-All-Turtlesim-Project/Catch_Them_All_Turtlesim_Project_WS/install/turtlesim_catch_them_all:/home/livia/rl_6dof_ws/install/sixdof_arm_rl:/opt/ros/humble CONDA_PROMPT_MODIFIER=(base) LD_LIBRARY_PATH=/home/livia/rl_6dof_ws/install/sixdof_arm_interfaces/lib:/home/livia/ros2_ws/install/my_robot_interfaces/lib:/usr/lib/x86_64-linux-gnu/gazebo-11/plugins:/opt/ros/humble/opt/rviz_ogre_vendor/lib:/opt/ros/humble/lib/x86_64-linux-gnu:/opt/ros/humble/lib:/usr/share/gazebo/../../lib/x86_64-linux-gnu/gazebo-11/plugins PYTHONPATH=/home/livia/rl_6dof_ws/build/sixdof_arm_rl:/home/livia/rl_6dof_ws/install/sixdof_arm_rl/lib/python3.10/site-packages:/home/livia/ros2_ws/build/my_py_pkg:/home/livia/ros2_ws/install/my_py_pkg/lib/python3.10/site-packages:/home/livia/ros2_ws/build/actions_py:/home/livia/ros2_ws/install/actions_py/lib/python3.10/site-packages:/home/livia/ros2_ws/install/my_robot_interfaces/lib/python3.10/site-packages:/home/livia/Documents/git/Catch-Them-All-Turtlesim-Project/Catch_Them_All_Turtlesim_Project_WS/install/turtlesim_catch_them_all/lib/python3.10/site-packages:/home/livia/rl_6dof_ws/install/sixdof_arm_interfaces/local/lib/python3.10/dist-packages:/opt/ros/humble/lib/python3.10/site-packages:/opt/ros/humble/local/lib/python3.10/dist-packages /usr/bin/cmake --build /home/livia/rl_6dof_ws/build/sixdof_arm_bringup -- -j4 -l4
[4.078s] DEBUG:colcon.colcon_core.event_handler.log_command:Invoked command in '/home/livia/rl_6dof_ws/build/sixdof_arm_bringup' returned '0': AMENT_PREFIX_PATH=/home/livia/rl_6dof_ws/install/sixdof_arm_rl:/home/livia/ros2_ws/install/my_robot_bringup:/home/livia/ros2_ws/install/my_py_pkg:/home/livia/ros2_ws/install/actions_py:/home/livia/ros2_ws/install/my_robot_interfaces:/home/livia/ros2_ws/install/my_robot_description:/home/livia/ros2_ws/install/my_cpp_pkg:/home/livia/Documents/git/Catch-Them-All-Turtlesim-Project/Catch_Them_All_Turtlesim_Project_WS/install/turtlesim_catch_them_all:/home/livia/rl_6dof_ws/install/sixdof_arm_bringup:/home/livia/rl_6dof_ws/install/sixdof_arm_interfaces:/home/livia/rl_6dof_ws/install/sixdof_arm_description:/opt/ros/humble CMAKE_PREFIX_PATH=/home/livia/rl_6dof_ws/install/sixdof_arm_interfaces:/home/livia/rl_6dof_ws/install/sixdof_arm_description:/home/livia/ros2_ws/install/my_robot_bringup:/home/livia/ros2_ws/install/my_robot_interfaces:/home/livia/ros2_ws/install/my_robot_description:/home/livia/ros2_ws/install/my_cpp_pkg:/home/livia/rl_6dof_ws/install/sixdof_arm_bringup:/home/livia/ros2_ws/install/my_py_pkg:/home/livia/ros2_ws/install/actions_py:/home/livia/Documents/git/Catch-Them-All-Turtlesim-Project/Catch_Them_All_Turtlesim_Project_WS/install/turtlesim_catch_them_all:/home/livia/rl_6dof_ws/install/sixdof_arm_rl:/opt/ros/humble CONDA_PROMPT_MODIFIER=(base) LD_LIBRARY_PATH=/home/livia/rl_6dof_ws/install/sixdof_arm_interfaces/lib:/home/livia/ros2_ws/install/my_robot_interfaces/lib:/usr/lib/x86_64-linux-gnu/gazebo-11/plugins:/opt/ros/humble/opt/rviz_ogre_vendor/lib:/opt/ros/humble/lib/x86_64-linux-gnu:/opt/ros/humble/lib:/usr/share/gazebo/../../lib/x86_64-linux-gnu/gazebo-11/plugins PYTHONPATH=/home/livia/rl_6dof_ws/build/sixdof_arm_rl:/home/livia/rl_6dof_ws/install/sixdof_arm_rl/lib/python3.10/site-packages:/home/livia/ros2_ws/build/my_py_pkg:/home/livia/ros2_ws/install/my_py_pkg/lib/python3.10/site-packages:/home/livia/ros2_ws/build/actions_py:/home/livia/ros2_ws/install/actions_py/lib/python3.10/site-packages:/home/livia/ros2_ws/install/my_robot_interfaces/lib/python3.10/site-packages:/home/livia/Documents/git/Catch-Them-All-Turtlesim-Project/Catch_Them_All_Turtlesim_Project_WS/install/turtlesim_catch_them_all/lib/python3.10/site-packages:/home/livia/rl_6dof_ws/install/sixdof_arm_interfaces/local/lib/python3.10/dist-packages:/opt/ros/humble/lib/python3.10/site-packages:/opt/ros/humble/local/lib/python3.10/dist-packages /usr/bin/cmake --build /home/livia/rl_6dof_ws/build/sixdof_arm_bringup -- -j4 -l4
[4.080s] DEBUG:colcon.colcon_core.event_handler.log_command:Invoking command in '/home/livia/rl_6dof_ws/build/sixdof_arm_bringup': AMENT_PREFIX_PATH=/home/livia/rl_6dof_ws/install/sixdof_arm_rl:/home/livia/ros2_ws/install/my_robot_bringup:/home/livia/ros2_ws/install/my_py_pkg:/home/livia/ros2_ws/install/actions_py:/home/livia/ros2_ws/install/my_robot_interfaces:/home/livia/ros2_ws/install/my_robot_description:/home/livia/ros2_ws/install/my_cpp_pkg:/home/livia/Documents/git/Catch-Them-All-Turtlesim-Project/Catch_Them_All_Turtlesim_Project_WS/install/turtlesim_catch_them_all:/home/livia/rl_6dof_ws/install/sixdof_arm_bringup:/home/livia/rl_6dof_ws/install/sixdof_arm_interfaces:/home/livia/rl_6dof_ws/install/sixdof_arm_description:/opt/ros/humble CMAKE_PREFIX_PATH=/home/livia/rl_6dof_ws/install/sixdof_arm_interfaces:/home/livia/rl_6dof_ws/install/sixdof_arm_description:/home/livia/ros2_ws/install/my_robot_bringup:/home/livia/ros2_ws/install/my_robot_interfaces:/home/livia/ros2_ws/install/my_robot_description:/home/livia/ros2_ws/install/my_cpp_pkg:/home/livia/rl_6dof_ws/install/sixdof_arm_bringup:/home/livia/ros2_ws/install/my_py_pkg:/home/livia/ros2_ws/install/actions_py:/home/livia/Documents/git/Catch-Them-All-Turtlesim-Project/Catch_Them_All_Turtlesim_Project_WS/install/turtlesim_catch_them_all:/home/livia/rl_6dof_ws/install/sixdof_arm_rl:/opt/ros/humble CONDA_PROMPT_MODIFIER=(base) LD_LIBRARY_PATH=/home/livia/rl_6dof_ws/install/sixdof_arm_interfaces/lib:/home/livia/ros2_ws/install/my_robot_interfaces/lib:/usr/lib/x86_64-linux-gnu/gazebo-11/plugins:/opt/ros/humble/opt/rviz_ogre_vendor/lib:/opt/ros/humble/lib/x86_64-linux-gnu:/opt/ros/humble/lib:/usr/share/gazebo/../../lib/x86_64-linux-gnu/gazebo-11/plugins PYTHONPATH=/home/livia/rl_6dof_ws/build/sixdof_arm_rl:/home/livia/rl_6dof_ws/install/sixdof_arm_rl/lib/python3.10/site-packages:/home/livia/ros2_ws/build/my_py_pkg:/home/livia/ros2_ws/install/my_py_pkg/lib/python3.10/site-packages:/home/livia/ros2_ws/build/actions_py:/home/livia/ros2_ws/install/actions_py/lib/python3.10/site-packages:/home/livia/ros2_ws/install/my_robot_interfaces/lib/python3.10/site-packages:/home/livia/Documents/git/Catch-Them-All-Turtlesim-Project/Catch_Them_All_Turtlesim_Project_WS/install/turtlesim_catch_them_all/lib/python3.10/site-packages:/home/livia/rl_6dof_ws/install/sixdof_arm_interfaces/local/lib/python3.10/dist-packages:/opt/ros/humble/lib/python3.10/site-packages:/opt/ros/humble/local/lib/python3.10/dist-packages /usr/bin/cmake --install /home/livia/rl_6dof_ws/build/sixdof_arm_bringup
[4.115s] Level 1:colcon.colcon_core.environment:create_environment_scripts_only(sixdof_arm_bringup)
[4.116s] Level 1:colcon.colcon_core.environment:checking '/home/livia/rl_6dof_ws/install/sixdof_arm_bringup' for CMake module files
[4.117s] Level 1:colcon.colcon_core.environment:checking '/home/livia/rl_6dof_ws/install/sixdof_arm_bringup' for CMake config files
[4.117s] Level 1:colcon.colcon_core.shell:create_environment_hook('sixdof_arm_bringup', 'cmake_prefix_path')
[4.118s] INFO:colcon.colcon_core.shell:Creating environment hook '/home/livia/rl_6dof_ws/install/sixdof_arm_bringup/share/sixdof_arm_bringup/hook/cmake_prefix_path.ps1'
[4.118s] DEBUG:colcon.colcon_core.event_handler.log_command:Invoked command in '/home/livia/rl_6dof_ws/build/sixdof_arm_bringup' returned '0': AMENT_PREFIX_PATH=/home/livia/rl_6dof_ws/install/sixdof_arm_rl:/home/livia/ros2_ws/install/my_robot_bringup:/home/livia/ros2_ws/install/my_py_pkg:/home/livia/ros2_ws/install/actions_py:/home/livia/ros2_ws/install/my_robot_interfaces:/home/livia/ros2_ws/install/my_robot_description:/home/livia/ros2_ws/install/my_cpp_pkg:/home/livia/Documents/git/Catch-Them-All-Turtlesim-Project/Catch_Them_All_Turtlesim_Project_WS/install/turtlesim_catch_them_all:/home/livia/rl_6dof_ws/install/sixdof_arm_bringup:/home/livia/rl_6dof_ws/install/sixdof_arm_interfaces:/home/livia/rl_6dof_ws/install/sixdof_arm_description:/opt/ros/humble CMAKE_PREFIX_PATH=/home/livia/rl_6dof_ws/install/sixdof_arm_interfaces:/home/livia/rl_6dof_ws/install/sixdof_arm_description:/home/livia/ros2_ws/install/my_robot_bringup:/home/livia/ros2_ws/install/my_robot_interfaces:/home/livia/ros2_ws/install/my_robot_description:/home/livia/ros2_ws/install/my_cpp_pkg:/home/livia/rl_6dof_ws/install/sixdof_arm_bringup:/home/livia/ros2_ws/install/my_py_pkg:/home/livia/ros2_ws/install/actions_py:/home/livia/Documents/git/Catch-Them-All-Turtlesim-Project/Catch_Them_All_Turtlesim_Project_WS/install/turtlesim_catch_them_all:/home/livia/rl_6dof_ws/install/sixdof_arm_rl:/opt/ros/humble CONDA_PROMPT_MODIFIER=(base) LD_LIBRARY_PATH=/home/livia/rl_6dof_ws/install/sixdof_arm_interfaces/lib:/home/livia/ros2_ws/install/my_robot_interfaces/lib:/usr/lib/x86_64-linux-gnu/gazebo-11/plugins:/opt/ros/humble/opt/rviz_ogre_vendor/lib:/opt/ros/humble/lib/x86_64-linux-gnu:/opt/ros/humble/lib:/usr/share/gazebo/../../lib/x86_64-linux-gnu/gazebo-11/plugins PYTHONPATH=/home/livia/rl_6dof_ws/build/sixdof_arm_rl:/home/livia/rl_6dof_ws/install/sixdof_arm_rl/lib/python3.10/site-packages:/home/livia/ros2_ws/build/my_py_pkg:/home/livia/ros2_ws/install/my_py_pkg/lib/python3.10/site-packages:/home/livia/ros2_ws/build/actions_py:/home/livia/ros2_ws/install/actions_py/lib/python3.10/site-packages:/home/livia/ros2_ws/install/my_robot_interfaces/lib/python3.10/site-packages:/home/livia/Documents/git/Catch-Them-All-Turtlesim-Project/Catch_Them_All_Turtlesim_Project_WS/install/turtlesim_catch_them_all/lib/python3.10/site-packages:/home/livia/rl_6dof_ws/install/sixdof_arm_interfaces/local/lib/python3.10/dist-packages:/opt/ros/humble/lib/python3.10/site-packages:/opt/ros/humble/local/lib/python3.10/dist-packages /usr/bin/cmake --install /home/livia/rl_6dof_ws/build/sixdof_arm_bringup
[4.119s] INFO:colcon.colcon_core.shell:Creating environment descriptor '/home/livia/rl_6dof_ws/install/sixdof_arm_bringup/share/sixdof_arm_bringup/hook/cmake_prefix_path.dsv'
[4.119s] INFO:colcon.colcon_core.shell:Creating environment hook '/home/livia/rl_6dof_ws/install/sixdof_arm_bringup/share/sixdof_arm_bringup/hook/cmake_prefix_path.sh'
[4.120s] Level 1:colcon.colcon_core.environment:checking '/home/livia/rl_6dof_ws/install/sixdof_arm_bringup/bin'
[4.120s] Level 1:colcon.colcon_core.environment:checking '/home/livia/rl_6dof_ws/install/sixdof_arm_bringup/lib/pkgconfig/sixdof_arm_bringup.pc'
[4.121s] Level 1:colcon.colcon_core.environment:checking '/home/livia/rl_6dof_ws/install/sixdof_arm_bringup/lib/python3.10/site-packages'
[4.121s] Level 1:colcon.colcon_core.environment:checking '/home/livia/rl_6dof_ws/install/sixdof_arm_bringup/bin'
[4.121s] INFO:colcon.colcon_core.shell:Creating package script '/home/livia/rl_6dof_ws/install/sixdof_arm_bringup/share/sixdof_arm_bringup/package.ps1'
[4.122s] INFO:colcon.colcon_core.shell:Creating package descriptor '/home/livia/rl_6dof_ws/install/sixdof_arm_bringup/share/sixdof_arm_bringup/package.dsv'
[4.123s] INFO:colcon.colcon_core.shell:Creating package script '/home/livia/rl_6dof_ws/install/sixdof_arm_bringup/share/sixdof_arm_bringup/package.sh'
[4.123s] INFO:colcon.colcon_core.shell:Creating package script '/home/livia/rl_6dof_ws/install/sixdof_arm_bringup/share/sixdof_arm_bringup/package.bash'
[4.124s] INFO:colcon.colcon_core.shell:Creating package script '/home/livia/rl_6dof_ws/install/sixdof_arm_bringup/share/sixdof_arm_bringup/package.zsh'
[4.124s] Level 1:colcon.colcon_core.environment:create_file_with_runtime_dependencies(/home/livia/rl_6dof_ws/install/sixdof_arm_bringup/share/colcon-core/packages/sixdof_arm_bringup)
[4.125s] Level 1:colcon.colcon_core.environment:create_environment_scripts_only(sixdof_arm_bringup)
[4.125s] Level 1:colcon.colcon_core.environment:checking '/home/livia/rl_6dof_ws/install/sixdof_arm_bringup' for CMake module files
[4.127s] Level 1:colcon.colcon_core.environment:checking '/home/livia/rl_6dof_ws/install/sixdof_arm_bringup' for CMake config files
[4.127s] Level 1:colcon.colcon_core.shell:create_environment_hook('sixdof_arm_bringup', 'cmake_prefix_path')
[4.127s] INFO:colcon.colcon_core.shell:Creating environment hook '/home/livia/rl_6dof_ws/install/sixdof_arm_bringup/share/sixdof_arm_bringup/hook/cmake_prefix_path.ps1'
[4.128s] INFO:colcon.colcon_core.shell:Creating environment descriptor '/home/livia/rl_6dof_ws/install/sixdof_arm_bringup/share/sixdof_arm_bringup/hook/cmake_prefix_path.dsv'
[4.129s] INFO:colcon.colcon_core.shell:Creating environment hook '/home/livia/rl_6dof_ws/install/sixdof_arm_bringup/share/sixdof_arm_bringup/hook/cmake_prefix_path.sh'
[4.129s] Level 1:colcon.colcon_core.environment:checking '/home/livia/rl_6dof_ws/install/sixdof_arm_bringup/bin'
[4.130s] Level 1:colcon.colcon_core.environment:checking '/home/livia/rl_6dof_ws/install/sixdof_arm_bringup/lib/pkgconfig/sixdof_arm_bringup.pc'
[4.130s] Level 1:colcon.colcon_core.environment:checking '/home/livia/rl_6dof_ws/install/sixdof_arm_bringup/lib/python3.10/site-packages'
[4.130s] Level 1:colcon.colcon_core.environment:checking '/home/livia/rl_6dof_ws/install/sixdof_arm_bringup/bin'
[4.131s] INFO:colcon.colcon_core.shell:Creating package script '/home/livia/rl_6dof_ws/install/sixdof_arm_bringup/share/sixdof_arm_bringup/package.ps1'
[4.131s] INFO:colcon.colcon_core.shell:Creating package descriptor '/home/livia/rl_6dof_ws/install/sixdof_arm_bringup/share/sixdof_arm_bringup/package.dsv'
[4.132s] INFO:colcon.colcon_core.shell:Creating package script '/home/livia/rl_6dof_ws/install/sixdof_arm_bringup/share/sixdof_arm_bringup/package.sh'
[4.133s] INFO:colcon.colcon_core.shell:Creating package script '/home/livia/rl_6dof_ws/install/sixdof_arm_bringup/share/sixdof_arm_bringup/package.bash'
[4.134s] INFO:colcon.colcon_core.shell:Creating package script '/home/livia/rl_6dof_ws/install/sixdof_arm_bringup/share/sixdof_arm_bringup/package.zsh'
[4.134s] Level 1:colcon.colcon_core.environment:create_file_with_runtime_dependencies(/home/livia/rl_6dof_ws/install/sixdof_arm_bringup/share/colcon-core/packages/sixdof_arm_bringup)
[4.135s] DEBUG:colcon.colcon_parallel_executor.executor.parallel:closing loop
[4.136s] DEBUG:colcon.colcon_parallel_executor.executor.parallel:loop closed
[4.136s] DEBUG:colcon.colcon_parallel_executor.executor.parallel:run_until_complete finished with '0'
[4.136s] DEBUG:colcon.colcon_core.event_reactor:joining thread
[4.147s] INFO:colcon.colcon_core.plugin_system:Skipping extension 'colcon_notification.desktop_notification.terminal_notifier': Not used on non-Darwin systems
[4.147s] INFO:colcon.colcon_core.plugin_system:Skipping extension 'colcon_notification.desktop_notification.win32': Not used on non-Windows systems
[4.147s] INFO:colcon.colcon_notification.desktop_notification:Sending desktop notification using 'notify2'
[4.173s] DEBUG:colcon.colcon_core.event_reactor:joined thread
[4.173s] INFO:colcon.colcon_core.shell:Creating prefix script '/home/livia/rl_6dof_ws/install/local_setup.ps1'
[4.176s] INFO:colcon.colcon_core.shell:Creating prefix util module '/home/livia/rl_6dof_ws/install/_local_setup_util_ps1.py'
[4.179s] INFO:colcon.colcon_core.shell:Creating prefix chain script '/home/livia/rl_6dof_ws/install/setup.ps1'
[4.182s] INFO:colcon.colcon_core.shell:Creating prefix script '/home/livia/rl_6dof_ws/install/local_setup.sh'
[4.183s] INFO:colcon.colcon_core.shell:Creating prefix util module '/home/livia/rl_6dof_ws/install/_local_setup_util_sh.py'
[4.184s] INFO:colcon.colcon_core.shell:Creating prefix chain script '/home/livia/rl_6dof_ws/install/setup.sh'
[4.187s] INFO:colcon.colcon_core.shell:Creating prefix script '/home/livia/rl_6dof_ws/install/local_setup.bash'
[4.189s] INFO:colcon.colcon_core.shell:Creating prefix chain script '/home/livia/rl_6dof_ws/install/setup.bash'
[4.192s] INFO:colcon.colcon_core.shell:Creating prefix script '/home/livia/rl_6dof_ws/install/local_setup.zsh'
[4.193s] INFO:colcon.colcon_core.shell:Creating prefix chain script '/home/livia/rl_6dof_ws/install/setup.zsh'
