[0.012s] Invoking command in '/home/livia/rl_6dof_ws/build/6dof_arm_bringup': AMENT_PREFIX_PATH=/home/livia/rl_6dof_ws/install/6dof_arm_description:${AMENT_PREFIX_PATH} CMAKE_PREFIX_PATH=/home/livia/rl_6dof_ws/install/6dof_arm_description:/home/livia/ros2_ws/install/my_robot_bringup:/home/livia/ros2_ws/install/my_robot_interfaces:/home/livia/ros2_ws/install/my_robot_gazebo_bringup:/home/livia/ros2_ws/install/my_robot_description:/home/livia/ros2_ws/install/my_py_pkg:/home/livia/ros2_ws/install/my_cpp_pkg:/home/livia/Documents/git/Catch-Them-All-Turtlesim-Project/Catch_Them_All_Turtlesim_Project_WS/install/turtlesim_catch_them_all:/opt/ros/humble CONDA_PROMPT_MODIFIER=(base) /usr/bin/cmake --build /home/livia/rl_6dof_ws/build/6dof_arm_bringup -- -j4 -l4
[0.054s] Invoked command in '/home/livia/rl_6dof_ws/build/6dof_arm_bringup' returned '0': AMENT_PREFIX_PATH=/home/livia/rl_6dof_ws/install/6dof_arm_description:${AMENT_PREFIX_PATH} CMAKE_PREFIX_PATH=/home/livia/rl_6dof_ws/install/6dof_arm_description:/home/livia/ros2_ws/install/my_robot_bringup:/home/livia/ros2_ws/install/my_robot_interfaces:/home/livia/ros2_ws/install/my_robot_gazebo_bringup:/home/livia/ros2_ws/install/my_robot_description:/home/livia/ros2_ws/install/my_py_pkg:/home/livia/ros2_ws/install/my_cpp_pkg:/home/livia/Documents/git/Catch-Them-All-Turtlesim-Project/Catch_Them_All_Turtlesim_Project_WS/install/turtlesim_catch_them_all:/opt/ros/humble CONDA_PROMPT_MODIFIER=(base) /usr/bin/cmake --build /home/livia/rl_6dof_ws/build/6dof_arm_bringup -- -j4 -l4
[0.055s] Invoking command in '/home/livia/rl_6dof_ws/build/6dof_arm_bringup': AMENT_PREFIX_PATH=/home/livia/rl_6dof_ws/install/6dof_arm_description:${AMENT_PREFIX_PATH} CMAKE_PREFIX_PATH=/home/livia/rl_6dof_ws/install/6dof_arm_description:/home/livia/ros2_ws/install/my_robot_bringup:/home/livia/ros2_ws/install/my_robot_interfaces:/home/livia/ros2_ws/install/my_robot_gazebo_bringup:/home/livia/ros2_ws/install/my_robot_description:/home/livia/ros2_ws/install/my_py_pkg:/home/livia/ros2_ws/install/my_cpp_pkg:/home/livia/Documents/git/Catch-Them-All-Turtlesim-Project/Catch_Them_All_Turtlesim_Project_WS/install/turtlesim_catch_them_all:/opt/ros/humble CONDA_PROMPT_MODIFIER=(base) /usr/bin/cmake --install /home/livia/rl_6dof_ws/build/6dof_arm_bringup
[0.063s] -- Install configuration: ""
[0.064s] -- Up-to-date: /home/livia/rl_6dof_ws/install/6dof_arm_bringup/share/6dof_arm_bringup/launch
[0.064s] -- Installing: /home/livia/rl_6dof_ws/install/6dof_arm_bringup/share/6dof_arm_bringup/launch/rviz_display.launch.xml
[0.064s] -- Up-to-date: /home/livia/rl_6dof_ws/install/6dof_arm_bringup/share/6dof_arm_bringup/rviz
[0.064s] -- Up-to-date: /home/livia/rl_6dof_ws/install/6dof_arm_bringup/share/ament_index/resource_index/package_run_dependencies/6dof_arm_bringup
[0.064s] -- Up-to-date: /home/livia/rl_6dof_ws/install/6dof_arm_bringup/share/ament_index/resource_index/parent_prefix_path/6dof_arm_bringup
[0.065s] -- Up-to-date: /home/livia/rl_6dof_ws/install/6dof_arm_bringup/share/6dof_arm_bringup/environment/ament_prefix_path.sh
[0.065s] -- Up-to-date: /home/livia/rl_6dof_ws/install/6dof_arm_bringup/share/6dof_arm_bringup/environment/ament_prefix_path.dsv
[0.065s] -- Up-to-date: /home/livia/rl_6dof_ws/install/6dof_arm_bringup/share/6dof_arm_bringup/environment/path.sh
[0.065s] -- Up-to-date: /home/livia/rl_6dof_ws/install/6dof_arm_bringup/share/6dof_arm_bringup/environment/path.dsv
[0.065s] -- Up-to-date: /home/livia/rl_6dof_ws/install/6dof_arm_bringup/share/6dof_arm_bringup/local_setup.bash
[0.065s] -- Up-to-date: /home/livia/rl_6dof_ws/install/6dof_arm_bringup/share/6dof_arm_bringup/local_setup.sh
[0.065s] -- Up-to-date: /home/livia/rl_6dof_ws/install/6dof_arm_bringup/share/6dof_arm_bringup/local_setup.zsh
[0.065s] -- Up-to-date: /home/livia/rl_6dof_ws/install/6dof_arm_bringup/share/6dof_arm_bringup/local_setup.dsv
[0.066s] -- Up-to-date: /home/livia/rl_6dof_ws/install/6dof_arm_bringup/share/6dof_arm_bringup/package.dsv
[0.066s] -- Up-to-date: /home/livia/rl_6dof_ws/install/6dof_arm_bringup/share/ament_index/resource_index/packages/6dof_arm_bringup
[0.066s] -- Up-to-date: /home/livia/rl_6dof_ws/install/6dof_arm_bringup/share/6dof_arm_bringup/cmake/6dof_arm_bringupConfig.cmake
[0.066s] -- Up-to-date: /home/livia/rl_6dof_ws/install/6dof_arm_bringup/share/6dof_arm_bringup/cmake/6dof_arm_bringupConfig-version.cmake
[0.066s] -- Up-to-date: /home/livia/rl_6dof_ws/install/6dof_arm_bringup/share/6dof_arm_bringup/package.xml
[0.067s] Invoked command in '/home/livia/rl_6dof_ws/build/6dof_arm_bringup' returned '0': AMENT_PREFIX_PATH=/home/livia/rl_6dof_ws/install/6dof_arm_description:${AMENT_PREFIX_PATH} CMAKE_PREFIX_PATH=/home/livia/rl_6dof_ws/install/6dof_arm_description:/home/livia/ros2_ws/install/my_robot_bringup:/home/livia/ros2_ws/install/my_robot_interfaces:/home/livia/ros2_ws/install/my_robot_gazebo_bringup:/home/livia/ros2_ws/install/my_robot_description:/home/livia/ros2_ws/install/my_py_pkg:/home/livia/ros2_ws/install/my_cpp_pkg:/home/livia/Documents/git/Catch-Them-All-Turtlesim-Project/Catch_Them_All_Turtlesim_Project_WS/install/turtlesim_catch_them_all:/opt/ros/humble CONDA_PROMPT_MODIFIER=(base) /usr/bin/cmake --install /home/livia/rl_6dof_ws/build/6dof_arm_bringup
