[0.198s] DEBUG:colcon:Command line arguments: ['/usr/bin/colcon', 'list', '-p', '--base-paths', '/home/livia/rl_6dof_ws']
[0.198s] DEBUG:colcon:Parsed command line arguments: Namespace(log_base=None, log_level=None, verb_name='list', build_base='build', ignore_user_meta=False, metas=['./colcon.meta'], base_paths=['/home/livia/rl_6dof_ws'], packages_ignore=None, packages_ignore_regex=None, paths=None, packages_up_to=None, packages_up_to_regex=None, packages_above=None, packages_above_and_dependencies=None, packages_above_depth=None, packages_select_by_dep=None, packages_skip_by_dep=None, packages_skip_up_to=None, packages_select_build_failed=False, packages_skip_build_finished=False, packages_select_test_failures=False, packages_skip_test_passed=False, packages_select=None, packages_skip=None, packages_select_regex=None, packages_skip_regex=None, packages_start=None, packages_end=None, allow_overriding=[], topological_order=False, names_only=False, paths_only=True, topological_graph=False, topological_graph_dot=False, topological_graph_density=False, topological_graph_legend=False, topological_graph_dot_cluster=False, topological_graph_dot_include_skipped=False, verb_parser=<colcon_defaults.argument_parser.defaults.DefaultArgumentsDecorator object at 0x782f640021a0>, verb_extension=<colcon_package_information.verb.list.ListVerb object at 0x782f64001300>, main=<bound method ListVerb.main of <colcon_package_information.verb.list.ListVerb object at 0x782f64001300>>)
[1.209s] Level 1:colcon.colcon_core.package_discovery:discover_packages(colcon_meta) check parameters
[1.209s] Level 1:colcon.colcon_core.package_discovery:discover_packages(recursive) check parameters
[1.209s] Level 1:colcon.colcon_core.package_discovery:discover_packages(ignore) check parameters
[1.209s] Level 1:colcon.colcon_core.package_discovery:discover_packages(path) check parameters
[1.209s] Level 1:colcon.colcon_core.package_discovery:discover_packages(recursive) discover
[1.209s] INFO:colcon.colcon_core.package_discovery:Crawling recursively for packages in '/home/livia/rl_6dof_ws'
[1.209s] Level 1:colcon.colcon_core.package_identification:_identify(/home/livia/rl_6dof_ws) by extensions ['ignore', 'ignore_ament_install']
[1.210s] Level 1:colcon.colcon_core.package_identification:_identify(/home/livia/rl_6dof_ws) by extension 'ignore'
[1.210s] Level 1:colcon.colcon_core.package_identification:_identify(/home/livia/rl_6dof_ws) by extension 'ignore_ament_install'
[1.210s] Level 1:colcon.colcon_core.package_identification:_identify(/home/livia/rl_6dof_ws) by extensions ['colcon_pkg']
[1.210s] Level 1:colcon.colcon_core.package_identification:_identify(/home/livia/rl_6dof_ws) by extension 'colcon_pkg'
[1.210s] Level 1:colcon.colcon_core.package_identification:_identify(/home/livia/rl_6dof_ws) by extensions ['colcon_meta']
[1.210s] Level 1:colcon.colcon_core.package_identification:_identify(/home/livia/rl_6dof_ws) by extension 'colcon_meta'
[1.210s] Level 1:colcon.colcon_core.package_identification:_identify(/home/livia/rl_6dof_ws) by extensions ['ros']
[1.210s] Level 1:colcon.colcon_core.package_identification:_identify(/home/livia/rl_6dof_ws) by extension 'ros'
[1.260s] Level 1:colcon.colcon_core.package_identification:_identify(/home/livia/rl_6dof_ws) by extensions ['cmake', 'python']
[1.260s] Level 1:colcon.colcon_core.package_identification:_identify(/home/livia/rl_6dof_ws) by extension 'cmake'
[1.262s] Level 1:colcon.colcon_core.package_identification:_identify(/home/livia/rl_6dof_ws) by extension 'python'
[1.262s] Level 1:colcon.colcon_core.package_identification:_identify(/home/livia/rl_6dof_ws) by extensions ['python_setup_py']
[1.262s] Level 1:colcon.colcon_core.package_identification:_identify(/home/livia/rl_6dof_ws) by extension 'python_setup_py'
[1.262s] Level 1:colcon.colcon_core.package_identification:_identify(/home/livia/rl_6dof_ws/build) by extensions ['ignore', 'ignore_ament_install']
[1.262s] Level 1:colcon.colcon_core.package_identification:_identify(/home/livia/rl_6dof_ws/build) by extension 'ignore'
[1.262s] Level 1:colcon.colcon_core.package_identification:_identify(/home/livia/rl_6dof_ws/build) ignored
[1.263s] Level 1:colcon.colcon_core.package_identification:_identify(/home/livia/rl_6dof_ws/install) by extensions ['ignore', 'ignore_ament_install']
[1.263s] Level 1:colcon.colcon_core.package_identification:_identify(/home/livia/rl_6dof_ws/install) by extension 'ignore'
[1.263s] Level 1:colcon.colcon_core.package_identification:_identify(/home/livia/rl_6dof_ws/install) ignored
[1.263s] Level 1:colcon.colcon_core.package_identification:_identify(/home/livia/rl_6dof_ws/log) by extensions ['ignore', 'ignore_ament_install']
[1.264s] Level 1:colcon.colcon_core.package_identification:_identify(/home/livia/rl_6dof_ws/log) by extension 'ignore'
[1.265s] Level 1:colcon.colcon_core.package_identification:_identify(/home/livia/rl_6dof_ws/log) ignored
[1.265s] Level 1:colcon.colcon_core.package_identification:_identify(/home/livia/rl_6dof_ws/src) by extensions ['ignore', 'ignore_ament_install']
[1.265s] Level 1:colcon.colcon_core.package_identification:_identify(/home/livia/rl_6dof_ws/src) by extension 'ignore'
[1.266s] Level 1:colcon.colcon_core.package_identification:_identify(/home/livia/rl_6dof_ws/src) by extension 'ignore_ament_install'
[1.266s] Level 1:colcon.colcon_core.package_identification:_identify(/home/livia/rl_6dof_ws/src) by extensions ['colcon_pkg']
[1.266s] Level 1:colcon.colcon_core.package_identification:_identify(/home/livia/rl_6dof_ws/src) by extension 'colcon_pkg'
[1.266s] Level 1:colcon.colcon_core.package_identification:_identify(/home/livia/rl_6dof_ws/src) by extensions ['colcon_meta']
[1.266s] Level 1:colcon.colcon_core.package_identification:_identify(/home/livia/rl_6dof_ws/src) by extension 'colcon_meta'
[1.266s] Level 1:colcon.colcon_core.package_identification:_identify(/home/livia/rl_6dof_ws/src) by extensions ['ros']
[1.266s] Level 1:colcon.colcon_core.package_identification:_identify(/home/livia/rl_6dof_ws/src) by extension 'ros'
[1.266s] Level 1:colcon.colcon_core.package_identification:_identify(/home/livia/rl_6dof_ws/src) by extensions ['cmake', 'python']
[1.266s] Level 1:colcon.colcon_core.package_identification:_identify(/home/livia/rl_6dof_ws/src) by extension 'cmake'
[1.266s] Level 1:colcon.colcon_core.package_identification:_identify(/home/livia/rl_6dof_ws/src) by extension 'python'
[1.266s] Level 1:colcon.colcon_core.package_identification:_identify(/home/livia/rl_6dof_ws/src) by extensions ['python_setup_py']
[1.266s] Level 1:colcon.colcon_core.package_identification:_identify(/home/livia/rl_6dof_ws/src) by extension 'python_setup_py'
[1.267s] Level 1:colcon.colcon_core.package_identification:_identify(/home/livia/rl_6dof_ws/src/sixdof_arm_bringup) by extensions ['ignore', 'ignore_ament_install']
[1.267s] Level 1:colcon.colcon_core.package_identification:_identify(/home/livia/rl_6dof_ws/src/sixdof_arm_bringup) by extension 'ignore'
[1.267s] Level 1:colcon.colcon_core.package_identification:_identify(/home/livia/rl_6dof_ws/src/sixdof_arm_bringup) by extension 'ignore_ament_install'
[1.267s] Level 1:colcon.colcon_core.package_identification:_identify(/home/livia/rl_6dof_ws/src/sixdof_arm_bringup) by extensions ['colcon_pkg']
[1.267s] Level 1:colcon.colcon_core.package_identification:_identify(/home/livia/rl_6dof_ws/src/sixdof_arm_bringup) by extension 'colcon_pkg'
[1.268s] Level 1:colcon.colcon_core.package_identification:_identify(/home/livia/rl_6dof_ws/src/sixdof_arm_bringup) by extensions ['colcon_meta']
[1.269s] Level 1:colcon.colcon_core.package_identification:_identify(/home/livia/rl_6dof_ws/src/sixdof_arm_bringup) by extension 'colcon_meta'
[1.270s] Level 1:colcon.colcon_core.package_identification:_identify(/home/livia/rl_6dof_ws/src/sixdof_arm_bringup) by extensions ['ros']
[1.270s] Level 1:colcon.colcon_core.package_identification:_identify(/home/livia/rl_6dof_ws/src/sixdof_arm_bringup) by extension 'ros'
[1.287s] DEBUG:colcon.colcon_core.package_identification:Package '/home/livia/rl_6dof_ws/src/sixdof_arm_bringup' with type 'ros.ament_cmake' and name 'sixdof_arm_bringup'
[1.287s] Level 1:colcon.colcon_core.package_identification:_identify(/home/livia/rl_6dof_ws/src/sixdof_arm_description) by extensions ['ignore', 'ignore_ament_install']
[1.287s] Level 1:colcon.colcon_core.package_identification:_identify(/home/livia/rl_6dof_ws/src/sixdof_arm_description) by extension 'ignore'
[1.287s] Level 1:colcon.colcon_core.package_identification:_identify(/home/livia/rl_6dof_ws/src/sixdof_arm_description) by extension 'ignore_ament_install'
[1.287s] Level 1:colcon.colcon_core.package_identification:_identify(/home/livia/rl_6dof_ws/src/sixdof_arm_description) by extensions ['colcon_pkg']
[1.287s] Level 1:colcon.colcon_core.package_identification:_identify(/home/livia/rl_6dof_ws/src/sixdof_arm_description) by extension 'colcon_pkg'
[1.288s] Level 1:colcon.colcon_core.package_identification:_identify(/home/livia/rl_6dof_ws/src/sixdof_arm_description) by extensions ['colcon_meta']
[1.288s] Level 1:colcon.colcon_core.package_identification:_identify(/home/livia/rl_6dof_ws/src/sixdof_arm_description) by extension 'colcon_meta'
[1.288s] Level 1:colcon.colcon_core.package_identification:_identify(/home/livia/rl_6dof_ws/src/sixdof_arm_description) by extensions ['ros']
[1.288s] Level 1:colcon.colcon_core.package_identification:_identify(/home/livia/rl_6dof_ws/src/sixdof_arm_description) by extension 'ros'
[1.289s] DEBUG:colcon.colcon_core.package_identification:Package '/home/livia/rl_6dof_ws/src/sixdof_arm_description' with type 'ros.ament_cmake' and name 'sixdof_arm_description'
[1.293s] Level 1:colcon.colcon_core.package_identification:_identify(/home/livia/rl_6dof_ws/src/sixdof_arm_interfaces) by extensions ['ignore', 'ignore_ament_install']
[1.293s] Level 1:colcon.colcon_core.package_identification:_identify(/home/livia/rl_6dof_ws/src/sixdof_arm_interfaces) by extension 'ignore'
[1.294s] Level 1:colcon.colcon_core.package_identification:_identify(/home/livia/rl_6dof_ws/src/sixdof_arm_interfaces) by extension 'ignore_ament_install'
[1.295s] Level 1:colcon.colcon_core.package_identification:_identify(/home/livia/rl_6dof_ws/src/sixdof_arm_interfaces) by extensions ['colcon_pkg']
[1.295s] Level 1:colcon.colcon_core.package_identification:_identify(/home/livia/rl_6dof_ws/src/sixdof_arm_interfaces) by extension 'colcon_pkg'
[1.295s] Level 1:colcon.colcon_core.package_identification:_identify(/home/livia/rl_6dof_ws/src/sixdof_arm_interfaces) by extensions ['colcon_meta']
[1.295s] Level 1:colcon.colcon_core.package_identification:_identify(/home/livia/rl_6dof_ws/src/sixdof_arm_interfaces) by extension 'colcon_meta'
[1.295s] Level 1:colcon.colcon_core.package_identification:_identify(/home/livia/rl_6dof_ws/src/sixdof_arm_interfaces) by extensions ['ros']
[1.295s] Level 1:colcon.colcon_core.package_identification:_identify(/home/livia/rl_6dof_ws/src/sixdof_arm_interfaces) by extension 'ros'
[1.296s] DEBUG:colcon.colcon_core.package_identification:Package '/home/livia/rl_6dof_ws/src/sixdof_arm_interfaces' with type 'ros.ament_cmake' and name 'sixdof_arm_interfaces'
[1.297s] Level 1:colcon.colcon_core.package_identification:_identify(/home/livia/rl_6dof_ws/src/sixdof_arm_rl) by extensions ['ignore', 'ignore_ament_install']
[1.298s] Level 1:colcon.colcon_core.package_identification:_identify(/home/livia/rl_6dof_ws/src/sixdof_arm_rl) by extension 'ignore'
[1.298s] Level 1:colcon.colcon_core.package_identification:_identify(/home/livia/rl_6dof_ws/src/sixdof_arm_rl) by extension 'ignore_ament_install'
[1.299s] Level 1:colcon.colcon_core.package_identification:_identify(/home/livia/rl_6dof_ws/src/sixdof_arm_rl) by extensions ['colcon_pkg']
[1.300s] Level 1:colcon.colcon_core.package_identification:_identify(/home/livia/rl_6dof_ws/src/sixdof_arm_rl) by extension 'colcon_pkg'
[1.300s] Level 1:colcon.colcon_core.package_identification:_identify(/home/livia/rl_6dof_ws/src/sixdof_arm_rl) by extensions ['colcon_meta']
[1.300s] Level 1:colcon.colcon_core.package_identification:_identify(/home/livia/rl_6dof_ws/src/sixdof_arm_rl) by extension 'colcon_meta'
[1.300s] Level 1:colcon.colcon_core.package_identification:_identify(/home/livia/rl_6dof_ws/src/sixdof_arm_rl) by extensions ['ros']
[1.300s] Level 1:colcon.colcon_core.package_identification:_identify(/home/livia/rl_6dof_ws/src/sixdof_arm_rl) by extension 'ros'
[1.302s] DEBUG:colcon.colcon_core.package_identification:Package '/home/livia/rl_6dof_ws/src/sixdof_arm_rl' with type 'ros.ament_python' and name 'sixdof_arm_rl'
[1.303s] Level 1:colcon.colcon_core.package_discovery:discover_packages(recursive) using defaults
