[0.111s] DEBUG:colcon:Command line arguments: ['/usr/bin/colcon', 'build']
[0.111s] DEBUG:colcon:Parsed command line arguments: Namespace(log_base=None, log_level=None, verb_name='build', build_base='build', install_base='install', merge_install=False, symlink_install=False, test_result_base=None, continue_on_error=False, executor='parallel', parallel_workers=4, event_handlers=None, ignore_user_meta=False, metas=['./colcon.meta'], base_paths=['.'], packages_ignore=None, packages_ignore_regex=None, paths=None, packages_up_to=None, packages_up_to_regex=None, packages_above=None, packages_above_and_dependencies=None, packages_above_depth=None, packages_select_by_dep=None, packages_skip_by_dep=None, packages_skip_up_to=None, packages_select_build_failed=False, packages_skip_build_finished=False, packages_select_test_failures=False, packages_skip_test_passed=False, packages_select=None, packages_skip=None, packages_select_regex=None, packages_skip_regex=None, packages_start=None, packages_end=None, allow_overriding=[], cmake_args=None, cmake_target=None, cmake_target_skip_unavailable=False, cmake_clean_cache=False, cmake_clean_first=False, cmake_force_configure=False, ament_cmake_args=None, catkin_cmake_args=None, catkin_skip_building_tests=False, verb_parser=<colcon_defaults.argument_parser.defaults.DefaultArgumentsDecorator object at 0x78fba3220f70>, verb_extension=<colcon_core.verb.build.BuildVerb object at 0x78fba32203d0>, main=<bound method BuildVerb.main of <colcon_core.verb.build.BuildVerb object at 0x78fba32203d0>>)
[0.289s] Level 1:colcon.colcon_core.package_discovery:discover_packages(colcon_meta) check parameters
[0.289s] Level 1:colcon.colcon_core.package_discovery:discover_packages(recursive) check parameters
[0.289s] Level 1:colcon.colcon_core.package_discovery:discover_packages(ignore) check parameters
[0.289s] Level 1:colcon.colcon_core.package_discovery:discover_packages(path) check parameters
[0.289s] Level 1:colcon.colcon_core.package_discovery:discover_packages(colcon_meta) discover
[0.289s] Level 1:colcon.colcon_core.package_discovery:discover_packages(recursive) discover
[0.289s] INFO:colcon.colcon_core.package_discovery:Crawling recursively for packages in '/home/livia/rl_6dof_ws'
[0.289s] Level 1:colcon.colcon_core.package_identification:_identify(.) by extensions ['ignore', 'ignore_ament_install']
[0.289s] Level 1:colcon.colcon_core.package_identification:_identify(.) by extension 'ignore'
[0.289s] Level 1:colcon.colcon_core.package_identification:_identify(.) by extension 'ignore_ament_install'
[0.289s] Level 1:colcon.colcon_core.package_identification:_identify(.) by extensions ['colcon_pkg']
[0.289s] Level 1:colcon.colcon_core.package_identification:_identify(.) by extension 'colcon_pkg'
[0.290s] Level 1:colcon.colcon_core.package_identification:_identify(.) by extensions ['colcon_meta']
[0.290s] Level 1:colcon.colcon_core.package_identification:_identify(.) by extension 'colcon_meta'
[0.290s] Level 1:colcon.colcon_core.package_identification:_identify(.) by extensions ['ros']
[0.290s] Level 1:colcon.colcon_core.package_identification:_identify(.) by extension 'ros'
[0.301s] Level 1:colcon.colcon_core.package_identification:_identify(.) by extensions ['cmake', 'python']
[0.301s] Level 1:colcon.colcon_core.package_identification:_identify(.) by extension 'cmake'
[0.301s] Level 1:colcon.colcon_core.package_identification:_identify(.) by extension 'python'
[0.301s] Level 1:colcon.colcon_core.package_identification:_identify(.) by extensions ['python_setup_py']
[0.301s] Level 1:colcon.colcon_core.package_identification:_identify(.) by extension 'python_setup_py'
[0.301s] Level 1:colcon.colcon_core.package_identification:_identify(build) by extensions ['ignore', 'ignore_ament_install']
[0.301s] Level 1:colcon.colcon_core.package_identification:_identify(build) by extension 'ignore'
[0.301s] Level 1:colcon.colcon_core.package_identification:_identify(build) ignored
[0.301s] Level 1:colcon.colcon_core.package_identification:_identify(install) by extensions ['ignore', 'ignore_ament_install']
[0.301s] Level 1:colcon.colcon_core.package_identification:_identify(install) by extension 'ignore'
[0.301s] Level 1:colcon.colcon_core.package_identification:_identify(install) ignored
[0.302s] Level 1:colcon.colcon_core.package_identification:_identify(log) by extensions ['ignore', 'ignore_ament_install']
[0.302s] Level 1:colcon.colcon_core.package_identification:_identify(log) by extension 'ignore'
[0.302s] Level 1:colcon.colcon_core.package_identification:_identify(log) ignored
[0.302s] Level 1:colcon.colcon_core.package_identification:_identify(src) by extensions ['ignore', 'ignore_ament_install']
[0.302s] Level 1:colcon.colcon_core.package_identification:_identify(src) by extension 'ignore'
[0.302s] Level 1:colcon.colcon_core.package_identification:_identify(src) by extension 'ignore_ament_install'
[0.302s] Level 1:colcon.colcon_core.package_identification:_identify(src) by extensions ['colcon_pkg']
[0.302s] Level 1:colcon.colcon_core.package_identification:_identify(src) by extension 'colcon_pkg'
[0.302s] Level 1:colcon.colcon_core.package_identification:_identify(src) by extensions ['colcon_meta']
[0.302s] Level 1:colcon.colcon_core.package_identification:_identify(src) by extension 'colcon_meta'
[0.302s] Level 1:colcon.colcon_core.package_identification:_identify(src) by extensions ['ros']
[0.302s] Level 1:colcon.colcon_core.package_identification:_identify(src) by extension 'ros'
[0.302s] Level 1:colcon.colcon_core.package_identification:_identify(src) by extensions ['cmake', 'python']
[0.302s] Level 1:colcon.colcon_core.package_identification:_identify(src) by extension 'cmake'
[0.302s] Level 1:colcon.colcon_core.package_identification:_identify(src) by extension 'python'
[0.302s] Level 1:colcon.colcon_core.package_identification:_identify(src) by extensions ['python_setup_py']
[0.302s] Level 1:colcon.colcon_core.package_identification:_identify(src) by extension 'python_setup_py'
[0.302s] Level 1:colcon.colcon_core.package_identification:_identify(src/6dof_arm_bringup) by extensions ['ignore', 'ignore_ament_install']
[0.303s] Level 1:colcon.colcon_core.package_identification:_identify(src/6dof_arm_bringup) by extension 'ignore'
[0.303s] Level 1:colcon.colcon_core.package_identification:_identify(src/6dof_arm_bringup) by extension 'ignore_ament_install'
[0.303s] Level 1:colcon.colcon_core.package_identification:_identify(src/6dof_arm_bringup) by extensions ['colcon_pkg']
[0.303s] Level 1:colcon.colcon_core.package_identification:_identify(src/6dof_arm_bringup) by extension 'colcon_pkg'
[0.303s] Level 1:colcon.colcon_core.package_identification:_identify(src/6dof_arm_bringup) by extensions ['colcon_meta']
[0.303s] Level 1:colcon.colcon_core.package_identification:_identify(src/6dof_arm_bringup) by extension 'colcon_meta'
[0.303s] Level 1:colcon.colcon_core.package_identification:_identify(src/6dof_arm_bringup) by extensions ['ros']
[0.303s] Level 1:colcon.colcon_core.package_identification:_identify(src/6dof_arm_bringup) by extension 'ros'
[0.305s] DEBUG:colcon.colcon_core.package_identification:Package 'src/6dof_arm_bringup' with type 'ros.ament_cmake' and name '6dof_arm_bringup'
[0.305s] Level 1:colcon.colcon_core.package_identification:_identify(src/6dof_arm_description) by extensions ['ignore', 'ignore_ament_install']
[0.305s] Level 1:colcon.colcon_core.package_identification:_identify(src/6dof_arm_description) by extension 'ignore'
[0.306s] Level 1:colcon.colcon_core.package_identification:_identify(src/6dof_arm_description) by extension 'ignore_ament_install'
[0.306s] Level 1:colcon.colcon_core.package_identification:_identify(src/6dof_arm_description) by extensions ['colcon_pkg']
[0.306s] Level 1:colcon.colcon_core.package_identification:_identify(src/6dof_arm_description) by extension 'colcon_pkg'
[0.306s] Level 1:colcon.colcon_core.package_identification:_identify(src/6dof_arm_description) by extensions ['colcon_meta']
[0.306s] Level 1:colcon.colcon_core.package_identification:_identify(src/6dof_arm_description) by extension 'colcon_meta'
[0.306s] Level 1:colcon.colcon_core.package_identification:_identify(src/6dof_arm_description) by extensions ['ros']
[0.306s] Level 1:colcon.colcon_core.package_identification:_identify(src/6dof_arm_description) by extension 'ros'
[0.306s] DEBUG:colcon.colcon_core.package_identification:Package 'src/6dof_arm_description' with type 'ros.ament_cmake' and name '6dof_arm_description'
[0.306s] Level 1:colcon.colcon_core.package_identification:_identify(src/6dof_arm_rl) by extensions ['ignore', 'ignore_ament_install']
[0.307s] Level 1:colcon.colcon_core.package_identification:_identify(src/6dof_arm_rl) by extension 'ignore'
[0.307s] Level 1:colcon.colcon_core.package_identification:_identify(src/6dof_arm_rl) by extension 'ignore_ament_install'
[0.307s] Level 1:colcon.colcon_core.package_identification:_identify(src/6dof_arm_rl) by extensions ['colcon_pkg']
[0.307s] Level 1:colcon.colcon_core.package_identification:_identify(src/6dof_arm_rl) by extension 'colcon_pkg'
[0.307s] Level 1:colcon.colcon_core.package_identification:_identify(src/6dof_arm_rl) by extensions ['colcon_meta']
[0.307s] Level 1:colcon.colcon_core.package_identification:_identify(src/6dof_arm_rl) by extension 'colcon_meta'
[0.307s] Level 1:colcon.colcon_core.package_identification:_identify(src/6dof_arm_rl) by extensions ['ros']
[0.307s] Level 1:colcon.colcon_core.package_identification:_identify(src/6dof_arm_rl) by extension 'ros'
[0.308s] DEBUG:colcon.colcon_core.package_identification:Package 'src/6dof_arm_rl' with type 'ros.ament_python' and name '6dof_arm_rl'
[0.308s] Level 1:colcon.colcon_core.package_discovery:discover_packages(recursive) using defaults
[0.308s] Level 1:colcon.colcon_core.package_discovery:discover_packages(ignore) discover
[0.308s] Level 1:colcon.colcon_core.package_discovery:discover_packages(ignore) using defaults
[0.308s] Level 1:colcon.colcon_core.package_discovery:discover_packages(path) discover
[0.308s] Level 1:colcon.colcon_core.package_discovery:discover_packages(path) using defaults
[0.339s] Level 1:colcon.colcon_core.package_discovery:discover_packages(prefix_path) check parameters
[0.339s] Level 1:colcon.colcon_core.package_discovery:discover_packages(prefix_path) discover
[0.341s] DEBUG:colcon.colcon_installed_package_information.package_discovery:Found 1 installed packages in /home/livia/Documents/git/Catch-Them-All-Turtlesim-Project/Catch_Them_All_Turtlesim_Project_WS/install
[0.341s] DEBUG:colcon.colcon_installed_package_information.package_discovery:Found 6 installed packages in /home/livia/ros2_ws/install
[0.342s] DEBUG:colcon.colcon_installed_package_information.package_discovery:Found 3 installed packages in /home/livia/rl_6dof_ws/install
[0.342s] DEBUG:colcon.colcon_installed_package_information.package_discovery:Found 1 installed packages in /home/livia/ros2_ws2/install
[0.344s] DEBUG:colcon.colcon_installed_package_information.package_discovery:Found 338 installed packages in /opt/ros/humble
[0.345s] Level 1:colcon.colcon_core.package_discovery:discover_packages(prefix_path) using defaults
[0.392s] Level 5:colcon.colcon_core.verb:set package '6dof_arm_description' build argument 'cmake_args' from command line to 'None'
[0.392s] Level 5:colcon.colcon_core.verb:set package '6dof_arm_description' build argument 'cmake_target' from command line to 'None'
[0.392s] Level 5:colcon.colcon_core.verb:set package '6dof_arm_description' build argument 'cmake_target_skip_unavailable' from command line to 'False'
[0.392s] Level 5:colcon.colcon_core.verb:set package '6dof_arm_description' build argument 'cmake_clean_cache' from command line to 'False'
[0.392s] Level 5:colcon.colcon_core.verb:set package '6dof_arm_description' build argument 'cmake_clean_first' from command line to 'False'
[0.392s] Level 5:colcon.colcon_core.verb:set package '6dof_arm_description' build argument 'cmake_force_configure' from command line to 'False'
[0.392s] Level 5:colcon.colcon_core.verb:set package '6dof_arm_description' build argument 'ament_cmake_args' from command line to 'None'
[0.392s] Level 5:colcon.colcon_core.verb:set package '6dof_arm_description' build argument 'catkin_cmake_args' from command line to 'None'
[0.392s] Level 5:colcon.colcon_core.verb:set package '6dof_arm_description' build argument 'catkin_skip_building_tests' from command line to 'False'
[0.393s] DEBUG:colcon.colcon_core.verb:Building package '6dof_arm_description' with the following arguments: {'ament_cmake_args': None, 'build_base': '/home/livia/rl_6dof_ws/build/6dof_arm_description', 'catkin_cmake_args': None, 'catkin_skip_building_tests': False, 'cmake_args': None, 'cmake_clean_cache': False, 'cmake_clean_first': False, 'cmake_force_configure': False, 'cmake_target': None, 'cmake_target_skip_unavailable': False, 'install_base': '/home/livia/rl_6dof_ws/install/6dof_arm_description', 'merge_install': False, 'path': '/home/livia/rl_6dof_ws/src/6dof_arm_description', 'symlink_install': False, 'test_result_base': None}
[0.393s] Level 5:colcon.colcon_core.verb:set package '6dof_arm_rl' build argument 'cmake_args' from command line to 'None'
[0.393s] Level 5:colcon.colcon_core.verb:set package '6dof_arm_rl' build argument 'cmake_target' from command line to 'None'
[0.393s] Level 5:colcon.colcon_core.verb:set package '6dof_arm_rl' build argument 'cmake_target_skip_unavailable' from command line to 'False'
[0.393s] Level 5:colcon.colcon_core.verb:set package '6dof_arm_rl' build argument 'cmake_clean_cache' from command line to 'False'
[0.393s] Level 5:colcon.colcon_core.verb:set package '6dof_arm_rl' build argument 'cmake_clean_first' from command line to 'False'
[0.393s] Level 5:colcon.colcon_core.verb:set package '6dof_arm_rl' build argument 'cmake_force_configure' from command line to 'False'
[0.393s] Level 5:colcon.colcon_core.verb:set package '6dof_arm_rl' build argument 'ament_cmake_args' from command line to 'None'
[0.393s] Level 5:colcon.colcon_core.verb:set package '6dof_arm_rl' build argument 'catkin_cmake_args' from command line to 'None'
[0.393s] Level 5:colcon.colcon_core.verb:set package '6dof_arm_rl' build argument 'catkin_skip_building_tests' from command line to 'False'
[0.393s] DEBUG:colcon.colcon_core.verb:Building package '6dof_arm_rl' with the following arguments: {'ament_cmake_args': None, 'build_base': '/home/livia/rl_6dof_ws/build/6dof_arm_rl', 'catkin_cmake_args': None, 'catkin_skip_building_tests': False, 'cmake_args': None, 'cmake_clean_cache': False, 'cmake_clean_first': False, 'cmake_force_configure': False, 'cmake_target': None, 'cmake_target_skip_unavailable': False, 'install_base': '/home/livia/rl_6dof_ws/install/6dof_arm_rl', 'merge_install': False, 'path': '/home/livia/rl_6dof_ws/src/6dof_arm_rl', 'symlink_install': False, 'test_result_base': None}
[0.393s] Level 5:colcon.colcon_core.verb:set package '6dof_arm_bringup' build argument 'cmake_args' from command line to 'None'
[0.393s] Level 5:colcon.colcon_core.verb:set package '6dof_arm_bringup' build argument 'cmake_target' from command line to 'None'
[0.393s] Level 5:colcon.colcon_core.verb:set package '6dof_arm_bringup' build argument 'cmake_target_skip_unavailable' from command line to 'False'
[0.393s] Level 5:colcon.colcon_core.verb:set package '6dof_arm_bringup' build argument 'cmake_clean_cache' from command line to 'False'
[0.394s] Level 5:colcon.colcon_core.verb:set package '6dof_arm_bringup' build argument 'cmake_clean_first' from command line to 'False'
[0.394s] Level 5:colcon.colcon_core.verb:set package '6dof_arm_bringup' build argument 'cmake_force_configure' from command line to 'False'
[0.394s] Level 5:colcon.colcon_core.verb:set package '6dof_arm_bringup' build argument 'ament_cmake_args' from command line to 'None'
[0.394s] Level 5:colcon.colcon_core.verb:set package '6dof_arm_bringup' build argument 'catkin_cmake_args' from command line to 'None'
[0.394s] Level 5:colcon.colcon_core.verb:set package '6dof_arm_bringup' build argument 'catkin_skip_building_tests' from command line to 'False'
[0.394s] DEBUG:colcon.colcon_core.verb:Building package '6dof_arm_bringup' with the following arguments: {'ament_cmake_args': None, 'build_base': '/home/livia/rl_6dof_ws/build/6dof_arm_bringup', 'catkin_cmake_args': None, 'catkin_skip_building_tests': False, 'cmake_args': None, 'cmake_clean_cache': False, 'cmake_clean_first': False, 'cmake_force_configure': False, 'cmake_target': None, 'cmake_target_skip_unavailable': False, 'install_base': '/home/livia/rl_6dof_ws/install/6dof_arm_bringup', 'merge_install': False, 'path': '/home/livia/rl_6dof_ws/src/6dof_arm_bringup', 'symlink_install': False, 'test_result_base': None}
[0.394s] INFO:colcon.colcon_core.executor:Executing jobs using 'parallel' executor
[0.395s] DEBUG:colcon.colcon_parallel_executor.executor.parallel:run_until_complete
[0.395s] INFO:colcon.colcon_ros.task.ament_cmake.build:Building ROS package in '/home/livia/rl_6dof_ws/src/6dof_arm_description' with build type 'ament_cmake'
[0.395s] INFO:colcon.colcon_cmake.task.cmake.build:Building CMake package in '/home/livia/rl_6dof_ws/src/6dof_arm_description'
[0.397s] INFO:colcon.colcon_core.plugin_system:Skipping extension 'colcon_core.shell.bat': Not used on non-Windows systems
[0.397s] INFO:colcon.colcon_core.shell:Skip shell extension 'powershell' for command environment: Not usable outside of PowerShell
[0.397s] DEBUG:colcon.colcon_core.shell:Skip shell extension 'dsv' for command environment
[0.402s] INFO:colcon.colcon_ros.task.ament_python.build:Building ROS package in '/home/livia/rl_6dof_ws/src/6dof_arm_rl' with build type 'ament_python'
[0.402s] Level 1:colcon.colcon_core.shell:create_environment_hook('6dof_arm_rl', 'ament_prefix_path')
[0.403s] INFO:colcon.colcon_core.shell:Creating environment hook '/home/livia/rl_6dof_ws/install/6dof_arm_rl/share/6dof_arm_rl/hook/ament_prefix_path.ps1'
[0.403s] INFO:colcon.colcon_core.shell:Creating environment descriptor '/home/livia/rl_6dof_ws/install/6dof_arm_rl/share/6dof_arm_rl/hook/ament_prefix_path.dsv'
[0.404s] INFO:colcon.colcon_core.shell:Creating environment hook '/home/livia/rl_6dof_ws/install/6dof_arm_rl/share/6dof_arm_rl/hook/ament_prefix_path.sh'
[0.405s] INFO:colcon.colcon_core.shell:Skip shell extension 'powershell' for command environment: Not usable outside of PowerShell
[0.405s] DEBUG:colcon.colcon_core.shell:Skip shell extension 'dsv' for command environment
[0.415s] DEBUG:colcon.colcon_core.event_handler.log_command:Invoking command in '/home/livia/rl_6dof_ws/build/6dof_arm_description': CMAKE_PREFIX_PATH=${CMAKE_PREFIX_PATH}:/home/livia/rl_6dof_ws/install/6dof_arm_rl:/home/livia/ros2_ws/install/my_py_pkg:/home/livia/Documents/git/Catch-Them-All-Turtlesim-Project/Catch_Them_All_Turtlesim_Project_WS/install/turtlesim_catch_them_all:/opt/ros/humble /usr/bin/cmake /home/livia/rl_6dof_ws/src/6dof_arm_description -DCMAKE_INSTALL_PREFIX=/home/livia/rl_6dof_ws/install/6dof_arm_description
[0.727s] INFO:colcon.colcon_core.task.python.build:Building Python package in '/home/livia/rl_6dof_ws/src/6dof_arm_rl'
[0.728s] INFO:colcon.colcon_core.shell:Skip shell extension 'powershell' for command environment: Not usable outside of PowerShell
[0.728s] DEBUG:colcon.colcon_core.shell:Skip shell extension 'dsv' for command environment
[0.908s] DEBUG:colcon.colcon_core.event_handler.log_command:Invoked command in '/home/livia/rl_6dof_ws/build/6dof_arm_description' returned '0': CMAKE_PREFIX_PATH=${CMAKE_PREFIX_PATH}:/home/livia/rl_6dof_ws/install/6dof_arm_rl:/home/livia/ros2_ws/install/my_py_pkg:/home/livia/Documents/git/Catch-Them-All-Turtlesim-Project/Catch_Them_All_Turtlesim_Project_WS/install/turtlesim_catch_them_all:/opt/ros/humble /usr/bin/cmake /home/livia/rl_6dof_ws/src/6dof_arm_description -DCMAKE_INSTALL_PREFIX=/home/livia/rl_6dof_ws/install/6dof_arm_description
[0.911s] DEBUG:colcon.colcon_core.event_handler.log_command:Invoking command in '/home/livia/rl_6dof_ws/build/6dof_arm_description': CMAKE_PREFIX_PATH=${CMAKE_PREFIX_PATH}:/home/livia/rl_6dof_ws/install/6dof_arm_rl:/home/livia/ros2_ws/install/my_py_pkg:/home/livia/Documents/git/Catch-Them-All-Turtlesim-Project/Catch_Them_All_Turtlesim_Project_WS/install/turtlesim_catch_them_all:/opt/ros/humble /usr/bin/cmake --build /home/livia/rl_6dof_ws/build/6dof_arm_description -- -j4 -l4
[0.952s] DEBUG:colcon.colcon_core.event_handler.log_command:Invoked command in '/home/livia/rl_6dof_ws/build/6dof_arm_description' returned '0': CMAKE_PREFIX_PATH=${CMAKE_PREFIX_PATH}:/home/livia/rl_6dof_ws/install/6dof_arm_rl:/home/livia/ros2_ws/install/my_py_pkg:/home/livia/Documents/git/Catch-Them-All-Turtlesim-Project/Catch_Them_All_Turtlesim_Project_WS/install/turtlesim_catch_them_all:/opt/ros/humble /usr/bin/cmake --build /home/livia/rl_6dof_ws/build/6dof_arm_description -- -j4 -l4
[0.963s] DEBUG:colcon.colcon_core.event_handler.log_command:Invoking command in '/home/livia/rl_6dof_ws/build/6dof_arm_description': CMAKE_PREFIX_PATH=${CMAKE_PREFIX_PATH}:/home/livia/rl_6dof_ws/install/6dof_arm_rl:/home/livia/ros2_ws/install/my_py_pkg:/home/livia/Documents/git/Catch-Them-All-Turtlesim-Project/Catch_Them_All_Turtlesim_Project_WS/install/turtlesim_catch_them_all:/opt/ros/humble /usr/bin/cmake --install /home/livia/rl_6dof_ws/build/6dof_arm_description
[0.987s] Level 1:colcon.colcon_core.environment:create_environment_scripts_only(6dof_arm_description)
[0.987s] DEBUG:colcon.colcon_core.event_handler.log_command:Invoked command in '/home/livia/rl_6dof_ws/build/6dof_arm_description' returned '0': CMAKE_PREFIX_PATH=${CMAKE_PREFIX_PATH}:/home/livia/rl_6dof_ws/install/6dof_arm_rl:/home/livia/ros2_ws/install/my_py_pkg:/home/livia/Documents/git/Catch-Them-All-Turtlesim-Project/Catch_Them_All_Turtlesim_Project_WS/install/turtlesim_catch_them_all:/opt/ros/humble /usr/bin/cmake --install /home/livia/rl_6dof_ws/build/6dof_arm_description
[0.991s] Level 1:colcon.colcon_core.environment:checking '/home/livia/rl_6dof_ws/install/6dof_arm_description' for CMake module files
[0.991s] Level 1:colcon.colcon_core.environment:checking '/home/livia/rl_6dof_ws/install/6dof_arm_description' for CMake config files
[0.992s] Level 1:colcon.colcon_core.shell:create_environment_hook('6dof_arm_description', 'cmake_prefix_path')
[0.992s] INFO:colcon.colcon_core.shell:Creating environment hook '/home/livia/rl_6dof_ws/install/6dof_arm_description/share/6dof_arm_description/hook/cmake_prefix_path.ps1'
[0.993s] INFO:colcon.colcon_core.shell:Creating environment descriptor '/home/livia/rl_6dof_ws/install/6dof_arm_description/share/6dof_arm_description/hook/cmake_prefix_path.dsv'
[0.993s] INFO:colcon.colcon_core.shell:Creating environment hook '/home/livia/rl_6dof_ws/install/6dof_arm_description/share/6dof_arm_description/hook/cmake_prefix_path.sh'
[0.994s] Level 1:colcon.colcon_core.environment:checking '/home/livia/rl_6dof_ws/install/6dof_arm_description/bin'
[0.995s] Level 1:colcon.colcon_core.environment:checking '/home/livia/rl_6dof_ws/install/6dof_arm_description/lib/pkgconfig/6dof_arm_description.pc'
[0.995s] Level 1:colcon.colcon_core.environment:checking '/home/livia/rl_6dof_ws/install/6dof_arm_description/lib/python3.10/site-packages'
[0.995s] Level 1:colcon.colcon_core.environment:checking '/home/livia/rl_6dof_ws/install/6dof_arm_description/bin'
[0.996s] INFO:colcon.colcon_core.shell:Creating package script '/home/livia/rl_6dof_ws/install/6dof_arm_description/share/6dof_arm_description/package.ps1'
[0.997s] INFO:colcon.colcon_core.shell:Creating package descriptor '/home/livia/rl_6dof_ws/install/6dof_arm_description/share/6dof_arm_description/package.dsv'
[0.998s] INFO:colcon.colcon_core.shell:Creating package script '/home/livia/rl_6dof_ws/install/6dof_arm_description/share/6dof_arm_description/package.sh'
[0.999s] INFO:colcon.colcon_core.shell:Creating package script '/home/livia/rl_6dof_ws/install/6dof_arm_description/share/6dof_arm_description/package.bash'
[1.001s] INFO:colcon.colcon_core.shell:Creating package script '/home/livia/rl_6dof_ws/install/6dof_arm_description/share/6dof_arm_description/package.zsh'
[1.002s] Level 1:colcon.colcon_core.environment:create_file_with_runtime_dependencies(/home/livia/rl_6dof_ws/install/6dof_arm_description/share/colcon-core/packages/6dof_arm_description)
[1.003s] Level 1:colcon.colcon_core.environment:create_environment_scripts_only(6dof_arm_description)
[1.003s] Level 1:colcon.colcon_core.environment:checking '/home/livia/rl_6dof_ws/install/6dof_arm_description' for CMake module files
[1.004s] Level 1:colcon.colcon_core.environment:checking '/home/livia/rl_6dof_ws/install/6dof_arm_description' for CMake config files
[1.005s] Level 1:colcon.colcon_core.shell:create_environment_hook('6dof_arm_description', 'cmake_prefix_path')
[1.005s] INFO:colcon.colcon_core.shell:Creating environment hook '/home/livia/rl_6dof_ws/install/6dof_arm_description/share/6dof_arm_description/hook/cmake_prefix_path.ps1'
[1.005s] INFO:colcon.colcon_core.shell:Creating environment descriptor '/home/livia/rl_6dof_ws/install/6dof_arm_description/share/6dof_arm_description/hook/cmake_prefix_path.dsv'
[1.006s] INFO:colcon.colcon_core.shell:Creating environment hook '/home/livia/rl_6dof_ws/install/6dof_arm_description/share/6dof_arm_description/hook/cmake_prefix_path.sh'
[1.007s] Level 1:colcon.colcon_core.environment:checking '/home/livia/rl_6dof_ws/install/6dof_arm_description/bin'
[1.007s] Level 1:colcon.colcon_core.environment:checking '/home/livia/rl_6dof_ws/install/6dof_arm_description/lib/pkgconfig/6dof_arm_description.pc'
[1.007s] Level 1:colcon.colcon_core.environment:checking '/home/livia/rl_6dof_ws/install/6dof_arm_description/lib/python3.10/site-packages'
[1.008s] Level 1:colcon.colcon_core.environment:checking '/home/livia/rl_6dof_ws/install/6dof_arm_description/bin'
[1.008s] INFO:colcon.colcon_core.shell:Creating package script '/home/livia/rl_6dof_ws/install/6dof_arm_description/share/6dof_arm_description/package.ps1'
[1.009s] INFO:colcon.colcon_core.shell:Creating package descriptor '/home/livia/rl_6dof_ws/install/6dof_arm_description/share/6dof_arm_description/package.dsv'
[1.009s] INFO:colcon.colcon_core.shell:Creating package script '/home/livia/rl_6dof_ws/install/6dof_arm_description/share/6dof_arm_description/package.sh'
[1.010s] INFO:colcon.colcon_core.shell:Creating package script '/home/livia/rl_6dof_ws/install/6dof_arm_description/share/6dof_arm_description/package.bash'
[1.011s] INFO:colcon.colcon_core.shell:Creating package script '/home/livia/rl_6dof_ws/install/6dof_arm_description/share/6dof_arm_description/package.zsh'
[1.011s] Level 1:colcon.colcon_core.environment:create_file_with_runtime_dependencies(/home/livia/rl_6dof_ws/install/6dof_arm_description/share/colcon-core/packages/6dof_arm_description)
[1.012s] INFO:colcon.colcon_ros.task.ament_cmake.build:Building ROS package in '/home/livia/rl_6dof_ws/src/6dof_arm_bringup' with build type 'ament_cmake'
[1.012s] INFO:colcon.colcon_cmake.task.cmake.build:Building CMake package in '/home/livia/rl_6dof_ws/src/6dof_arm_bringup'
[1.012s] INFO:colcon.colcon_core.shell:Skip shell extension 'powershell' for command environment: Not usable outside of PowerShell
[1.012s] DEBUG:colcon.colcon_core.shell:Skip shell extension 'dsv' for command environment
[1.026s] DEBUG:colcon.colcon_core.event_handler.log_command:Invoking command in '/home/livia/rl_6dof_ws/build/6dof_arm_bringup': CMAKE_PREFIX_PATH=/home/livia/rl_6dof_ws/install/6dof_arm_description:/home/livia/ros2_ws/install/my_robot_description:/home/livia/ros2_ws/install/my_cpp_pkg:/home/livia/ros2_ws2/install/my_robot_interfaces:/home/livia/ros2_ws/install/my_robot_bringup:/home/livia/ros2_ws/install/my_robot_interfaces:/home/livia/ros2_ws/install/my_robot_gazebo_bringup:/home/livia/rl_6dof_ws/install/6dof_arm_bringup:/home/livia/rl_6dof_ws/install/6dof_arm_rl:/home/livia/ros2_ws/install/my_py_pkg:/home/livia/Documents/git/Catch-Them-All-Turtlesim-Project/Catch_Them_All_Turtlesim_Project_WS/install/turtlesim_catch_them_all:/opt/ros/humble /usr/bin/cmake /home/livia/rl_6dof_ws/src/6dof_arm_bringup -DCMAKE_INSTALL_PREFIX=/home/livia/rl_6dof_ws/install/6dof_arm_bringup
[1.157s] DEBUG:colcon.colcon_core.event_handler.log_command:Invoking command in '/home/livia/rl_6dof_ws/build/6dof_arm_rl': PYTHONPATH=/home/livia/rl_6dof_ws/build/6dof_arm_rl/prefix_override:/usr/lib/python3/dist-packages/colcon_core/task/python/colcon_distutils_commands:/home/livia/rl_6dof_ws/install/6dof_arm_rl/lib/python3.10/site-packages:${PYTHONPATH} /usr/bin/python3 -W ignore:setup.py install is deprecated -W ignore:easy_install command is deprecated setup.py develop --uninstall --editable --build-directory /home/livia/rl_6dof_ws/build/6dof_arm_rl/build
[1.507s] DEBUG:colcon.colcon_core.event_handler.log_command:Invoked command in '/home/livia/rl_6dof_ws/build/6dof_arm_bringup' returned '0': CMAKE_PREFIX_PATH=/home/livia/rl_6dof_ws/install/6dof_arm_description:/home/livia/ros2_ws/install/my_robot_description:/home/livia/ros2_ws/install/my_cpp_pkg:/home/livia/ros2_ws2/install/my_robot_interfaces:/home/livia/ros2_ws/install/my_robot_bringup:/home/livia/ros2_ws/install/my_robot_interfaces:/home/livia/ros2_ws/install/my_robot_gazebo_bringup:/home/livia/rl_6dof_ws/install/6dof_arm_bringup:/home/livia/rl_6dof_ws/install/6dof_arm_rl:/home/livia/ros2_ws/install/my_py_pkg:/home/livia/Documents/git/Catch-Them-All-Turtlesim-Project/Catch_Them_All_Turtlesim_Project_WS/install/turtlesim_catch_them_all:/opt/ros/humble /usr/bin/cmake /home/livia/rl_6dof_ws/src/6dof_arm_bringup -DCMAKE_INSTALL_PREFIX=/home/livia/rl_6dof_ws/install/6dof_arm_bringup
[1.510s] DEBUG:colcon.colcon_core.event_handler.log_command:Invoking command in '/home/livia/rl_6dof_ws/build/6dof_arm_bringup': CMAKE_PREFIX_PATH=/home/livia/rl_6dof_ws/install/6dof_arm_description:/home/livia/ros2_ws/install/my_robot_description:/home/livia/ros2_ws/install/my_cpp_pkg:/home/livia/ros2_ws2/install/my_robot_interfaces:/home/livia/ros2_ws/install/my_robot_bringup:/home/livia/ros2_ws/install/my_robot_interfaces:/home/livia/ros2_ws/install/my_robot_gazebo_bringup:/home/livia/rl_6dof_ws/install/6dof_arm_bringup:/home/livia/rl_6dof_ws/install/6dof_arm_rl:/home/livia/ros2_ws/install/my_py_pkg:/home/livia/Documents/git/Catch-Them-All-Turtlesim-Project/Catch_Them_All_Turtlesim_Project_WS/install/turtlesim_catch_them_all:/opt/ros/humble /usr/bin/cmake --build /home/livia/rl_6dof_ws/build/6dof_arm_bringup -- -j4 -l4
[1.550s] DEBUG:colcon.colcon_core.event_handler.log_command:Invoked command in '/home/livia/rl_6dof_ws/build/6dof_arm_bringup' returned '0': CMAKE_PREFIX_PATH=/home/livia/rl_6dof_ws/install/6dof_arm_description:/home/livia/ros2_ws/install/my_robot_description:/home/livia/ros2_ws/install/my_cpp_pkg:/home/livia/ros2_ws2/install/my_robot_interfaces:/home/livia/ros2_ws/install/my_robot_bringup:/home/livia/ros2_ws/install/my_robot_interfaces:/home/livia/ros2_ws/install/my_robot_gazebo_bringup:/home/livia/rl_6dof_ws/install/6dof_arm_bringup:/home/livia/rl_6dof_ws/install/6dof_arm_rl:/home/livia/ros2_ws/install/my_py_pkg:/home/livia/Documents/git/Catch-Them-All-Turtlesim-Project/Catch_Them_All_Turtlesim_Project_WS/install/turtlesim_catch_them_all:/opt/ros/humble /usr/bin/cmake --build /home/livia/rl_6dof_ws/build/6dof_arm_bringup -- -j4 -l4
[1.552s] DEBUG:colcon.colcon_core.event_handler.log_command:Invoking command in '/home/livia/rl_6dof_ws/build/6dof_arm_bringup': CMAKE_PREFIX_PATH=/home/livia/rl_6dof_ws/install/6dof_arm_description:/home/livia/ros2_ws/install/my_robot_description:/home/livia/ros2_ws/install/my_cpp_pkg:/home/livia/ros2_ws2/install/my_robot_interfaces:/home/livia/ros2_ws/install/my_robot_bringup:/home/livia/ros2_ws/install/my_robot_interfaces:/home/livia/ros2_ws/install/my_robot_gazebo_bringup:/home/livia/rl_6dof_ws/install/6dof_arm_bringup:/home/livia/rl_6dof_ws/install/6dof_arm_rl:/home/livia/ros2_ws/install/my_py_pkg:/home/livia/Documents/git/Catch-Them-All-Turtlesim-Project/Catch_Them_All_Turtlesim_Project_WS/install/turtlesim_catch_them_all:/opt/ros/humble /usr/bin/cmake --install /home/livia/rl_6dof_ws/build/6dof_arm_bringup
[1.575s] Level 1:colcon.colcon_core.environment:create_environment_scripts_only(6dof_arm_bringup)
[1.576s] Level 1:colcon.colcon_core.environment:checking '/home/livia/rl_6dof_ws/install/6dof_arm_bringup' for CMake module files
[1.577s] DEBUG:colcon.colcon_core.event_handler.log_command:Invoked command in '/home/livia/rl_6dof_ws/build/6dof_arm_bringup' returned '0': CMAKE_PREFIX_PATH=/home/livia/rl_6dof_ws/install/6dof_arm_description:/home/livia/ros2_ws/install/my_robot_description:/home/livia/ros2_ws/install/my_cpp_pkg:/home/livia/ros2_ws2/install/my_robot_interfaces:/home/livia/ros2_ws/install/my_robot_bringup:/home/livia/ros2_ws/install/my_robot_interfaces:/home/livia/ros2_ws/install/my_robot_gazebo_bringup:/home/livia/rl_6dof_ws/install/6dof_arm_bringup:/home/livia/rl_6dof_ws/install/6dof_arm_rl:/home/livia/ros2_ws/install/my_py_pkg:/home/livia/Documents/git/Catch-Them-All-Turtlesim-Project/Catch_Them_All_Turtlesim_Project_WS/install/turtlesim_catch_them_all:/opt/ros/humble /usr/bin/cmake --install /home/livia/rl_6dof_ws/build/6dof_arm_bringup
[1.577s] Level 1:colcon.colcon_core.environment:checking '/home/livia/rl_6dof_ws/install/6dof_arm_bringup' for CMake config files
[1.577s] Level 1:colcon.colcon_core.shell:create_environment_hook('6dof_arm_bringup', 'cmake_prefix_path')
[1.577s] INFO:colcon.colcon_core.shell:Creating environment hook '/home/livia/rl_6dof_ws/install/6dof_arm_bringup/share/6dof_arm_bringup/hook/cmake_prefix_path.ps1'
[1.578s] INFO:colcon.colcon_core.shell:Creating environment descriptor '/home/livia/rl_6dof_ws/install/6dof_arm_bringup/share/6dof_arm_bringup/hook/cmake_prefix_path.dsv'
[1.578s] INFO:colcon.colcon_core.shell:Creating environment hook '/home/livia/rl_6dof_ws/install/6dof_arm_bringup/share/6dof_arm_bringup/hook/cmake_prefix_path.sh'
[1.579s] Level 1:colcon.colcon_core.environment:checking '/home/livia/rl_6dof_ws/install/6dof_arm_bringup/bin'
[1.579s] Level 1:colcon.colcon_core.environment:checking '/home/livia/rl_6dof_ws/install/6dof_arm_bringup/lib/pkgconfig/6dof_arm_bringup.pc'
[1.579s] Level 1:colcon.colcon_core.environment:checking '/home/livia/rl_6dof_ws/install/6dof_arm_bringup/lib/python3.10/site-packages'
[1.579s] Level 1:colcon.colcon_core.environment:checking '/home/livia/rl_6dof_ws/install/6dof_arm_bringup/bin'
[1.580s] INFO:colcon.colcon_core.shell:Creating package script '/home/livia/rl_6dof_ws/install/6dof_arm_bringup/share/6dof_arm_bringup/package.ps1'
[1.580s] INFO:colcon.colcon_core.shell:Creating package descriptor '/home/livia/rl_6dof_ws/install/6dof_arm_bringup/share/6dof_arm_bringup/package.dsv'
[1.580s] INFO:colcon.colcon_core.shell:Creating package script '/home/livia/rl_6dof_ws/install/6dof_arm_bringup/share/6dof_arm_bringup/package.sh'
[1.581s] INFO:colcon.colcon_core.shell:Creating package script '/home/livia/rl_6dof_ws/install/6dof_arm_bringup/share/6dof_arm_bringup/package.bash'
[1.581s] INFO:colcon.colcon_core.shell:Creating package script '/home/livia/rl_6dof_ws/install/6dof_arm_bringup/share/6dof_arm_bringup/package.zsh'
[1.582s] Level 1:colcon.colcon_core.environment:create_file_with_runtime_dependencies(/home/livia/rl_6dof_ws/install/6dof_arm_bringup/share/colcon-core/packages/6dof_arm_bringup)
[1.582s] Level 1:colcon.colcon_core.environment:create_environment_scripts_only(6dof_arm_bringup)
[1.582s] Level 1:colcon.colcon_core.environment:checking '/home/livia/rl_6dof_ws/install/6dof_arm_bringup' for CMake module files
[1.583s] Level 1:colcon.colcon_core.environment:checking '/home/livia/rl_6dof_ws/install/6dof_arm_bringup' for CMake config files
[1.583s] Level 1:colcon.colcon_core.shell:create_environment_hook('6dof_arm_bringup', 'cmake_prefix_path')
[1.583s] INFO:colcon.colcon_core.shell:Creating environment hook '/home/livia/rl_6dof_ws/install/6dof_arm_bringup/share/6dof_arm_bringup/hook/cmake_prefix_path.ps1'
[1.584s] INFO:colcon.colcon_core.shell:Creating environment descriptor '/home/livia/rl_6dof_ws/install/6dof_arm_bringup/share/6dof_arm_bringup/hook/cmake_prefix_path.dsv'
[1.584s] INFO:colcon.colcon_core.shell:Creating environment hook '/home/livia/rl_6dof_ws/install/6dof_arm_bringup/share/6dof_arm_bringup/hook/cmake_prefix_path.sh'
[1.584s] Level 1:colcon.colcon_core.environment:checking '/home/livia/rl_6dof_ws/install/6dof_arm_bringup/bin'
[1.585s] Level 1:colcon.colcon_core.environment:checking '/home/livia/rl_6dof_ws/install/6dof_arm_bringup/lib/pkgconfig/6dof_arm_bringup.pc'
[1.585s] Level 1:colcon.colcon_core.environment:checking '/home/livia/rl_6dof_ws/install/6dof_arm_bringup/lib/python3.10/site-packages'
[1.585s] Level 1:colcon.colcon_core.environment:checking '/home/livia/rl_6dof_ws/install/6dof_arm_bringup/bin'
[1.585s] INFO:colcon.colcon_core.shell:Creating package script '/home/livia/rl_6dof_ws/install/6dof_arm_bringup/share/6dof_arm_bringup/package.ps1'
[1.586s] INFO:colcon.colcon_core.shell:Creating package descriptor '/home/livia/rl_6dof_ws/install/6dof_arm_bringup/share/6dof_arm_bringup/package.dsv'
[1.586s] INFO:colcon.colcon_core.shell:Creating package script '/home/livia/rl_6dof_ws/install/6dof_arm_bringup/share/6dof_arm_bringup/package.sh'
[1.587s] INFO:colcon.colcon_core.shell:Creating package script '/home/livia/rl_6dof_ws/install/6dof_arm_bringup/share/6dof_arm_bringup/package.bash'
[1.587s] INFO:colcon.colcon_core.shell:Creating package script '/home/livia/rl_6dof_ws/install/6dof_arm_bringup/share/6dof_arm_bringup/package.zsh'
[1.587s] Level 1:colcon.colcon_core.environment:create_file_with_runtime_dependencies(/home/livia/rl_6dof_ws/install/6dof_arm_bringup/share/colcon-core/packages/6dof_arm_bringup)
[1.668s] DEBUG:colcon.colcon_core.event_handler.log_command:Invoked command in '/home/livia/rl_6dof_ws/build/6dof_arm_rl' returned '0': PYTHONPATH=/home/livia/rl_6dof_ws/build/6dof_arm_rl/prefix_override:/usr/lib/python3/dist-packages/colcon_core/task/python/colcon_distutils_commands:/home/livia/rl_6dof_ws/install/6dof_arm_rl/lib/python3.10/site-packages:${PYTHONPATH} /usr/bin/python3 -W ignore:setup.py install is deprecated -W ignore:easy_install command is deprecated setup.py develop --uninstall --editable --build-directory /home/livia/rl_6dof_ws/build/6dof_arm_rl/build
[1.670s] DEBUG:colcon.colcon_core.event_handler.log_command:Invoking command in '/home/livia/rl_6dof_ws/src/6dof_arm_rl': PYTHONPATH=/home/livia/rl_6dof_ws/build/6dof_arm_rl/prefix_override:/usr/lib/python3/dist-packages/colcon_core/task/python/colcon_distutils_commands:/home/livia/rl_6dof_ws/install/6dof_arm_rl/lib/python3.10/site-packages:${PYTHONPATH} /usr/bin/python3 -W ignore:setup.py install is deprecated -W ignore:easy_install command is deprecated setup.py egg_info --egg-base ../../build/6dof_arm_rl build --build-base /home/livia/rl_6dof_ws/build/6dof_arm_rl/build install --record /home/livia/rl_6dof_ws/build/6dof_arm_rl/install.log --single-version-externally-managed install_data --force
[1.972s] Level 1:colcon.colcon_core.environment:checking '/home/livia/rl_6dof_ws/install/6dof_arm_rl' for CMake module files
[1.973s] DEBUG:colcon.colcon_core.event_handler.log_command:Invoked command in '/home/livia/rl_6dof_ws/src/6dof_arm_rl' returned '0': PYTHONPATH=/home/livia/rl_6dof_ws/build/6dof_arm_rl/prefix_override:/usr/lib/python3/dist-packages/colcon_core/task/python/colcon_distutils_commands:/home/livia/rl_6dof_ws/install/6dof_arm_rl/lib/python3.10/site-packages:${PYTHONPATH} /usr/bin/python3 -W ignore:setup.py install is deprecated -W ignore:easy_install command is deprecated setup.py egg_info --egg-base ../../build/6dof_arm_rl build --build-base /home/livia/rl_6dof_ws/build/6dof_arm_rl/build install --record /home/livia/rl_6dof_ws/build/6dof_arm_rl/install.log --single-version-externally-managed install_data --force
[1.973s] Level 1:colcon.colcon_core.environment:checking '/home/livia/rl_6dof_ws/install/6dof_arm_rl' for CMake config files
[1.973s] Level 1:colcon.colcon_core.environment:checking '/home/livia/rl_6dof_ws/install/6dof_arm_rl/lib'
[1.974s] Level 1:colcon.colcon_core.environment:checking '/home/livia/rl_6dof_ws/install/6dof_arm_rl/bin'
[1.974s] Level 1:colcon.colcon_core.environment:checking '/home/livia/rl_6dof_ws/install/6dof_arm_rl/lib/pkgconfig/6dof_arm_rl.pc'
[1.974s] Level 1:colcon.colcon_core.environment:checking '/home/livia/rl_6dof_ws/install/6dof_arm_rl/lib/python3.10/site-packages'
[1.974s] Level 1:colcon.colcon_core.shell:create_environment_hook('6dof_arm_rl', 'pythonpath')
[1.974s] INFO:colcon.colcon_core.shell:Creating environment hook '/home/livia/rl_6dof_ws/install/6dof_arm_rl/share/6dof_arm_rl/hook/pythonpath.ps1'
[1.975s] INFO:colcon.colcon_core.shell:Creating environment descriptor '/home/livia/rl_6dof_ws/install/6dof_arm_rl/share/6dof_arm_rl/hook/pythonpath.dsv'
[1.975s] INFO:colcon.colcon_core.shell:Creating environment hook '/home/livia/rl_6dof_ws/install/6dof_arm_rl/share/6dof_arm_rl/hook/pythonpath.sh'
[1.975s] Level 1:colcon.colcon_core.environment:checking '/home/livia/rl_6dof_ws/install/6dof_arm_rl/bin'
[1.975s] Level 1:colcon.colcon_core.environment:create_environment_scripts_only(6dof_arm_rl)
[1.976s] INFO:colcon.colcon_core.shell:Creating package script '/home/livia/rl_6dof_ws/install/6dof_arm_rl/share/6dof_arm_rl/package.ps1'
[1.976s] INFO:colcon.colcon_core.shell:Creating package descriptor '/home/livia/rl_6dof_ws/install/6dof_arm_rl/share/6dof_arm_rl/package.dsv'
[1.977s] INFO:colcon.colcon_core.shell:Creating package script '/home/livia/rl_6dof_ws/install/6dof_arm_rl/share/6dof_arm_rl/package.sh'
[1.977s] INFO:colcon.colcon_core.shell:Creating package script '/home/livia/rl_6dof_ws/install/6dof_arm_rl/share/6dof_arm_rl/package.bash'
[1.977s] INFO:colcon.colcon_core.shell:Creating package script '/home/livia/rl_6dof_ws/install/6dof_arm_rl/share/6dof_arm_rl/package.zsh'
[1.978s] Level 1:colcon.colcon_core.environment:create_file_with_runtime_dependencies(/home/livia/rl_6dof_ws/install/6dof_arm_rl/share/colcon-core/packages/6dof_arm_rl)
[1.978s] DEBUG:colcon.colcon_parallel_executor.executor.parallel:closing loop
[1.978s] DEBUG:colcon.colcon_parallel_executor.executor.parallel:loop closed
[1.978s] DEBUG:colcon.colcon_parallel_executor.executor.parallel:run_until_complete finished with '0'
[1.978s] DEBUG:colcon.colcon_core.event_reactor:joining thread
[1.983s] INFO:colcon.colcon_core.plugin_system:Skipping extension 'colcon_notification.desktop_notification.terminal_notifier': Not used on non-Darwin systems
[1.984s] INFO:colcon.colcon_core.plugin_system:Skipping extension 'colcon_notification.desktop_notification.win32': Not used on non-Windows systems
[1.984s] INFO:colcon.colcon_notification.desktop_notification:Sending desktop notification using 'notify2'
[1.995s] DEBUG:colcon.colcon_core.event_reactor:joined thread
[1.995s] INFO:colcon.colcon_core.shell:Creating prefix script '/home/livia/rl_6dof_ws/install/local_setup.ps1'
[1.996s] INFO:colcon.colcon_core.shell:Creating prefix util module '/home/livia/rl_6dof_ws/install/_local_setup_util_ps1.py'
[1.997s] INFO:colcon.colcon_core.shell:Creating prefix chain script '/home/livia/rl_6dof_ws/install/setup.ps1'
[1.999s] INFO:colcon.colcon_core.shell:Creating prefix script '/home/livia/rl_6dof_ws/install/local_setup.sh'
[2.000s] INFO:colcon.colcon_core.shell:Creating prefix util module '/home/livia/rl_6dof_ws/install/_local_setup_util_sh.py'
[2.001s] INFO:colcon.colcon_core.shell:Creating prefix chain script '/home/livia/rl_6dof_ws/install/setup.sh'
[2.003s] INFO:colcon.colcon_core.shell:Creating prefix script '/home/livia/rl_6dof_ws/install/local_setup.bash'
[2.003s] INFO:colcon.colcon_core.shell:Creating prefix chain script '/home/livia/rl_6dof_ws/install/setup.bash'
[2.004s] INFO:colcon.colcon_core.shell:Creating prefix script '/home/livia/rl_6dof_ws/install/local_setup.zsh'
[2.005s] INFO:colcon.colcon_core.shell:Creating prefix chain script '/home/livia/rl_6dof_ws/install/setup.zsh'
