[1.598s] Invoking command in '/home/livia/rl_6dof_ws/build/sixdof_arm_rl': CMAKE_PREFIX_PATH=/home/livia/rl_6dof_ws/install/sixdof_arm_interfaces:/home/livia/ros2_ws/install/my_robot_bringup:/home/livia/ros2_ws/install/my_robot_interfaces:/home/livia/ros2_ws/install/my_robot_description:/home/livia/ros2_ws/install/my_cpp_pkg:/home/livia/rl_6dof_ws/install/sixdof_arm_bringup:/home/livia/rl_6dof_ws/install/sixdof_arm_description CONDA_PROMPT_MODIFIER=(base) LD_LIBRARY_PATH=/home/livia/rl_6dof_ws/install/sixdof_arm_interfaces/lib:/home/livia/ros2_ws/install/my_robot_interfaces/lib:/usr/lib/x86_64-linux-gnu/gazebo-11/plugins:/opt/ros/humble/opt/rviz_ogre_vendor/lib:/opt/ros/humble/lib/x86_64-linux-gnu:/opt/ros/humble/lib:/usr/share/gazebo/../../lib/x86_64-linux-gnu/gazebo-11/plugins PYTHONPATH=/home/livia/rl_6dof_ws/build/sixdof_arm_rl/prefix_override:/usr/lib/python3/dist-packages/colcon_core/task/python/colcon_distutils_commands:/home/livia/rl_6dof_ws/install/sixdof_arm_rl/lib/python3.10/site-packages:${PYTHONPATH} /usr/bin/python3 -W ignore:setup.py install is deprecated -W ignore:easy_install command is deprecated setup.py develop --editable --build-directory /home/livia/rl_6dof_ws/build/sixdof_arm_rl/build --no-deps symlink_data
[2.171s] running develop
[2.512s] running egg_info
[2.512s] writing sixdof_arm_rl.egg-info/PKG-INFO
[2.512s] writing dependency_links to sixdof_arm_rl.egg-info/dependency_links.txt
[2.513s] writing entry points to sixdof_arm_rl.egg-info/entry_points.txt
[2.513s] writing requirements to sixdof_arm_rl.egg-info/requires.txt
[2.513s] writing top-level names to sixdof_arm_rl.egg-info/top_level.txt
[2.516s] reading manifest file 'sixdof_arm_rl.egg-info/SOURCES.txt'
[2.520s] writing manifest file 'sixdof_arm_rl.egg-info/SOURCES.txt'
[2.522s] running build_ext
[2.523s] Creating /home/livia/rl_6dof_ws/install/sixdof_arm_rl/lib/python3.10/site-packages/sixdof-arm-rl.egg-link (link to .)
[2.524s] Installing arm_control script to /home/livia/rl_6dof_ws/install/sixdof_arm_rl/lib/sixdof_arm_rl
[2.524s] Installing q_learning script to /home/livia/rl_6dof_ws/install/sixdof_arm_rl/lib/sixdof_arm_rl
[2.524s] Installing six_dof_arm_movement_client script to /home/livia/rl_6dof_ws/install/sixdof_arm_rl/lib/sixdof_arm_rl
[2.525s] Installing six_dof_arm_movement_server script to /home/livia/rl_6dof_ws/install/sixdof_arm_rl/lib/sixdof_arm_rl
[2.525s] Installing six_dof_arm_reset_client script to /home/livia/rl_6dof_ws/install/sixdof_arm_rl/lib/sixdof_arm_rl
[2.525s] Installing six_dof_arm_reset_server script to /home/livia/rl_6dof_ws/install/sixdof_arm_rl/lib/sixdof_arm_rl
[2.525s] 
[2.525s] Installed /home/livia/rl_6dof_ws/build/sixdof_arm_rl
[2.525s] running symlink_data
[2.575s] Invoked command in '/home/livia/rl_6dof_ws/build/sixdof_arm_rl' returned '0': CMAKE_PREFIX_PATH=/home/livia/rl_6dof_ws/install/sixdof_arm_interfaces:/home/livia/ros2_ws/install/my_robot_bringup:/home/livia/ros2_ws/install/my_robot_interfaces:/home/livia/ros2_ws/install/my_robot_description:/home/livia/ros2_ws/install/my_cpp_pkg:/home/livia/rl_6dof_ws/install/sixdof_arm_bringup:/home/livia/rl_6dof_ws/install/sixdof_arm_description CONDA_PROMPT_MODIFIER=(base) LD_LIBRARY_PATH=/home/livia/rl_6dof_ws/install/sixdof_arm_interfaces/lib:/home/livia/ros2_ws/install/my_robot_interfaces/lib:/usr/lib/x86_64-linux-gnu/gazebo-11/plugins:/opt/ros/humble/opt/rviz_ogre_vendor/lib:/opt/ros/humble/lib/x86_64-linux-gnu:/opt/ros/humble/lib:/usr/share/gazebo/../../lib/x86_64-linux-gnu/gazebo-11/plugins PYTHONPATH=/home/livia/rl_6dof_ws/build/sixdof_arm_rl/prefix_override:/usr/lib/python3/dist-packages/colcon_core/task/python/colcon_distutils_commands:/home/livia/rl_6dof_ws/install/sixdof_arm_rl/lib/python3.10/site-packages:${PYTHONPATH} /usr/bin/python3 -W ignore:setup.py install is deprecated -W ignore:easy_install command is deprecated setup.py develop --editable --build-directory /home/livia/rl_6dof_ws/build/sixdof_arm_rl/build --no-deps symlink_data
