[0.019s] Invoking command in '/home/livia/rl_6dof_ws/build/sixdof_arm_description': CMAKE_PREFIX_PATH=${CMAKE_PREFIX_PATH}:/home/livia/ros2_ws/install/my_py_pkg:/home/livia/ros2_ws/install/actions_py:/home/livia/Documents/git/Catch-Them-All-Turtlesim-Project/Catch_Them_All_Turtlesim_Project_WS/install/turtlesim_catch_them_all:/home/livia/rl_6dof_ws/install/sixdof_arm_rl:/opt/ros/humble CONDA_PROMPT_MODIFIER=(base) /usr/bin/cmake --build /home/livia/rl_6dof_ws/build/sixdof_arm_description -- -j4 -l4
[0.113s] Invoked command in '/home/livia/rl_6dof_ws/build/sixdof_arm_description' returned '0': CMAKE_PREFIX_PATH=${CMAKE_PREFIX_PATH}:/home/livia/ros2_ws/install/my_py_pkg:/home/livia/ros2_ws/install/actions_py:/home/livia/Documents/git/Catch-Them-All-Turtlesim-Project/Catch_Them_All_Turtlesim_Project_WS/install/turtlesim_catch_them_all:/home/livia/rl_6dof_ws/install/sixdof_arm_rl:/opt/ros/humble CONDA_PROMPT_MODIFIER=(base) /usr/bin/cmake --build /home/livia/rl_6dof_ws/build/sixdof_arm_description -- -j4 -l4
[0.124s] Invoking command in '/home/livia/rl_6dof_ws/build/sixdof_arm_description': CMAKE_PREFIX_PATH=${CMAKE_PREFIX_PATH}:/home/livia/ros2_ws/install/my_py_pkg:/home/livia/ros2_ws/install/actions_py:/home/livia/Documents/git/Catch-Them-All-Turtlesim-Project/Catch_Them_All_Turtlesim_Project_WS/install/turtlesim_catch_them_all:/home/livia/rl_6dof_ws/install/sixdof_arm_rl:/opt/ros/humble CONDA_PROMPT_MODIFIER=(base) /usr/bin/cmake --install /home/livia/rl_6dof_ws/build/sixdof_arm_description
[0.133s] -- Install configuration: ""
[0.134s] -- Execute custom install script
[0.136s] -- Up-to-date symlink: /home/livia/rl_6dof_ws/install/sixdof_arm_description/share/sixdof_arm_description//urdf/lidar_sensor.urdf.xacro
[0.136s] -- Up-to-date symlink: /home/livia/rl_6dof_ws/install/sixdof_arm_description/share/sixdof_arm_description//urdf/mobile_base.urdf
[0.137s] -- Up-to-date symlink: /home/livia/rl_6dof_ws/install/sixdof_arm_description/share/sixdof_arm_description//urdf/mobile_base.urdf.xacro
[0.137s] -- Up-to-date symlink: /home/livia/rl_6dof_ws/install/sixdof_arm_description/share/sixdof_arm_description//urdf/ros2_control.xacro
[0.137s] -- Up-to-date symlink: /home/livia/rl_6dof_ws/install/sixdof_arm_description/share/sixdof_arm_description//urdf/sixdof_arm.trans
[0.138s] -- Up-to-date symlink: /home/livia/rl_6dof_ws/install/sixdof_arm_description/share/sixdof_arm_description//urdf/sixdof_arm.urdf.xacro
[0.138s] -- Up-to-date symlink: /home/livia/rl_6dof_ws/install/sixdof_arm_description/share/sixdof_arm_description//urdf/sixdof_arm_properties.urdf.xacro
[0.140s] -- Up-to-date symlink: /home/livia/rl_6dof_ws/install/sixdof_arm_description/share/sixdof_arm_description//meshes/sixdof_arm/base_link.stl
[0.140s] -- Up-to-date symlink: /home/livia/rl_6dof_ws/install/sixdof_arm_description/share/sixdof_arm_description//meshes/sixdof_arm/gripper.stl
[0.141s] -- Up-to-date symlink: /home/livia/rl_6dof_ws/install/sixdof_arm_description/share/sixdof_arm_description//meshes/sixdof_arm/link_1.stl
[0.141s] -- Up-to-date symlink: /home/livia/rl_6dof_ws/install/sixdof_arm_description/share/sixdof_arm_description//meshes/sixdof_arm/link_2.stl
[0.142s] -- Up-to-date symlink: /home/livia/rl_6dof_ws/install/sixdof_arm_description/share/sixdof_arm_description//meshes/sixdof_arm/link_3.stl
[0.142s] -- Up-to-date symlink: /home/livia/rl_6dof_ws/install/sixdof_arm_description/share/sixdof_arm_description//meshes/sixdof_arm/link_4.stl
[0.143s] -- Up-to-date symlink: /home/livia/rl_6dof_ws/install/sixdof_arm_description/share/sixdof_arm_description//meshes/sixdof_arm/link_5.stl
[0.143s] -- Up-to-date symlink: /home/livia/rl_6dof_ws/install/sixdof_arm_description/share/sixdof_arm_description//meshes/sixdof_arm/link_6.stl
[0.144s] -- Up-to-date symlink: /home/livia/rl_6dof_ws/install/sixdof_arm_description/share/sixdof_arm_description//config/sixdof_arm_controllers.yaml
[0.144s] -- Up-to-date symlink: /home/livia/rl_6dof_ws/install/sixdof_arm_description/share/ament_index/resource_index/package_run_dependencies/sixdof_arm_description
[0.145s] -- Up-to-date symlink: /home/livia/rl_6dof_ws/install/sixdof_arm_description/share/ament_index/resource_index/parent_prefix_path/sixdof_arm_description
[0.145s] -- Up-to-date symlink: /home/livia/rl_6dof_ws/install/sixdof_arm_description/share/sixdof_arm_description/environment/ament_prefix_path.sh
[0.145s] -- Up-to-date symlink: /home/livia/rl_6dof_ws/install/sixdof_arm_description/share/sixdof_arm_description/environment/ament_prefix_path.dsv
[0.146s] -- Up-to-date symlink: /home/livia/rl_6dof_ws/install/sixdof_arm_description/share/sixdof_arm_description/environment/path.sh
[0.146s] -- Up-to-date symlink: /home/livia/rl_6dof_ws/install/sixdof_arm_description/share/sixdof_arm_description/environment/path.dsv
[0.147s] -- Up-to-date symlink: /home/livia/rl_6dof_ws/install/sixdof_arm_description/share/sixdof_arm_description/local_setup.bash
[0.147s] -- Up-to-date symlink: /home/livia/rl_6dof_ws/install/sixdof_arm_description/share/sixdof_arm_description/local_setup.sh
[0.148s] -- Up-to-date symlink: /home/livia/rl_6dof_ws/install/sixdof_arm_description/share/sixdof_arm_description/local_setup.zsh
[0.148s] -- Up-to-date symlink: /home/livia/rl_6dof_ws/install/sixdof_arm_description/share/sixdof_arm_description/local_setup.dsv
[0.148s] -- Symlinking: /home/livia/rl_6dof_ws/install/sixdof_arm_description/share/sixdof_arm_description/package.dsv
[0.158s] -- Up-to-date symlink: /home/livia/rl_6dof_ws/install/sixdof_arm_description/share/ament_index/resource_index/packages/sixdof_arm_description
[0.158s] -- Up-to-date symlink: /home/livia/rl_6dof_ws/install/sixdof_arm_description/share/sixdof_arm_description/cmake/sixdof_arm_descriptionConfig.cmake
[0.159s] -- Up-to-date symlink: /home/livia/rl_6dof_ws/install/sixdof_arm_description/share/sixdof_arm_description/cmake/sixdof_arm_descriptionConfig-version.cmake
[0.159s] -- Up-to-date symlink: /home/livia/rl_6dof_ws/install/sixdof_arm_description/share/sixdof_arm_description/package.xml
[0.162s] Invoked command in '/home/livia/rl_6dof_ws/build/sixdof_arm_description' returned '0': CMAKE_PREFIX_PATH=${CMAKE_PREFIX_PATH}:/home/livia/ros2_ws/install/my_py_pkg:/home/livia/ros2_ws/install/actions_py:/home/livia/Documents/git/Catch-Them-All-Turtlesim-Project/Catch_Them_All_Turtlesim_Project_WS/install/turtlesim_catch_them_all:/home/livia/rl_6dof_ws/install/sixdof_arm_rl:/opt/ros/humble CONDA_PROMPT_MODIFIER=(base) /usr/bin/cmake --install /home/livia/rl_6dof_ws/build/sixdof_arm_description
