[0.731s] Invoking command in '/home/livia/rl_6dof_ws/build/sixdof_arm_rl': CMAKE_PREFIX_PATH=/home/livia/rl_6dof_ws/install/sixdof_arm_interfaces:/home/livia/ros2_ws/install/my_robot_bringup:/home/livia/ros2_ws/install/my_robot_interfaces:/home/livia/ros2_ws/install/my_robot_description:/home/livia/ros2_ws/install/my_cpp_pkg:/home/livia/rl_6dof_ws/install/sixdof_arm_bringup:/home/livia/rl_6dof_ws/install/sixdof_arm_description LD_LIBRARY_PATH=/home/livia/rl_6dof_ws/install/sixdof_arm_interfaces/lib:/home/livia/ros2_ws/install/my_robot_interfaces/lib:/usr/lib/x86_64-linux-gnu/gazebo-11/plugins:/opt/ros/humble/opt/rviz_ogre_vendor/lib:/opt/ros/humble/lib/x86_64-linux-gnu:/opt/ros/humble/lib:/usr/share/gazebo/../../lib/x86_64-linux-gnu/gazebo-11/plugins:/usr/share/gazebo/../../lib/x86_64-linux-gnu/gazebo-11/plugins:/usr/share/gazebo/../../lib/x86_64-linux-gnu/gazebo-11/plugins:/usr/share/gazebo/../../lib/x86_64-linux-gnu/gazebo-11/plugins:/usr/share/gazebo/../../lib/x86_64-linux-gnu/gazebo-11/plugins:/usr/share/gazebo/../../lib/x86_64-linux-gnu/gazebo-11/plugins:/usr/share/gazebo/../../lib/x86_64-linux-gnu/gazebo-11/plugins:/usr/share/gazebo/../../lib/x86_64-linux-gnu/gazebo-11/plugins:/usr/share/gazebo/../../lib/x86_64-linux-gnu/gazebo-11/plugins:/usr/share/gazebo/../../lib/x86_64-linux-gnu/gazebo-11/plugins PYTHONPATH=/home/livia/rl_6dof_ws/build/sixdof_arm_rl/prefix_override:/usr/lib/python3/dist-packages/colcon_core/task/python/colcon_distutils_commands:/home/livia/rl_6dof_ws/install/sixdof_arm_rl/lib/python3.10/site-packages:${PYTHONPATH} /usr/bin/python3 -W ignore:setup.py install is deprecated -W ignore:easy_install command is deprecated setup.py develop --editable --build-directory /home/livia/rl_6dof_ws/build/sixdof_arm_rl/build --no-deps symlink_data
[1.053s] running develop
[1.243s] running egg_info
[1.243s] creating sixdof_arm_rl.egg-info
[1.244s] writing sixdof_arm_rl.egg-info/PKG-INFO
[1.244s] writing dependency_links to sixdof_arm_rl.egg-info/dependency_links.txt
[1.244s] writing entry points to sixdof_arm_rl.egg-info/entry_points.txt
[1.244s] writing requirements to sixdof_arm_rl.egg-info/requires.txt
[1.244s] writing top-level names to sixdof_arm_rl.egg-info/top_level.txt
[1.244s] writing manifest file 'sixdof_arm_rl.egg-info/SOURCES.txt'
[1.246s] reading manifest file 'sixdof_arm_rl.egg-info/SOURCES.txt'
[1.247s] writing manifest file 'sixdof_arm_rl.egg-info/SOURCES.txt'
[1.248s] running build_ext
[1.249s] Creating /home/livia/rl_6dof_ws/install/sixdof_arm_rl/lib/python3.10/site-packages/sixdof-arm-rl.egg-link (link to .)
[1.249s] Installing arm_control script to /home/livia/rl_6dof_ws/install/sixdof_arm_rl/lib/sixdof_arm_rl
[1.250s] Installing q_learning script to /home/livia/rl_6dof_ws/install/sixdof_arm_rl/lib/sixdof_arm_rl
[1.250s] Installing six_dof_arm_movement_client script to /home/livia/rl_6dof_ws/install/sixdof_arm_rl/lib/sixdof_arm_rl
[1.250s] Installing six_dof_arm_movement_server script to /home/livia/rl_6dof_ws/install/sixdof_arm_rl/lib/sixdof_arm_rl
[1.250s] 
[1.250s] Installed /home/livia/rl_6dof_ws/build/sixdof_arm_rl
[1.251s] running symlink_data
[1.251s] creating /home/livia/rl_6dof_ws/install/sixdof_arm_rl/share/ament_index
[1.251s] creating /home/livia/rl_6dof_ws/install/sixdof_arm_rl/share/ament_index/resource_index
[1.251s] creating /home/livia/rl_6dof_ws/install/sixdof_arm_rl/share/ament_index/resource_index/packages
[1.251s] symbolically linking /home/livia/rl_6dof_ws/build/sixdof_arm_rl/resource/sixdof_arm_rl -> /home/livia/rl_6dof_ws/install/sixdof_arm_rl/share/ament_index/resource_index/packages
[1.251s] symbolically linking /home/livia/rl_6dof_ws/build/sixdof_arm_rl/package.xml -> /home/livia/rl_6dof_ws/install/sixdof_arm_rl/share/sixdof_arm_rl
[1.282s] Invoked command in '/home/livia/rl_6dof_ws/build/sixdof_arm_rl' returned '0': CMAKE_PREFIX_PATH=/home/livia/rl_6dof_ws/install/sixdof_arm_interfaces:/home/livia/ros2_ws/install/my_robot_bringup:/home/livia/ros2_ws/install/my_robot_interfaces:/home/livia/ros2_ws/install/my_robot_description:/home/livia/ros2_ws/install/my_cpp_pkg:/home/livia/rl_6dof_ws/install/sixdof_arm_bringup:/home/livia/rl_6dof_ws/install/sixdof_arm_description LD_LIBRARY_PATH=/home/livia/rl_6dof_ws/install/sixdof_arm_interfaces/lib:/home/livia/ros2_ws/install/my_robot_interfaces/lib:/usr/lib/x86_64-linux-gnu/gazebo-11/plugins:/opt/ros/humble/opt/rviz_ogre_vendor/lib:/opt/ros/humble/lib/x86_64-linux-gnu:/opt/ros/humble/lib:/usr/share/gazebo/../../lib/x86_64-linux-gnu/gazebo-11/plugins:/usr/share/gazebo/../../lib/x86_64-linux-gnu/gazebo-11/plugins:/usr/share/gazebo/../../lib/x86_64-linux-gnu/gazebo-11/plugins:/usr/share/gazebo/../../lib/x86_64-linux-gnu/gazebo-11/plugins:/usr/share/gazebo/../../lib/x86_64-linux-gnu/gazebo-11/plugins:/usr/share/gazebo/../../lib/x86_64-linux-gnu/gazebo-11/plugins:/usr/share/gazebo/../../lib/x86_64-linux-gnu/gazebo-11/plugins:/usr/share/gazebo/../../lib/x86_64-linux-gnu/gazebo-11/plugins:/usr/share/gazebo/../../lib/x86_64-linux-gnu/gazebo-11/plugins:/usr/share/gazebo/../../lib/x86_64-linux-gnu/gazebo-11/plugins PYTHONPATH=/home/livia/rl_6dof_ws/build/sixdof_arm_rl/prefix_override:/usr/lib/python3/dist-packages/colcon_core/task/python/colcon_distutils_commands:/home/livia/rl_6dof_ws/install/sixdof_arm_rl/lib/python3.10/site-packages:${PYTHONPATH} /usr/bin/python3 -W ignore:setup.py install is deprecated -W ignore:easy_install command is deprecated setup.py develop --editable --build-directory /home/livia/rl_6dof_ws/build/sixdof_arm_rl/build --no-deps symlink_data
