-- Install configuration: ""
-- Up-to-date: /home/livia/rl_6dof_ws/install/6dof_arm_description/share/6dof_arm_description//urdf
-- Up-to-date: /home/livia/rl_6dof_ws/install/6dof_arm_description/share/6dof_arm_description//urdf/6dof_arm.urdf.xacro
-- Up-to-date: /home/livia/rl_6dof_ws/install/6dof_arm_description/share/6dof_arm_description//urdf/mobile_base.xacro
-- Up-to-date: /home/livia/rl_6dof_ws/install/6dof_arm_description/share/6dof_arm_description//rviz
-- Up-to-date: /home/livia/rl_6dof_ws/install/6dof_arm_description/share/6dof_arm_description//meshes
-- Up-to-date: /home/livia/rl_6dof_ws/install/6dof_arm_description/share/6dof_arm_description//meshes/6dof_arm
-- Up-to-date: /home/livia/rl_6dof_ws/install/6dof_arm_description/share/6dof_arm_description//meshes/6dof_arm/base_link.stl
-- Up-to-date: /home/livia/rl_6dof_ws/install/6dof_arm_description/share/6dof_arm_description//meshes/sensors
-- Up-to-date: /home/livia/rl_6dof_ws/install/6dof_arm_description/share/ament_index/resource_index/package_run_dependencies/6dof_arm_description
-- Up-to-date: /home/livia/rl_6dof_ws/install/6dof_arm_description/share/ament_index/resource_index/parent_prefix_path/6dof_arm_description
-- Up-to-date: /home/livia/rl_6dof_ws/install/6dof_arm_description/share/6dof_arm_description/environment/ament_prefix_path.sh
-- Up-to-date: /home/livia/rl_6dof_ws/install/6dof_arm_description/share/6dof_arm_description/environment/ament_prefix_path.dsv
-- Up-to-date: /home/livia/rl_6dof_ws/install/6dof_arm_description/share/6dof_arm_description/environment/path.sh
-- Up-to-date: /home/livia/rl_6dof_ws/install/6dof_arm_description/share/6dof_arm_description/environment/path.dsv
-- Up-to-date: /home/livia/rl_6dof_ws/install/6dof_arm_description/share/6dof_arm_description/local_setup.bash
-- Up-to-date: /home/livia/rl_6dof_ws/install/6dof_arm_description/share/6dof_arm_description/local_setup.sh
-- Up-to-date: /home/livia/rl_6dof_ws/install/6dof_arm_description/share/6dof_arm_description/local_setup.zsh
-- Up-to-date: /home/livia/rl_6dof_ws/install/6dof_arm_description/share/6dof_arm_description/local_setup.dsv
-- Installing: /home/livia/rl_6dof_ws/install/6dof_arm_description/share/6dof_arm_description/package.dsv
-- Up-to-date: /home/livia/rl_6dof_ws/install/6dof_arm_description/share/ament_index/resource_index/packages/6dof_arm_description
-- Up-to-date: /home/livia/rl_6dof_ws/install/6dof_arm_description/share/6dof_arm_description/cmake/6dof_arm_descriptionConfig.cmake
-- Up-to-date: /home/livia/rl_6dof_ws/install/6dof_arm_description/share/6dof_arm_description/cmake/6dof_arm_descriptionConfig-version.cmake
-- Up-to-date: /home/livia/rl_6dof_ws/install/6dof_arm_description/share/6dof_arm_description/package.xml
