[0.110s] DEBUG:colcon:Command line arguments: ['/usr/bin/colcon', 'build', '--symlink-install']
[0.110s] DEBUG:colcon:Parsed command line arguments: Namespace(log_base=None, log_level=None, verb_name='build', build_base='build', install_base='install', merge_install=False, symlink_install=True, test_result_base=None, continue_on_error=False, executor='parallel', parallel_workers=4, event_handlers=None, ignore_user_meta=False, metas=['./colcon.meta'], base_paths=['.'], packages_ignore=None, packages_ignore_regex=None, paths=None, packages_up_to=None, packages_up_to_regex=None, packages_above=None, packages_above_and_dependencies=None, packages_above_depth=None, packages_select_by_dep=None, packages_skip_by_dep=None, packages_skip_up_to=None, packages_select_build_failed=False, packages_skip_build_finished=False, packages_select_test_failures=False, packages_skip_test_passed=False, packages_select=None, packages_skip=None, packages_select_regex=None, packages_skip_regex=None, packages_start=None, packages_end=None, allow_overriding=[], cmake_args=None, cmake_target=None, cmake_target_skip_unavailable=False, cmake_clean_cache=False, cmake_clean_first=False, cmake_force_configure=False, ament_cmake_args=None, catkin_cmake_args=None, catkin_skip_building_tests=False, verb_parser=<colcon_defaults.argument_parser.defaults.DefaultArgumentsDecorator object at 0x77c0fa511780>, verb_extension=<colcon_core.verb.build.BuildVerb object at 0x77c0fa510be0>, main=<bound method BuildVerb.main of <colcon_core.verb.build.BuildVerb object at 0x77c0fa510be0>>)
[0.284s] Level 1:colcon.colcon_core.package_discovery:discover_packages(colcon_meta) check parameters
[0.284s] Level 1:colcon.colcon_core.package_discovery:discover_packages(recursive) check parameters
[0.284s] Level 1:colcon.colcon_core.package_discovery:discover_packages(ignore) check parameters
[0.284s] Level 1:colcon.colcon_core.package_discovery:discover_packages(path) check parameters
[0.284s] Level 1:colcon.colcon_core.package_discovery:discover_packages(colcon_meta) discover
[0.284s] Level 1:colcon.colcon_core.package_discovery:discover_packages(recursive) discover
[0.284s] INFO:colcon.colcon_core.package_discovery:Crawling recursively for packages in '/home/livia/rl_6dof_ws'
[0.285s] Level 1:colcon.colcon_core.package_identification:_identify(.) by extensions ['ignore', 'ignore_ament_install']
[0.285s] Level 1:colcon.colcon_core.package_identification:_identify(.) by extension 'ignore'
[0.285s] Level 1:colcon.colcon_core.package_identification:_identify(.) by extension 'ignore_ament_install'
[0.285s] Level 1:colcon.colcon_core.package_identification:_identify(.) by extensions ['colcon_pkg']
[0.285s] Level 1:colcon.colcon_core.package_identification:_identify(.) by extension 'colcon_pkg'
[0.285s] Level 1:colcon.colcon_core.package_identification:_identify(.) by extensions ['colcon_meta']
[0.285s] Level 1:colcon.colcon_core.package_identification:_identify(.) by extension 'colcon_meta'
[0.285s] Level 1:colcon.colcon_core.package_identification:_identify(.) by extensions ['ros']
[0.285s] Level 1:colcon.colcon_core.package_identification:_identify(.) by extension 'ros'
[0.296s] Level 1:colcon.colcon_core.package_identification:_identify(.) by extensions ['cmake', 'python']
[0.296s] Level 1:colcon.colcon_core.package_identification:_identify(.) by extension 'cmake'
[0.296s] Level 1:colcon.colcon_core.package_identification:_identify(.) by extension 'python'
[0.296s] Level 1:colcon.colcon_core.package_identification:_identify(.) by extensions ['python_setup_py']
[0.296s] Level 1:colcon.colcon_core.package_identification:_identify(.) by extension 'python_setup_py'
[0.296s] Level 1:colcon.colcon_core.package_identification:_identify(build) by extensions ['ignore', 'ignore_ament_install']
[0.296s] Level 1:colcon.colcon_core.package_identification:_identify(build) by extension 'ignore'
[0.296s] Level 1:colcon.colcon_core.package_identification:_identify(build) ignored
[0.296s] Level 1:colcon.colcon_core.package_identification:_identify(install) by extensions ['ignore', 'ignore_ament_install']
[0.297s] Level 1:colcon.colcon_core.package_identification:_identify(install) by extension 'ignore'
[0.297s] Level 1:colcon.colcon_core.package_identification:_identify(install) ignored
[0.297s] Level 1:colcon.colcon_core.package_identification:_identify(log) by extensions ['ignore', 'ignore_ament_install']
[0.297s] Level 1:colcon.colcon_core.package_identification:_identify(log) by extension 'ignore'
[0.297s] Level 1:colcon.colcon_core.package_identification:_identify(log) ignored
[0.297s] Level 1:colcon.colcon_core.package_identification:_identify(src) by extensions ['ignore', 'ignore_ament_install']
[0.297s] Level 1:colcon.colcon_core.package_identification:_identify(src) by extension 'ignore'
[0.297s] Level 1:colcon.colcon_core.package_identification:_identify(src) by extension 'ignore_ament_install'
[0.297s] Level 1:colcon.colcon_core.package_identification:_identify(src) by extensions ['colcon_pkg']
[0.297s] Level 1:colcon.colcon_core.package_identification:_identify(src) by extension 'colcon_pkg'
[0.297s] Level 1:colcon.colcon_core.package_identification:_identify(src) by extensions ['colcon_meta']
[0.297s] Level 1:colcon.colcon_core.package_identification:_identify(src) by extension 'colcon_meta'
[0.297s] Level 1:colcon.colcon_core.package_identification:_identify(src) by extensions ['ros']
[0.297s] Level 1:colcon.colcon_core.package_identification:_identify(src) by extension 'ros'
[0.297s] Level 1:colcon.colcon_core.package_identification:_identify(src) by extensions ['cmake', 'python']
[0.297s] Level 1:colcon.colcon_core.package_identification:_identify(src) by extension 'cmake'
[0.297s] Level 1:colcon.colcon_core.package_identification:_identify(src) by extension 'python'
[0.297s] Level 1:colcon.colcon_core.package_identification:_identify(src) by extensions ['python_setup_py']
[0.297s] Level 1:colcon.colcon_core.package_identification:_identify(src) by extension 'python_setup_py'
[0.298s] Level 1:colcon.colcon_core.package_identification:_identify(src/sixdof_arm_bringup) by extensions ['ignore', 'ignore_ament_install']
[0.298s] Level 1:colcon.colcon_core.package_identification:_identify(src/sixdof_arm_bringup) by extension 'ignore'
[0.298s] Level 1:colcon.colcon_core.package_identification:_identify(src/sixdof_arm_bringup) by extension 'ignore_ament_install'
[0.298s] Level 1:colcon.colcon_core.package_identification:_identify(src/sixdof_arm_bringup) by extensions ['colcon_pkg']
[0.298s] Level 1:colcon.colcon_core.package_identification:_identify(src/sixdof_arm_bringup) by extension 'colcon_pkg'
[0.298s] Level 1:colcon.colcon_core.package_identification:_identify(src/sixdof_arm_bringup) by extensions ['colcon_meta']
[0.298s] Level 1:colcon.colcon_core.package_identification:_identify(src/sixdof_arm_bringup) by extension 'colcon_meta'
[0.298s] Level 1:colcon.colcon_core.package_identification:_identify(src/sixdof_arm_bringup) by extensions ['ros']
[0.298s] Level 1:colcon.colcon_core.package_identification:_identify(src/sixdof_arm_bringup) by extension 'ros'
[0.300s] DEBUG:colcon.colcon_core.package_identification:Package 'src/sixdof_arm_bringup' with type 'ros.ament_cmake' and name 'sixdof_arm_bringup'
[0.300s] Level 1:colcon.colcon_core.package_identification:_identify(src/sixdof_arm_description) by extensions ['ignore', 'ignore_ament_install']
[0.300s] Level 1:colcon.colcon_core.package_identification:_identify(src/sixdof_arm_description) by extension 'ignore'
[0.300s] Level 1:colcon.colcon_core.package_identification:_identify(src/sixdof_arm_description) by extension 'ignore_ament_install'
[0.300s] Level 1:colcon.colcon_core.package_identification:_identify(src/sixdof_arm_description) by extensions ['colcon_pkg']
[0.300s] Level 1:colcon.colcon_core.package_identification:_identify(src/sixdof_arm_description) by extension 'colcon_pkg'
[0.301s] Level 1:colcon.colcon_core.package_identification:_identify(src/sixdof_arm_description) by extensions ['colcon_meta']
[0.301s] Level 1:colcon.colcon_core.package_identification:_identify(src/sixdof_arm_description) by extension 'colcon_meta'
[0.301s] Level 1:colcon.colcon_core.package_identification:_identify(src/sixdof_arm_description) by extensions ['ros']
[0.301s] Level 1:colcon.colcon_core.package_identification:_identify(src/sixdof_arm_description) by extension 'ros'
[0.301s] DEBUG:colcon.colcon_core.package_identification:Package 'src/sixdof_arm_description' with type 'ros.ament_cmake' and name 'sixdof_arm_description'
[0.301s] Level 1:colcon.colcon_core.package_identification:_identify(src/sixdof_arm_interfaces) by extensions ['ignore', 'ignore_ament_install']
[0.302s] Level 1:colcon.colcon_core.package_identification:_identify(src/sixdof_arm_interfaces) by extension 'ignore'
[0.302s] Level 1:colcon.colcon_core.package_identification:_identify(src/sixdof_arm_interfaces) by extension 'ignore_ament_install'
[0.302s] Level 1:colcon.colcon_core.package_identification:_identify(src/sixdof_arm_interfaces) by extensions ['colcon_pkg']
[0.302s] Level 1:colcon.colcon_core.package_identification:_identify(src/sixdof_arm_interfaces) by extension 'colcon_pkg'
[0.302s] Level 1:colcon.colcon_core.package_identification:_identify(src/sixdof_arm_interfaces) by extensions ['colcon_meta']
[0.302s] Level 1:colcon.colcon_core.package_identification:_identify(src/sixdof_arm_interfaces) by extension 'colcon_meta'
[0.302s] Level 1:colcon.colcon_core.package_identification:_identify(src/sixdof_arm_interfaces) by extensions ['ros']
[0.302s] Level 1:colcon.colcon_core.package_identification:_identify(src/sixdof_arm_interfaces) by extension 'ros'
[0.302s] DEBUG:colcon.colcon_core.package_identification:Package 'src/sixdof_arm_interfaces' with type 'ros.ament_cmake' and name 'sixdof_arm_interfaces'
[0.302s] Level 1:colcon.colcon_core.package_identification:_identify(src/sixdof_arm_rl) by extensions ['ignore', 'ignore_ament_install']
[0.303s] Level 1:colcon.colcon_core.package_identification:_identify(src/sixdof_arm_rl) by extension 'ignore'
[0.303s] Level 1:colcon.colcon_core.package_identification:_identify(src/sixdof_arm_rl) by extension 'ignore_ament_install'
[0.303s] Level 1:colcon.colcon_core.package_identification:_identify(src/sixdof_arm_rl) by extensions ['colcon_pkg']
[0.303s] Level 1:colcon.colcon_core.package_identification:_identify(src/sixdof_arm_rl) by extension 'colcon_pkg'
[0.303s] Level 1:colcon.colcon_core.package_identification:_identify(src/sixdof_arm_rl) by extensions ['colcon_meta']
[0.303s] Level 1:colcon.colcon_core.package_identification:_identify(src/sixdof_arm_rl) by extension 'colcon_meta'
[0.303s] Level 1:colcon.colcon_core.package_identification:_identify(src/sixdof_arm_rl) by extensions ['ros']
[0.303s] Level 1:colcon.colcon_core.package_identification:_identify(src/sixdof_arm_rl) by extension 'ros'
[0.304s] DEBUG:colcon.colcon_core.package_identification:Package 'src/sixdof_arm_rl' with type 'ros.ament_python' and name 'sixdof_arm_rl'
[0.304s] Level 1:colcon.colcon_core.package_discovery:discover_packages(recursive) using defaults
[0.304s] Level 1:colcon.colcon_core.package_discovery:discover_packages(ignore) discover
[0.304s] Level 1:colcon.colcon_core.package_discovery:discover_packages(ignore) using defaults
[0.304s] Level 1:colcon.colcon_core.package_discovery:discover_packages(path) discover
[0.304s] Level 1:colcon.colcon_core.package_discovery:discover_packages(path) using defaults
[0.334s] Level 1:colcon.colcon_core.package_discovery:discover_packages(prefix_path) check parameters
[0.334s] Level 1:colcon.colcon_core.package_discovery:discover_packages(prefix_path) discover
[0.340s] DEBUG:colcon.colcon_installed_package_information.package_discovery:Found 1 installed packages in /home/livia/Documents/git/Catch-Them-All-Turtlesim-Project/Catch_Them_All_Turtlesim_Project_WS/install
[0.341s] DEBUG:colcon.colcon_installed_package_information.package_discovery:Found 6 installed packages in /home/livia/ros2_ws/install
[0.341s] DEBUG:colcon.colcon_installed_package_information.package_discovery:Found 4 installed packages in /home/livia/rl_6dof_ws/install
[0.343s] DEBUG:colcon.colcon_installed_package_information.package_discovery:Found 338 installed packages in /opt/ros/humble
[0.345s] Level 1:colcon.colcon_core.package_discovery:discover_packages(prefix_path) using defaults
[0.419s] Level 5:colcon.colcon_core.verb:set package 'sixdof_arm_description' build argument 'cmake_args' from command line to 'None'
[0.420s] Level 5:colcon.colcon_core.verb:set package 'sixdof_arm_description' build argument 'cmake_target' from command line to 'None'
[0.420s] Level 5:colcon.colcon_core.verb:set package 'sixdof_arm_description' build argument 'cmake_target_skip_unavailable' from command line to 'False'
[0.420s] Level 5:colcon.colcon_core.verb:set package 'sixdof_arm_description' build argument 'cmake_clean_cache' from command line to 'False'
[0.420s] Level 5:colcon.colcon_core.verb:set package 'sixdof_arm_description' build argument 'cmake_clean_first' from command line to 'False'
[0.420s] Level 5:colcon.colcon_core.verb:set package 'sixdof_arm_description' build argument 'cmake_force_configure' from command line to 'False'
[0.420s] Level 5:colcon.colcon_core.verb:set package 'sixdof_arm_description' build argument 'ament_cmake_args' from command line to 'None'
[0.420s] Level 5:colcon.colcon_core.verb:set package 'sixdof_arm_description' build argument 'catkin_cmake_args' from command line to 'None'
[0.420s] Level 5:colcon.colcon_core.verb:set package 'sixdof_arm_description' build argument 'catkin_skip_building_tests' from command line to 'False'
[0.420s] DEBUG:colcon.colcon_core.verb:Building package 'sixdof_arm_description' with the following arguments: {'ament_cmake_args': None, 'build_base': '/home/livia/rl_6dof_ws/build/sixdof_arm_description', 'catkin_cmake_args': None, 'catkin_skip_building_tests': False, 'cmake_args': None, 'cmake_clean_cache': False, 'cmake_clean_first': False, 'cmake_force_configure': False, 'cmake_target': None, 'cmake_target_skip_unavailable': False, 'install_base': '/home/livia/rl_6dof_ws/install/sixdof_arm_description', 'merge_install': False, 'path': '/home/livia/rl_6dof_ws/src/sixdof_arm_description', 'symlink_install': True, 'test_result_base': None}
[0.420s] Level 5:colcon.colcon_core.verb:set package 'sixdof_arm_interfaces' build argument 'cmake_args' from command line to 'None'
[0.420s] Level 5:colcon.colcon_core.verb:set package 'sixdof_arm_interfaces' build argument 'cmake_target' from command line to 'None'
[0.420s] Level 5:colcon.colcon_core.verb:set package 'sixdof_arm_interfaces' build argument 'cmake_target_skip_unavailable' from command line to 'False'
[0.420s] Level 5:colcon.colcon_core.verb:set package 'sixdof_arm_interfaces' build argument 'cmake_clean_cache' from command line to 'False'
[0.420s] Level 5:colcon.colcon_core.verb:set package 'sixdof_arm_interfaces' build argument 'cmake_clean_first' from command line to 'False'
[0.420s] Level 5:colcon.colcon_core.verb:set package 'sixdof_arm_interfaces' build argument 'cmake_force_configure' from command line to 'False'
[0.420s] Level 5:colcon.colcon_core.verb:set package 'sixdof_arm_interfaces' build argument 'ament_cmake_args' from command line to 'None'
[0.420s] Level 5:colcon.colcon_core.verb:set package 'sixdof_arm_interfaces' build argument 'catkin_cmake_args' from command line to 'None'
[0.420s] Level 5:colcon.colcon_core.verb:set package 'sixdof_arm_interfaces' build argument 'catkin_skip_building_tests' from command line to 'False'
[0.420s] DEBUG:colcon.colcon_core.verb:Building package 'sixdof_arm_interfaces' with the following arguments: {'ament_cmake_args': None, 'build_base': '/home/livia/rl_6dof_ws/build/sixdof_arm_interfaces', 'catkin_cmake_args': None, 'catkin_skip_building_tests': False, 'cmake_args': None, 'cmake_clean_cache': False, 'cmake_clean_first': False, 'cmake_force_configure': False, 'cmake_target': None, 'cmake_target_skip_unavailable': False, 'install_base': '/home/livia/rl_6dof_ws/install/sixdof_arm_interfaces', 'merge_install': False, 'path': '/home/livia/rl_6dof_ws/src/sixdof_arm_interfaces', 'symlink_install': True, 'test_result_base': None}
[0.421s] Level 5:colcon.colcon_core.verb:set package 'sixdof_arm_rl' build argument 'cmake_args' from command line to 'None'
[0.421s] Level 5:colcon.colcon_core.verb:set package 'sixdof_arm_rl' build argument 'cmake_target' from command line to 'None'
[0.421s] Level 5:colcon.colcon_core.verb:set package 'sixdof_arm_rl' build argument 'cmake_target_skip_unavailable' from command line to 'False'
[0.421s] Level 5:colcon.colcon_core.verb:set package 'sixdof_arm_rl' build argument 'cmake_clean_cache' from command line to 'False'
[0.421s] Level 5:colcon.colcon_core.verb:set package 'sixdof_arm_rl' build argument 'cmake_clean_first' from command line to 'False'
[0.421s] Level 5:colcon.colcon_core.verb:set package 'sixdof_arm_rl' build argument 'cmake_force_configure' from command line to 'False'
[0.421s] Level 5:colcon.colcon_core.verb:set package 'sixdof_arm_rl' build argument 'ament_cmake_args' from command line to 'None'
[0.421s] Level 5:colcon.colcon_core.verb:set package 'sixdof_arm_rl' build argument 'catkin_cmake_args' from command line to 'None'
[0.421s] Level 5:colcon.colcon_core.verb:set package 'sixdof_arm_rl' build argument 'catkin_skip_building_tests' from command line to 'False'
[0.421s] DEBUG:colcon.colcon_core.verb:Building package 'sixdof_arm_rl' with the following arguments: {'ament_cmake_args': None, 'build_base': '/home/livia/rl_6dof_ws/build/sixdof_arm_rl', 'catkin_cmake_args': None, 'catkin_skip_building_tests': False, 'cmake_args': None, 'cmake_clean_cache': False, 'cmake_clean_first': False, 'cmake_force_configure': False, 'cmake_target': None, 'cmake_target_skip_unavailable': False, 'install_base': '/home/livia/rl_6dof_ws/install/sixdof_arm_rl', 'merge_install': False, 'path': '/home/livia/rl_6dof_ws/src/sixdof_arm_rl', 'symlink_install': True, 'test_result_base': None}
[0.421s] Level 5:colcon.colcon_core.verb:set package 'sixdof_arm_bringup' build argument 'cmake_args' from command line to 'None'
[0.421s] Level 5:colcon.colcon_core.verb:set package 'sixdof_arm_bringup' build argument 'cmake_target' from command line to 'None'
[0.421s] Level 5:colcon.colcon_core.verb:set package 'sixdof_arm_bringup' build argument 'cmake_target_skip_unavailable' from command line to 'False'
[0.421s] Level 5:colcon.colcon_core.verb:set package 'sixdof_arm_bringup' build argument 'cmake_clean_cache' from command line to 'False'
[0.421s] Level 5:colcon.colcon_core.verb:set package 'sixdof_arm_bringup' build argument 'cmake_clean_first' from command line to 'False'
[0.421s] Level 5:colcon.colcon_core.verb:set package 'sixdof_arm_bringup' build argument 'cmake_force_configure' from command line to 'False'
[0.421s] Level 5:colcon.colcon_core.verb:set package 'sixdof_arm_bringup' build argument 'ament_cmake_args' from command line to 'None'
[0.421s] Level 5:colcon.colcon_core.verb:set package 'sixdof_arm_bringup' build argument 'catkin_cmake_args' from command line to 'None'
[0.421s] Level 5:colcon.colcon_core.verb:set package 'sixdof_arm_bringup' build argument 'catkin_skip_building_tests' from command line to 'False'
[0.421s] DEBUG:colcon.colcon_core.verb:Building package 'sixdof_arm_bringup' with the following arguments: {'ament_cmake_args': None, 'build_base': '/home/livia/rl_6dof_ws/build/sixdof_arm_bringup', 'catkin_cmake_args': None, 'catkin_skip_building_tests': False, 'cmake_args': None, 'cmake_clean_cache': False, 'cmake_clean_first': False, 'cmake_force_configure': False, 'cmake_target': None, 'cmake_target_skip_unavailable': False, 'install_base': '/home/livia/rl_6dof_ws/install/sixdof_arm_bringup', 'merge_install': False, 'path': '/home/livia/rl_6dof_ws/src/sixdof_arm_bringup', 'symlink_install': True, 'test_result_base': None}
[0.422s] INFO:colcon.colcon_core.executor:Executing jobs using 'parallel' executor
[0.423s] DEBUG:colcon.colcon_parallel_executor.executor.parallel:run_until_complete
[0.423s] INFO:colcon.colcon_ros.task.ament_cmake.build:Building ROS package in '/home/livia/rl_6dof_ws/src/sixdof_arm_interfaces' with build type 'ament_cmake'
[0.423s] INFO:colcon.colcon_cmake.task.cmake.build:Building CMake package in '/home/livia/rl_6dof_ws/src/sixdof_arm_interfaces'
[0.427s] INFO:colcon.colcon_core.plugin_system:Skipping extension 'colcon_core.shell.bat': Not used on non-Windows systems
[0.427s] INFO:colcon.colcon_core.shell:Skip shell extension 'powershell' for command environment: Not usable outside of PowerShell
[0.427s] DEBUG:colcon.colcon_core.shell:Skip shell extension 'dsv' for command environment
[0.433s] INFO:colcon.colcon_ros.task.ament_cmake.build:Building ROS package in '/home/livia/rl_6dof_ws/src/sixdof_arm_description' with build type 'ament_cmake'
[0.433s] INFO:colcon.colcon_cmake.task.cmake.build:Building CMake package in '/home/livia/rl_6dof_ws/src/sixdof_arm_description'
[0.433s] INFO:colcon.colcon_core.shell:Skip shell extension 'powershell' for command environment: Not usable outside of PowerShell
[0.433s] DEBUG:colcon.colcon_core.shell:Skip shell extension 'dsv' for command environment
[0.444s] DEBUG:colcon.colcon_core.event_handler.log_command:Invoking command in '/home/livia/rl_6dof_ws/build/sixdof_arm_interfaces': CMAKE_PREFIX_PATH=${CMAKE_PREFIX_PATH}:/home/livia/ros2_ws/install/my_py_pkg:/home/livia/ros2_ws/install/actions_py:/home/livia/Documents/git/Catch-Them-All-Turtlesim-Project/Catch_Them_All_Turtlesim_Project_WS/install/turtlesim_catch_them_all:/home/livia/rl_6dof_ws/install/sixdof_arm_rl:/opt/ros/humble CONDA_PROMPT_MODIFIER=(base) /usr/bin/cmake --build /home/livia/rl_6dof_ws/build/sixdof_arm_interfaces -- -j4 -l4
[0.453s] DEBUG:colcon.colcon_core.event_handler.log_command:Invoking command in '/home/livia/rl_6dof_ws/build/sixdof_arm_description': CMAKE_PREFIX_PATH=${CMAKE_PREFIX_PATH}:/home/livia/ros2_ws/install/my_py_pkg:/home/livia/ros2_ws/install/actions_py:/home/livia/Documents/git/Catch-Them-All-Turtlesim-Project/Catch_Them_All_Turtlesim_Project_WS/install/turtlesim_catch_them_all:/home/livia/rl_6dof_ws/install/sixdof_arm_rl:/opt/ros/humble CONDA_PROMPT_MODIFIER=(base) /usr/bin/cmake --build /home/livia/rl_6dof_ws/build/sixdof_arm_description -- -j4 -l4
[0.554s] DEBUG:colcon.colcon_core.event_handler.log_command:Invoked command in '/home/livia/rl_6dof_ws/build/sixdof_arm_description' returned '0': CMAKE_PREFIX_PATH=${CMAKE_PREFIX_PATH}:/home/livia/ros2_ws/install/my_py_pkg:/home/livia/ros2_ws/install/actions_py:/home/livia/Documents/git/Catch-Them-All-Turtlesim-Project/Catch_Them_All_Turtlesim_Project_WS/install/turtlesim_catch_them_all:/home/livia/rl_6dof_ws/install/sixdof_arm_rl:/opt/ros/humble CONDA_PROMPT_MODIFIER=(base) /usr/bin/cmake --build /home/livia/rl_6dof_ws/build/sixdof_arm_description -- -j4 -l4
[0.571s] DEBUG:colcon.colcon_core.event_handler.log_command:Invoking command in '/home/livia/rl_6dof_ws/build/sixdof_arm_description': CMAKE_PREFIX_PATH=${CMAKE_PREFIX_PATH}:/home/livia/ros2_ws/install/my_py_pkg:/home/livia/ros2_ws/install/actions_py:/home/livia/Documents/git/Catch-Them-All-Turtlesim-Project/Catch_Them_All_Turtlesim_Project_WS/install/turtlesim_catch_them_all:/home/livia/rl_6dof_ws/install/sixdof_arm_rl:/opt/ros/humble CONDA_PROMPT_MODIFIER=(base) /usr/bin/cmake --install /home/livia/rl_6dof_ws/build/sixdof_arm_description
[0.619s] Level 1:colcon.colcon_core.environment:create_environment_scripts_only(sixdof_arm_description)
[0.620s] DEBUG:colcon.colcon_core.event_handler.log_command:Invoked command in '/home/livia/rl_6dof_ws/build/sixdof_arm_description' returned '0': CMAKE_PREFIX_PATH=${CMAKE_PREFIX_PATH}:/home/livia/ros2_ws/install/my_py_pkg:/home/livia/ros2_ws/install/actions_py:/home/livia/Documents/git/Catch-Them-All-Turtlesim-Project/Catch_Them_All_Turtlesim_Project_WS/install/turtlesim_catch_them_all:/home/livia/rl_6dof_ws/install/sixdof_arm_rl:/opt/ros/humble CONDA_PROMPT_MODIFIER=(base) /usr/bin/cmake --install /home/livia/rl_6dof_ws/build/sixdof_arm_description
[0.629s] Level 1:colcon.colcon_core.environment:checking '/home/livia/rl_6dof_ws/install/sixdof_arm_description' for CMake module files
[0.630s] Level 1:colcon.colcon_core.environment:checking '/home/livia/rl_6dof_ws/install/sixdof_arm_description' for CMake config files
[0.633s] Level 1:colcon.colcon_core.shell:create_environment_hook('sixdof_arm_description', 'cmake_prefix_path')
[0.633s] INFO:colcon.colcon_core.shell:Creating environment hook '/home/livia/rl_6dof_ws/install/sixdof_arm_description/share/sixdof_arm_description/hook/cmake_prefix_path.ps1'
[0.635s] INFO:colcon.colcon_core.shell:Creating environment descriptor '/home/livia/rl_6dof_ws/install/sixdof_arm_description/share/sixdof_arm_description/hook/cmake_prefix_path.dsv'
[0.636s] INFO:colcon.colcon_core.shell:Creating environment hook '/home/livia/rl_6dof_ws/install/sixdof_arm_description/share/sixdof_arm_description/hook/cmake_prefix_path.sh'
[0.638s] Level 1:colcon.colcon_core.environment:checking '/home/livia/rl_6dof_ws/install/sixdof_arm_description/bin'
[0.638s] Level 1:colcon.colcon_core.environment:checking '/home/livia/rl_6dof_ws/install/sixdof_arm_description/lib/pkgconfig/sixdof_arm_description.pc'
[0.639s] Level 1:colcon.colcon_core.environment:checking '/home/livia/rl_6dof_ws/install/sixdof_arm_description/lib/python3.10/site-packages'
[0.639s] Level 1:colcon.colcon_core.environment:checking '/home/livia/rl_6dof_ws/install/sixdof_arm_description/bin'
[0.640s] INFO:colcon.colcon_core.shell:Creating package script '/home/livia/rl_6dof_ws/install/sixdof_arm_description/share/sixdof_arm_description/package.ps1'
[0.643s] INFO:colcon.colcon_core.shell:Creating package descriptor '/home/livia/rl_6dof_ws/install/sixdof_arm_description/share/sixdof_arm_description/package.dsv'
[0.646s] INFO:colcon.colcon_core.shell:Creating package script '/home/livia/rl_6dof_ws/install/sixdof_arm_description/share/sixdof_arm_description/package.sh'
[0.648s] INFO:colcon.colcon_core.shell:Creating package script '/home/livia/rl_6dof_ws/install/sixdof_arm_description/share/sixdof_arm_description/package.bash'
[0.650s] INFO:colcon.colcon_core.shell:Creating package script '/home/livia/rl_6dof_ws/install/sixdof_arm_description/share/sixdof_arm_description/package.zsh'
[0.653s] Level 1:colcon.colcon_core.environment:create_file_with_runtime_dependencies(/home/livia/rl_6dof_ws/install/sixdof_arm_description/share/colcon-core/packages/sixdof_arm_description)
[0.654s] Level 1:colcon.colcon_core.environment:create_environment_scripts_only(sixdof_arm_description)
[0.655s] Level 1:colcon.colcon_core.environment:checking '/home/livia/rl_6dof_ws/install/sixdof_arm_description' for CMake module files
[0.656s] Level 1:colcon.colcon_core.environment:checking '/home/livia/rl_6dof_ws/install/sixdof_arm_description' for CMake config files
[0.657s] Level 1:colcon.colcon_core.shell:create_environment_hook('sixdof_arm_description', 'cmake_prefix_path')
[0.657s] INFO:colcon.colcon_core.shell:Creating environment hook '/home/livia/rl_6dof_ws/install/sixdof_arm_description/share/sixdof_arm_description/hook/cmake_prefix_path.ps1'
[0.658s] INFO:colcon.colcon_core.shell:Creating environment descriptor '/home/livia/rl_6dof_ws/install/sixdof_arm_description/share/sixdof_arm_description/hook/cmake_prefix_path.dsv'
[0.660s] INFO:colcon.colcon_core.shell:Creating environment hook '/home/livia/rl_6dof_ws/install/sixdof_arm_description/share/sixdof_arm_description/hook/cmake_prefix_path.sh'
[0.661s] Level 1:colcon.colcon_core.environment:checking '/home/livia/rl_6dof_ws/install/sixdof_arm_description/bin'
[0.661s] Level 1:colcon.colcon_core.environment:checking '/home/livia/rl_6dof_ws/install/sixdof_arm_description/lib/pkgconfig/sixdof_arm_description.pc'
[0.662s] Level 1:colcon.colcon_core.environment:checking '/home/livia/rl_6dof_ws/install/sixdof_arm_description/lib/python3.10/site-packages'
[0.662s] Level 1:colcon.colcon_core.environment:checking '/home/livia/rl_6dof_ws/install/sixdof_arm_description/bin'
[0.663s] INFO:colcon.colcon_core.shell:Creating package script '/home/livia/rl_6dof_ws/install/sixdof_arm_description/share/sixdof_arm_description/package.ps1'
[0.664s] INFO:colcon.colcon_core.shell:Creating package descriptor '/home/livia/rl_6dof_ws/install/sixdof_arm_description/share/sixdof_arm_description/package.dsv'
[0.665s] INFO:colcon.colcon_core.shell:Creating package script '/home/livia/rl_6dof_ws/install/sixdof_arm_description/share/sixdof_arm_description/package.sh'
[0.666s] INFO:colcon.colcon_core.shell:Creating package script '/home/livia/rl_6dof_ws/install/sixdof_arm_description/share/sixdof_arm_description/package.bash'
[0.667s] INFO:colcon.colcon_core.shell:Creating package script '/home/livia/rl_6dof_ws/install/sixdof_arm_description/share/sixdof_arm_description/package.zsh'
[0.667s] Level 1:colcon.colcon_core.environment:create_file_with_runtime_dependencies(/home/livia/rl_6dof_ws/install/sixdof_arm_description/share/colcon-core/packages/sixdof_arm_description)
[1.153s] DEBUG:colcon.colcon_core.event_handler.log_command:Invoked command in '/home/livia/rl_6dof_ws/build/sixdof_arm_interfaces' returned '0': CMAKE_PREFIX_PATH=${CMAKE_PREFIX_PATH}:/home/livia/ros2_ws/install/my_py_pkg:/home/livia/ros2_ws/install/actions_py:/home/livia/Documents/git/Catch-Them-All-Turtlesim-Project/Catch_Them_All_Turtlesim_Project_WS/install/turtlesim_catch_them_all:/home/livia/rl_6dof_ws/install/sixdof_arm_rl:/opt/ros/humble CONDA_PROMPT_MODIFIER=(base) /usr/bin/cmake --build /home/livia/rl_6dof_ws/build/sixdof_arm_interfaces -- -j4 -l4
[1.156s] DEBUG:colcon.colcon_core.event_handler.log_command:Invoking command in '/home/livia/rl_6dof_ws/build/sixdof_arm_interfaces': CMAKE_PREFIX_PATH=${CMAKE_PREFIX_PATH}:/home/livia/ros2_ws/install/my_py_pkg:/home/livia/ros2_ws/install/actions_py:/home/livia/Documents/git/Catch-Them-All-Turtlesim-Project/Catch_Them_All_Turtlesim_Project_WS/install/turtlesim_catch_them_all:/home/livia/rl_6dof_ws/install/sixdof_arm_rl:/opt/ros/humble CONDA_PROMPT_MODIFIER=(base) /usr/bin/cmake --install /home/livia/rl_6dof_ws/build/sixdof_arm_interfaces
[1.352s] Level 1:colcon.colcon_core.environment:create_environment_scripts_only(sixdof_arm_interfaces)
[1.352s] Level 1:colcon.colcon_core.environment:checking '/home/livia/rl_6dof_ws/install/sixdof_arm_interfaces' for CMake module files
[1.353s] DEBUG:colcon.colcon_core.event_handler.log_command:Invoked command in '/home/livia/rl_6dof_ws/build/sixdof_arm_interfaces' returned '0': CMAKE_PREFIX_PATH=${CMAKE_PREFIX_PATH}:/home/livia/ros2_ws/install/my_py_pkg:/home/livia/ros2_ws/install/actions_py:/home/livia/Documents/git/Catch-Them-All-Turtlesim-Project/Catch_Them_All_Turtlesim_Project_WS/install/turtlesim_catch_them_all:/home/livia/rl_6dof_ws/install/sixdof_arm_rl:/opt/ros/humble CONDA_PROMPT_MODIFIER=(base) /usr/bin/cmake --install /home/livia/rl_6dof_ws/build/sixdof_arm_interfaces
[1.353s] Level 1:colcon.colcon_core.environment:checking '/home/livia/rl_6dof_ws/install/sixdof_arm_interfaces' for CMake config files
[1.354s] Level 1:colcon.colcon_core.shell:create_environment_hook('sixdof_arm_interfaces', 'cmake_prefix_path')
[1.354s] INFO:colcon.colcon_core.shell:Creating environment hook '/home/livia/rl_6dof_ws/install/sixdof_arm_interfaces/share/sixdof_arm_interfaces/hook/cmake_prefix_path.ps1'
[1.354s] INFO:colcon.colcon_core.shell:Creating environment descriptor '/home/livia/rl_6dof_ws/install/sixdof_arm_interfaces/share/sixdof_arm_interfaces/hook/cmake_prefix_path.dsv'
[1.354s] INFO:colcon.colcon_core.shell:Creating environment hook '/home/livia/rl_6dof_ws/install/sixdof_arm_interfaces/share/sixdof_arm_interfaces/hook/cmake_prefix_path.sh'
[1.355s] Level 1:colcon.colcon_core.environment:checking '/home/livia/rl_6dof_ws/install/sixdof_arm_interfaces/lib'
[1.355s] Level 1:colcon.colcon_core.shell:create_environment_hook('sixdof_arm_interfaces', 'ld_library_path_lib')
[1.355s] INFO:colcon.colcon_core.shell:Creating environment hook '/home/livia/rl_6dof_ws/install/sixdof_arm_interfaces/share/sixdof_arm_interfaces/hook/ld_library_path_lib.ps1'
[1.356s] INFO:colcon.colcon_core.shell:Creating environment descriptor '/home/livia/rl_6dof_ws/install/sixdof_arm_interfaces/share/sixdof_arm_interfaces/hook/ld_library_path_lib.dsv'
[1.356s] INFO:colcon.colcon_core.shell:Creating environment hook '/home/livia/rl_6dof_ws/install/sixdof_arm_interfaces/share/sixdof_arm_interfaces/hook/ld_library_path_lib.sh'
[1.356s] Level 1:colcon.colcon_core.environment:checking '/home/livia/rl_6dof_ws/install/sixdof_arm_interfaces/bin'
[1.357s] Level 1:colcon.colcon_core.environment:checking '/home/livia/rl_6dof_ws/install/sixdof_arm_interfaces/lib/pkgconfig/sixdof_arm_interfaces.pc'
[1.357s] Level 1:colcon.colcon_core.environment:checking '/home/livia/rl_6dof_ws/install/sixdof_arm_interfaces/lib/python3.10/site-packages'
[1.357s] Level 1:colcon.colcon_core.environment:checking '/home/livia/rl_6dof_ws/install/sixdof_arm_interfaces/bin'
[1.357s] INFO:colcon.colcon_core.shell:Creating package script '/home/livia/rl_6dof_ws/install/sixdof_arm_interfaces/share/sixdof_arm_interfaces/package.ps1'
[1.358s] INFO:colcon.colcon_core.shell:Creating package descriptor '/home/livia/rl_6dof_ws/install/sixdof_arm_interfaces/share/sixdof_arm_interfaces/package.dsv'
[1.358s] INFO:colcon.colcon_core.shell:Creating package script '/home/livia/rl_6dof_ws/install/sixdof_arm_interfaces/share/sixdof_arm_interfaces/package.sh'
[1.359s] INFO:colcon.colcon_core.shell:Creating package script '/home/livia/rl_6dof_ws/install/sixdof_arm_interfaces/share/sixdof_arm_interfaces/package.bash'
[1.359s] INFO:colcon.colcon_core.shell:Creating package script '/home/livia/rl_6dof_ws/install/sixdof_arm_interfaces/share/sixdof_arm_interfaces/package.zsh'
[1.359s] Level 1:colcon.colcon_core.environment:create_file_with_runtime_dependencies(/home/livia/rl_6dof_ws/install/sixdof_arm_interfaces/share/colcon-core/packages/sixdof_arm_interfaces)
[1.360s] Level 1:colcon.colcon_core.environment:create_environment_scripts_only(sixdof_arm_interfaces)
[1.360s] Level 1:colcon.colcon_core.environment:checking '/home/livia/rl_6dof_ws/install/sixdof_arm_interfaces' for CMake module files
[1.361s] Level 1:colcon.colcon_core.environment:checking '/home/livia/rl_6dof_ws/install/sixdof_arm_interfaces' for CMake config files
[1.361s] Level 1:colcon.colcon_core.shell:create_environment_hook('sixdof_arm_interfaces', 'cmake_prefix_path')
[1.362s] INFO:colcon.colcon_core.shell:Creating environment hook '/home/livia/rl_6dof_ws/install/sixdof_arm_interfaces/share/sixdof_arm_interfaces/hook/cmake_prefix_path.ps1'
[1.362s] INFO:colcon.colcon_core.shell:Creating environment descriptor '/home/livia/rl_6dof_ws/install/sixdof_arm_interfaces/share/sixdof_arm_interfaces/hook/cmake_prefix_path.dsv'
[1.362s] INFO:colcon.colcon_core.shell:Creating environment hook '/home/livia/rl_6dof_ws/install/sixdof_arm_interfaces/share/sixdof_arm_interfaces/hook/cmake_prefix_path.sh'
[1.363s] Level 1:colcon.colcon_core.environment:checking '/home/livia/rl_6dof_ws/install/sixdof_arm_interfaces/lib'
[1.363s] Level 1:colcon.colcon_core.shell:create_environment_hook('sixdof_arm_interfaces', 'ld_library_path_lib')
[1.363s] INFO:colcon.colcon_core.shell:Creating environment hook '/home/livia/rl_6dof_ws/install/sixdof_arm_interfaces/share/sixdof_arm_interfaces/hook/ld_library_path_lib.ps1'
[1.364s] INFO:colcon.colcon_core.shell:Creating environment descriptor '/home/livia/rl_6dof_ws/install/sixdof_arm_interfaces/share/sixdof_arm_interfaces/hook/ld_library_path_lib.dsv'
[1.364s] INFO:colcon.colcon_core.shell:Creating environment hook '/home/livia/rl_6dof_ws/install/sixdof_arm_interfaces/share/sixdof_arm_interfaces/hook/ld_library_path_lib.sh'
[1.365s] Level 1:colcon.colcon_core.environment:checking '/home/livia/rl_6dof_ws/install/sixdof_arm_interfaces/bin'
[1.365s] Level 1:colcon.colcon_core.environment:checking '/home/livia/rl_6dof_ws/install/sixdof_arm_interfaces/lib/pkgconfig/sixdof_arm_interfaces.pc'
[1.365s] Level 1:colcon.colcon_core.environment:checking '/home/livia/rl_6dof_ws/install/sixdof_arm_interfaces/lib/python3.10/site-packages'
[1.365s] Level 1:colcon.colcon_core.environment:checking '/home/livia/rl_6dof_ws/install/sixdof_arm_interfaces/bin'
[1.366s] INFO:colcon.colcon_core.shell:Creating package script '/home/livia/rl_6dof_ws/install/sixdof_arm_interfaces/share/sixdof_arm_interfaces/package.ps1'
[1.366s] INFO:colcon.colcon_core.shell:Creating package descriptor '/home/livia/rl_6dof_ws/install/sixdof_arm_interfaces/share/sixdof_arm_interfaces/package.dsv'
[1.367s] INFO:colcon.colcon_core.shell:Creating package script '/home/livia/rl_6dof_ws/install/sixdof_arm_interfaces/share/sixdof_arm_interfaces/package.sh'
[1.368s] INFO:colcon.colcon_core.shell:Creating package script '/home/livia/rl_6dof_ws/install/sixdof_arm_interfaces/share/sixdof_arm_interfaces/package.bash'
[1.368s] INFO:colcon.colcon_core.shell:Creating package script '/home/livia/rl_6dof_ws/install/sixdof_arm_interfaces/share/sixdof_arm_interfaces/package.zsh'
[1.368s] Level 1:colcon.colcon_core.environment:create_file_with_runtime_dependencies(/home/livia/rl_6dof_ws/install/sixdof_arm_interfaces/share/colcon-core/packages/sixdof_arm_interfaces)
[1.369s] INFO:colcon.colcon_ros.task.ament_python.build:Building ROS package in '/home/livia/rl_6dof_ws/src/sixdof_arm_rl' with build type 'ament_python'
[1.369s] Level 1:colcon.colcon_core.shell:create_environment_hook('sixdof_arm_rl', 'ament_prefix_path')
[1.369s] INFO:colcon.colcon_core.shell:Creating environment hook '/home/livia/rl_6dof_ws/install/sixdof_arm_rl/share/sixdof_arm_rl/hook/ament_prefix_path.ps1'
[1.370s] INFO:colcon.colcon_core.shell:Creating environment descriptor '/home/livia/rl_6dof_ws/install/sixdof_arm_rl/share/sixdof_arm_rl/hook/ament_prefix_path.dsv'
[1.371s] INFO:colcon.colcon_core.shell:Creating environment hook '/home/livia/rl_6dof_ws/install/sixdof_arm_rl/share/sixdof_arm_rl/hook/ament_prefix_path.sh'
[1.371s] INFO:colcon.colcon_core.shell:Skip shell extension 'powershell' for command environment: Not usable outside of PowerShell
[1.371s] DEBUG:colcon.colcon_core.shell:Skip shell extension 'dsv' for command environment
[1.668s] INFO:colcon.colcon_core.task.python.build:Building Python package in '/home/livia/rl_6dof_ws/src/sixdof_arm_rl'
[1.668s] INFO:colcon.colcon_core.shell:Skip shell extension 'powershell' for command environment: Not usable outside of PowerShell
[1.668s] DEBUG:colcon.colcon_core.shell:Skip shell extension 'dsv' for command environment
[2.124s] DEBUG:colcon.colcon_core.event_handler.log_command:Invoking command in '/home/livia/rl_6dof_ws/build/sixdof_arm_rl': CMAKE_PREFIX_PATH=/home/livia/rl_6dof_ws/install/sixdof_arm_interfaces:/home/livia/ros2_ws/install/my_robot_bringup:/home/livia/ros2_ws/install/my_robot_interfaces:/home/livia/ros2_ws/install/my_robot_description:/home/livia/ros2_ws/install/my_cpp_pkg:/home/livia/rl_6dof_ws/install/sixdof_arm_bringup:/home/livia/rl_6dof_ws/install/sixdof_arm_description CONDA_PROMPT_MODIFIER=(base) LD_LIBRARY_PATH=/home/livia/rl_6dof_ws/install/sixdof_arm_interfaces/lib:/home/livia/ros2_ws/install/my_robot_interfaces/lib:/usr/lib/x86_64-linux-gnu/gazebo-11/plugins:/opt/ros/humble/opt/rviz_ogre_vendor/lib:/opt/ros/humble/lib/x86_64-linux-gnu:/opt/ros/humble/lib:/usr/share/gazebo/../../lib/x86_64-linux-gnu/gazebo-11/plugins PYTHONPATH=/home/livia/rl_6dof_ws/build/sixdof_arm_rl/prefix_override:/usr/lib/python3/dist-packages/colcon_core/task/python/colcon_distutils_commands:/home/livia/rl_6dof_ws/install/sixdof_arm_rl/lib/python3.10/site-packages:${PYTHONPATH} /usr/bin/python3 -W ignore:setup.py install is deprecated -W ignore:easy_install command is deprecated setup.py develop --editable --build-directory /home/livia/rl_6dof_ws/build/sixdof_arm_rl/build --no-deps symlink_data
[2.594s] Level 1:colcon.colcon_core.shell:create_environment_hook('sixdof_arm_rl', 'pythonpath_develop')
[2.594s] INFO:colcon.colcon_core.shell:Creating environment hook '/home/livia/rl_6dof_ws/build/sixdof_arm_rl/share/sixdof_arm_rl/hook/pythonpath_develop.ps1'
[2.595s] DEBUG:colcon.colcon_core.event_handler.log_command:Invoked command in '/home/livia/rl_6dof_ws/build/sixdof_arm_rl' returned '0': CMAKE_PREFIX_PATH=/home/livia/rl_6dof_ws/install/sixdof_arm_interfaces:/home/livia/ros2_ws/install/my_robot_bringup:/home/livia/ros2_ws/install/my_robot_interfaces:/home/livia/ros2_ws/install/my_robot_description:/home/livia/ros2_ws/install/my_cpp_pkg:/home/livia/rl_6dof_ws/install/sixdof_arm_bringup:/home/livia/rl_6dof_ws/install/sixdof_arm_description CONDA_PROMPT_MODIFIER=(base) LD_LIBRARY_PATH=/home/livia/rl_6dof_ws/install/sixdof_arm_interfaces/lib:/home/livia/ros2_ws/install/my_robot_interfaces/lib:/usr/lib/x86_64-linux-gnu/gazebo-11/plugins:/opt/ros/humble/opt/rviz_ogre_vendor/lib:/opt/ros/humble/lib/x86_64-linux-gnu:/opt/ros/humble/lib:/usr/share/gazebo/../../lib/x86_64-linux-gnu/gazebo-11/plugins PYTHONPATH=/home/livia/rl_6dof_ws/build/sixdof_arm_rl/prefix_override:/usr/lib/python3/dist-packages/colcon_core/task/python/colcon_distutils_commands:/home/livia/rl_6dof_ws/install/sixdof_arm_rl/lib/python3.10/site-packages:${PYTHONPATH} /usr/bin/python3 -W ignore:setup.py install is deprecated -W ignore:easy_install command is deprecated setup.py develop --editable --build-directory /home/livia/rl_6dof_ws/build/sixdof_arm_rl/build --no-deps symlink_data
[2.595s] INFO:colcon.colcon_core.shell:Creating environment descriptor '/home/livia/rl_6dof_ws/build/sixdof_arm_rl/share/sixdof_arm_rl/hook/pythonpath_develop.dsv'
[2.596s] INFO:colcon.colcon_core.shell:Creating environment hook '/home/livia/rl_6dof_ws/build/sixdof_arm_rl/share/sixdof_arm_rl/hook/pythonpath_develop.sh'
[2.596s] Level 1:colcon.colcon_core.environment:checking '/home/livia/rl_6dof_ws/install/sixdof_arm_rl' for CMake module files
[2.597s] Level 1:colcon.colcon_core.environment:checking '/home/livia/rl_6dof_ws/install/sixdof_arm_rl' for CMake config files
[2.597s] Level 1:colcon.colcon_core.environment:checking '/home/livia/rl_6dof_ws/install/sixdof_arm_rl/lib'
[2.597s] Level 1:colcon.colcon_core.environment:checking '/home/livia/rl_6dof_ws/install/sixdof_arm_rl/bin'
[2.597s] Level 1:colcon.colcon_core.environment:checking '/home/livia/rl_6dof_ws/install/sixdof_arm_rl/lib/pkgconfig/sixdof_arm_rl.pc'
[2.598s] Level 1:colcon.colcon_core.environment:checking '/home/livia/rl_6dof_ws/install/sixdof_arm_rl/lib/python3.10/site-packages'
[2.598s] Level 1:colcon.colcon_core.shell:create_environment_hook('sixdof_arm_rl', 'pythonpath')
[2.598s] INFO:colcon.colcon_core.shell:Creating environment hook '/home/livia/rl_6dof_ws/install/sixdof_arm_rl/share/sixdof_arm_rl/hook/pythonpath.ps1'
[2.598s] INFO:colcon.colcon_core.shell:Creating environment descriptor '/home/livia/rl_6dof_ws/install/sixdof_arm_rl/share/sixdof_arm_rl/hook/pythonpath.dsv'
[2.599s] INFO:colcon.colcon_core.shell:Creating environment hook '/home/livia/rl_6dof_ws/install/sixdof_arm_rl/share/sixdof_arm_rl/hook/pythonpath.sh'
[2.599s] Level 1:colcon.colcon_core.environment:checking '/home/livia/rl_6dof_ws/install/sixdof_arm_rl/bin'
[2.599s] Level 1:colcon.colcon_core.environment:create_environment_scripts_only(sixdof_arm_rl)
[2.599s] INFO:colcon.colcon_core.shell:Creating package script '/home/livia/rl_6dof_ws/install/sixdof_arm_rl/share/sixdof_arm_rl/package.ps1'
[2.600s] INFO:colcon.colcon_core.shell:Creating package descriptor '/home/livia/rl_6dof_ws/install/sixdof_arm_rl/share/sixdof_arm_rl/package.dsv'
[2.600s] INFO:colcon.colcon_core.shell:Creating package script '/home/livia/rl_6dof_ws/install/sixdof_arm_rl/share/sixdof_arm_rl/package.sh'
[2.601s] INFO:colcon.colcon_core.shell:Creating package script '/home/livia/rl_6dof_ws/install/sixdof_arm_rl/share/sixdof_arm_rl/package.bash'
[2.601s] INFO:colcon.colcon_core.shell:Creating package script '/home/livia/rl_6dof_ws/install/sixdof_arm_rl/share/sixdof_arm_rl/package.zsh'
[2.601s] Level 1:colcon.colcon_core.environment:create_file_with_runtime_dependencies(/home/livia/rl_6dof_ws/install/sixdof_arm_rl/share/colcon-core/packages/sixdof_arm_rl)
[2.602s] INFO:colcon.colcon_ros.task.ament_cmake.build:Building ROS package in '/home/livia/rl_6dof_ws/src/sixdof_arm_bringup' with build type 'ament_cmake'
[2.602s] INFO:colcon.colcon_cmake.task.cmake.build:Building CMake package in '/home/livia/rl_6dof_ws/src/sixdof_arm_bringup'
[2.602s] INFO:colcon.colcon_core.shell:Skip shell extension 'powershell' for command environment: Not usable outside of PowerShell
[2.602s] DEBUG:colcon.colcon_core.shell:Skip shell extension 'dsv' for command environment
[2.620s] DEBUG:colcon.colcon_core.event_handler.log_command:Invoking command in '/home/livia/rl_6dof_ws/build/sixdof_arm_bringup': AMENT_PREFIX_PATH=/home/livia/rl_6dof_ws/install/sixdof_arm_rl:/home/livia/ros2_ws/install/my_robot_bringup:/home/livia/ros2_ws/install/my_py_pkg:/home/livia/ros2_ws/install/actions_py:/home/livia/ros2_ws/install/my_robot_interfaces:/home/livia/ros2_ws/install/my_robot_description:/home/livia/ros2_ws/install/my_cpp_pkg:/home/livia/Documents/git/Catch-Them-All-Turtlesim-Project/Catch_Them_All_Turtlesim_Project_WS/install/turtlesim_catch_them_all:/home/livia/rl_6dof_ws/install/sixdof_arm_bringup:/home/livia/rl_6dof_ws/install/sixdof_arm_interfaces:/home/livia/rl_6dof_ws/install/sixdof_arm_description:/opt/ros/humble CMAKE_PREFIX_PATH=/home/livia/rl_6dof_ws/install/sixdof_arm_interfaces:/home/livia/rl_6dof_ws/install/sixdof_arm_description:/home/livia/ros2_ws/install/my_robot_bringup:/home/livia/ros2_ws/install/my_robot_interfaces:/home/livia/ros2_ws/install/my_robot_description:/home/livia/ros2_ws/install/my_cpp_pkg:/home/livia/rl_6dof_ws/install/sixdof_arm_bringup:/home/livia/ros2_ws/install/my_py_pkg:/home/livia/ros2_ws/install/actions_py:/home/livia/Documents/git/Catch-Them-All-Turtlesim-Project/Catch_Them_All_Turtlesim_Project_WS/install/turtlesim_catch_them_all:/home/livia/rl_6dof_ws/install/sixdof_arm_rl:/opt/ros/humble CONDA_PROMPT_MODIFIER=(base) LD_LIBRARY_PATH=/home/livia/rl_6dof_ws/install/sixdof_arm_interfaces/lib:/home/livia/ros2_ws/install/my_robot_interfaces/lib:/usr/lib/x86_64-linux-gnu/gazebo-11/plugins:/opt/ros/humble/opt/rviz_ogre_vendor/lib:/opt/ros/humble/lib/x86_64-linux-gnu:/opt/ros/humble/lib:/usr/share/gazebo/../../lib/x86_64-linux-gnu/gazebo-11/plugins PYTHONPATH=/home/livia/rl_6dof_ws/build/sixdof_arm_rl:/home/livia/rl_6dof_ws/install/sixdof_arm_rl/lib/python3.10/site-packages:/home/livia/ros2_ws/install/my_py_pkg/lib/python3.10/site-packages:/home/livia/ros2_ws/install/actions_py/lib/python3.10/site-packages:/home/livia/ros2_ws/install/my_robot_interfaces/lib/python3.10/site-packages:/home/livia/Documents/git/Catch-Them-All-Turtlesim-Project/Catch_Them_All_Turtlesim_Project_WS/install/turtlesim_catch_them_all/lib/python3.10/site-packages:/home/livia/rl_6dof_ws/install/sixdof_arm_interfaces/local/lib/python3.10/dist-packages:/opt/ros/humble/lib/python3.10/site-packages:/opt/ros/humble/local/lib/python3.10/dist-packages /usr/bin/cmake --build /home/livia/rl_6dof_ws/build/sixdof_arm_bringup -- -j4 -l4
[2.661s] DEBUG:colcon.colcon_core.event_handler.log_command:Invoked command in '/home/livia/rl_6dof_ws/build/sixdof_arm_bringup' returned '0': AMENT_PREFIX_PATH=/home/livia/rl_6dof_ws/install/sixdof_arm_rl:/home/livia/ros2_ws/install/my_robot_bringup:/home/livia/ros2_ws/install/my_py_pkg:/home/livia/ros2_ws/install/actions_py:/home/livia/ros2_ws/install/my_robot_interfaces:/home/livia/ros2_ws/install/my_robot_description:/home/livia/ros2_ws/install/my_cpp_pkg:/home/livia/Documents/git/Catch-Them-All-Turtlesim-Project/Catch_Them_All_Turtlesim_Project_WS/install/turtlesim_catch_them_all:/home/livia/rl_6dof_ws/install/sixdof_arm_bringup:/home/livia/rl_6dof_ws/install/sixdof_arm_interfaces:/home/livia/rl_6dof_ws/install/sixdof_arm_description:/opt/ros/humble CMAKE_PREFIX_PATH=/home/livia/rl_6dof_ws/install/sixdof_arm_interfaces:/home/livia/rl_6dof_ws/install/sixdof_arm_description:/home/livia/ros2_ws/install/my_robot_bringup:/home/livia/ros2_ws/install/my_robot_interfaces:/home/livia/ros2_ws/install/my_robot_description:/home/livia/ros2_ws/install/my_cpp_pkg:/home/livia/rl_6dof_ws/install/sixdof_arm_bringup:/home/livia/ros2_ws/install/my_py_pkg:/home/livia/ros2_ws/install/actions_py:/home/livia/Documents/git/Catch-Them-All-Turtlesim-Project/Catch_Them_All_Turtlesim_Project_WS/install/turtlesim_catch_them_all:/home/livia/rl_6dof_ws/install/sixdof_arm_rl:/opt/ros/humble CONDA_PROMPT_MODIFIER=(base) LD_LIBRARY_PATH=/home/livia/rl_6dof_ws/install/sixdof_arm_interfaces/lib:/home/livia/ros2_ws/install/my_robot_interfaces/lib:/usr/lib/x86_64-linux-gnu/gazebo-11/plugins:/opt/ros/humble/opt/rviz_ogre_vendor/lib:/opt/ros/humble/lib/x86_64-linux-gnu:/opt/ros/humble/lib:/usr/share/gazebo/../../lib/x86_64-linux-gnu/gazebo-11/plugins PYTHONPATH=/home/livia/rl_6dof_ws/build/sixdof_arm_rl:/home/livia/rl_6dof_ws/install/sixdof_arm_rl/lib/python3.10/site-packages:/home/livia/ros2_ws/install/my_py_pkg/lib/python3.10/site-packages:/home/livia/ros2_ws/install/actions_py/lib/python3.10/site-packages:/home/livia/ros2_ws/install/my_robot_interfaces/lib/python3.10/site-packages:/home/livia/Documents/git/Catch-Them-All-Turtlesim-Project/Catch_Them_All_Turtlesim_Project_WS/install/turtlesim_catch_them_all/lib/python3.10/site-packages:/home/livia/rl_6dof_ws/install/sixdof_arm_interfaces/local/lib/python3.10/dist-packages:/opt/ros/humble/lib/python3.10/site-packages:/opt/ros/humble/local/lib/python3.10/dist-packages /usr/bin/cmake --build /home/livia/rl_6dof_ws/build/sixdof_arm_bringup -- -j4 -l4
[2.665s] DEBUG:colcon.colcon_core.event_handler.log_command:Invoking command in '/home/livia/rl_6dof_ws/build/sixdof_arm_bringup': AMENT_PREFIX_PATH=/home/livia/rl_6dof_ws/install/sixdof_arm_rl:/home/livia/ros2_ws/install/my_robot_bringup:/home/livia/ros2_ws/install/my_py_pkg:/home/livia/ros2_ws/install/actions_py:/home/livia/ros2_ws/install/my_robot_interfaces:/home/livia/ros2_ws/install/my_robot_description:/home/livia/ros2_ws/install/my_cpp_pkg:/home/livia/Documents/git/Catch-Them-All-Turtlesim-Project/Catch_Them_All_Turtlesim_Project_WS/install/turtlesim_catch_them_all:/home/livia/rl_6dof_ws/install/sixdof_arm_bringup:/home/livia/rl_6dof_ws/install/sixdof_arm_interfaces:/home/livia/rl_6dof_ws/install/sixdof_arm_description:/opt/ros/humble CMAKE_PREFIX_PATH=/home/livia/rl_6dof_ws/install/sixdof_arm_interfaces:/home/livia/rl_6dof_ws/install/sixdof_arm_description:/home/livia/ros2_ws/install/my_robot_bringup:/home/livia/ros2_ws/install/my_robot_interfaces:/home/livia/ros2_ws/install/my_robot_description:/home/livia/ros2_ws/install/my_cpp_pkg:/home/livia/rl_6dof_ws/install/sixdof_arm_bringup:/home/livia/ros2_ws/install/my_py_pkg:/home/livia/ros2_ws/install/actions_py:/home/livia/Documents/git/Catch-Them-All-Turtlesim-Project/Catch_Them_All_Turtlesim_Project_WS/install/turtlesim_catch_them_all:/home/livia/rl_6dof_ws/install/sixdof_arm_rl:/opt/ros/humble CONDA_PROMPT_MODIFIER=(base) LD_LIBRARY_PATH=/home/livia/rl_6dof_ws/install/sixdof_arm_interfaces/lib:/home/livia/ros2_ws/install/my_robot_interfaces/lib:/usr/lib/x86_64-linux-gnu/gazebo-11/plugins:/opt/ros/humble/opt/rviz_ogre_vendor/lib:/opt/ros/humble/lib/x86_64-linux-gnu:/opt/ros/humble/lib:/usr/share/gazebo/../../lib/x86_64-linux-gnu/gazebo-11/plugins PYTHONPATH=/home/livia/rl_6dof_ws/build/sixdof_arm_rl:/home/livia/rl_6dof_ws/install/sixdof_arm_rl/lib/python3.10/site-packages:/home/livia/ros2_ws/install/my_py_pkg/lib/python3.10/site-packages:/home/livia/ros2_ws/install/actions_py/lib/python3.10/site-packages:/home/livia/ros2_ws/install/my_robot_interfaces/lib/python3.10/site-packages:/home/livia/Documents/git/Catch-Them-All-Turtlesim-Project/Catch_Them_All_Turtlesim_Project_WS/install/turtlesim_catch_them_all/lib/python3.10/site-packages:/home/livia/rl_6dof_ws/install/sixdof_arm_interfaces/local/lib/python3.10/dist-packages:/opt/ros/humble/lib/python3.10/site-packages:/opt/ros/humble/local/lib/python3.10/dist-packages /usr/bin/cmake --install /home/livia/rl_6dof_ws/build/sixdof_arm_bringup
[2.692s] Level 1:colcon.colcon_core.environment:create_environment_scripts_only(sixdof_arm_bringup)
[2.692s] Level 1:colcon.colcon_core.environment:checking '/home/livia/rl_6dof_ws/install/sixdof_arm_bringup' for CMake module files
[2.693s] DEBUG:colcon.colcon_core.event_handler.log_command:Invoked command in '/home/livia/rl_6dof_ws/build/sixdof_arm_bringup' returned '0': AMENT_PREFIX_PATH=/home/livia/rl_6dof_ws/install/sixdof_arm_rl:/home/livia/ros2_ws/install/my_robot_bringup:/home/livia/ros2_ws/install/my_py_pkg:/home/livia/ros2_ws/install/actions_py:/home/livia/ros2_ws/install/my_robot_interfaces:/home/livia/ros2_ws/install/my_robot_description:/home/livia/ros2_ws/install/my_cpp_pkg:/home/livia/Documents/git/Catch-Them-All-Turtlesim-Project/Catch_Them_All_Turtlesim_Project_WS/install/turtlesim_catch_them_all:/home/livia/rl_6dof_ws/install/sixdof_arm_bringup:/home/livia/rl_6dof_ws/install/sixdof_arm_interfaces:/home/livia/rl_6dof_ws/install/sixdof_arm_description:/opt/ros/humble CMAKE_PREFIX_PATH=/home/livia/rl_6dof_ws/install/sixdof_arm_interfaces:/home/livia/rl_6dof_ws/install/sixdof_arm_description:/home/livia/ros2_ws/install/my_robot_bringup:/home/livia/ros2_ws/install/my_robot_interfaces:/home/livia/ros2_ws/install/my_robot_description:/home/livia/ros2_ws/install/my_cpp_pkg:/home/livia/rl_6dof_ws/install/sixdof_arm_bringup:/home/livia/ros2_ws/install/my_py_pkg:/home/livia/ros2_ws/install/actions_py:/home/livia/Documents/git/Catch-Them-All-Turtlesim-Project/Catch_Them_All_Turtlesim_Project_WS/install/turtlesim_catch_them_all:/home/livia/rl_6dof_ws/install/sixdof_arm_rl:/opt/ros/humble CONDA_PROMPT_MODIFIER=(base) LD_LIBRARY_PATH=/home/livia/rl_6dof_ws/install/sixdof_arm_interfaces/lib:/home/livia/ros2_ws/install/my_robot_interfaces/lib:/usr/lib/x86_64-linux-gnu/gazebo-11/plugins:/opt/ros/humble/opt/rviz_ogre_vendor/lib:/opt/ros/humble/lib/x86_64-linux-gnu:/opt/ros/humble/lib:/usr/share/gazebo/../../lib/x86_64-linux-gnu/gazebo-11/plugins PYTHONPATH=/home/livia/rl_6dof_ws/build/sixdof_arm_rl:/home/livia/rl_6dof_ws/install/sixdof_arm_rl/lib/python3.10/site-packages:/home/livia/ros2_ws/install/my_py_pkg/lib/python3.10/site-packages:/home/livia/ros2_ws/install/actions_py/lib/python3.10/site-packages:/home/livia/ros2_ws/install/my_robot_interfaces/lib/python3.10/site-packages:/home/livia/Documents/git/Catch-Them-All-Turtlesim-Project/Catch_Them_All_Turtlesim_Project_WS/install/turtlesim_catch_them_all/lib/python3.10/site-packages:/home/livia/rl_6dof_ws/install/sixdof_arm_interfaces/local/lib/python3.10/dist-packages:/opt/ros/humble/lib/python3.10/site-packages:/opt/ros/humble/local/lib/python3.10/dist-packages /usr/bin/cmake --install /home/livia/rl_6dof_ws/build/sixdof_arm_bringup
[2.694s] Level 1:colcon.colcon_core.environment:checking '/home/livia/rl_6dof_ws/install/sixdof_arm_bringup' for CMake config files
[2.694s] Level 1:colcon.colcon_core.shell:create_environment_hook('sixdof_arm_bringup', 'cmake_prefix_path')
[2.694s] INFO:colcon.colcon_core.shell:Creating environment hook '/home/livia/rl_6dof_ws/install/sixdof_arm_bringup/share/sixdof_arm_bringup/hook/cmake_prefix_path.ps1'
[2.695s] INFO:colcon.colcon_core.shell:Creating environment descriptor '/home/livia/rl_6dof_ws/install/sixdof_arm_bringup/share/sixdof_arm_bringup/hook/cmake_prefix_path.dsv'
[2.695s] INFO:colcon.colcon_core.shell:Creating environment hook '/home/livia/rl_6dof_ws/install/sixdof_arm_bringup/share/sixdof_arm_bringup/hook/cmake_prefix_path.sh'
[2.695s] Level 1:colcon.colcon_core.environment:checking '/home/livia/rl_6dof_ws/install/sixdof_arm_bringup/bin'
[2.696s] Level 1:colcon.colcon_core.environment:checking '/home/livia/rl_6dof_ws/install/sixdof_arm_bringup/lib/pkgconfig/sixdof_arm_bringup.pc'
[2.696s] Level 1:colcon.colcon_core.environment:checking '/home/livia/rl_6dof_ws/install/sixdof_arm_bringup/lib/python3.10/site-packages'
[2.696s] Level 1:colcon.colcon_core.environment:checking '/home/livia/rl_6dof_ws/install/sixdof_arm_bringup/bin'
[2.696s] INFO:colcon.colcon_core.shell:Creating package script '/home/livia/rl_6dof_ws/install/sixdof_arm_bringup/share/sixdof_arm_bringup/package.ps1'
[2.697s] INFO:colcon.colcon_core.shell:Creating package descriptor '/home/livia/rl_6dof_ws/install/sixdof_arm_bringup/share/sixdof_arm_bringup/package.dsv'
[2.697s] INFO:colcon.colcon_core.shell:Creating package script '/home/livia/rl_6dof_ws/install/sixdof_arm_bringup/share/sixdof_arm_bringup/package.sh'
[2.697s] INFO:colcon.colcon_core.shell:Creating package script '/home/livia/rl_6dof_ws/install/sixdof_arm_bringup/share/sixdof_arm_bringup/package.bash'
[2.698s] INFO:colcon.colcon_core.shell:Creating package script '/home/livia/rl_6dof_ws/install/sixdof_arm_bringup/share/sixdof_arm_bringup/package.zsh'
[2.698s] Level 1:colcon.colcon_core.environment:create_file_with_runtime_dependencies(/home/livia/rl_6dof_ws/install/sixdof_arm_bringup/share/colcon-core/packages/sixdof_arm_bringup)
[2.699s] Level 1:colcon.colcon_core.environment:create_environment_scripts_only(sixdof_arm_bringup)
[2.699s] Level 1:colcon.colcon_core.environment:checking '/home/livia/rl_6dof_ws/install/sixdof_arm_bringup' for CMake module files
[2.699s] Level 1:colcon.colcon_core.environment:checking '/home/livia/rl_6dof_ws/install/sixdof_arm_bringup' for CMake config files
[2.699s] Level 1:colcon.colcon_core.shell:create_environment_hook('sixdof_arm_bringup', 'cmake_prefix_path')
[2.700s] INFO:colcon.colcon_core.shell:Creating environment hook '/home/livia/rl_6dof_ws/install/sixdof_arm_bringup/share/sixdof_arm_bringup/hook/cmake_prefix_path.ps1'
[2.700s] INFO:colcon.colcon_core.shell:Creating environment descriptor '/home/livia/rl_6dof_ws/install/sixdof_arm_bringup/share/sixdof_arm_bringup/hook/cmake_prefix_path.dsv'
[2.700s] INFO:colcon.colcon_core.shell:Creating environment hook '/home/livia/rl_6dof_ws/install/sixdof_arm_bringup/share/sixdof_arm_bringup/hook/cmake_prefix_path.sh'
[2.701s] Level 1:colcon.colcon_core.environment:checking '/home/livia/rl_6dof_ws/install/sixdof_arm_bringup/bin'
[2.701s] Level 1:colcon.colcon_core.environment:checking '/home/livia/rl_6dof_ws/install/sixdof_arm_bringup/lib/pkgconfig/sixdof_arm_bringup.pc'
[2.701s] Level 1:colcon.colcon_core.environment:checking '/home/livia/rl_6dof_ws/install/sixdof_arm_bringup/lib/python3.10/site-packages'
[2.701s] Level 1:colcon.colcon_core.environment:checking '/home/livia/rl_6dof_ws/install/sixdof_arm_bringup/bin'
[2.702s] INFO:colcon.colcon_core.shell:Creating package script '/home/livia/rl_6dof_ws/install/sixdof_arm_bringup/share/sixdof_arm_bringup/package.ps1'
[2.702s] INFO:colcon.colcon_core.shell:Creating package descriptor '/home/livia/rl_6dof_ws/install/sixdof_arm_bringup/share/sixdof_arm_bringup/package.dsv'
[2.703s] INFO:colcon.colcon_core.shell:Creating package script '/home/livia/rl_6dof_ws/install/sixdof_arm_bringup/share/sixdof_arm_bringup/package.sh'
[2.703s] INFO:colcon.colcon_core.shell:Creating package script '/home/livia/rl_6dof_ws/install/sixdof_arm_bringup/share/sixdof_arm_bringup/package.bash'
[2.703s] INFO:colcon.colcon_core.shell:Creating package script '/home/livia/rl_6dof_ws/install/sixdof_arm_bringup/share/sixdof_arm_bringup/package.zsh'
[2.704s] Level 1:colcon.colcon_core.environment:create_file_with_runtime_dependencies(/home/livia/rl_6dof_ws/install/sixdof_arm_bringup/share/colcon-core/packages/sixdof_arm_bringup)
[2.704s] DEBUG:colcon.colcon_parallel_executor.executor.parallel:closing loop
[2.705s] DEBUG:colcon.colcon_parallel_executor.executor.parallel:loop closed
[2.705s] DEBUG:colcon.colcon_parallel_executor.executor.parallel:run_until_complete finished with '0'
[2.705s] DEBUG:colcon.colcon_core.event_reactor:joining thread
[2.712s] INFO:colcon.colcon_core.plugin_system:Skipping extension 'colcon_notification.desktop_notification.terminal_notifier': Not used on non-Darwin systems
[2.712s] INFO:colcon.colcon_core.plugin_system:Skipping extension 'colcon_notification.desktop_notification.win32': Not used on non-Windows systems
[2.712s] INFO:colcon.colcon_notification.desktop_notification:Sending desktop notification using 'notify2'
[2.732s] DEBUG:colcon.colcon_core.event_reactor:joined thread
[2.732s] INFO:colcon.colcon_core.shell:Creating prefix script '/home/livia/rl_6dof_ws/install/local_setup.ps1'
[2.733s] INFO:colcon.colcon_core.shell:Creating prefix util module '/home/livia/rl_6dof_ws/install/_local_setup_util_ps1.py'
[2.735s] INFO:colcon.colcon_core.shell:Creating prefix chain script '/home/livia/rl_6dof_ws/install/setup.ps1'
[2.738s] INFO:colcon.colcon_core.shell:Creating prefix script '/home/livia/rl_6dof_ws/install/local_setup.sh'
[2.739s] INFO:colcon.colcon_core.shell:Creating prefix util module '/home/livia/rl_6dof_ws/install/_local_setup_util_sh.py'
[2.739s] INFO:colcon.colcon_core.shell:Creating prefix chain script '/home/livia/rl_6dof_ws/install/setup.sh'
[2.741s] INFO:colcon.colcon_core.shell:Creating prefix script '/home/livia/rl_6dof_ws/install/local_setup.bash'
[2.743s] INFO:colcon.colcon_core.shell:Creating prefix chain script '/home/livia/rl_6dof_ws/install/setup.bash'
[2.745s] INFO:colcon.colcon_core.shell:Creating prefix script '/home/livia/rl_6dof_ws/install/local_setup.zsh'
[2.746s] INFO:colcon.colcon_core.shell:Creating prefix chain script '/home/livia/rl_6dof_ws/install/setup.zsh'
