-- The C compiler identification is GNU 11.4.0
-- The CXX compiler identification is GNU 11.4.0
-- Detecting C compiler ABI info
-- Detecting C compiler ABI info - done
-- Check for working C compiler: /usr/bin/cc - skipped
-- Detecting C compile features
-- Detecting C compile features - done
-- Detecting CXX compiler ABI info
-- Detecting CXX compiler ABI info - done
-- Check for working CXX compiler: /usr/bin/c++ - skipped
-- Detecting CXX compile features
-- Detecting CXX compile features - done
-- Found ament_cmake: 1.3.11 (/opt/ros/humble/share/ament_cmake/cmake)
-- Found Python3: /home/livia/.pyenv/shims/python3 (found version "3.10.12") found components: Interpreter 
-- Override CMake install command with custom implementation using symlinks instead of copying resources
-- Configuring done
-- Generating done
-- Build files have been written to: /home/livia/rl_6dof_ws/build/sixdof_arm_bringup
-- Install configuration: ""
-- Execute custom install script
-- Symlinking: /home/livia/rl_6dof_ws/install/sixdof_arm_bringup/share/sixdof_arm_bringup//launch/gazebo.launch.xml
-- Symlinking: /home/livia/rl_6dof_ws/install/sixdof_arm_bringup/share/sixdof_arm_bringup//launch/gazebo_rl.launch.xml
-- Symlinking: /home/livia/rl_6dof_ws/install/sixdof_arm_bringup/share/sixdof_arm_bringup//launch/rviz_display.launch.xml
-- Symlinking: /home/livia/rl_6dof_ws/install/sixdof_arm_bringup/share/sixdof_arm_bringup//worlds/box_world.world
-- Symlinking: /home/livia/rl_6dof_ws/install/sixdof_arm_bringup/share/ament_index/resource_index/package_run_dependencies/sixdof_arm_bringup
-- Symlinking: /home/livia/rl_6dof_ws/install/sixdof_arm_bringup/share/ament_index/resource_index/parent_prefix_path/sixdof_arm_bringup
-- Symlinking: /home/livia/rl_6dof_ws/install/sixdof_arm_bringup/share/sixdof_arm_bringup/environment/ament_prefix_path.sh
-- Symlinking: /home/livia/rl_6dof_ws/install/sixdof_arm_bringup/share/sixdof_arm_bringup/environment/ament_prefix_path.dsv
-- Symlinking: /home/livia/rl_6dof_ws/install/sixdof_arm_bringup/share/sixdof_arm_bringup/environment/path.sh
-- Symlinking: /home/livia/rl_6dof_ws/install/sixdof_arm_bringup/share/sixdof_arm_bringup/environment/path.dsv
-- Symlinking: /home/livia/rl_6dof_ws/install/sixdof_arm_bringup/share/sixdof_arm_bringup/local_setup.bash
-- Symlinking: /home/livia/rl_6dof_ws/install/sixdof_arm_bringup/share/sixdof_arm_bringup/local_setup.sh
-- Symlinking: /home/livia/rl_6dof_ws/install/sixdof_arm_bringup/share/sixdof_arm_bringup/local_setup.zsh
-- Symlinking: /home/livia/rl_6dof_ws/install/sixdof_arm_bringup/share/sixdof_arm_bringup/local_setup.dsv
-- Symlinking: /home/livia/rl_6dof_ws/install/sixdof_arm_bringup/share/sixdof_arm_bringup/package.dsv
-- Symlinking: /home/livia/rl_6dof_ws/install/sixdof_arm_bringup/share/ament_index/resource_index/packages/sixdof_arm_bringup
-- Symlinking: /home/livia/rl_6dof_ws/install/sixdof_arm_bringup/share/sixdof_arm_bringup/cmake/sixdof_arm_bringupConfig.cmake
-- Symlinking: /home/livia/rl_6dof_ws/install/sixdof_arm_bringup/share/sixdof_arm_bringup/cmake/sixdof_arm_bringupConfig-version.cmake
-- Symlinking: /home/livia/rl_6dof_ws/install/sixdof_arm_bringup/share/sixdof_arm_bringup/package.xml
