[0.657s] Invoking command in '/home/livia/rl_6dof_ws/build/sixdof_arm_rl': CMAKE_PREFIX_PATH=/home/livia/rl_6dof_ws/install/sixdof_arm_interfaces:/home/livia/ros2_ws/install/my_robot_bringup:/home/livia/ros2_ws/install/my_robot_interfaces:/home/livia/ros2_ws/install/my_robot_description:/home/livia/ros2_ws/install/my_cpp_pkg:/home/livia/rl_6dof_ws/install/sixdof_arm_bringup:/home/livia/rl_6dof_ws/install/sixdof_arm_description CONDA_PROMPT_MODIFIER=(rl_sixdof_env) LD_LIBRARY_PATH=/home/livia/rl_6dof_ws/install/sixdof_arm_interfaces/lib:/home/livia/ros2_ws/install/my_robot_interfaces/lib:/usr/lib/x86_64-linux-gnu/gazebo-11/plugins:/opt/ros/humble/opt/rviz_ogre_vendor/lib:/opt/ros/humble/lib/x86_64-linux-gnu:/opt/ros/humble/lib:/usr/share/gazebo/../../lib/x86_64-linux-gnu/gazebo-11/plugins PYTHONPATH=/home/livia/rl_6dof_ws/build/sixdof_arm_rl/prefix_override:/home/livia/anaconda3/envs/rl_sixdof_env/lib/python3.10/site-packages/colcon_core/task/python/colcon_distutils_commands:/home/livia/rl_6dof_ws/install/sixdof_arm_rl/lib/python3.10/site-packages:${PYTHONPATH} /home/livia/anaconda3/envs/rl_sixdof_env/bin/python -W ignore:setup.py install is deprecated -W ignore:easy_install command is deprecated setup.py develop --editable --build-directory /home/livia/rl_6dof_ws/build/sixdof_arm_rl/build --no-deps symlink_data
[0.804s] /home/livia/anaconda3/envs/rl_sixdof_env/lib/python3.10/site-packages/setuptools/_distutils/dist.py:289: UserWarning: Unknown distribution option: 'tests_require'
[0.804s]   warnings.warn(msg)
[0.925s] running develop
[1.069s] running egg_info
[1.083s] writing sixdof_arm_rl.egg-info/PKG-INFO
[1.084s] writing dependency_links to sixdof_arm_rl.egg-info/dependency_links.txt
[1.085s] writing entry points to sixdof_arm_rl.egg-info/entry_points.txt
[1.085s] writing requirements to sixdof_arm_rl.egg-info/requires.txt
[1.085s] writing top-level names to sixdof_arm_rl.egg-info/top_level.txt
[1.111s] reading manifest file 'sixdof_arm_rl.egg-info/SOURCES.txt'
[1.112s] writing manifest file 'sixdof_arm_rl.egg-info/SOURCES.txt'
[1.125s] running build_ext
[1.126s] Creating /home/livia/rl_6dof_ws/install/sixdof_arm_rl/lib/python3.10/site-packages/sixdof-arm-rl.egg-link (link to .)
[1.127s] Installing arm_control script to /home/livia/rl_6dof_ws/install/sixdof_arm_rl/lib/sixdof_arm_rl
[1.127s] Installing deep_q_learning script to /home/livia/rl_6dof_ws/install/sixdof_arm_rl/lib/sixdof_arm_rl
[1.127s] Installing get_gazebo_link_state script to /home/livia/rl_6dof_ws/install/sixdof_arm_rl/lib/sixdof_arm_rl
[1.127s] Installing q_learning script to /home/livia/rl_6dof_ws/install/sixdof_arm_rl/lib/sixdof_arm_rl
[1.127s] Installing six_dof_arm_movement_client script to /home/livia/rl_6dof_ws/install/sixdof_arm_rl/lib/sixdof_arm_rl
[1.127s] Installing six_dof_arm_movement_server script to /home/livia/rl_6dof_ws/install/sixdof_arm_rl/lib/sixdof_arm_rl
[1.128s] Installing six_dof_arm_reset_client script to /home/livia/rl_6dof_ws/install/sixdof_arm_rl/lib/sixdof_arm_rl
[1.128s] Installing six_dof_arm_reset_server script to /home/livia/rl_6dof_ws/install/sixdof_arm_rl/lib/sixdof_arm_rl
[1.128s] 
[1.128s] Installed /home/livia/rl_6dof_ws/build/sixdof_arm_rl
[1.128s] running symlink_data
[1.160s] Invoked command in '/home/livia/rl_6dof_ws/build/sixdof_arm_rl' returned '0': CMAKE_PREFIX_PATH=/home/livia/rl_6dof_ws/install/sixdof_arm_interfaces:/home/livia/ros2_ws/install/my_robot_bringup:/home/livia/ros2_ws/install/my_robot_interfaces:/home/livia/ros2_ws/install/my_robot_description:/home/livia/ros2_ws/install/my_cpp_pkg:/home/livia/rl_6dof_ws/install/sixdof_arm_bringup:/home/livia/rl_6dof_ws/install/sixdof_arm_description CONDA_PROMPT_MODIFIER=(rl_sixdof_env) LD_LIBRARY_PATH=/home/livia/rl_6dof_ws/install/sixdof_arm_interfaces/lib:/home/livia/ros2_ws/install/my_robot_interfaces/lib:/usr/lib/x86_64-linux-gnu/gazebo-11/plugins:/opt/ros/humble/opt/rviz_ogre_vendor/lib:/opt/ros/humble/lib/x86_64-linux-gnu:/opt/ros/humble/lib:/usr/share/gazebo/../../lib/x86_64-linux-gnu/gazebo-11/plugins PYTHONPATH=/home/livia/rl_6dof_ws/build/sixdof_arm_rl/prefix_override:/home/livia/anaconda3/envs/rl_sixdof_env/lib/python3.10/site-packages/colcon_core/task/python/colcon_distutils_commands:/home/livia/rl_6dof_ws/install/sixdof_arm_rl/lib/python3.10/site-packages:${PYTHONPATH} /home/livia/anaconda3/envs/rl_sixdof_env/bin/python -W ignore:setup.py install is deprecated -W ignore:easy_install command is deprecated setup.py develop --editable --build-directory /home/livia/rl_6dof_ws/build/sixdof_arm_rl/build --no-deps symlink_data
