[0.016s] Invoking command in '/home/livia/rl_6dof_ws/build/6dof_arm_description': CMAKE_PREFIX_PATH=${CMAKE_PREFIX_PATH}:/home/livia/ros2_ws/install/my_py_pkg:/home/livia/ros2_ws/install/my_cpp_pkg:/home/livia/Documents/git/Catch-Them-All-Turtlesim-Project/Catch_Them_All_Turtlesim_Project_WS/install/turtlesim_catch_them_all:/opt/ros/humble CONDA_PROMPT_MODIFIER=(base) /usr/bin/cmake /home/livia/rl_6dof_ws/src/6dof_arm_description -DCMAKE_INSTALL_PREFIX=/home/livia/rl_6dof_ws/install/6dof_arm_description
[0.167s] -- The C compiler identification is GNU 11.4.0
[0.292s] -- The CXX compiler identification is GNU 11.4.0
[0.302s] -- Detecting C compiler ABI info
[0.391s] -- Detecting C compiler ABI info - done
[0.399s] -- Check for working C compiler: /usr/bin/cc - skipped
[0.400s] -- Detecting C compile features
[0.401s] -- Detecting C compile features - done
[0.405s] -- Detecting CXX compiler ABI info
[0.505s] -- Detecting CXX compiler ABI info - done
[0.515s] -- Check for working CXX compiler: /usr/bin/c++ - skipped
[0.515s] -- Detecting CXX compile features
[0.516s] -- Detecting CXX compile features - done
[0.521s] -- Found ament_cmake: 1.3.11 (/opt/ros/humble/share/ament_cmake/cmake)
[1.486s] -- Found Python3: /home/livia/.pyenv/shims/python3 (found version "3.11.5") found components: Interpreter 
[1.876s] WARNING: Package name "6dof_arm_description" does not follow the naming conventions. It should start with a lower case letter and only contain lower case letters, digits, underscores, and dashes.
[1.893s] -- Configuring done
[1.896s] -- Generating done
[1.899s] -- Build files have been written to: /home/livia/rl_6dof_ws/build/6dof_arm_description
[1.903s] Invoked command in '/home/livia/rl_6dof_ws/build/6dof_arm_description' returned '0': CMAKE_PREFIX_PATH=${CMAKE_PREFIX_PATH}:/home/livia/ros2_ws/install/my_py_pkg:/home/livia/ros2_ws/install/my_cpp_pkg:/home/livia/Documents/git/Catch-Them-All-Turtlesim-Project/Catch_Them_All_Turtlesim_Project_WS/install/turtlesim_catch_them_all:/opt/ros/humble CONDA_PROMPT_MODIFIER=(base) /usr/bin/cmake /home/livia/rl_6dof_ws/src/6dof_arm_description -DCMAKE_INSTALL_PREFIX=/home/livia/rl_6dof_ws/install/6dof_arm_description
[1.906s] Invoking command in '/home/livia/rl_6dof_ws/build/6dof_arm_description': CMAKE_PREFIX_PATH=${CMAKE_PREFIX_PATH}:/home/livia/ros2_ws/install/my_py_pkg:/home/livia/ros2_ws/install/my_cpp_pkg:/home/livia/Documents/git/Catch-Them-All-Turtlesim-Project/Catch_Them_All_Turtlesim_Project_WS/install/turtlesim_catch_them_all:/opt/ros/humble CONDA_PROMPT_MODIFIER=(base) /usr/bin/cmake --build /home/livia/rl_6dof_ws/build/6dof_arm_description -- -j4 -l4
[1.949s] Invoked command in '/home/livia/rl_6dof_ws/build/6dof_arm_description' returned '0': CMAKE_PREFIX_PATH=${CMAKE_PREFIX_PATH}:/home/livia/ros2_ws/install/my_py_pkg:/home/livia/ros2_ws/install/my_cpp_pkg:/home/livia/Documents/git/Catch-Them-All-Turtlesim-Project/Catch_Them_All_Turtlesim_Project_WS/install/turtlesim_catch_them_all:/opt/ros/humble CONDA_PROMPT_MODIFIER=(base) /usr/bin/cmake --build /home/livia/rl_6dof_ws/build/6dof_arm_description -- -j4 -l4
[1.961s] Invoking command in '/home/livia/rl_6dof_ws/build/6dof_arm_description': CMAKE_PREFIX_PATH=${CMAKE_PREFIX_PATH}:/home/livia/ros2_ws/install/my_py_pkg:/home/livia/ros2_ws/install/my_cpp_pkg:/home/livia/Documents/git/Catch-Them-All-Turtlesim-Project/Catch_Them_All_Turtlesim_Project_WS/install/turtlesim_catch_them_all:/opt/ros/humble CONDA_PROMPT_MODIFIER=(base) /usr/bin/cmake --install /home/livia/rl_6dof_ws/build/6dof_arm_description
[1.969s] -- Install configuration: ""
[1.969s] -- Installing: /home/livia/rl_6dof_ws/install/6dof_arm_description/share/6dof_arm_description//urdf
[1.969s] -- Installing: /home/livia/rl_6dof_ws/install/6dof_arm_description/share/6dof_arm_description//urdf/6dof_arm.urdf.xacro
[1.969s] -- Installing: /home/livia/rl_6dof_ws/install/6dof_arm_description/share/6dof_arm_description//urdf/mobile_base.xacro
[1.969s] -- Installing: /home/livia/rl_6dof_ws/install/6dof_arm_description/share/6dof_arm_description//rviz
[1.970s] -- Installing: /home/livia/rl_6dof_ws/install/6dof_arm_description/share/6dof_arm_description//meshes
[1.970s] -- Installing: /home/livia/rl_6dof_ws/install/6dof_arm_description/share/6dof_arm_description//meshes/6dof_arm
[1.970s] -- Installing: /home/livia/rl_6dof_ws/install/6dof_arm_description/share/6dof_arm_description//meshes/6dof_arm/base_link.stl
[1.970s] -- Installing: /home/livia/rl_6dof_ws/install/6dof_arm_description/share/6dof_arm_description//meshes/sensors
[1.970s] -- Installing: /home/livia/rl_6dof_ws/install/6dof_arm_description/share/ament_index/resource_index/package_run_dependencies/6dof_arm_description
[1.970s] -- Installing: /home/livia/rl_6dof_ws/install/6dof_arm_description/share/ament_index/resource_index/parent_prefix_path/6dof_arm_description
[1.971s] -- Installing: /home/livia/rl_6dof_ws/install/6dof_arm_description/share/6dof_arm_description/environment/ament_prefix_path.sh
[1.971s] -- Installing: /home/livia/rl_6dof_ws/install/6dof_arm_description/share/6dof_arm_description/environment/ament_prefix_path.dsv
[1.971s] -- Installing: /home/livia/rl_6dof_ws/install/6dof_arm_description/share/6dof_arm_description/environment/path.sh
[1.971s] -- Installing: /home/livia/rl_6dof_ws/install/6dof_arm_description/share/6dof_arm_description/environment/path.dsv
[1.971s] -- Installing: /home/livia/rl_6dof_ws/install/6dof_arm_description/share/6dof_arm_description/local_setup.bash
[1.971s] -- Installing: /home/livia/rl_6dof_ws/install/6dof_arm_description/share/6dof_arm_description/local_setup.sh
[1.972s] -- Installing: /home/livia/rl_6dof_ws/install/6dof_arm_description/share/6dof_arm_description/local_setup.zsh
[1.972s] -- Installing: /home/livia/rl_6dof_ws/install/6dof_arm_description/share/6dof_arm_description/local_setup.dsv
[1.972s] -- Installing: /home/livia/rl_6dof_ws/install/6dof_arm_description/share/6dof_arm_description/package.dsv
[1.972s] -- Installing: /home/livia/rl_6dof_ws/install/6dof_arm_description/share/ament_index/resource_index/packages/6dof_arm_description
[1.972s] -- Installing: /home/livia/rl_6dof_ws/install/6dof_arm_description/share/6dof_arm_description/cmake/6dof_arm_descriptionConfig.cmake
[1.973s] -- Installing: /home/livia/rl_6dof_ws/install/6dof_arm_description/share/6dof_arm_description/cmake/6dof_arm_descriptionConfig-version.cmake
[1.973s] -- Installing: /home/livia/rl_6dof_ws/install/6dof_arm_description/share/6dof_arm_description/package.xml
[1.975s] Invoked command in '/home/livia/rl_6dof_ws/build/6dof_arm_description' returned '0': CMAKE_PREFIX_PATH=${CMAKE_PREFIX_PATH}:/home/livia/ros2_ws/install/my_py_pkg:/home/livia/ros2_ws/install/my_cpp_pkg:/home/livia/Documents/git/Catch-Them-All-Turtlesim-Project/Catch_Them_All_Turtlesim_Project_WS/install/turtlesim_catch_them_all:/opt/ros/humble CONDA_PROMPT_MODIFIER=(base) /usr/bin/cmake --install /home/livia/rl_6dof_ws/build/6dof_arm_description
