[0.012s] Invoking command in '/home/livia/rl_6dof_ws/build/6dof_arm_bringup': CMAKE_PREFIX_PATH=/home/livia/rl_6dof_ws/install/6dof_arm_description:/home/livia/rl_6dof_ws/install/6dof_arm_bringup:/home/livia/ros2_ws/install/my_robot_bringup:/home/livia/ros2_ws/install/my_robot_interfaces:/home/livia/ros2_ws/install/my_robot_gazebo_bringup:/home/livia/ros2_ws/install/my_robot_description:/home/livia/ros2_ws/install/my_py_pkg:/home/livia/ros2_ws/install/my_cpp_pkg:/home/livia/Documents/git/Catch-Them-All-Turtlesim-Project/Catch_Them_All_Turtlesim_Project_WS/install/turtlesim_catch_them_all:/opt/ros/humble CONDA_PROMPT_MODIFIER=(base) /usr/bin/cmake --build /home/livia/rl_6dof_ws/build/6dof_arm_bringup -- -j4 -l4
[0.035s] -- Found ament_cmake: 1.3.11 (/opt/ros/humble/share/ament_cmake/cmake)
[0.316s] -- Override CMake install command with custom implementation using symlinks instead of copying resources
[0.474s] WARNING: Package name "6dof_arm_bringup" does not follow the naming conventions. It should start with a lower case letter and only contain lower case letters, digits, underscores, and dashes.
[0.490s] -- Configuring done
[0.492s] -- Generating done
[0.494s] -- Build files have been written to: /home/livia/rl_6dof_ws/build/6dof_arm_bringup
[0.516s] Invoked command in '/home/livia/rl_6dof_ws/build/6dof_arm_bringup' returned '0': CMAKE_PREFIX_PATH=/home/livia/rl_6dof_ws/install/6dof_arm_description:/home/livia/rl_6dof_ws/install/6dof_arm_bringup:/home/livia/ros2_ws/install/my_robot_bringup:/home/livia/ros2_ws/install/my_robot_interfaces:/home/livia/ros2_ws/install/my_robot_gazebo_bringup:/home/livia/ros2_ws/install/my_robot_description:/home/livia/ros2_ws/install/my_py_pkg:/home/livia/ros2_ws/install/my_cpp_pkg:/home/livia/Documents/git/Catch-Them-All-Turtlesim-Project/Catch_Them_All_Turtlesim_Project_WS/install/turtlesim_catch_them_all:/opt/ros/humble CONDA_PROMPT_MODIFIER=(base) /usr/bin/cmake --build /home/livia/rl_6dof_ws/build/6dof_arm_bringup -- -j4 -l4
[0.518s] Invoking command in '/home/livia/rl_6dof_ws/build/6dof_arm_bringup': CMAKE_PREFIX_PATH=/home/livia/rl_6dof_ws/install/6dof_arm_description:/home/livia/rl_6dof_ws/install/6dof_arm_bringup:/home/livia/ros2_ws/install/my_robot_bringup:/home/livia/ros2_ws/install/my_robot_interfaces:/home/livia/ros2_ws/install/my_robot_gazebo_bringup:/home/livia/ros2_ws/install/my_robot_description:/home/livia/ros2_ws/install/my_py_pkg:/home/livia/ros2_ws/install/my_cpp_pkg:/home/livia/Documents/git/Catch-Them-All-Turtlesim-Project/Catch_Them_All_Turtlesim_Project_WS/install/turtlesim_catch_them_all:/opt/ros/humble CONDA_PROMPT_MODIFIER=(base) /usr/bin/cmake --install /home/livia/rl_6dof_ws/build/6dof_arm_bringup
[0.527s] -- Install configuration: ""
[0.527s] -- Execute custom install script
[0.527s] -- Up-to-date symlink: /home/livia/rl_6dof_ws/install/6dof_arm_bringup/share/6dof_arm_bringup//launch/gazebo.launch.xml
[0.528s] -- Up-to-date symlink: /home/livia/rl_6dof_ws/install/6dof_arm_bringup/share/6dof_arm_bringup//launch/rviz_display.launch.xml
[0.528s] -- Up-to-date symlink: /home/livia/rl_6dof_ws/install/6dof_arm_bringup/share/ament_index/resource_index/package_run_dependencies/6dof_arm_bringup
[0.528s] -- Up-to-date symlink: /home/livia/rl_6dof_ws/install/6dof_arm_bringup/share/ament_index/resource_index/parent_prefix_path/6dof_arm_bringup
[0.528s] -- Up-to-date symlink: /home/livia/rl_6dof_ws/install/6dof_arm_bringup/share/6dof_arm_bringup/environment/ament_prefix_path.sh
[0.528s] -- Up-to-date symlink: /home/livia/rl_6dof_ws/install/6dof_arm_bringup/share/6dof_arm_bringup/environment/ament_prefix_path.dsv
[0.529s] -- Up-to-date symlink: /home/livia/rl_6dof_ws/install/6dof_arm_bringup/share/6dof_arm_bringup/environment/path.sh
[0.529s] -- Up-to-date symlink: /home/livia/rl_6dof_ws/install/6dof_arm_bringup/share/6dof_arm_bringup/environment/path.dsv
[0.529s] -- Up-to-date symlink: /home/livia/rl_6dof_ws/install/6dof_arm_bringup/share/6dof_arm_bringup/local_setup.bash
[0.529s] -- Up-to-date symlink: /home/livia/rl_6dof_ws/install/6dof_arm_bringup/share/6dof_arm_bringup/local_setup.sh
[0.530s] -- Up-to-date symlink: /home/livia/rl_6dof_ws/install/6dof_arm_bringup/share/6dof_arm_bringup/local_setup.zsh
[0.530s] -- Up-to-date symlink: /home/livia/rl_6dof_ws/install/6dof_arm_bringup/share/6dof_arm_bringup/local_setup.dsv
[0.530s] -- Symlinking: /home/livia/rl_6dof_ws/install/6dof_arm_bringup/share/6dof_arm_bringup/package.dsv
[0.539s] -- Up-to-date symlink: /home/livia/rl_6dof_ws/install/6dof_arm_bringup/share/ament_index/resource_index/packages/6dof_arm_bringup
[0.539s] -- Up-to-date symlink: /home/livia/rl_6dof_ws/install/6dof_arm_bringup/share/6dof_arm_bringup/cmake/6dof_arm_bringupConfig.cmake
[0.539s] -- Up-to-date symlink: /home/livia/rl_6dof_ws/install/6dof_arm_bringup/share/6dof_arm_bringup/cmake/6dof_arm_bringupConfig-version.cmake
[0.539s] -- Up-to-date symlink: /home/livia/rl_6dof_ws/install/6dof_arm_bringup/share/6dof_arm_bringup/package.xml
[0.542s] Invoked command in '/home/livia/rl_6dof_ws/build/6dof_arm_bringup' returned '0': CMAKE_PREFIX_PATH=/home/livia/rl_6dof_ws/install/6dof_arm_description:/home/livia/rl_6dof_ws/install/6dof_arm_bringup:/home/livia/ros2_ws/install/my_robot_bringup:/home/livia/ros2_ws/install/my_robot_interfaces:/home/livia/ros2_ws/install/my_robot_gazebo_bringup:/home/livia/ros2_ws/install/my_robot_description:/home/livia/ros2_ws/install/my_py_pkg:/home/livia/ros2_ws/install/my_cpp_pkg:/home/livia/Documents/git/Catch-Them-All-Turtlesim-Project/Catch_Them_All_Turtlesim_Project_WS/install/turtlesim_catch_them_all:/opt/ros/humble CONDA_PROMPT_MODIFIER=(base) /usr/bin/cmake --install /home/livia/rl_6dof_ws/build/6dof_arm_bringup
