[0.792s] Invoking command in '/home/livia/rl_6dof_ws/src/6dof_arm_rl': CONDA_PROMPT_MODIFIER=(base) PYTHONPATH=/home/livia/rl_6dof_ws/build/6dof_arm_rl/prefix_override:/usr/lib/python3/dist-packages/colcon_core/task/python/colcon_distutils_commands:/home/livia/rl_6dof_ws/install/6dof_arm_rl/lib/python3.10/site-packages:${PYTHONPATH} /usr/bin/python3 -W ignore:setup.py install is deprecated -W ignore:easy_install command is deprecated setup.py egg_info --egg-base ../../build/6dof_arm_rl build --build-base /home/livia/rl_6dof_ws/build/6dof_arm_rl/build install --record /home/livia/rl_6dof_ws/build/6dof_arm_rl/install.log --single-version-externally-managed install_data
[1.034s] running egg_info
[1.035s] writing ../../build/6dof_arm_rl/6dof_arm_rl.egg-info/PKG-INFO
[1.035s] writing dependency_links to ../../build/6dof_arm_rl/6dof_arm_rl.egg-info/dependency_links.txt
[1.036s] writing entry points to ../../build/6dof_arm_rl/6dof_arm_rl.egg-info/entry_points.txt
[1.036s] writing requirements to ../../build/6dof_arm_rl/6dof_arm_rl.egg-info/requires.txt
[1.036s] writing top-level names to ../../build/6dof_arm_rl/6dof_arm_rl.egg-info/top_level.txt
[1.038s] reading manifest file '../../build/6dof_arm_rl/6dof_arm_rl.egg-info/SOURCES.txt'
[1.039s] writing manifest file '../../build/6dof_arm_rl/6dof_arm_rl.egg-info/SOURCES.txt'
[1.039s] running build
[1.039s] running build_py
[1.040s] running install
[1.042s] running install_lib
[1.044s] running install_data
[1.044s] running install_egg_info
[1.046s] removing '/home/livia/rl_6dof_ws/install/6dof_arm_rl/lib/python3.10/site-packages/6dof_arm_rl-0.0.0-py3.10.egg-info' (and everything under it)
[1.047s] Copying ../../build/6dof_arm_rl/6dof_arm_rl.egg-info to /home/livia/rl_6dof_ws/install/6dof_arm_rl/lib/python3.10/site-packages/6dof_arm_rl-0.0.0-py3.10.egg-info
[1.048s] running install_scripts
[1.067s] Installing arm_control script to /home/livia/rl_6dof_ws/install/6dof_arm_rl/lib/6dof_arm_rl
[1.067s] writing list of installed files to '/home/livia/rl_6dof_ws/build/6dof_arm_rl/install.log'
[1.090s] Invoked command in '/home/livia/rl_6dof_ws/src/6dof_arm_rl' returned '0': CONDA_PROMPT_MODIFIER=(base) PYTHONPATH=/home/livia/rl_6dof_ws/build/6dof_arm_rl/prefix_override:/usr/lib/python3/dist-packages/colcon_core/task/python/colcon_distutils_commands:/home/livia/rl_6dof_ws/install/6dof_arm_rl/lib/python3.10/site-packages:${PYTHONPATH} /usr/bin/python3 -W ignore:setup.py install is deprecated -W ignore:easy_install command is deprecated setup.py egg_info --egg-base ../../build/6dof_arm_rl build --build-base /home/livia/rl_6dof_ws/build/6dof_arm_rl/build install --record /home/livia/rl_6dof_ws/build/6dof_arm_rl/install.log --single-version-externally-managed install_data
