[0.139s] DEBUG:colcon:Command line arguments: ['/home/livia/anaconda3/envs/rl_sixdof_env/bin/colcon', 'build', '--symlink-install']
[0.139s] DEBUG:colcon:Parsed command line arguments: Namespace(log_base=None, log_level=None, verb_name='build', build_base='build', install_base='install', merge_install=False, symlink_install=True, test_result_base=None, continue_on_error=False, executor='parallel', parallel_workers=4, event_handlers=None, ignore_user_meta=False, metas=['./colcon.meta'], base_paths=['.'], packages_ignore=None, packages_ignore_regex=None, paths=None, packages_up_to=None, packages_up_to_regex=None, packages_above=None, packages_above_and_dependencies=None, packages_above_depth=None, packages_select_by_dep=None, packages_skip_by_dep=None, packages_skip_up_to=None, packages_select_build_failed=False, packages_skip_build_finished=False, packages_select_test_failures=False, packages_skip_test_passed=False, packages_select=None, packages_skip=None, packages_select_regex=None, packages_skip_regex=None, packages_start=None, packages_end=None, cmake_args=None, cmake_target=None, cmake_target_skip_unavailable=False, cmake_clean_cache=False, cmake_clean_first=False, cmake_force_configure=False, ament_cmake_args=None, catkin_cmake_args=None, catkin_skip_building_tests=False, verb_parser=<colcon_defaults.argument_parser.defaults.DefaultArgumentsDecorator object at 0x7d7b9f027400>, verb_extension=<colcon_core.verb.build.BuildVerb object at 0x7d7b9f28ca00>, main=<bound method BuildVerb.main of <colcon_core.verb.build.BuildVerb object at 0x7d7b9f28ca00>>)
[0.205s] Level 1:colcon.colcon_core.package_discovery:discover_packages(colcon_meta) check parameters
[0.205s] Level 1:colcon.colcon_core.package_discovery:discover_packages(recursive) check parameters
[0.205s] Level 1:colcon.colcon_core.package_discovery:discover_packages(ignore) check parameters
[0.205s] Level 1:colcon.colcon_core.package_discovery:discover_packages(path) check parameters
[0.205s] Level 1:colcon.colcon_core.package_discovery:discover_packages(colcon_meta) discover
[0.205s] Level 1:colcon.colcon_core.package_discovery:discover_packages(recursive) discover
[0.205s] INFO:colcon.colcon_core.package_discovery:Crawling recursively for packages in '/home/livia/rl_6dof_ws'
[0.205s] Level 1:colcon.colcon_core.package_identification:_identify(.) by extensions ['ignore', 'ignore_ament_install']
[0.205s] Level 1:colcon.colcon_core.package_identification:_identify(.) by extension 'ignore'
[0.205s] Level 1:colcon.colcon_core.package_identification:_identify(.) by extension 'ignore_ament_install'
[0.205s] Level 1:colcon.colcon_core.package_identification:_identify(.) by extensions ['colcon_pkg']
[0.205s] Level 1:colcon.colcon_core.package_identification:_identify(.) by extension 'colcon_pkg'
[0.205s] Level 1:colcon.colcon_core.package_identification:_identify(.) by extensions ['colcon_meta']
[0.205s] Level 1:colcon.colcon_core.package_identification:_identify(.) by extension 'colcon_meta'
[0.205s] Level 1:colcon.colcon_core.package_identification:_identify(.) by extensions ['ros']
[0.205s] Level 1:colcon.colcon_core.package_identification:_identify(.) by extension 'ros'
[0.237s] Level 1:colcon.colcon_core.package_identification:_identify(.) by extensions ['cmake', 'python']
[0.237s] Level 1:colcon.colcon_core.package_identification:_identify(.) by extension 'cmake'
[0.237s] Level 1:colcon.colcon_core.package_identification:_identify(.) by extension 'python'
[0.237s] Level 1:colcon.colcon_core.package_identification:_identify(.) by extensions ['python_setup_py']
[0.237s] Level 1:colcon.colcon_core.package_identification:_identify(.) by extension 'python_setup_py'
[0.237s] Level 1:colcon.colcon_core.package_identification:_identify(build) by extensions ['ignore', 'ignore_ament_install']
[0.237s] Level 1:colcon.colcon_core.package_identification:_identify(build) by extension 'ignore'
[0.237s] Level 1:colcon.colcon_core.package_identification:_identify(build) ignored
[0.238s] Level 1:colcon.colcon_core.package_identification:_identify(install) by extensions ['ignore', 'ignore_ament_install']
[0.238s] Level 1:colcon.colcon_core.package_identification:_identify(install) by extension 'ignore'
[0.238s] Level 1:colcon.colcon_core.package_identification:_identify(install) ignored
[0.238s] Level 1:colcon.colcon_core.package_identification:_identify(log) by extensions ['ignore', 'ignore_ament_install']
[0.238s] Level 1:colcon.colcon_core.package_identification:_identify(log) by extension 'ignore'
[0.238s] Level 1:colcon.colcon_core.package_identification:_identify(log) ignored
[0.238s] Level 1:colcon.colcon_core.package_identification:_identify(plots) by extensions ['ignore', 'ignore_ament_install']
[0.238s] Level 1:colcon.colcon_core.package_identification:_identify(plots) by extension 'ignore'
[0.238s] Level 1:colcon.colcon_core.package_identification:_identify(plots) by extension 'ignore_ament_install'
[0.238s] Level 1:colcon.colcon_core.package_identification:_identify(plots) by extensions ['colcon_pkg']
[0.238s] Level 1:colcon.colcon_core.package_identification:_identify(plots) by extension 'colcon_pkg'
[0.238s] Level 1:colcon.colcon_core.package_identification:_identify(plots) by extensions ['colcon_meta']
[0.239s] Level 1:colcon.colcon_core.package_identification:_identify(plots) by extension 'colcon_meta'
[0.239s] Level 1:colcon.colcon_core.package_identification:_identify(plots) by extensions ['ros']
[0.239s] Level 1:colcon.colcon_core.package_identification:_identify(plots) by extension 'ros'
[0.239s] Level 1:colcon.colcon_core.package_identification:_identify(plots) by extensions ['cmake', 'python']
[0.239s] Level 1:colcon.colcon_core.package_identification:_identify(plots) by extension 'cmake'
[0.239s] Level 1:colcon.colcon_core.package_identification:_identify(plots) by extension 'python'
[0.239s] Level 1:colcon.colcon_core.package_identification:_identify(plots) by extensions ['python_setup_py']
[0.239s] Level 1:colcon.colcon_core.package_identification:_identify(plots) by extension 'python_setup_py'
[0.239s] Level 1:colcon.colcon_core.package_identification:_identify(src) by extensions ['ignore', 'ignore_ament_install']
[0.239s] Level 1:colcon.colcon_core.package_identification:_identify(src) by extension 'ignore'
[0.239s] Level 1:colcon.colcon_core.package_identification:_identify(src) by extension 'ignore_ament_install'
[0.239s] Level 1:colcon.colcon_core.package_identification:_identify(src) by extensions ['colcon_pkg']
[0.239s] Level 1:colcon.colcon_core.package_identification:_identify(src) by extension 'colcon_pkg'
[0.239s] Level 1:colcon.colcon_core.package_identification:_identify(src) by extensions ['colcon_meta']
[0.239s] Level 1:colcon.colcon_core.package_identification:_identify(src) by extension 'colcon_meta'
[0.239s] Level 1:colcon.colcon_core.package_identification:_identify(src) by extensions ['ros']
[0.239s] Level 1:colcon.colcon_core.package_identification:_identify(src) by extension 'ros'
[0.239s] Level 1:colcon.colcon_core.package_identification:_identify(src) by extensions ['cmake', 'python']
[0.239s] Level 1:colcon.colcon_core.package_identification:_identify(src) by extension 'cmake'
[0.239s] Level 1:colcon.colcon_core.package_identification:_identify(src) by extension 'python'
[0.239s] Level 1:colcon.colcon_core.package_identification:_identify(src) by extensions ['python_setup_py']
[0.239s] Level 1:colcon.colcon_core.package_identification:_identify(src) by extension 'python_setup_py'
[0.240s] Level 1:colcon.colcon_core.package_identification:_identify(src/sixdof_arm_bringup) by extensions ['ignore', 'ignore_ament_install']
[0.240s] Level 1:colcon.colcon_core.package_identification:_identify(src/sixdof_arm_bringup) by extension 'ignore'
[0.240s] Level 1:colcon.colcon_core.package_identification:_identify(src/sixdof_arm_bringup) by extension 'ignore_ament_install'
[0.240s] Level 1:colcon.colcon_core.package_identification:_identify(src/sixdof_arm_bringup) by extensions ['colcon_pkg']
[0.240s] Level 1:colcon.colcon_core.package_identification:_identify(src/sixdof_arm_bringup) by extension 'colcon_pkg'
[0.240s] Level 1:colcon.colcon_core.package_identification:_identify(src/sixdof_arm_bringup) by extensions ['colcon_meta']
[0.240s] Level 1:colcon.colcon_core.package_identification:_identify(src/sixdof_arm_bringup) by extension 'colcon_meta'
[0.240s] Level 1:colcon.colcon_core.package_identification:_identify(src/sixdof_arm_bringup) by extensions ['ros']
[0.240s] Level 1:colcon.colcon_core.package_identification:_identify(src/sixdof_arm_bringup) by extension 'ros'
[0.243s] DEBUG:colcon.colcon_core.package_identification:Package 'src/sixdof_arm_bringup' with type 'ros.ament_cmake' and name 'sixdof_arm_bringup'
[0.244s] Level 1:colcon.colcon_core.package_identification:_identify(src/sixdof_arm_description) by extensions ['ignore', 'ignore_ament_install']
[0.244s] Level 1:colcon.colcon_core.package_identification:_identify(src/sixdof_arm_description) by extension 'ignore'
[0.244s] Level 1:colcon.colcon_core.package_identification:_identify(src/sixdof_arm_description) by extension 'ignore_ament_install'
[0.244s] Level 1:colcon.colcon_core.package_identification:_identify(src/sixdof_arm_description) by extensions ['colcon_pkg']
[0.244s] Level 1:colcon.colcon_core.package_identification:_identify(src/sixdof_arm_description) by extension 'colcon_pkg'
[0.244s] Level 1:colcon.colcon_core.package_identification:_identify(src/sixdof_arm_description) by extensions ['colcon_meta']
[0.244s] Level 1:colcon.colcon_core.package_identification:_identify(src/sixdof_arm_description) by extension 'colcon_meta'
[0.244s] Level 1:colcon.colcon_core.package_identification:_identify(src/sixdof_arm_description) by extensions ['ros']
[0.244s] Level 1:colcon.colcon_core.package_identification:_identify(src/sixdof_arm_description) by extension 'ros'
[0.244s] DEBUG:colcon.colcon_core.package_identification:Package 'src/sixdof_arm_description' with type 'ros.ament_cmake' and name 'sixdof_arm_description'
[0.245s] Level 1:colcon.colcon_core.package_identification:_identify(src/sixdof_arm_interfaces) by extensions ['ignore', 'ignore_ament_install']
[0.245s] Level 1:colcon.colcon_core.package_identification:_identify(src/sixdof_arm_interfaces) by extension 'ignore'
[0.245s] Level 1:colcon.colcon_core.package_identification:_identify(src/sixdof_arm_interfaces) by extension 'ignore_ament_install'
[0.245s] Level 1:colcon.colcon_core.package_identification:_identify(src/sixdof_arm_interfaces) by extensions ['colcon_pkg']
[0.245s] Level 1:colcon.colcon_core.package_identification:_identify(src/sixdof_arm_interfaces) by extension 'colcon_pkg'
[0.245s] Level 1:colcon.colcon_core.package_identification:_identify(src/sixdof_arm_interfaces) by extensions ['colcon_meta']
[0.245s] Level 1:colcon.colcon_core.package_identification:_identify(src/sixdof_arm_interfaces) by extension 'colcon_meta'
[0.245s] Level 1:colcon.colcon_core.package_identification:_identify(src/sixdof_arm_interfaces) by extensions ['ros']
[0.245s] Level 1:colcon.colcon_core.package_identification:_identify(src/sixdof_arm_interfaces) by extension 'ros'
[0.245s] DEBUG:colcon.colcon_core.package_identification:Package 'src/sixdof_arm_interfaces' with type 'ros.ament_cmake' and name 'sixdof_arm_interfaces'
[0.246s] Level 1:colcon.colcon_core.package_identification:_identify(src/sixdof_arm_rl) by extensions ['ignore', 'ignore_ament_install']
[0.246s] Level 1:colcon.colcon_core.package_identification:_identify(src/sixdof_arm_rl) by extension 'ignore'
[0.246s] Level 1:colcon.colcon_core.package_identification:_identify(src/sixdof_arm_rl) by extension 'ignore_ament_install'
[0.246s] Level 1:colcon.colcon_core.package_identification:_identify(src/sixdof_arm_rl) by extensions ['colcon_pkg']
[0.246s] Level 1:colcon.colcon_core.package_identification:_identify(src/sixdof_arm_rl) by extension 'colcon_pkg'
[0.246s] Level 1:colcon.colcon_core.package_identification:_identify(src/sixdof_arm_rl) by extensions ['colcon_meta']
[0.246s] Level 1:colcon.colcon_core.package_identification:_identify(src/sixdof_arm_rl) by extension 'colcon_meta'
[0.246s] Level 1:colcon.colcon_core.package_identification:_identify(src/sixdof_arm_rl) by extensions ['ros']
[0.246s] Level 1:colcon.colcon_core.package_identification:_identify(src/sixdof_arm_rl) by extension 'ros'
[0.247s] DEBUG:colcon.colcon_core.package_identification:Package 'src/sixdof_arm_rl' with type 'ros.ament_python' and name 'sixdof_arm_rl'
[0.247s] Level 1:colcon.colcon_core.package_discovery:discover_packages(recursive) using defaults
[0.247s] Level 1:colcon.colcon_core.package_discovery:discover_packages(ignore) discover
[0.247s] Level 1:colcon.colcon_core.package_discovery:discover_packages(ignore) using defaults
[0.247s] Level 1:colcon.colcon_core.package_discovery:discover_packages(path) discover
[0.247s] Level 1:colcon.colcon_core.package_discovery:discover_packages(path) using defaults
[0.272s] Level 5:colcon.colcon_core.verb:set package 'sixdof_arm_description' build argument 'cmake_args' from command line to 'None'
[0.272s] Level 5:colcon.colcon_core.verb:set package 'sixdof_arm_description' build argument 'cmake_target' from command line to 'None'
[0.272s] Level 5:colcon.colcon_core.verb:set package 'sixdof_arm_description' build argument 'cmake_target_skip_unavailable' from command line to 'False'
[0.272s] Level 5:colcon.colcon_core.verb:set package 'sixdof_arm_description' build argument 'cmake_clean_cache' from command line to 'False'
[0.272s] Level 5:colcon.colcon_core.verb:set package 'sixdof_arm_description' build argument 'cmake_clean_first' from command line to 'False'
[0.272s] Level 5:colcon.colcon_core.verb:set package 'sixdof_arm_description' build argument 'cmake_force_configure' from command line to 'False'
[0.272s] Level 5:colcon.colcon_core.verb:set package 'sixdof_arm_description' build argument 'ament_cmake_args' from command line to 'None'
[0.272s] Level 5:colcon.colcon_core.verb:set package 'sixdof_arm_description' build argument 'catkin_cmake_args' from command line to 'None'
[0.272s] Level 5:colcon.colcon_core.verb:set package 'sixdof_arm_description' build argument 'catkin_skip_building_tests' from command line to 'False'
[0.272s] DEBUG:colcon.colcon_core.verb:Building package 'sixdof_arm_description' with the following arguments: {'ament_cmake_args': None, 'build_base': '/home/livia/rl_6dof_ws/build/sixdof_arm_description', 'catkin_cmake_args': None, 'catkin_skip_building_tests': False, 'cmake_args': None, 'cmake_clean_cache': False, 'cmake_clean_first': False, 'cmake_force_configure': False, 'cmake_target': None, 'cmake_target_skip_unavailable': False, 'install_base': '/home/livia/rl_6dof_ws/install/sixdof_arm_description', 'merge_install': False, 'path': '/home/livia/rl_6dof_ws/src/sixdof_arm_description', 'symlink_install': True, 'test_result_base': None}
[0.272s] Level 5:colcon.colcon_core.verb:set package 'sixdof_arm_interfaces' build argument 'cmake_args' from command line to 'None'
[0.272s] Level 5:colcon.colcon_core.verb:set package 'sixdof_arm_interfaces' build argument 'cmake_target' from command line to 'None'
[0.272s] Level 5:colcon.colcon_core.verb:set package 'sixdof_arm_interfaces' build argument 'cmake_target_skip_unavailable' from command line to 'False'
[0.272s] Level 5:colcon.colcon_core.verb:set package 'sixdof_arm_interfaces' build argument 'cmake_clean_cache' from command line to 'False'
[0.272s] Level 5:colcon.colcon_core.verb:set package 'sixdof_arm_interfaces' build argument 'cmake_clean_first' from command line to 'False'
[0.272s] Level 5:colcon.colcon_core.verb:set package 'sixdof_arm_interfaces' build argument 'cmake_force_configure' from command line to 'False'
[0.272s] Level 5:colcon.colcon_core.verb:set package 'sixdof_arm_interfaces' build argument 'ament_cmake_args' from command line to 'None'
[0.272s] Level 5:colcon.colcon_core.verb:set package 'sixdof_arm_interfaces' build argument 'catkin_cmake_args' from command line to 'None'
[0.272s] Level 5:colcon.colcon_core.verb:set package 'sixdof_arm_interfaces' build argument 'catkin_skip_building_tests' from command line to 'False'
[0.273s] DEBUG:colcon.colcon_core.verb:Building package 'sixdof_arm_interfaces' with the following arguments: {'ament_cmake_args': None, 'build_base': '/home/livia/rl_6dof_ws/build/sixdof_arm_interfaces', 'catkin_cmake_args': None, 'catkin_skip_building_tests': False, 'cmake_args': None, 'cmake_clean_cache': False, 'cmake_clean_first': False, 'cmake_force_configure': False, 'cmake_target': None, 'cmake_target_skip_unavailable': False, 'install_base': '/home/livia/rl_6dof_ws/install/sixdof_arm_interfaces', 'merge_install': False, 'path': '/home/livia/rl_6dof_ws/src/sixdof_arm_interfaces', 'symlink_install': True, 'test_result_base': None}
[0.273s] Level 5:colcon.colcon_core.verb:set package 'sixdof_arm_rl' build argument 'cmake_args' from command line to 'None'
[0.273s] Level 5:colcon.colcon_core.verb:set package 'sixdof_arm_rl' build argument 'cmake_target' from command line to 'None'
[0.273s] Level 5:colcon.colcon_core.verb:set package 'sixdof_arm_rl' build argument 'cmake_target_skip_unavailable' from command line to 'False'
[0.273s] Level 5:colcon.colcon_core.verb:set package 'sixdof_arm_rl' build argument 'cmake_clean_cache' from command line to 'False'
[0.273s] Level 5:colcon.colcon_core.verb:set package 'sixdof_arm_rl' build argument 'cmake_clean_first' from command line to 'False'
[0.273s] Level 5:colcon.colcon_core.verb:set package 'sixdof_arm_rl' build argument 'cmake_force_configure' from command line to 'False'
[0.273s] Level 5:colcon.colcon_core.verb:set package 'sixdof_arm_rl' build argument 'ament_cmake_args' from command line to 'None'
[0.273s] Level 5:colcon.colcon_core.verb:set package 'sixdof_arm_rl' build argument 'catkin_cmake_args' from command line to 'None'
[0.273s] Level 5:colcon.colcon_core.verb:set package 'sixdof_arm_rl' build argument 'catkin_skip_building_tests' from command line to 'False'
[0.273s] DEBUG:colcon.colcon_core.verb:Building package 'sixdof_arm_rl' with the following arguments: {'ament_cmake_args': None, 'build_base': '/home/livia/rl_6dof_ws/build/sixdof_arm_rl', 'catkin_cmake_args': None, 'catkin_skip_building_tests': False, 'cmake_args': None, 'cmake_clean_cache': False, 'cmake_clean_first': False, 'cmake_force_configure': False, 'cmake_target': None, 'cmake_target_skip_unavailable': False, 'install_base': '/home/livia/rl_6dof_ws/install/sixdof_arm_rl', 'merge_install': False, 'path': '/home/livia/rl_6dof_ws/src/sixdof_arm_rl', 'symlink_install': True, 'test_result_base': None}
[0.273s] Level 5:colcon.colcon_core.verb:set package 'sixdof_arm_bringup' build argument 'cmake_args' from command line to 'None'
[0.273s] Level 5:colcon.colcon_core.verb:set package 'sixdof_arm_bringup' build argument 'cmake_target' from command line to 'None'
[0.273s] Level 5:colcon.colcon_core.verb:set package 'sixdof_arm_bringup' build argument 'cmake_target_skip_unavailable' from command line to 'False'
[0.273s] Level 5:colcon.colcon_core.verb:set package 'sixdof_arm_bringup' build argument 'cmake_clean_cache' from command line to 'False'
[0.273s] Level 5:colcon.colcon_core.verb:set package 'sixdof_arm_bringup' build argument 'cmake_clean_first' from command line to 'False'
[0.274s] Level 5:colcon.colcon_core.verb:set package 'sixdof_arm_bringup' build argument 'cmake_force_configure' from command line to 'False'
[0.274s] Level 5:colcon.colcon_core.verb:set package 'sixdof_arm_bringup' build argument 'ament_cmake_args' from command line to 'None'
[0.274s] Level 5:colcon.colcon_core.verb:set package 'sixdof_arm_bringup' build argument 'catkin_cmake_args' from command line to 'None'
[0.274s] Level 5:colcon.colcon_core.verb:set package 'sixdof_arm_bringup' build argument 'catkin_skip_building_tests' from command line to 'False'
[0.274s] DEBUG:colcon.colcon_core.verb:Building package 'sixdof_arm_bringup' with the following arguments: {'ament_cmake_args': None, 'build_base': '/home/livia/rl_6dof_ws/build/sixdof_arm_bringup', 'catkin_cmake_args': None, 'catkin_skip_building_tests': False, 'cmake_args': None, 'cmake_clean_cache': False, 'cmake_clean_first': False, 'cmake_force_configure': False, 'cmake_target': None, 'cmake_target_skip_unavailable': False, 'install_base': '/home/livia/rl_6dof_ws/install/sixdof_arm_bringup', 'merge_install': False, 'path': '/home/livia/rl_6dof_ws/src/sixdof_arm_bringup', 'symlink_install': True, 'test_result_base': None}
[0.274s] INFO:colcon.colcon_core.executor:Executing jobs using 'parallel' executor
[0.275s] DEBUG:colcon.colcon_parallel_executor.executor.parallel:run_until_complete
[0.275s] INFO:colcon.colcon_ros.task.ament_cmake.build:Building ROS package in '/home/livia/rl_6dof_ws/src/sixdof_arm_interfaces' with build type 'ament_cmake'
[0.275s] INFO:colcon.colcon_cmake.task.cmake.build:Building CMake package in '/home/livia/rl_6dof_ws/src/sixdof_arm_interfaces'
[0.280s] INFO:colcon.colcon_core.plugin_system:Skipping extension 'colcon_core.shell.bat': Not used on non-Windows systems
[0.280s] INFO:colcon.colcon_core.shell:Skip shell extension 'powershell' for command environment: Not usable outside of PowerShell
[0.280s] DEBUG:colcon.colcon_core.shell:Skip shell extension 'dsv' for command environment
[0.290s] INFO:colcon.colcon_ros.task.ament_cmake.build:Building ROS package in '/home/livia/rl_6dof_ws/src/sixdof_arm_description' with build type 'ament_cmake'
[0.290s] INFO:colcon.colcon_cmake.task.cmake.build:Building CMake package in '/home/livia/rl_6dof_ws/src/sixdof_arm_description'
[0.290s] INFO:colcon.colcon_core.shell:Skip shell extension 'powershell' for command environment: Not usable outside of PowerShell
[0.290s] DEBUG:colcon.colcon_core.shell:Skip shell extension 'dsv' for command environment
[0.300s] DEBUG:colcon.colcon_core.event_handler.log_command:Invoking command in '/home/livia/rl_6dof_ws/build/sixdof_arm_interfaces': CMAKE_PREFIX_PATH=${CMAKE_PREFIX_PATH}:/home/livia/ros2_ws/install/my_py_pkg:/home/livia/ros2_ws/install/actions_py:/home/livia/Documents/git/Catch-Them-All-Turtlesim-Project/Catch_Them_All_Turtlesim_Project_WS/install/turtlesim_catch_them_all:/home/livia/rl_6dof_ws/install/sixdof_arm_rl:/opt/ros/humble CONDA_PROMPT_MODIFIER=(rl_sixdof_env) /usr/bin/cmake --build /home/livia/rl_6dof_ws/build/sixdof_arm_interfaces -- -j4 -l4
[0.310s] DEBUG:colcon.colcon_core.event_handler.log_command:Invoking command in '/home/livia/rl_6dof_ws/build/sixdof_arm_description': CMAKE_PREFIX_PATH=${CMAKE_PREFIX_PATH}:/home/livia/ros2_ws/install/my_py_pkg:/home/livia/ros2_ws/install/actions_py:/home/livia/Documents/git/Catch-Them-All-Turtlesim-Project/Catch_Them_All_Turtlesim_Project_WS/install/turtlesim_catch_them_all:/home/livia/rl_6dof_ws/install/sixdof_arm_rl:/opt/ros/humble CONDA_PROMPT_MODIFIER=(rl_sixdof_env) /usr/bin/cmake --build /home/livia/rl_6dof_ws/build/sixdof_arm_description -- -j4 -l4
[0.421s] DEBUG:colcon.colcon_core.event_handler.log_command:Invoked command in '/home/livia/rl_6dof_ws/build/sixdof_arm_description' returned '0': CMAKE_PREFIX_PATH=${CMAKE_PREFIX_PATH}:/home/livia/ros2_ws/install/my_py_pkg:/home/livia/ros2_ws/install/actions_py:/home/livia/Documents/git/Catch-Them-All-Turtlesim-Project/Catch_Them_All_Turtlesim_Project_WS/install/turtlesim_catch_them_all:/home/livia/rl_6dof_ws/install/sixdof_arm_rl:/opt/ros/humble CONDA_PROMPT_MODIFIER=(rl_sixdof_env) /usr/bin/cmake --build /home/livia/rl_6dof_ws/build/sixdof_arm_description -- -j4 -l4
[0.438s] DEBUG:colcon.colcon_core.event_handler.log_command:Invoking command in '/home/livia/rl_6dof_ws/build/sixdof_arm_description': CMAKE_PREFIX_PATH=${CMAKE_PREFIX_PATH}:/home/livia/ros2_ws/install/my_py_pkg:/home/livia/ros2_ws/install/actions_py:/home/livia/Documents/git/Catch-Them-All-Turtlesim-Project/Catch_Them_All_Turtlesim_Project_WS/install/turtlesim_catch_them_all:/home/livia/rl_6dof_ws/install/sixdof_arm_rl:/opt/ros/humble CONDA_PROMPT_MODIFIER=(rl_sixdof_env) /usr/bin/cmake --install /home/livia/rl_6dof_ws/build/sixdof_arm_description
[0.496s] Level 1:colcon.colcon_core.environment:create_environment_scripts_only(sixdof_arm_description)
[0.497s] DEBUG:colcon.colcon_core.event_handler.log_command:Invoked command in '/home/livia/rl_6dof_ws/build/sixdof_arm_description' returned '0': CMAKE_PREFIX_PATH=${CMAKE_PREFIX_PATH}:/home/livia/ros2_ws/install/my_py_pkg:/home/livia/ros2_ws/install/actions_py:/home/livia/Documents/git/Catch-Them-All-Turtlesim-Project/Catch_Them_All_Turtlesim_Project_WS/install/turtlesim_catch_them_all:/home/livia/rl_6dof_ws/install/sixdof_arm_rl:/opt/ros/humble CONDA_PROMPT_MODIFIER=(rl_sixdof_env) /usr/bin/cmake --install /home/livia/rl_6dof_ws/build/sixdof_arm_description
[0.507s] Level 1:colcon.colcon_core.environment:checking '/home/livia/rl_6dof_ws/install/sixdof_arm_description' for CMake module files
[0.508s] Level 1:colcon.colcon_core.environment:checking '/home/livia/rl_6dof_ws/install/sixdof_arm_description' for CMake config files
[0.508s] Level 1:colcon.colcon_core.shell:create_environment_hook('sixdof_arm_description', 'cmake_prefix_path')
[0.509s] INFO:colcon.colcon_core.shell:Creating environment hook '/home/livia/rl_6dof_ws/install/sixdof_arm_description/share/sixdof_arm_description/hook/cmake_prefix_path.ps1'
[0.512s] INFO:colcon.colcon_core.shell:Creating environment descriptor '/home/livia/rl_6dof_ws/install/sixdof_arm_description/share/sixdof_arm_description/hook/cmake_prefix_path.dsv'
[0.514s] INFO:colcon.colcon_core.shell:Creating environment hook '/home/livia/rl_6dof_ws/install/sixdof_arm_description/share/sixdof_arm_description/hook/cmake_prefix_path.sh'
[0.517s] Level 1:colcon.colcon_core.environment:checking '/home/livia/rl_6dof_ws/install/sixdof_arm_description/bin'
[0.517s] Level 1:colcon.colcon_core.environment:checking '/home/livia/rl_6dof_ws/install/sixdof_arm_description/lib/pkgconfig/sixdof_arm_description.pc'
[0.520s] Level 1:colcon.colcon_core.environment:checking '/home/livia/rl_6dof_ws/install/sixdof_arm_description/lib/python3.10/site-packages'
[0.521s] Level 1:colcon.colcon_core.environment:checking '/home/livia/rl_6dof_ws/install/sixdof_arm_description/bin'
[0.522s] INFO:colcon.colcon_core.shell:Creating package script '/home/livia/rl_6dof_ws/install/sixdof_arm_description/share/sixdof_arm_description/package.ps1'
[0.525s] INFO:colcon.colcon_core.shell:Creating package descriptor '/home/livia/rl_6dof_ws/install/sixdof_arm_description/share/sixdof_arm_description/package.dsv'
[0.527s] INFO:colcon.colcon_core.shell:Creating package script '/home/livia/rl_6dof_ws/install/sixdof_arm_description/share/sixdof_arm_description/package.sh'
[0.529s] INFO:colcon.colcon_core.shell:Creating package script '/home/livia/rl_6dof_ws/install/sixdof_arm_description/share/sixdof_arm_description/package.bash'
[0.532s] INFO:colcon.colcon_core.shell:Creating package script '/home/livia/rl_6dof_ws/install/sixdof_arm_description/share/sixdof_arm_description/package.zsh'
[0.534s] Level 1:colcon.colcon_core.environment:create_file_with_runtime_dependencies(/home/livia/rl_6dof_ws/install/sixdof_arm_description/share/colcon-core/packages/sixdof_arm_description)
[0.536s] Level 1:colcon.colcon_core.environment:create_environment_scripts_only(sixdof_arm_description)
[0.536s] Level 1:colcon.colcon_core.environment:checking '/home/livia/rl_6dof_ws/install/sixdof_arm_description' for CMake module files
[0.537s] Level 1:colcon.colcon_core.environment:checking '/home/livia/rl_6dof_ws/install/sixdof_arm_description' for CMake config files
[0.538s] Level 1:colcon.colcon_core.shell:create_environment_hook('sixdof_arm_description', 'cmake_prefix_path')
[0.538s] INFO:colcon.colcon_core.shell:Creating environment hook '/home/livia/rl_6dof_ws/install/sixdof_arm_description/share/sixdof_arm_description/hook/cmake_prefix_path.ps1'
[0.539s] INFO:colcon.colcon_core.shell:Creating environment descriptor '/home/livia/rl_6dof_ws/install/sixdof_arm_description/share/sixdof_arm_description/hook/cmake_prefix_path.dsv'
[0.540s] INFO:colcon.colcon_core.shell:Creating environment hook '/home/livia/rl_6dof_ws/install/sixdof_arm_description/share/sixdof_arm_description/hook/cmake_prefix_path.sh'
[0.542s] Level 1:colcon.colcon_core.environment:checking '/home/livia/rl_6dof_ws/install/sixdof_arm_description/bin'
[0.542s] Level 1:colcon.colcon_core.environment:checking '/home/livia/rl_6dof_ws/install/sixdof_arm_description/lib/pkgconfig/sixdof_arm_description.pc'
[0.542s] Level 1:colcon.colcon_core.environment:checking '/home/livia/rl_6dof_ws/install/sixdof_arm_description/lib/python3.10/site-packages'
[0.543s] Level 1:colcon.colcon_core.environment:checking '/home/livia/rl_6dof_ws/install/sixdof_arm_description/bin'
[0.544s] INFO:colcon.colcon_core.shell:Creating package script '/home/livia/rl_6dof_ws/install/sixdof_arm_description/share/sixdof_arm_description/package.ps1'
[0.545s] INFO:colcon.colcon_core.shell:Creating package descriptor '/home/livia/rl_6dof_ws/install/sixdof_arm_description/share/sixdof_arm_description/package.dsv'
[0.547s] INFO:colcon.colcon_core.shell:Creating package script '/home/livia/rl_6dof_ws/install/sixdof_arm_description/share/sixdof_arm_description/package.sh'
[0.548s] INFO:colcon.colcon_core.shell:Creating package script '/home/livia/rl_6dof_ws/install/sixdof_arm_description/share/sixdof_arm_description/package.bash'
[0.549s] INFO:colcon.colcon_core.shell:Creating package script '/home/livia/rl_6dof_ws/install/sixdof_arm_description/share/sixdof_arm_description/package.zsh'
[0.550s] Level 1:colcon.colcon_core.environment:create_file_with_runtime_dependencies(/home/livia/rl_6dof_ws/install/sixdof_arm_description/share/colcon-core/packages/sixdof_arm_description)
[0.946s] DEBUG:colcon.colcon_core.event_handler.log_command:Invoked command in '/home/livia/rl_6dof_ws/build/sixdof_arm_interfaces' returned '0': CMAKE_PREFIX_PATH=${CMAKE_PREFIX_PATH}:/home/livia/ros2_ws/install/my_py_pkg:/home/livia/ros2_ws/install/actions_py:/home/livia/Documents/git/Catch-Them-All-Turtlesim-Project/Catch_Them_All_Turtlesim_Project_WS/install/turtlesim_catch_them_all:/home/livia/rl_6dof_ws/install/sixdof_arm_rl:/opt/ros/humble CONDA_PROMPT_MODIFIER=(rl_sixdof_env) /usr/bin/cmake --build /home/livia/rl_6dof_ws/build/sixdof_arm_interfaces -- -j4 -l4
[0.949s] DEBUG:colcon.colcon_core.event_handler.log_command:Invoking command in '/home/livia/rl_6dof_ws/build/sixdof_arm_interfaces': CMAKE_PREFIX_PATH=${CMAKE_PREFIX_PATH}:/home/livia/ros2_ws/install/my_py_pkg:/home/livia/ros2_ws/install/actions_py:/home/livia/Documents/git/Catch-Them-All-Turtlesim-Project/Catch_Them_All_Turtlesim_Project_WS/install/turtlesim_catch_them_all:/home/livia/rl_6dof_ws/install/sixdof_arm_rl:/opt/ros/humble CONDA_PROMPT_MODIFIER=(rl_sixdof_env) /usr/bin/cmake --install /home/livia/rl_6dof_ws/build/sixdof_arm_interfaces
[1.146s] Level 1:colcon.colcon_core.environment:create_environment_scripts_only(sixdof_arm_interfaces)
[1.146s] Level 1:colcon.colcon_core.environment:checking '/home/livia/rl_6dof_ws/install/sixdof_arm_interfaces' for CMake module files
[1.147s] DEBUG:colcon.colcon_core.event_handler.log_command:Invoked command in '/home/livia/rl_6dof_ws/build/sixdof_arm_interfaces' returned '0': CMAKE_PREFIX_PATH=${CMAKE_PREFIX_PATH}:/home/livia/ros2_ws/install/my_py_pkg:/home/livia/ros2_ws/install/actions_py:/home/livia/Documents/git/Catch-Them-All-Turtlesim-Project/Catch_Them_All_Turtlesim_Project_WS/install/turtlesim_catch_them_all:/home/livia/rl_6dof_ws/install/sixdof_arm_rl:/opt/ros/humble CONDA_PROMPT_MODIFIER=(rl_sixdof_env) /usr/bin/cmake --install /home/livia/rl_6dof_ws/build/sixdof_arm_interfaces
[1.147s] Level 1:colcon.colcon_core.environment:checking '/home/livia/rl_6dof_ws/install/sixdof_arm_interfaces' for CMake config files
[1.148s] Level 1:colcon.colcon_core.shell:create_environment_hook('sixdof_arm_interfaces', 'cmake_prefix_path')
[1.148s] INFO:colcon.colcon_core.shell:Creating environment hook '/home/livia/rl_6dof_ws/install/sixdof_arm_interfaces/share/sixdof_arm_interfaces/hook/cmake_prefix_path.ps1'
[1.149s] INFO:colcon.colcon_core.shell:Creating environment descriptor '/home/livia/rl_6dof_ws/install/sixdof_arm_interfaces/share/sixdof_arm_interfaces/hook/cmake_prefix_path.dsv'
[1.149s] INFO:colcon.colcon_core.shell:Creating environment hook '/home/livia/rl_6dof_ws/install/sixdof_arm_interfaces/share/sixdof_arm_interfaces/hook/cmake_prefix_path.sh'
[1.150s] Level 1:colcon.colcon_core.environment:checking '/home/livia/rl_6dof_ws/install/sixdof_arm_interfaces/lib'
[1.150s] Level 1:colcon.colcon_core.shell:create_environment_hook('sixdof_arm_interfaces', 'ld_library_path_lib')
[1.151s] INFO:colcon.colcon_core.shell:Creating environment hook '/home/livia/rl_6dof_ws/install/sixdof_arm_interfaces/share/sixdof_arm_interfaces/hook/ld_library_path_lib.ps1'
[1.151s] INFO:colcon.colcon_core.shell:Creating environment descriptor '/home/livia/rl_6dof_ws/install/sixdof_arm_interfaces/share/sixdof_arm_interfaces/hook/ld_library_path_lib.dsv'
[1.152s] INFO:colcon.colcon_core.shell:Creating environment hook '/home/livia/rl_6dof_ws/install/sixdof_arm_interfaces/share/sixdof_arm_interfaces/hook/ld_library_path_lib.sh'
[1.152s] Level 1:colcon.colcon_core.environment:checking '/home/livia/rl_6dof_ws/install/sixdof_arm_interfaces/bin'
[1.153s] Level 1:colcon.colcon_core.environment:checking '/home/livia/rl_6dof_ws/install/sixdof_arm_interfaces/lib/pkgconfig/sixdof_arm_interfaces.pc'
[1.153s] Level 1:colcon.colcon_core.environment:checking '/home/livia/rl_6dof_ws/install/sixdof_arm_interfaces/lib/python3.10/site-packages'
[1.153s] Level 1:colcon.colcon_core.environment:checking '/home/livia/rl_6dof_ws/install/sixdof_arm_interfaces/bin'
[1.153s] INFO:colcon.colcon_core.shell:Creating package script '/home/livia/rl_6dof_ws/install/sixdof_arm_interfaces/share/sixdof_arm_interfaces/package.ps1'
[1.154s] INFO:colcon.colcon_core.shell:Creating package descriptor '/home/livia/rl_6dof_ws/install/sixdof_arm_interfaces/share/sixdof_arm_interfaces/package.dsv'
[1.155s] INFO:colcon.colcon_core.shell:Creating package script '/home/livia/rl_6dof_ws/install/sixdof_arm_interfaces/share/sixdof_arm_interfaces/package.sh'
[1.155s] INFO:colcon.colcon_core.shell:Creating package script '/home/livia/rl_6dof_ws/install/sixdof_arm_interfaces/share/sixdof_arm_interfaces/package.bash'
[1.156s] INFO:colcon.colcon_core.shell:Creating package script '/home/livia/rl_6dof_ws/install/sixdof_arm_interfaces/share/sixdof_arm_interfaces/package.zsh'
[1.157s] Level 1:colcon.colcon_core.environment:create_file_with_runtime_dependencies(/home/livia/rl_6dof_ws/install/sixdof_arm_interfaces/share/colcon-core/packages/sixdof_arm_interfaces)
[1.157s] Level 1:colcon.colcon_core.environment:create_environment_scripts_only(sixdof_arm_interfaces)
[1.157s] Level 1:colcon.colcon_core.environment:checking '/home/livia/rl_6dof_ws/install/sixdof_arm_interfaces' for CMake module files
[1.158s] Level 1:colcon.colcon_core.environment:checking '/home/livia/rl_6dof_ws/install/sixdof_arm_interfaces' for CMake config files
[1.158s] Level 1:colcon.colcon_core.shell:create_environment_hook('sixdof_arm_interfaces', 'cmake_prefix_path')
[1.159s] INFO:colcon.colcon_core.shell:Creating environment hook '/home/livia/rl_6dof_ws/install/sixdof_arm_interfaces/share/sixdof_arm_interfaces/hook/cmake_prefix_path.ps1'
[1.159s] INFO:colcon.colcon_core.shell:Creating environment descriptor '/home/livia/rl_6dof_ws/install/sixdof_arm_interfaces/share/sixdof_arm_interfaces/hook/cmake_prefix_path.dsv'
[1.160s] INFO:colcon.colcon_core.shell:Creating environment hook '/home/livia/rl_6dof_ws/install/sixdof_arm_interfaces/share/sixdof_arm_interfaces/hook/cmake_prefix_path.sh'
[1.160s] Level 1:colcon.colcon_core.environment:checking '/home/livia/rl_6dof_ws/install/sixdof_arm_interfaces/lib'
[1.160s] Level 1:colcon.colcon_core.shell:create_environment_hook('sixdof_arm_interfaces', 'ld_library_path_lib')
[1.161s] INFO:colcon.colcon_core.shell:Creating environment hook '/home/livia/rl_6dof_ws/install/sixdof_arm_interfaces/share/sixdof_arm_interfaces/hook/ld_library_path_lib.ps1'
[1.161s] INFO:colcon.colcon_core.shell:Creating environment descriptor '/home/livia/rl_6dof_ws/install/sixdof_arm_interfaces/share/sixdof_arm_interfaces/hook/ld_library_path_lib.dsv'
[1.162s] INFO:colcon.colcon_core.shell:Creating environment hook '/home/livia/rl_6dof_ws/install/sixdof_arm_interfaces/share/sixdof_arm_interfaces/hook/ld_library_path_lib.sh'
[1.163s] Level 1:colcon.colcon_core.environment:checking '/home/livia/rl_6dof_ws/install/sixdof_arm_interfaces/bin'
[1.163s] Level 1:colcon.colcon_core.environment:checking '/home/livia/rl_6dof_ws/install/sixdof_arm_interfaces/lib/pkgconfig/sixdof_arm_interfaces.pc'
[1.163s] Level 1:colcon.colcon_core.environment:checking '/home/livia/rl_6dof_ws/install/sixdof_arm_interfaces/lib/python3.10/site-packages'
[1.163s] Level 1:colcon.colcon_core.environment:checking '/home/livia/rl_6dof_ws/install/sixdof_arm_interfaces/bin'
[1.164s] INFO:colcon.colcon_core.shell:Creating package script '/home/livia/rl_6dof_ws/install/sixdof_arm_interfaces/share/sixdof_arm_interfaces/package.ps1'
[1.164s] INFO:colcon.colcon_core.shell:Creating package descriptor '/home/livia/rl_6dof_ws/install/sixdof_arm_interfaces/share/sixdof_arm_interfaces/package.dsv'
[1.165s] INFO:colcon.colcon_core.shell:Creating package script '/home/livia/rl_6dof_ws/install/sixdof_arm_interfaces/share/sixdof_arm_interfaces/package.sh'
[1.166s] INFO:colcon.colcon_core.shell:Creating package script '/home/livia/rl_6dof_ws/install/sixdof_arm_interfaces/share/sixdof_arm_interfaces/package.bash'
[1.166s] INFO:colcon.colcon_core.shell:Creating package script '/home/livia/rl_6dof_ws/install/sixdof_arm_interfaces/share/sixdof_arm_interfaces/package.zsh'
[1.167s] Level 1:colcon.colcon_core.environment:create_file_with_runtime_dependencies(/home/livia/rl_6dof_ws/install/sixdof_arm_interfaces/share/colcon-core/packages/sixdof_arm_interfaces)
[1.167s] INFO:colcon.colcon_ros.task.ament_python.build:Building ROS package in '/home/livia/rl_6dof_ws/src/sixdof_arm_rl' with build type 'ament_python'
[1.167s] Level 1:colcon.colcon_core.shell:create_environment_hook('sixdof_arm_rl', 'ament_prefix_path')
[1.168s] INFO:colcon.colcon_core.shell:Creating environment hook '/home/livia/rl_6dof_ws/install/sixdof_arm_rl/share/sixdof_arm_rl/hook/ament_prefix_path.ps1'
[1.168s] INFO:colcon.colcon_core.shell:Creating environment descriptor '/home/livia/rl_6dof_ws/install/sixdof_arm_rl/share/sixdof_arm_rl/hook/ament_prefix_path.dsv'
[1.169s] INFO:colcon.colcon_core.shell:Creating environment hook '/home/livia/rl_6dof_ws/install/sixdof_arm_rl/share/sixdof_arm_rl/hook/ament_prefix_path.sh'
[1.170s] INFO:colcon.colcon_core.shell:Skip shell extension 'powershell' for command environment: Not usable outside of PowerShell
[1.170s] DEBUG:colcon.colcon_core.shell:Skip shell extension 'dsv' for command environment
[1.384s] INFO:colcon.colcon_core.task.python.build:Building Python package in '/home/livia/rl_6dof_ws/src/sixdof_arm_rl'
[1.384s] INFO:colcon.colcon_core.shell:Skip shell extension 'powershell' for command environment: Not usable outside of PowerShell
[1.384s] DEBUG:colcon.colcon_core.shell:Skip shell extension 'dsv' for command environment
[1.840s] DEBUG:colcon.colcon_core.event_handler.log_command:Invoking command in '/home/livia/rl_6dof_ws/build/sixdof_arm_rl': CMAKE_PREFIX_PATH=/home/livia/rl_6dof_ws/install/sixdof_arm_interfaces:/home/livia/ros2_ws/install/my_robot_bringup:/home/livia/ros2_ws/install/my_robot_interfaces:/home/livia/ros2_ws/install/my_robot_description:/home/livia/ros2_ws/install/my_cpp_pkg:/home/livia/rl_6dof_ws/install/sixdof_arm_bringup:/home/livia/rl_6dof_ws/install/sixdof_arm_description CONDA_PROMPT_MODIFIER=(rl_sixdof_env) LD_LIBRARY_PATH=/home/livia/rl_6dof_ws/install/sixdof_arm_interfaces/lib:/home/livia/ros2_ws/install/my_robot_interfaces/lib:/usr/lib/x86_64-linux-gnu/gazebo-11/plugins:/opt/ros/humble/opt/rviz_ogre_vendor/lib:/opt/ros/humble/lib/x86_64-linux-gnu:/opt/ros/humble/lib:/usr/share/gazebo/../../lib/x86_64-linux-gnu/gazebo-11/plugins PYTHONPATH=/home/livia/rl_6dof_ws/build/sixdof_arm_rl/prefix_override:/home/livia/anaconda3/envs/rl_sixdof_env/lib/python3.10/site-packages/colcon_core/task/python/colcon_distutils_commands:/home/livia/rl_6dof_ws/install/sixdof_arm_rl/lib/python3.10/site-packages:${PYTHONPATH} /home/livia/anaconda3/envs/rl_sixdof_env/bin/python -W ignore:setup.py install is deprecated -W ignore:easy_install command is deprecated setup.py develop --editable --build-directory /home/livia/rl_6dof_ws/build/sixdof_arm_rl/build --no-deps symlink_data
[2.487s] Level 1:colcon.colcon_core.shell:create_environment_hook('sixdof_arm_rl', 'pythonpath_develop')
[2.487s] INFO:colcon.colcon_core.shell:Creating environment hook '/home/livia/rl_6dof_ws/build/sixdof_arm_rl/share/sixdof_arm_rl/hook/pythonpath_develop.ps1'
[2.488s] DEBUG:colcon.colcon_core.event_handler.log_command:Invoked command in '/home/livia/rl_6dof_ws/build/sixdof_arm_rl' returned '0': CMAKE_PREFIX_PATH=/home/livia/rl_6dof_ws/install/sixdof_arm_interfaces:/home/livia/ros2_ws/install/my_robot_bringup:/home/livia/ros2_ws/install/my_robot_interfaces:/home/livia/ros2_ws/install/my_robot_description:/home/livia/ros2_ws/install/my_cpp_pkg:/home/livia/rl_6dof_ws/install/sixdof_arm_bringup:/home/livia/rl_6dof_ws/install/sixdof_arm_description CONDA_PROMPT_MODIFIER=(rl_sixdof_env) LD_LIBRARY_PATH=/home/livia/rl_6dof_ws/install/sixdof_arm_interfaces/lib:/home/livia/ros2_ws/install/my_robot_interfaces/lib:/usr/lib/x86_64-linux-gnu/gazebo-11/plugins:/opt/ros/humble/opt/rviz_ogre_vendor/lib:/opt/ros/humble/lib/x86_64-linux-gnu:/opt/ros/humble/lib:/usr/share/gazebo/../../lib/x86_64-linux-gnu/gazebo-11/plugins PYTHONPATH=/home/livia/rl_6dof_ws/build/sixdof_arm_rl/prefix_override:/home/livia/anaconda3/envs/rl_sixdof_env/lib/python3.10/site-packages/colcon_core/task/python/colcon_distutils_commands:/home/livia/rl_6dof_ws/install/sixdof_arm_rl/lib/python3.10/site-packages:${PYTHONPATH} /home/livia/anaconda3/envs/rl_sixdof_env/bin/python -W ignore:setup.py install is deprecated -W ignore:easy_install command is deprecated setup.py develop --editable --build-directory /home/livia/rl_6dof_ws/build/sixdof_arm_rl/build --no-deps symlink_data
[2.488s] INFO:colcon.colcon_core.shell:Creating environment descriptor '/home/livia/rl_6dof_ws/build/sixdof_arm_rl/share/sixdof_arm_rl/hook/pythonpath_develop.dsv'
[2.489s] INFO:colcon.colcon_core.shell:Creating environment hook '/home/livia/rl_6dof_ws/build/sixdof_arm_rl/share/sixdof_arm_rl/hook/pythonpath_develop.sh'
[2.490s] Level 1:colcon.colcon_core.environment:checking '/home/livia/rl_6dof_ws/install/sixdof_arm_rl' for CMake module files
[2.491s] Level 1:colcon.colcon_core.environment:checking '/home/livia/rl_6dof_ws/install/sixdof_arm_rl' for CMake config files
[2.491s] Level 1:colcon.colcon_core.environment:checking '/home/livia/rl_6dof_ws/install/sixdof_arm_rl/lib'
[2.491s] Level 1:colcon.colcon_core.environment:checking '/home/livia/rl_6dof_ws/install/sixdof_arm_rl/bin'
[2.491s] Level 1:colcon.colcon_core.environment:checking '/home/livia/rl_6dof_ws/install/sixdof_arm_rl/lib/pkgconfig/sixdof_arm_rl.pc'
[2.492s] Level 1:colcon.colcon_core.environment:checking '/home/livia/rl_6dof_ws/install/sixdof_arm_rl/lib/python3.10/site-packages'
[2.492s] Level 1:colcon.colcon_core.shell:create_environment_hook('sixdof_arm_rl', 'pythonpath')
[2.492s] INFO:colcon.colcon_core.shell:Creating environment hook '/home/livia/rl_6dof_ws/install/sixdof_arm_rl/share/sixdof_arm_rl/hook/pythonpath.ps1'
[2.493s] INFO:colcon.colcon_core.shell:Creating environment descriptor '/home/livia/rl_6dof_ws/install/sixdof_arm_rl/share/sixdof_arm_rl/hook/pythonpath.dsv'
[2.494s] INFO:colcon.colcon_core.shell:Creating environment hook '/home/livia/rl_6dof_ws/install/sixdof_arm_rl/share/sixdof_arm_rl/hook/pythonpath.sh'
[2.496s] Level 1:colcon.colcon_core.environment:checking '/home/livia/rl_6dof_ws/install/sixdof_arm_rl/bin'
[2.496s] Level 1:colcon.colcon_core.environment:create_environment_scripts_only(sixdof_arm_rl)
[2.496s] INFO:colcon.colcon_core.shell:Creating package script '/home/livia/rl_6dof_ws/install/sixdof_arm_rl/share/sixdof_arm_rl/package.ps1'
[2.498s] INFO:colcon.colcon_core.shell:Creating package descriptor '/home/livia/rl_6dof_ws/install/sixdof_arm_rl/share/sixdof_arm_rl/package.dsv'
[2.499s] INFO:colcon.colcon_core.shell:Creating package script '/home/livia/rl_6dof_ws/install/sixdof_arm_rl/share/sixdof_arm_rl/package.sh'
[2.500s] INFO:colcon.colcon_core.shell:Creating package script '/home/livia/rl_6dof_ws/install/sixdof_arm_rl/share/sixdof_arm_rl/package.bash'
[2.500s] INFO:colcon.colcon_core.shell:Creating package script '/home/livia/rl_6dof_ws/install/sixdof_arm_rl/share/sixdof_arm_rl/package.zsh'
[2.501s] Level 1:colcon.colcon_core.environment:create_file_with_runtime_dependencies(/home/livia/rl_6dof_ws/install/sixdof_arm_rl/share/colcon-core/packages/sixdof_arm_rl)
[2.501s] INFO:colcon.colcon_ros.task.ament_cmake.build:Building ROS package in '/home/livia/rl_6dof_ws/src/sixdof_arm_bringup' with build type 'ament_cmake'
[2.501s] INFO:colcon.colcon_cmake.task.cmake.build:Building CMake package in '/home/livia/rl_6dof_ws/src/sixdof_arm_bringup'
[2.501s] INFO:colcon.colcon_core.shell:Skip shell extension 'powershell' for command environment: Not usable outside of PowerShell
[2.501s] DEBUG:colcon.colcon_core.shell:Skip shell extension 'dsv' for command environment
[2.522s] DEBUG:colcon.colcon_core.event_handler.log_command:Invoking command in '/home/livia/rl_6dof_ws/build/sixdof_arm_bringup': AMENT_PREFIX_PATH=/home/livia/rl_6dof_ws/install/sixdof_arm_rl:/home/livia/ros2_ws/install/my_robot_bringup:/home/livia/ros2_ws/install/my_py_pkg:/home/livia/ros2_ws/install/actions_py:/home/livia/ros2_ws/install/my_robot_interfaces:/home/livia/ros2_ws/install/my_robot_description:/home/livia/ros2_ws/install/my_cpp_pkg:/home/livia/Documents/git/Catch-Them-All-Turtlesim-Project/Catch_Them_All_Turtlesim_Project_WS/install/turtlesim_catch_them_all:/home/livia/rl_6dof_ws/install/sixdof_arm_bringup:/home/livia/rl_6dof_ws/install/sixdof_arm_interfaces:/home/livia/rl_6dof_ws/install/sixdof_arm_description:/opt/ros/humble CMAKE_PREFIX_PATH=/home/livia/rl_6dof_ws/install/sixdof_arm_interfaces:/home/livia/rl_6dof_ws/install/sixdof_arm_description:/home/livia/ros2_ws/install/my_robot_bringup:/home/livia/ros2_ws/install/my_robot_interfaces:/home/livia/ros2_ws/install/my_robot_description:/home/livia/ros2_ws/install/my_cpp_pkg:/home/livia/rl_6dof_ws/install/sixdof_arm_bringup:/home/livia/ros2_ws/install/my_py_pkg:/home/livia/ros2_ws/install/actions_py:/home/livia/Documents/git/Catch-Them-All-Turtlesim-Project/Catch_Them_All_Turtlesim_Project_WS/install/turtlesim_catch_them_all:/home/livia/rl_6dof_ws/install/sixdof_arm_rl:/opt/ros/humble CONDA_PROMPT_MODIFIER=(rl_sixdof_env) LD_LIBRARY_PATH=/home/livia/rl_6dof_ws/install/sixdof_arm_interfaces/lib:/home/livia/ros2_ws/install/my_robot_interfaces/lib:/usr/lib/x86_64-linux-gnu/gazebo-11/plugins:/opt/ros/humble/opt/rviz_ogre_vendor/lib:/opt/ros/humble/lib/x86_64-linux-gnu:/opt/ros/humble/lib:/usr/share/gazebo/../../lib/x86_64-linux-gnu/gazebo-11/plugins PYTHONPATH=/home/livia/rl_6dof_ws/build/sixdof_arm_rl:/home/livia/rl_6dof_ws/install/sixdof_arm_rl/lib/python3.10/site-packages:/home/livia/ros2_ws/install/my_py_pkg/lib/python3.10/site-packages:/home/livia/ros2_ws/install/actions_py/lib/python3.10/site-packages:/home/livia/ros2_ws/install/my_robot_interfaces/lib/python3.10/site-packages:/home/livia/Documents/git/Catch-Them-All-Turtlesim-Project/Catch_Them_All_Turtlesim_Project_WS/install/turtlesim_catch_them_all/lib/python3.10/site-packages:/home/livia/rl_6dof_ws/install/sixdof_arm_interfaces/local/lib/python3.10/dist-packages:/opt/ros/humble/lib/python3.10/site-packages:/opt/ros/humble/local/lib/python3.10/dist-packages /usr/bin/cmake --build /home/livia/rl_6dof_ws/build/sixdof_arm_bringup -- -j4 -l4
[2.568s] DEBUG:colcon.colcon_core.event_handler.log_command:Invoked command in '/home/livia/rl_6dof_ws/build/sixdof_arm_bringup' returned '0': AMENT_PREFIX_PATH=/home/livia/rl_6dof_ws/install/sixdof_arm_rl:/home/livia/ros2_ws/install/my_robot_bringup:/home/livia/ros2_ws/install/my_py_pkg:/home/livia/ros2_ws/install/actions_py:/home/livia/ros2_ws/install/my_robot_interfaces:/home/livia/ros2_ws/install/my_robot_description:/home/livia/ros2_ws/install/my_cpp_pkg:/home/livia/Documents/git/Catch-Them-All-Turtlesim-Project/Catch_Them_All_Turtlesim_Project_WS/install/turtlesim_catch_them_all:/home/livia/rl_6dof_ws/install/sixdof_arm_bringup:/home/livia/rl_6dof_ws/install/sixdof_arm_interfaces:/home/livia/rl_6dof_ws/install/sixdof_arm_description:/opt/ros/humble CMAKE_PREFIX_PATH=/home/livia/rl_6dof_ws/install/sixdof_arm_interfaces:/home/livia/rl_6dof_ws/install/sixdof_arm_description:/home/livia/ros2_ws/install/my_robot_bringup:/home/livia/ros2_ws/install/my_robot_interfaces:/home/livia/ros2_ws/install/my_robot_description:/home/livia/ros2_ws/install/my_cpp_pkg:/home/livia/rl_6dof_ws/install/sixdof_arm_bringup:/home/livia/ros2_ws/install/my_py_pkg:/home/livia/ros2_ws/install/actions_py:/home/livia/Documents/git/Catch-Them-All-Turtlesim-Project/Catch_Them_All_Turtlesim_Project_WS/install/turtlesim_catch_them_all:/home/livia/rl_6dof_ws/install/sixdof_arm_rl:/opt/ros/humble CONDA_PROMPT_MODIFIER=(rl_sixdof_env) LD_LIBRARY_PATH=/home/livia/rl_6dof_ws/install/sixdof_arm_interfaces/lib:/home/livia/ros2_ws/install/my_robot_interfaces/lib:/usr/lib/x86_64-linux-gnu/gazebo-11/plugins:/opt/ros/humble/opt/rviz_ogre_vendor/lib:/opt/ros/humble/lib/x86_64-linux-gnu:/opt/ros/humble/lib:/usr/share/gazebo/../../lib/x86_64-linux-gnu/gazebo-11/plugins PYTHONPATH=/home/livia/rl_6dof_ws/build/sixdof_arm_rl:/home/livia/rl_6dof_ws/install/sixdof_arm_rl/lib/python3.10/site-packages:/home/livia/ros2_ws/install/my_py_pkg/lib/python3.10/site-packages:/home/livia/ros2_ws/install/actions_py/lib/python3.10/site-packages:/home/livia/ros2_ws/install/my_robot_interfaces/lib/python3.10/site-packages:/home/livia/Documents/git/Catch-Them-All-Turtlesim-Project/Catch_Them_All_Turtlesim_Project_WS/install/turtlesim_catch_them_all/lib/python3.10/site-packages:/home/livia/rl_6dof_ws/install/sixdof_arm_interfaces/local/lib/python3.10/dist-packages:/opt/ros/humble/lib/python3.10/site-packages:/opt/ros/humble/local/lib/python3.10/dist-packages /usr/bin/cmake --build /home/livia/rl_6dof_ws/build/sixdof_arm_bringup -- -j4 -l4
[2.572s] DEBUG:colcon.colcon_core.event_handler.log_command:Invoking command in '/home/livia/rl_6dof_ws/build/sixdof_arm_bringup': AMENT_PREFIX_PATH=/home/livia/rl_6dof_ws/install/sixdof_arm_rl:/home/livia/ros2_ws/install/my_robot_bringup:/home/livia/ros2_ws/install/my_py_pkg:/home/livia/ros2_ws/install/actions_py:/home/livia/ros2_ws/install/my_robot_interfaces:/home/livia/ros2_ws/install/my_robot_description:/home/livia/ros2_ws/install/my_cpp_pkg:/home/livia/Documents/git/Catch-Them-All-Turtlesim-Project/Catch_Them_All_Turtlesim_Project_WS/install/turtlesim_catch_them_all:/home/livia/rl_6dof_ws/install/sixdof_arm_bringup:/home/livia/rl_6dof_ws/install/sixdof_arm_interfaces:/home/livia/rl_6dof_ws/install/sixdof_arm_description:/opt/ros/humble CMAKE_PREFIX_PATH=/home/livia/rl_6dof_ws/install/sixdof_arm_interfaces:/home/livia/rl_6dof_ws/install/sixdof_arm_description:/home/livia/ros2_ws/install/my_robot_bringup:/home/livia/ros2_ws/install/my_robot_interfaces:/home/livia/ros2_ws/install/my_robot_description:/home/livia/ros2_ws/install/my_cpp_pkg:/home/livia/rl_6dof_ws/install/sixdof_arm_bringup:/home/livia/ros2_ws/install/my_py_pkg:/home/livia/ros2_ws/install/actions_py:/home/livia/Documents/git/Catch-Them-All-Turtlesim-Project/Catch_Them_All_Turtlesim_Project_WS/install/turtlesim_catch_them_all:/home/livia/rl_6dof_ws/install/sixdof_arm_rl:/opt/ros/humble CONDA_PROMPT_MODIFIER=(rl_sixdof_env) LD_LIBRARY_PATH=/home/livia/rl_6dof_ws/install/sixdof_arm_interfaces/lib:/home/livia/ros2_ws/install/my_robot_interfaces/lib:/usr/lib/x86_64-linux-gnu/gazebo-11/plugins:/opt/ros/humble/opt/rviz_ogre_vendor/lib:/opt/ros/humble/lib/x86_64-linux-gnu:/opt/ros/humble/lib:/usr/share/gazebo/../../lib/x86_64-linux-gnu/gazebo-11/plugins PYTHONPATH=/home/livia/rl_6dof_ws/build/sixdof_arm_rl:/home/livia/rl_6dof_ws/install/sixdof_arm_rl/lib/python3.10/site-packages:/home/livia/ros2_ws/install/my_py_pkg/lib/python3.10/site-packages:/home/livia/ros2_ws/install/actions_py/lib/python3.10/site-packages:/home/livia/ros2_ws/install/my_robot_interfaces/lib/python3.10/site-packages:/home/livia/Documents/git/Catch-Them-All-Turtlesim-Project/Catch_Them_All_Turtlesim_Project_WS/install/turtlesim_catch_them_all/lib/python3.10/site-packages:/home/livia/rl_6dof_ws/install/sixdof_arm_interfaces/local/lib/python3.10/dist-packages:/opt/ros/humble/lib/python3.10/site-packages:/opt/ros/humble/local/lib/python3.10/dist-packages /usr/bin/cmake --install /home/livia/rl_6dof_ws/build/sixdof_arm_bringup
[2.601s] Level 1:colcon.colcon_core.environment:create_environment_scripts_only(sixdof_arm_bringup)
[2.602s] Level 1:colcon.colcon_core.environment:checking '/home/livia/rl_6dof_ws/install/sixdof_arm_bringup' for CMake module files
[2.603s] DEBUG:colcon.colcon_core.event_handler.log_command:Invoked command in '/home/livia/rl_6dof_ws/build/sixdof_arm_bringup' returned '0': AMENT_PREFIX_PATH=/home/livia/rl_6dof_ws/install/sixdof_arm_rl:/home/livia/ros2_ws/install/my_robot_bringup:/home/livia/ros2_ws/install/my_py_pkg:/home/livia/ros2_ws/install/actions_py:/home/livia/ros2_ws/install/my_robot_interfaces:/home/livia/ros2_ws/install/my_robot_description:/home/livia/ros2_ws/install/my_cpp_pkg:/home/livia/Documents/git/Catch-Them-All-Turtlesim-Project/Catch_Them_All_Turtlesim_Project_WS/install/turtlesim_catch_them_all:/home/livia/rl_6dof_ws/install/sixdof_arm_bringup:/home/livia/rl_6dof_ws/install/sixdof_arm_interfaces:/home/livia/rl_6dof_ws/install/sixdof_arm_description:/opt/ros/humble CMAKE_PREFIX_PATH=/home/livia/rl_6dof_ws/install/sixdof_arm_interfaces:/home/livia/rl_6dof_ws/install/sixdof_arm_description:/home/livia/ros2_ws/install/my_robot_bringup:/home/livia/ros2_ws/install/my_robot_interfaces:/home/livia/ros2_ws/install/my_robot_description:/home/livia/ros2_ws/install/my_cpp_pkg:/home/livia/rl_6dof_ws/install/sixdof_arm_bringup:/home/livia/ros2_ws/install/my_py_pkg:/home/livia/ros2_ws/install/actions_py:/home/livia/Documents/git/Catch-Them-All-Turtlesim-Project/Catch_Them_All_Turtlesim_Project_WS/install/turtlesim_catch_them_all:/home/livia/rl_6dof_ws/install/sixdof_arm_rl:/opt/ros/humble CONDA_PROMPT_MODIFIER=(rl_sixdof_env) LD_LIBRARY_PATH=/home/livia/rl_6dof_ws/install/sixdof_arm_interfaces/lib:/home/livia/ros2_ws/install/my_robot_interfaces/lib:/usr/lib/x86_64-linux-gnu/gazebo-11/plugins:/opt/ros/humble/opt/rviz_ogre_vendor/lib:/opt/ros/humble/lib/x86_64-linux-gnu:/opt/ros/humble/lib:/usr/share/gazebo/../../lib/x86_64-linux-gnu/gazebo-11/plugins PYTHONPATH=/home/livia/rl_6dof_ws/build/sixdof_arm_rl:/home/livia/rl_6dof_ws/install/sixdof_arm_rl/lib/python3.10/site-packages:/home/livia/ros2_ws/install/my_py_pkg/lib/python3.10/site-packages:/home/livia/ros2_ws/install/actions_py/lib/python3.10/site-packages:/home/livia/ros2_ws/install/my_robot_interfaces/lib/python3.10/site-packages:/home/livia/Documents/git/Catch-Them-All-Turtlesim-Project/Catch_Them_All_Turtlesim_Project_WS/install/turtlesim_catch_them_all/lib/python3.10/site-packages:/home/livia/rl_6dof_ws/install/sixdof_arm_interfaces/local/lib/python3.10/dist-packages:/opt/ros/humble/lib/python3.10/site-packages:/opt/ros/humble/local/lib/python3.10/dist-packages /usr/bin/cmake --install /home/livia/rl_6dof_ws/build/sixdof_arm_bringup
[2.603s] Level 1:colcon.colcon_core.environment:checking '/home/livia/rl_6dof_ws/install/sixdof_arm_bringup' for CMake config files
[2.603s] Level 1:colcon.colcon_core.shell:create_environment_hook('sixdof_arm_bringup', 'cmake_prefix_path')
[2.604s] INFO:colcon.colcon_core.shell:Creating environment hook '/home/livia/rl_6dof_ws/install/sixdof_arm_bringup/share/sixdof_arm_bringup/hook/cmake_prefix_path.ps1'
[2.604s] INFO:colcon.colcon_core.shell:Creating environment descriptor '/home/livia/rl_6dof_ws/install/sixdof_arm_bringup/share/sixdof_arm_bringup/hook/cmake_prefix_path.dsv'
[2.605s] INFO:colcon.colcon_core.shell:Creating environment hook '/home/livia/rl_6dof_ws/install/sixdof_arm_bringup/share/sixdof_arm_bringup/hook/cmake_prefix_path.sh'
[2.606s] Level 1:colcon.colcon_core.environment:checking '/home/livia/rl_6dof_ws/install/sixdof_arm_bringup/bin'
[2.606s] Level 1:colcon.colcon_core.environment:checking '/home/livia/rl_6dof_ws/install/sixdof_arm_bringup/lib/pkgconfig/sixdof_arm_bringup.pc'
[2.606s] Level 1:colcon.colcon_core.environment:checking '/home/livia/rl_6dof_ws/install/sixdof_arm_bringup/lib/python3.10/site-packages'
[2.606s] Level 1:colcon.colcon_core.environment:checking '/home/livia/rl_6dof_ws/install/sixdof_arm_bringup/bin'
[2.606s] INFO:colcon.colcon_core.shell:Creating package script '/home/livia/rl_6dof_ws/install/sixdof_arm_bringup/share/sixdof_arm_bringup/package.ps1'
[2.607s] INFO:colcon.colcon_core.shell:Creating package descriptor '/home/livia/rl_6dof_ws/install/sixdof_arm_bringup/share/sixdof_arm_bringup/package.dsv'
[2.608s] INFO:colcon.colcon_core.shell:Creating package script '/home/livia/rl_6dof_ws/install/sixdof_arm_bringup/share/sixdof_arm_bringup/package.sh'
[2.609s] INFO:colcon.colcon_core.shell:Creating package script '/home/livia/rl_6dof_ws/install/sixdof_arm_bringup/share/sixdof_arm_bringup/package.bash'
[2.609s] INFO:colcon.colcon_core.shell:Creating package script '/home/livia/rl_6dof_ws/install/sixdof_arm_bringup/share/sixdof_arm_bringup/package.zsh'
[2.610s] Level 1:colcon.colcon_core.environment:create_file_with_runtime_dependencies(/home/livia/rl_6dof_ws/install/sixdof_arm_bringup/share/colcon-core/packages/sixdof_arm_bringup)
[2.611s] Level 1:colcon.colcon_core.environment:create_environment_scripts_only(sixdof_arm_bringup)
[2.611s] Level 1:colcon.colcon_core.environment:checking '/home/livia/rl_6dof_ws/install/sixdof_arm_bringup' for CMake module files
[2.611s] Level 1:colcon.colcon_core.environment:checking '/home/livia/rl_6dof_ws/install/sixdof_arm_bringup' for CMake config files
[2.612s] Level 1:colcon.colcon_core.shell:create_environment_hook('sixdof_arm_bringup', 'cmake_prefix_path')
[2.612s] INFO:colcon.colcon_core.shell:Creating environment hook '/home/livia/rl_6dof_ws/install/sixdof_arm_bringup/share/sixdof_arm_bringup/hook/cmake_prefix_path.ps1'
[2.612s] INFO:colcon.colcon_core.shell:Creating environment descriptor '/home/livia/rl_6dof_ws/install/sixdof_arm_bringup/share/sixdof_arm_bringup/hook/cmake_prefix_path.dsv'
[2.613s] INFO:colcon.colcon_core.shell:Creating environment hook '/home/livia/rl_6dof_ws/install/sixdof_arm_bringup/share/sixdof_arm_bringup/hook/cmake_prefix_path.sh'
[2.614s] Level 1:colcon.colcon_core.environment:checking '/home/livia/rl_6dof_ws/install/sixdof_arm_bringup/bin'
[2.614s] Level 1:colcon.colcon_core.environment:checking '/home/livia/rl_6dof_ws/install/sixdof_arm_bringup/lib/pkgconfig/sixdof_arm_bringup.pc'
[2.614s] Level 1:colcon.colcon_core.environment:checking '/home/livia/rl_6dof_ws/install/sixdof_arm_bringup/lib/python3.10/site-packages'
[2.614s] Level 1:colcon.colcon_core.environment:checking '/home/livia/rl_6dof_ws/install/sixdof_arm_bringup/bin'
[2.614s] INFO:colcon.colcon_core.shell:Creating package script '/home/livia/rl_6dof_ws/install/sixdof_arm_bringup/share/sixdof_arm_bringup/package.ps1'
[2.615s] INFO:colcon.colcon_core.shell:Creating package descriptor '/home/livia/rl_6dof_ws/install/sixdof_arm_bringup/share/sixdof_arm_bringup/package.dsv'
[2.616s] INFO:colcon.colcon_core.shell:Creating package script '/home/livia/rl_6dof_ws/install/sixdof_arm_bringup/share/sixdof_arm_bringup/package.sh'
[2.616s] INFO:colcon.colcon_core.shell:Creating package script '/home/livia/rl_6dof_ws/install/sixdof_arm_bringup/share/sixdof_arm_bringup/package.bash'
[2.617s] INFO:colcon.colcon_core.shell:Creating package script '/home/livia/rl_6dof_ws/install/sixdof_arm_bringup/share/sixdof_arm_bringup/package.zsh'
[2.618s] Level 1:colcon.colcon_core.environment:create_file_with_runtime_dependencies(/home/livia/rl_6dof_ws/install/sixdof_arm_bringup/share/colcon-core/packages/sixdof_arm_bringup)
[2.618s] DEBUG:colcon.colcon_parallel_executor.executor.parallel:closing loop
[2.618s] DEBUG:colcon.colcon_parallel_executor.executor.parallel:loop closed
[2.618s] DEBUG:colcon.colcon_parallel_executor.executor.parallel:run_until_complete finished with '0'
[2.618s] DEBUG:colcon.colcon_core.event_reactor:joining thread
[2.622s] INFO:colcon.colcon_core.plugin_system:Skipping extension 'colcon_notification.desktop_notification.notify2': 'notify2' not found
[2.623s] INFO:colcon.colcon_core.plugin_system:Skipping extension 'colcon_notification.desktop_notification.terminal_notifier': Not used on non-Darwin systems
[2.623s] INFO:colcon.colcon_core.plugin_system:Skipping extension 'colcon_notification.desktop_notification.win32': Not used on non-Windows systems
[2.623s] INFO:colcon.colcon_notification.desktop_notification:Sending desktop notification using 'notify_send'
[2.653s] DEBUG:colcon.colcon_core.event_reactor:joined thread
[2.654s] INFO:colcon.colcon_core.shell:Creating prefix script '/home/livia/rl_6dof_ws/install/local_setup.ps1'
[2.656s] INFO:colcon.colcon_core.shell:Creating prefix util module '/home/livia/rl_6dof_ws/install/_local_setup_util_ps1.py'
[2.658s] INFO:colcon.colcon_core.shell:Creating prefix chain script '/home/livia/rl_6dof_ws/install/setup.ps1'
[2.661s] INFO:colcon.colcon_core.shell:Creating prefix script '/home/livia/rl_6dof_ws/install/local_setup.sh'
[2.663s] INFO:colcon.colcon_core.shell:Creating prefix util module '/home/livia/rl_6dof_ws/install/_local_setup_util_sh.py'
[2.664s] INFO:colcon.colcon_core.shell:Creating prefix chain script '/home/livia/rl_6dof_ws/install/setup.sh'
[2.667s] INFO:colcon.colcon_core.shell:Creating prefix script '/home/livia/rl_6dof_ws/install/local_setup.bash'
[2.669s] INFO:colcon.colcon_core.shell:Creating prefix chain script '/home/livia/rl_6dof_ws/install/setup.bash'
[2.671s] INFO:colcon.colcon_core.shell:Creating prefix script '/home/livia/rl_6dof_ws/install/local_setup.zsh'
[2.672s] INFO:colcon.colcon_core.shell:Creating prefix chain script '/home/livia/rl_6dof_ws/install/setup.zsh'
