[0.761s] Invoking command in '/home/livia/rl_6dof_ws/build/sixdof_arm_rl': CMAKE_PREFIX_PATH=/home/livia/rl_6dof_ws/install/sixdof_arm_interfaces:/home/livia/ros2_ws/install/my_robot_bringup:/home/livia/ros2_ws/install/my_robot_interfaces:/home/livia/ros2_ws/install/my_robot_description:/home/livia/ros2_ws/install/my_cpp_pkg:/home/livia/rl_6dof_ws/install/sixdof_arm_bringup:/home/livia/rl_6dof_ws/install/sixdof_arm_description CONDA_PROMPT_MODIFIER=(base) LD_LIBRARY_PATH=/home/livia/rl_6dof_ws/install/sixdof_arm_interfaces/lib:/home/livia/ros2_ws/install/my_robot_interfaces/lib:/usr/lib/x86_64-linux-gnu/gazebo-11/plugins:/opt/ros/humble/opt/rviz_ogre_vendor/lib:/opt/ros/humble/lib/x86_64-linux-gnu:/opt/ros/humble/lib:/usr/share/gazebo/../../lib/x86_64-linux-gnu/gazebo-11/plugins PYTHONPATH=/home/livia/rl_6dof_ws/build/sixdof_arm_rl/prefix_override:/usr/lib/python3/dist-packages/colcon_core/task/python/colcon_distutils_commands:/home/livia/rl_6dof_ws/install/sixdof_arm_rl/lib/python3.10/site-packages:${PYTHONPATH} /usr/bin/python3 -W ignore:setup.py install is deprecated -W ignore:easy_install command is deprecated setup.py develop --editable --build-directory /home/livia/rl_6dof_ws/build/sixdof_arm_rl/build --no-deps symlink_data
[1.031s] running develop
[1.207s] running egg_info
[1.208s] writing sixdof_arm_rl.egg-info/PKG-INFO
[1.208s] writing dependency_links to sixdof_arm_rl.egg-info/dependency_links.txt
[1.208s] writing entry points to sixdof_arm_rl.egg-info/entry_points.txt
[1.209s] writing requirements to sixdof_arm_rl.egg-info/requires.txt
[1.209s] writing top-level names to sixdof_arm_rl.egg-info/top_level.txt
[1.211s] reading manifest file 'sixdof_arm_rl.egg-info/SOURCES.txt'
[1.212s] writing manifest file 'sixdof_arm_rl.egg-info/SOURCES.txt'
[1.214s] running build_ext
[1.214s] Creating /home/livia/rl_6dof_ws/install/sixdof_arm_rl/lib/python3.10/site-packages/sixdof-arm-rl.egg-link (link to .)
[1.215s] Installing arm_control script to /home/livia/rl_6dof_ws/install/sixdof_arm_rl/lib/sixdof_arm_rl
[1.215s] Installing q_learning script to /home/livia/rl_6dof_ws/install/sixdof_arm_rl/lib/sixdof_arm_rl
[1.215s] Installing six_dof_arm_movement_client script to /home/livia/rl_6dof_ws/install/sixdof_arm_rl/lib/sixdof_arm_rl
[1.215s] Installing six_dof_arm_movement_server script to /home/livia/rl_6dof_ws/install/sixdof_arm_rl/lib/sixdof_arm_rl
[1.216s] Installing six_dof_arm_reset_client script to /home/livia/rl_6dof_ws/install/sixdof_arm_rl/lib/sixdof_arm_rl
[1.216s] Installing six_dof_arm_reset_server script to /home/livia/rl_6dof_ws/install/sixdof_arm_rl/lib/sixdof_arm_rl
[1.216s] 
[1.216s] Installed /home/livia/rl_6dof_ws/build/sixdof_arm_rl
[1.216s] running symlink_data
[1.243s] Invoked command in '/home/livia/rl_6dof_ws/build/sixdof_arm_rl' returned '0': CMAKE_PREFIX_PATH=/home/livia/rl_6dof_ws/install/sixdof_arm_interfaces:/home/livia/ros2_ws/install/my_robot_bringup:/home/livia/ros2_ws/install/my_robot_interfaces:/home/livia/ros2_ws/install/my_robot_description:/home/livia/ros2_ws/install/my_cpp_pkg:/home/livia/rl_6dof_ws/install/sixdof_arm_bringup:/home/livia/rl_6dof_ws/install/sixdof_arm_description CONDA_PROMPT_MODIFIER=(base) LD_LIBRARY_PATH=/home/livia/rl_6dof_ws/install/sixdof_arm_interfaces/lib:/home/livia/ros2_ws/install/my_robot_interfaces/lib:/usr/lib/x86_64-linux-gnu/gazebo-11/plugins:/opt/ros/humble/opt/rviz_ogre_vendor/lib:/opt/ros/humble/lib/x86_64-linux-gnu:/opt/ros/humble/lib:/usr/share/gazebo/../../lib/x86_64-linux-gnu/gazebo-11/plugins PYTHONPATH=/home/livia/rl_6dof_ws/build/sixdof_arm_rl/prefix_override:/usr/lib/python3/dist-packages/colcon_core/task/python/colcon_distutils_commands:/home/livia/rl_6dof_ws/install/sixdof_arm_rl/lib/python3.10/site-packages:${PYTHONPATH} /usr/bin/python3 -W ignore:setup.py install is deprecated -W ignore:easy_install command is deprecated setup.py develop --editable --build-directory /home/livia/rl_6dof_ws/build/sixdof_arm_rl/build --no-deps symlink_data
