[0.014s] Invoking command in '/home/livia/rl_6dof_ws/build/6dof_arm_bringup': CMAKE_PREFIX_PATH=/home/livia/rl_6dof_ws/install/6dof_arm_description:/home/livia/ros2_ws/install/my_robot_description:/home/livia/ros2_ws/install/my_cpp_pkg:/home/livia/ros2_ws2/install/my_robot_interfaces:/home/livia/ros2_ws/install/my_robot_bringup:/home/livia/ros2_ws/install/my_robot_interfaces:/home/livia/ros2_ws/install/my_robot_gazebo_bringup:/home/livia/rl_6dof_ws/install/6dof_arm_bringup:/home/livia/rl_6dof_ws/install/6dof_arm_rl:/home/livia/ros2_ws/install/my_py_pkg:/home/livia/Documents/git/Catch-Them-All-Turtlesim-Project/Catch_Them_All_Turtlesim_Project_WS/install/turtlesim_catch_them_all:/opt/ros/humble /usr/bin/cmake /home/livia/rl_6dof_ws/src/6dof_arm_bringup -DAMENT_CMAKE_SYMLINK_INSTALL=1 -DCMAKE_INSTALL_PREFIX=/home/livia/rl_6dof_ws/install/6dof_arm_bringup
[0.027s] -- Found ament_cmake: 1.3.11 (/opt/ros/humble/share/ament_cmake/cmake)
[0.185s] -- Found Python3: /home/livia/.pyenv/shims/python3 (found version "3.10.12") found components: Interpreter 
[0.353s] -- Override CMake install command with custom implementation using symlinks instead of copying resources
[0.514s] WARNING: Package name "6dof_arm_bringup" does not follow the naming conventions. It should start with a lower case letter and only contain lower case letters, digits, underscores, and dashes.
[0.532s] -- Configuring done
[0.535s] -- Generating done
[0.538s] -- Build files have been written to: /home/livia/rl_6dof_ws/build/6dof_arm_bringup
[0.541s] Invoked command in '/home/livia/rl_6dof_ws/build/6dof_arm_bringup' returned '0': CMAKE_PREFIX_PATH=/home/livia/rl_6dof_ws/install/6dof_arm_description:/home/livia/ros2_ws/install/my_robot_description:/home/livia/ros2_ws/install/my_cpp_pkg:/home/livia/ros2_ws2/install/my_robot_interfaces:/home/livia/ros2_ws/install/my_robot_bringup:/home/livia/ros2_ws/install/my_robot_interfaces:/home/livia/ros2_ws/install/my_robot_gazebo_bringup:/home/livia/rl_6dof_ws/install/6dof_arm_bringup:/home/livia/rl_6dof_ws/install/6dof_arm_rl:/home/livia/ros2_ws/install/my_py_pkg:/home/livia/Documents/git/Catch-Them-All-Turtlesim-Project/Catch_Them_All_Turtlesim_Project_WS/install/turtlesim_catch_them_all:/opt/ros/humble /usr/bin/cmake /home/livia/rl_6dof_ws/src/6dof_arm_bringup -DAMENT_CMAKE_SYMLINK_INSTALL=1 -DCMAKE_INSTALL_PREFIX=/home/livia/rl_6dof_ws/install/6dof_arm_bringup
[0.543s] Invoking command in '/home/livia/rl_6dof_ws/build/6dof_arm_bringup': CMAKE_PREFIX_PATH=/home/livia/rl_6dof_ws/install/6dof_arm_description:/home/livia/ros2_ws/install/my_robot_description:/home/livia/ros2_ws/install/my_cpp_pkg:/home/livia/ros2_ws2/install/my_robot_interfaces:/home/livia/ros2_ws/install/my_robot_bringup:/home/livia/ros2_ws/install/my_robot_interfaces:/home/livia/ros2_ws/install/my_robot_gazebo_bringup:/home/livia/rl_6dof_ws/install/6dof_arm_bringup:/home/livia/rl_6dof_ws/install/6dof_arm_rl:/home/livia/ros2_ws/install/my_py_pkg:/home/livia/Documents/git/Catch-Them-All-Turtlesim-Project/Catch_Them_All_Turtlesim_Project_WS/install/turtlesim_catch_them_all:/opt/ros/humble /usr/bin/cmake --build /home/livia/rl_6dof_ws/build/6dof_arm_bringup -- -j4 -l4
[0.590s] Invoked command in '/home/livia/rl_6dof_ws/build/6dof_arm_bringup' returned '0': CMAKE_PREFIX_PATH=/home/livia/rl_6dof_ws/install/6dof_arm_description:/home/livia/ros2_ws/install/my_robot_description:/home/livia/ros2_ws/install/my_cpp_pkg:/home/livia/ros2_ws2/install/my_robot_interfaces:/home/livia/ros2_ws/install/my_robot_bringup:/home/livia/ros2_ws/install/my_robot_interfaces:/home/livia/ros2_ws/install/my_robot_gazebo_bringup:/home/livia/rl_6dof_ws/install/6dof_arm_bringup:/home/livia/rl_6dof_ws/install/6dof_arm_rl:/home/livia/ros2_ws/install/my_py_pkg:/home/livia/Documents/git/Catch-Them-All-Turtlesim-Project/Catch_Them_All_Turtlesim_Project_WS/install/turtlesim_catch_them_all:/opt/ros/humble /usr/bin/cmake --build /home/livia/rl_6dof_ws/build/6dof_arm_bringup -- -j4 -l4
[0.592s] Invoking command in '/home/livia/rl_6dof_ws/build/6dof_arm_bringup': CMAKE_PREFIX_PATH=/home/livia/rl_6dof_ws/install/6dof_arm_description:/home/livia/ros2_ws/install/my_robot_description:/home/livia/ros2_ws/install/my_cpp_pkg:/home/livia/ros2_ws2/install/my_robot_interfaces:/home/livia/ros2_ws/install/my_robot_bringup:/home/livia/ros2_ws/install/my_robot_interfaces:/home/livia/ros2_ws/install/my_robot_gazebo_bringup:/home/livia/rl_6dof_ws/install/6dof_arm_bringup:/home/livia/rl_6dof_ws/install/6dof_arm_rl:/home/livia/ros2_ws/install/my_py_pkg:/home/livia/Documents/git/Catch-Them-All-Turtlesim-Project/Catch_Them_All_Turtlesim_Project_WS/install/turtlesim_catch_them_all:/opt/ros/humble /usr/bin/cmake --install /home/livia/rl_6dof_ws/build/6dof_arm_bringup
[0.600s] -- Install configuration: ""
[0.600s] -- Execute custom install script
[0.601s] -- Up-to-date symlink: /home/livia/rl_6dof_ws/install/6dof_arm_bringup/share/6dof_arm_bringup//launch/gazebo.launch.xml
[0.601s] -- Up-to-date symlink: /home/livia/rl_6dof_ws/install/6dof_arm_bringup/share/6dof_arm_bringup//launch/rviz_display.launch.xml
[0.602s] -- Up-to-date symlink: /home/livia/rl_6dof_ws/install/6dof_arm_bringup/share/ament_index/resource_index/package_run_dependencies/6dof_arm_bringup
[0.602s] -- Up-to-date symlink: /home/livia/rl_6dof_ws/install/6dof_arm_bringup/share/ament_index/resource_index/parent_prefix_path/6dof_arm_bringup
[0.602s] -- Up-to-date symlink: /home/livia/rl_6dof_ws/install/6dof_arm_bringup/share/6dof_arm_bringup/environment/ament_prefix_path.sh
[0.603s] -- Up-to-date symlink: /home/livia/rl_6dof_ws/install/6dof_arm_bringup/share/6dof_arm_bringup/environment/ament_prefix_path.dsv
[0.603s] -- Up-to-date symlink: /home/livia/rl_6dof_ws/install/6dof_arm_bringup/share/6dof_arm_bringup/environment/path.sh
[0.605s] -- Up-to-date symlink: /home/livia/rl_6dof_ws/install/6dof_arm_bringup/share/6dof_arm_bringup/environment/path.dsv
[0.605s] -- Up-to-date symlink: /home/livia/rl_6dof_ws/install/6dof_arm_bringup/share/6dof_arm_bringup/local_setup.bash
[0.605s] -- Up-to-date symlink: /home/livia/rl_6dof_ws/install/6dof_arm_bringup/share/6dof_arm_bringup/local_setup.sh
[0.605s] -- Up-to-date symlink: /home/livia/rl_6dof_ws/install/6dof_arm_bringup/share/6dof_arm_bringup/local_setup.zsh
[0.605s] -- Up-to-date symlink: /home/livia/rl_6dof_ws/install/6dof_arm_bringup/share/6dof_arm_bringup/local_setup.dsv
[0.606s] -- Symlinking: /home/livia/rl_6dof_ws/install/6dof_arm_bringup/share/6dof_arm_bringup/package.dsv
[0.614s] -- Up-to-date symlink: /home/livia/rl_6dof_ws/install/6dof_arm_bringup/share/ament_index/resource_index/packages/6dof_arm_bringup
[0.614s] -- Up-to-date symlink: /home/livia/rl_6dof_ws/install/6dof_arm_bringup/share/6dof_arm_bringup/cmake/6dof_arm_bringupConfig.cmake
[0.614s] -- Up-to-date symlink: /home/livia/rl_6dof_ws/install/6dof_arm_bringup/share/6dof_arm_bringup/cmake/6dof_arm_bringupConfig-version.cmake
[0.615s] -- Up-to-date symlink: /home/livia/rl_6dof_ws/install/6dof_arm_bringup/share/6dof_arm_bringup/package.xml
[0.617s] Invoked command in '/home/livia/rl_6dof_ws/build/6dof_arm_bringup' returned '0': CMAKE_PREFIX_PATH=/home/livia/rl_6dof_ws/install/6dof_arm_description:/home/livia/ros2_ws/install/my_robot_description:/home/livia/ros2_ws/install/my_cpp_pkg:/home/livia/ros2_ws2/install/my_robot_interfaces:/home/livia/ros2_ws/install/my_robot_bringup:/home/livia/ros2_ws/install/my_robot_interfaces:/home/livia/ros2_ws/install/my_robot_gazebo_bringup:/home/livia/rl_6dof_ws/install/6dof_arm_bringup:/home/livia/rl_6dof_ws/install/6dof_arm_rl:/home/livia/ros2_ws/install/my_py_pkg:/home/livia/Documents/git/Catch-Them-All-Turtlesim-Project/Catch_Them_All_Turtlesim_Project_WS/install/turtlesim_catch_them_all:/opt/ros/humble /usr/bin/cmake --install /home/livia/rl_6dof_ws/build/6dof_arm_bringup
