[0.014s] Invoking command in '/home/livia/rl_6dof_ws/build/6dof_arm_description': CMAKE_PREFIX_PATH=${CMAKE_PREFIX_PATH}:/home/livia/ros2_ws/install/my_py_pkg:/home/livia/Documents/git/Catch-Them-All-Turtlesim-Project/Catch_Them_All_Turtlesim_Project_WS/install/turtlesim_catch_them_all:/opt/ros/humble CONDA_PROMPT_MODIFIER=(base) /usr/bin/cmake --build /home/livia/rl_6dof_ws/build/6dof_arm_description -- -j4 -l4
[0.038s] -- Found ament_cmake: 1.3.11 (/opt/ros/humble/share/ament_cmake/cmake)
[0.177s] -- Found Python3: /home/livia/.pyenv/shims/python3 (found version "3.11.5") found components: Interpreter 
[0.328s] -- Override CMake install command with custom implementation using symlinks instead of copying resources
[0.485s] WARNING: Package name "6dof_arm_description" does not follow the naming conventions. It should start with a lower case letter and only contain lower case letters, digits, underscores, and dashes.
[0.502s] -- Configuring done
[0.504s] -- Generating done
[0.506s] -- Build files have been written to: /home/livia/rl_6dof_ws/build/6dof_arm_description
[0.528s] Invoked command in '/home/livia/rl_6dof_ws/build/6dof_arm_description' returned '0': CMAKE_PREFIX_PATH=${CMAKE_PREFIX_PATH}:/home/livia/ros2_ws/install/my_py_pkg:/home/livia/Documents/git/Catch-Them-All-Turtlesim-Project/Catch_Them_All_Turtlesim_Project_WS/install/turtlesim_catch_them_all:/opt/ros/humble CONDA_PROMPT_MODIFIER=(base) /usr/bin/cmake --build /home/livia/rl_6dof_ws/build/6dof_arm_description -- -j4 -l4
[0.539s] Invoking command in '/home/livia/rl_6dof_ws/build/6dof_arm_description': CMAKE_PREFIX_PATH=${CMAKE_PREFIX_PATH}:/home/livia/ros2_ws/install/my_py_pkg:/home/livia/Documents/git/Catch-Them-All-Turtlesim-Project/Catch_Them_All_Turtlesim_Project_WS/install/turtlesim_catch_them_all:/opt/ros/humble CONDA_PROMPT_MODIFIER=(base) /usr/bin/cmake --install /home/livia/rl_6dof_ws/build/6dof_arm_description
[0.547s] -- Install configuration: ""
[0.547s] -- Execute custom install script
[0.548s] -- Up-to-date symlink: /home/livia/rl_6dof_ws/install/6dof_arm_description/share/6dof_arm_description//urdf/6dof_arm.urdf.xacro
[0.548s] -- Up-to-date symlink: /home/livia/rl_6dof_ws/install/6dof_arm_description/share/6dof_arm_description//urdf/mobile_base.urdf.xacro
[0.548s] -- Up-to-date symlink: /home/livia/rl_6dof_ws/install/6dof_arm_description/share/6dof_arm_description//urdf/properties.urdf.xacro
[0.549s] -- Symlinking: /home/livia/rl_6dof_ws/install/6dof_arm_description/share/6dof_arm_description//models/6dof_arm/base_link.stl
[0.558s] -- Symlinking: /home/livia/rl_6dof_ws/install/6dof_arm_description/share/6dof_arm_description//models/6dof_arm/link_1.stl
[0.566s] -- Symlinking: /home/livia/rl_6dof_ws/install/6dof_arm_description/share/6dof_arm_description//models/6dof_arm/link_2.stl
[0.575s] -- Symlinking: /home/livia/rl_6dof_ws/install/6dof_arm_description/share/6dof_arm_description//models/6dof_arm/link_3.stl
[0.584s] -- Symlinking: /home/livia/rl_6dof_ws/install/6dof_arm_description/share/6dof_arm_description//models/6dof_arm/link_4.stl
[0.592s] -- Symlinking: /home/livia/rl_6dof_ws/install/6dof_arm_description/share/6dof_arm_description//models/6dof_arm/link_5.stl
[0.601s] -- Symlinking: /home/livia/rl_6dof_ws/install/6dof_arm_description/share/6dof_arm_description//models/6dof_arm/link_6.stl
[0.610s] -- Up-to-date symlink: /home/livia/rl_6dof_ws/install/6dof_arm_description/share/ament_index/resource_index/package_run_dependencies/6dof_arm_description
[0.610s] -- Up-to-date symlink: /home/livia/rl_6dof_ws/install/6dof_arm_description/share/ament_index/resource_index/parent_prefix_path/6dof_arm_description
[0.610s] -- Up-to-date symlink: /home/livia/rl_6dof_ws/install/6dof_arm_description/share/6dof_arm_description/environment/ament_prefix_path.sh
[0.611s] -- Up-to-date symlink: /home/livia/rl_6dof_ws/install/6dof_arm_description/share/6dof_arm_description/environment/ament_prefix_path.dsv
[0.611s] -- Up-to-date symlink: /home/livia/rl_6dof_ws/install/6dof_arm_description/share/6dof_arm_description/environment/path.sh
[0.611s] -- Up-to-date symlink: /home/livia/rl_6dof_ws/install/6dof_arm_description/share/6dof_arm_description/environment/path.dsv
[0.611s] -- Up-to-date symlink: /home/livia/rl_6dof_ws/install/6dof_arm_description/share/6dof_arm_description/local_setup.bash
[0.611s] -- Up-to-date symlink: /home/livia/rl_6dof_ws/install/6dof_arm_description/share/6dof_arm_description/local_setup.sh
[0.612s] -- Up-to-date symlink: /home/livia/rl_6dof_ws/install/6dof_arm_description/share/6dof_arm_description/local_setup.zsh
[0.612s] -- Up-to-date symlink: /home/livia/rl_6dof_ws/install/6dof_arm_description/share/6dof_arm_description/local_setup.dsv
[0.612s] -- Symlinking: /home/livia/rl_6dof_ws/install/6dof_arm_description/share/6dof_arm_description/package.dsv
[0.621s] -- Up-to-date symlink: /home/livia/rl_6dof_ws/install/6dof_arm_description/share/ament_index/resource_index/packages/6dof_arm_description
[0.621s] -- Up-to-date symlink: /home/livia/rl_6dof_ws/install/6dof_arm_description/share/6dof_arm_description/cmake/6dof_arm_descriptionConfig.cmake
[0.621s] -- Up-to-date symlink: /home/livia/rl_6dof_ws/install/6dof_arm_description/share/6dof_arm_description/cmake/6dof_arm_descriptionConfig-version.cmake
[0.622s] -- Up-to-date symlink: /home/livia/rl_6dof_ws/install/6dof_arm_description/share/6dof_arm_description/package.xml
[0.624s] Invoked command in '/home/livia/rl_6dof_ws/build/6dof_arm_description' returned '0': CMAKE_PREFIX_PATH=${CMAKE_PREFIX_PATH}:/home/livia/ros2_ws/install/my_py_pkg:/home/livia/Documents/git/Catch-Them-All-Turtlesim-Project/Catch_Them_All_Turtlesim_Project_WS/install/turtlesim_catch_them_all:/opt/ros/humble CONDA_PROMPT_MODIFIER=(base) /usr/bin/cmake --install /home/livia/rl_6dof_ws/build/6dof_arm_description
