[0.257s] DEBUG:colcon:Command line arguments: ['/home/livia/anaconda3/envs/rl_sixdof_env/bin/colcon', 'build', '--symlink-install']
[0.257s] DEBUG:colcon:Parsed command line arguments: Namespace(log_base=None, log_level=None, verb_name='build', build_base='build', install_base='install', merge_install=False, symlink_install=True, test_result_base=None, continue_on_error=False, executor='parallel', parallel_workers=4, event_handlers=None, ignore_user_meta=False, metas=['./colcon.meta'], base_paths=['.'], packages_ignore=None, packages_ignore_regex=None, paths=None, packages_up_to=None, packages_up_to_regex=None, packages_above=None, packages_above_and_dependencies=None, packages_above_depth=None, packages_select_by_dep=None, packages_skip_by_dep=None, packages_skip_up_to=None, packages_select_build_failed=False, packages_skip_build_finished=False, packages_select_test_failures=False, packages_skip_test_passed=False, packages_select=None, packages_skip=None, packages_select_regex=None, packages_skip_regex=None, packages_start=None, packages_end=None, cmake_args=None, cmake_target=None, cmake_target_skip_unavailable=False, cmake_clean_cache=False, cmake_clean_first=False, cmake_force_configure=False, ament_cmake_args=None, catkin_cmake_args=None, catkin_skip_building_tests=False, verb_parser=<colcon_defaults.argument_parser.defaults.DefaultArgumentsDecorator object at 0x7d6824533400>, verb_extension=<colcon_core.verb.build.BuildVerb object at 0x7d6824788a00>, main=<bound method BuildVerb.main of <colcon_core.verb.build.BuildVerb object at 0x7d6824788a00>>)
[0.343s] Level 1:colcon.colcon_core.package_discovery:discover_packages(colcon_meta) check parameters
[0.343s] Level 1:colcon.colcon_core.package_discovery:discover_packages(recursive) check parameters
[0.343s] Level 1:colcon.colcon_core.package_discovery:discover_packages(ignore) check parameters
[0.343s] Level 1:colcon.colcon_core.package_discovery:discover_packages(path) check parameters
[0.343s] Level 1:colcon.colcon_core.package_discovery:discover_packages(colcon_meta) discover
[0.343s] Level 1:colcon.colcon_core.package_discovery:discover_packages(recursive) discover
[0.343s] INFO:colcon.colcon_core.package_discovery:Crawling recursively for packages in '/home/livia/rl_6dof_ws'
[0.344s] Level 1:colcon.colcon_core.package_identification:_identify(.) by extensions ['ignore', 'ignore_ament_install']
[0.344s] Level 1:colcon.colcon_core.package_identification:_identify(.) by extension 'ignore'
[0.344s] Level 1:colcon.colcon_core.package_identification:_identify(.) by extension 'ignore_ament_install'
[0.344s] Level 1:colcon.colcon_core.package_identification:_identify(.) by extensions ['colcon_pkg']
[0.344s] Level 1:colcon.colcon_core.package_identification:_identify(.) by extension 'colcon_pkg'
[0.344s] Level 1:colcon.colcon_core.package_identification:_identify(.) by extensions ['colcon_meta']
[0.344s] Level 1:colcon.colcon_core.package_identification:_identify(.) by extension 'colcon_meta'
[0.344s] Level 1:colcon.colcon_core.package_identification:_identify(.) by extensions ['ros']
[0.344s] Level 1:colcon.colcon_core.package_identification:_identify(.) by extension 'ros'
[0.384s] Level 1:colcon.colcon_core.package_identification:_identify(.) by extensions ['cmake', 'python']
[0.384s] Level 1:colcon.colcon_core.package_identification:_identify(.) by extension 'cmake'
[0.384s] Level 1:colcon.colcon_core.package_identification:_identify(.) by extension 'python'
[0.384s] Level 1:colcon.colcon_core.package_identification:_identify(.) by extensions ['python_setup_py']
[0.384s] Level 1:colcon.colcon_core.package_identification:_identify(.) by extension 'python_setup_py'
[0.384s] Level 1:colcon.colcon_core.package_identification:_identify(build) by extensions ['ignore', 'ignore_ament_install']
[0.385s] Level 1:colcon.colcon_core.package_identification:_identify(build) by extension 'ignore'
[0.385s] Level 1:colcon.colcon_core.package_identification:_identify(build) ignored
[0.385s] Level 1:colcon.colcon_core.package_identification:_identify(install) by extensions ['ignore', 'ignore_ament_install']
[0.385s] Level 1:colcon.colcon_core.package_identification:_identify(install) by extension 'ignore'
[0.385s] Level 1:colcon.colcon_core.package_identification:_identify(install) ignored
[0.385s] Level 1:colcon.colcon_core.package_identification:_identify(log) by extensions ['ignore', 'ignore_ament_install']
[0.385s] Level 1:colcon.colcon_core.package_identification:_identify(log) by extension 'ignore'
[0.385s] Level 1:colcon.colcon_core.package_identification:_identify(log) ignored
[0.385s] Level 1:colcon.colcon_core.package_identification:_identify(plots) by extensions ['ignore', 'ignore_ament_install']
[0.385s] Level 1:colcon.colcon_core.package_identification:_identify(plots) by extension 'ignore'
[0.385s] Level 1:colcon.colcon_core.package_identification:_identify(plots) by extension 'ignore_ament_install'
[0.385s] Level 1:colcon.colcon_core.package_identification:_identify(plots) by extensions ['colcon_pkg']
[0.385s] Level 1:colcon.colcon_core.package_identification:_identify(plots) by extension 'colcon_pkg'
[0.385s] Level 1:colcon.colcon_core.package_identification:_identify(plots) by extensions ['colcon_meta']
[0.385s] Level 1:colcon.colcon_core.package_identification:_identify(plots) by extension 'colcon_meta'
[0.386s] Level 1:colcon.colcon_core.package_identification:_identify(plots) by extensions ['ros']
[0.386s] Level 1:colcon.colcon_core.package_identification:_identify(plots) by extension 'ros'
[0.386s] Level 1:colcon.colcon_core.package_identification:_identify(plots) by extensions ['cmake', 'python']
[0.386s] Level 1:colcon.colcon_core.package_identification:_identify(plots) by extension 'cmake'
[0.386s] Level 1:colcon.colcon_core.package_identification:_identify(plots) by extension 'python'
[0.386s] Level 1:colcon.colcon_core.package_identification:_identify(plots) by extensions ['python_setup_py']
[0.386s] Level 1:colcon.colcon_core.package_identification:_identify(plots) by extension 'python_setup_py'
[0.386s] Level 1:colcon.colcon_core.package_identification:_identify(src) by extensions ['ignore', 'ignore_ament_install']
[0.386s] Level 1:colcon.colcon_core.package_identification:_identify(src) by extension 'ignore'
[0.386s] Level 1:colcon.colcon_core.package_identification:_identify(src) by extension 'ignore_ament_install'
[0.386s] Level 1:colcon.colcon_core.package_identification:_identify(src) by extensions ['colcon_pkg']
[0.386s] Level 1:colcon.colcon_core.package_identification:_identify(src) by extension 'colcon_pkg'
[0.386s] Level 1:colcon.colcon_core.package_identification:_identify(src) by extensions ['colcon_meta']
[0.386s] Level 1:colcon.colcon_core.package_identification:_identify(src) by extension 'colcon_meta'
[0.386s] Level 1:colcon.colcon_core.package_identification:_identify(src) by extensions ['ros']
[0.386s] Level 1:colcon.colcon_core.package_identification:_identify(src) by extension 'ros'
[0.386s] Level 1:colcon.colcon_core.package_identification:_identify(src) by extensions ['cmake', 'python']
[0.386s] Level 1:colcon.colcon_core.package_identification:_identify(src) by extension 'cmake'
[0.386s] Level 1:colcon.colcon_core.package_identification:_identify(src) by extension 'python'
[0.386s] Level 1:colcon.colcon_core.package_identification:_identify(src) by extensions ['python_setup_py']
[0.386s] Level 1:colcon.colcon_core.package_identification:_identify(src) by extension 'python_setup_py'
[0.387s] Level 1:colcon.colcon_core.package_identification:_identify(src/sixdof_arm_bringup) by extensions ['ignore', 'ignore_ament_install']
[0.387s] Level 1:colcon.colcon_core.package_identification:_identify(src/sixdof_arm_bringup) by extension 'ignore'
[0.387s] Level 1:colcon.colcon_core.package_identification:_identify(src/sixdof_arm_bringup) by extension 'ignore_ament_install'
[0.387s] Level 1:colcon.colcon_core.package_identification:_identify(src/sixdof_arm_bringup) by extensions ['colcon_pkg']
[0.387s] Level 1:colcon.colcon_core.package_identification:_identify(src/sixdof_arm_bringup) by extension 'colcon_pkg'
[0.387s] Level 1:colcon.colcon_core.package_identification:_identify(src/sixdof_arm_bringup) by extensions ['colcon_meta']
[0.387s] Level 1:colcon.colcon_core.package_identification:_identify(src/sixdof_arm_bringup) by extension 'colcon_meta'
[0.387s] Level 1:colcon.colcon_core.package_identification:_identify(src/sixdof_arm_bringup) by extensions ['ros']
[0.387s] Level 1:colcon.colcon_core.package_identification:_identify(src/sixdof_arm_bringup) by extension 'ros'
[0.391s] DEBUG:colcon.colcon_core.package_identification:Package 'src/sixdof_arm_bringup' with type 'ros.ament_cmake' and name 'sixdof_arm_bringup'
[0.392s] Level 1:colcon.colcon_core.package_identification:_identify(src/sixdof_arm_description) by extensions ['ignore', 'ignore_ament_install']
[0.392s] Level 1:colcon.colcon_core.package_identification:_identify(src/sixdof_arm_description) by extension 'ignore'
[0.392s] Level 1:colcon.colcon_core.package_identification:_identify(src/sixdof_arm_description) by extension 'ignore_ament_install'
[0.392s] Level 1:colcon.colcon_core.package_identification:_identify(src/sixdof_arm_description) by extensions ['colcon_pkg']
[0.392s] Level 1:colcon.colcon_core.package_identification:_identify(src/sixdof_arm_description) by extension 'colcon_pkg'
[0.392s] Level 1:colcon.colcon_core.package_identification:_identify(src/sixdof_arm_description) by extensions ['colcon_meta']
[0.392s] Level 1:colcon.colcon_core.package_identification:_identify(src/sixdof_arm_description) by extension 'colcon_meta'
[0.392s] Level 1:colcon.colcon_core.package_identification:_identify(src/sixdof_arm_description) by extensions ['ros']
[0.392s] Level 1:colcon.colcon_core.package_identification:_identify(src/sixdof_arm_description) by extension 'ros'
[0.393s] DEBUG:colcon.colcon_core.package_identification:Package 'src/sixdof_arm_description' with type 'ros.ament_cmake' and name 'sixdof_arm_description'
[0.393s] Level 1:colcon.colcon_core.package_identification:_identify(src/sixdof_arm_interfaces) by extensions ['ignore', 'ignore_ament_install']
[0.393s] Level 1:colcon.colcon_core.package_identification:_identify(src/sixdof_arm_interfaces) by extension 'ignore'
[0.393s] Level 1:colcon.colcon_core.package_identification:_identify(src/sixdof_arm_interfaces) by extension 'ignore_ament_install'
[0.393s] Level 1:colcon.colcon_core.package_identification:_identify(src/sixdof_arm_interfaces) by extensions ['colcon_pkg']
[0.393s] Level 1:colcon.colcon_core.package_identification:_identify(src/sixdof_arm_interfaces) by extension 'colcon_pkg'
[0.393s] Level 1:colcon.colcon_core.package_identification:_identify(src/sixdof_arm_interfaces) by extensions ['colcon_meta']
[0.393s] Level 1:colcon.colcon_core.package_identification:_identify(src/sixdof_arm_interfaces) by extension 'colcon_meta'
[0.394s] Level 1:colcon.colcon_core.package_identification:_identify(src/sixdof_arm_interfaces) by extensions ['ros']
[0.394s] Level 1:colcon.colcon_core.package_identification:_identify(src/sixdof_arm_interfaces) by extension 'ros'
[0.394s] DEBUG:colcon.colcon_core.package_identification:Package 'src/sixdof_arm_interfaces' with type 'ros.ament_cmake' and name 'sixdof_arm_interfaces'
[0.394s] Level 1:colcon.colcon_core.package_identification:_identify(src/sixdof_arm_rl) by extensions ['ignore', 'ignore_ament_install']
[0.395s] Level 1:colcon.colcon_core.package_identification:_identify(src/sixdof_arm_rl) by extension 'ignore'
[0.395s] Level 1:colcon.colcon_core.package_identification:_identify(src/sixdof_arm_rl) by extension 'ignore_ament_install'
[0.395s] Level 1:colcon.colcon_core.package_identification:_identify(src/sixdof_arm_rl) by extensions ['colcon_pkg']
[0.395s] Level 1:colcon.colcon_core.package_identification:_identify(src/sixdof_arm_rl) by extension 'colcon_pkg'
[0.395s] Level 1:colcon.colcon_core.package_identification:_identify(src/sixdof_arm_rl) by extensions ['colcon_meta']
[0.395s] Level 1:colcon.colcon_core.package_identification:_identify(src/sixdof_arm_rl) by extension 'colcon_meta'
[0.395s] Level 1:colcon.colcon_core.package_identification:_identify(src/sixdof_arm_rl) by extensions ['ros']
[0.395s] Level 1:colcon.colcon_core.package_identification:_identify(src/sixdof_arm_rl) by extension 'ros'
[0.397s] DEBUG:colcon.colcon_core.package_identification:Package 'src/sixdof_arm_rl' with type 'ros.ament_python' and name 'sixdof_arm_rl'
[0.398s] Level 1:colcon.colcon_core.package_discovery:discover_packages(recursive) using defaults
[0.398s] Level 1:colcon.colcon_core.package_discovery:discover_packages(ignore) discover
[0.398s] Level 1:colcon.colcon_core.package_discovery:discover_packages(ignore) using defaults
[0.398s] Level 1:colcon.colcon_core.package_discovery:discover_packages(path) discover
[0.398s] Level 1:colcon.colcon_core.package_discovery:discover_packages(path) using defaults
[0.431s] Level 5:colcon.colcon_core.verb:set package 'sixdof_arm_description' build argument 'cmake_args' from command line to 'None'
[0.431s] Level 5:colcon.colcon_core.verb:set package 'sixdof_arm_description' build argument 'cmake_target' from command line to 'None'
[0.431s] Level 5:colcon.colcon_core.verb:set package 'sixdof_arm_description' build argument 'cmake_target_skip_unavailable' from command line to 'False'
[0.431s] Level 5:colcon.colcon_core.verb:set package 'sixdof_arm_description' build argument 'cmake_clean_cache' from command line to 'False'
[0.431s] Level 5:colcon.colcon_core.verb:set package 'sixdof_arm_description' build argument 'cmake_clean_first' from command line to 'False'
[0.431s] Level 5:colcon.colcon_core.verb:set package 'sixdof_arm_description' build argument 'cmake_force_configure' from command line to 'False'
[0.431s] Level 5:colcon.colcon_core.verb:set package 'sixdof_arm_description' build argument 'ament_cmake_args' from command line to 'None'
[0.432s] Level 5:colcon.colcon_core.verb:set package 'sixdof_arm_description' build argument 'catkin_cmake_args' from command line to 'None'
[0.432s] Level 5:colcon.colcon_core.verb:set package 'sixdof_arm_description' build argument 'catkin_skip_building_tests' from command line to 'False'
[0.432s] DEBUG:colcon.colcon_core.verb:Building package 'sixdof_arm_description' with the following arguments: {'ament_cmake_args': None, 'build_base': '/home/livia/rl_6dof_ws/build/sixdof_arm_description', 'catkin_cmake_args': None, 'catkin_skip_building_tests': False, 'cmake_args': None, 'cmake_clean_cache': False, 'cmake_clean_first': False, 'cmake_force_configure': False, 'cmake_target': None, 'cmake_target_skip_unavailable': False, 'install_base': '/home/livia/rl_6dof_ws/install/sixdof_arm_description', 'merge_install': False, 'path': '/home/livia/rl_6dof_ws/src/sixdof_arm_description', 'symlink_install': True, 'test_result_base': None}
[0.432s] Level 5:colcon.colcon_core.verb:set package 'sixdof_arm_interfaces' build argument 'cmake_args' from command line to 'None'
[0.432s] Level 5:colcon.colcon_core.verb:set package 'sixdof_arm_interfaces' build argument 'cmake_target' from command line to 'None'
[0.432s] Level 5:colcon.colcon_core.verb:set package 'sixdof_arm_interfaces' build argument 'cmake_target_skip_unavailable' from command line to 'False'
[0.432s] Level 5:colcon.colcon_core.verb:set package 'sixdof_arm_interfaces' build argument 'cmake_clean_cache' from command line to 'False'
[0.432s] Level 5:colcon.colcon_core.verb:set package 'sixdof_arm_interfaces' build argument 'cmake_clean_first' from command line to 'False'
[0.432s] Level 5:colcon.colcon_core.verb:set package 'sixdof_arm_interfaces' build argument 'cmake_force_configure' from command line to 'False'
[0.432s] Level 5:colcon.colcon_core.verb:set package 'sixdof_arm_interfaces' build argument 'ament_cmake_args' from command line to 'None'
[0.432s] Level 5:colcon.colcon_core.verb:set package 'sixdof_arm_interfaces' build argument 'catkin_cmake_args' from command line to 'None'
[0.432s] Level 5:colcon.colcon_core.verb:set package 'sixdof_arm_interfaces' build argument 'catkin_skip_building_tests' from command line to 'False'
[0.432s] DEBUG:colcon.colcon_core.verb:Building package 'sixdof_arm_interfaces' with the following arguments: {'ament_cmake_args': None, 'build_base': '/home/livia/rl_6dof_ws/build/sixdof_arm_interfaces', 'catkin_cmake_args': None, 'catkin_skip_building_tests': False, 'cmake_args': None, 'cmake_clean_cache': False, 'cmake_clean_first': False, 'cmake_force_configure': False, 'cmake_target': None, 'cmake_target_skip_unavailable': False, 'install_base': '/home/livia/rl_6dof_ws/install/sixdof_arm_interfaces', 'merge_install': False, 'path': '/home/livia/rl_6dof_ws/src/sixdof_arm_interfaces', 'symlink_install': True, 'test_result_base': None}
[0.433s] Level 5:colcon.colcon_core.verb:set package 'sixdof_arm_rl' build argument 'cmake_args' from command line to 'None'
[0.433s] Level 5:colcon.colcon_core.verb:set package 'sixdof_arm_rl' build argument 'cmake_target' from command line to 'None'
[0.433s] Level 5:colcon.colcon_core.verb:set package 'sixdof_arm_rl' build argument 'cmake_target_skip_unavailable' from command line to 'False'
[0.433s] Level 5:colcon.colcon_core.verb:set package 'sixdof_arm_rl' build argument 'cmake_clean_cache' from command line to 'False'
[0.433s] Level 5:colcon.colcon_core.verb:set package 'sixdof_arm_rl' build argument 'cmake_clean_first' from command line to 'False'
[0.433s] Level 5:colcon.colcon_core.verb:set package 'sixdof_arm_rl' build argument 'cmake_force_configure' from command line to 'False'
[0.433s] Level 5:colcon.colcon_core.verb:set package 'sixdof_arm_rl' build argument 'ament_cmake_args' from command line to 'None'
[0.433s] Level 5:colcon.colcon_core.verb:set package 'sixdof_arm_rl' build argument 'catkin_cmake_args' from command line to 'None'
[0.433s] Level 5:colcon.colcon_core.verb:set package 'sixdof_arm_rl' build argument 'catkin_skip_building_tests' from command line to 'False'
[0.433s] DEBUG:colcon.colcon_core.verb:Building package 'sixdof_arm_rl' with the following arguments: {'ament_cmake_args': None, 'build_base': '/home/livia/rl_6dof_ws/build/sixdof_arm_rl', 'catkin_cmake_args': None, 'catkin_skip_building_tests': False, 'cmake_args': None, 'cmake_clean_cache': False, 'cmake_clean_first': False, 'cmake_force_configure': False, 'cmake_target': None, 'cmake_target_skip_unavailable': False, 'install_base': '/home/livia/rl_6dof_ws/install/sixdof_arm_rl', 'merge_install': False, 'path': '/home/livia/rl_6dof_ws/src/sixdof_arm_rl', 'symlink_install': True, 'test_result_base': None}
[0.433s] Level 5:colcon.colcon_core.verb:set package 'sixdof_arm_bringup' build argument 'cmake_args' from command line to 'None'
[0.434s] Level 5:colcon.colcon_core.verb:set package 'sixdof_arm_bringup' build argument 'cmake_target' from command line to 'None'
[0.434s] Level 5:colcon.colcon_core.verb:set package 'sixdof_arm_bringup' build argument 'cmake_target_skip_unavailable' from command line to 'False'
[0.434s] Level 5:colcon.colcon_core.verb:set package 'sixdof_arm_bringup' build argument 'cmake_clean_cache' from command line to 'False'
[0.434s] Level 5:colcon.colcon_core.verb:set package 'sixdof_arm_bringup' build argument 'cmake_clean_first' from command line to 'False'
[0.434s] Level 5:colcon.colcon_core.verb:set package 'sixdof_arm_bringup' build argument 'cmake_force_configure' from command line to 'False'
[0.434s] Level 5:colcon.colcon_core.verb:set package 'sixdof_arm_bringup' build argument 'ament_cmake_args' from command line to 'None'
[0.434s] Level 5:colcon.colcon_core.verb:set package 'sixdof_arm_bringup' build argument 'catkin_cmake_args' from command line to 'None'
[0.434s] Level 5:colcon.colcon_core.verb:set package 'sixdof_arm_bringup' build argument 'catkin_skip_building_tests' from command line to 'False'
[0.434s] DEBUG:colcon.colcon_core.verb:Building package 'sixdof_arm_bringup' with the following arguments: {'ament_cmake_args': None, 'build_base': '/home/livia/rl_6dof_ws/build/sixdof_arm_bringup', 'catkin_cmake_args': None, 'catkin_skip_building_tests': False, 'cmake_args': None, 'cmake_clean_cache': False, 'cmake_clean_first': False, 'cmake_force_configure': False, 'cmake_target': None, 'cmake_target_skip_unavailable': False, 'install_base': '/home/livia/rl_6dof_ws/install/sixdof_arm_bringup', 'merge_install': False, 'path': '/home/livia/rl_6dof_ws/src/sixdof_arm_bringup', 'symlink_install': True, 'test_result_base': None}
[0.434s] INFO:colcon.colcon_core.executor:Executing jobs using 'parallel' executor
[0.435s] DEBUG:colcon.colcon_parallel_executor.executor.parallel:run_until_complete
[0.435s] INFO:colcon.colcon_ros.task.ament_cmake.build:Building ROS package in '/home/livia/rl_6dof_ws/src/sixdof_arm_interfaces' with build type 'ament_cmake'
[0.435s] INFO:colcon.colcon_cmake.task.cmake.build:Building CMake package in '/home/livia/rl_6dof_ws/src/sixdof_arm_interfaces'
[0.441s] INFO:colcon.colcon_core.plugin_system:Skipping extension 'colcon_core.shell.bat': Not used on non-Windows systems
[0.441s] INFO:colcon.colcon_core.shell:Skip shell extension 'powershell' for command environment: Not usable outside of PowerShell
[0.441s] DEBUG:colcon.colcon_core.shell:Skip shell extension 'dsv' for command environment
[0.452s] INFO:colcon.colcon_ros.task.ament_cmake.build:Building ROS package in '/home/livia/rl_6dof_ws/src/sixdof_arm_description' with build type 'ament_cmake'
[0.452s] INFO:colcon.colcon_cmake.task.cmake.build:Building CMake package in '/home/livia/rl_6dof_ws/src/sixdof_arm_description'
[0.453s] INFO:colcon.colcon_core.shell:Skip shell extension 'powershell' for command environment: Not usable outside of PowerShell
[0.453s] DEBUG:colcon.colcon_core.shell:Skip shell extension 'dsv' for command environment
[0.467s] DEBUG:colcon.colcon_core.event_handler.log_command:Invoking command in '/home/livia/rl_6dof_ws/build/sixdof_arm_interfaces': CMAKE_PREFIX_PATH=${CMAKE_PREFIX_PATH}:/home/livia/ros2_ws/install/my_py_pkg:/home/livia/ros2_ws/install/actions_py:/home/livia/Documents/git/Catch-Them-All-Turtlesim-Project/Catch_Them_All_Turtlesim_Project_WS/install/turtlesim_catch_them_all:/home/livia/rl_6dof_ws/install/sixdof_arm_rl:/opt/ros/humble CONDA_PROMPT_MODIFIER=(rl_sixdof_env) /usr/bin/cmake --build /home/livia/rl_6dof_ws/build/sixdof_arm_interfaces -- -j4 -l4
[0.483s] DEBUG:colcon.colcon_core.event_handler.log_command:Invoking command in '/home/livia/rl_6dof_ws/build/sixdof_arm_description': CMAKE_PREFIX_PATH=${CMAKE_PREFIX_PATH}:/home/livia/ros2_ws/install/my_py_pkg:/home/livia/ros2_ws/install/actions_py:/home/livia/Documents/git/Catch-Them-All-Turtlesim-Project/Catch_Them_All_Turtlesim_Project_WS/install/turtlesim_catch_them_all:/home/livia/rl_6dof_ws/install/sixdof_arm_rl:/opt/ros/humble CONDA_PROMPT_MODIFIER=(rl_sixdof_env) /usr/bin/cmake --build /home/livia/rl_6dof_ws/build/sixdof_arm_description -- -j4 -l4
[0.541s] DEBUG:colcon.colcon_core.event_handler.log_command:Invoked command in '/home/livia/rl_6dof_ws/build/sixdof_arm_description' returned '0': CMAKE_PREFIX_PATH=${CMAKE_PREFIX_PATH}:/home/livia/ros2_ws/install/my_py_pkg:/home/livia/ros2_ws/install/actions_py:/home/livia/Documents/git/Catch-Them-All-Turtlesim-Project/Catch_Them_All_Turtlesim_Project_WS/install/turtlesim_catch_them_all:/home/livia/rl_6dof_ws/install/sixdof_arm_rl:/opt/ros/humble CONDA_PROMPT_MODIFIER=(rl_sixdof_env) /usr/bin/cmake --build /home/livia/rl_6dof_ws/build/sixdof_arm_description -- -j4 -l4
[0.562s] DEBUG:colcon.colcon_core.event_handler.log_command:Invoking command in '/home/livia/rl_6dof_ws/build/sixdof_arm_description': CMAKE_PREFIX_PATH=${CMAKE_PREFIX_PATH}:/home/livia/ros2_ws/install/my_py_pkg:/home/livia/ros2_ws/install/actions_py:/home/livia/Documents/git/Catch-Them-All-Turtlesim-Project/Catch_Them_All_Turtlesim_Project_WS/install/turtlesim_catch_them_all:/home/livia/rl_6dof_ws/install/sixdof_arm_rl:/opt/ros/humble CONDA_PROMPT_MODIFIER=(rl_sixdof_env) /usr/bin/cmake --install /home/livia/rl_6dof_ws/build/sixdof_arm_description
[0.625s] Level 1:colcon.colcon_core.environment:create_environment_scripts_only(sixdof_arm_description)
[0.626s] DEBUG:colcon.colcon_core.event_handler.log_command:Invoked command in '/home/livia/rl_6dof_ws/build/sixdof_arm_description' returned '0': CMAKE_PREFIX_PATH=${CMAKE_PREFIX_PATH}:/home/livia/ros2_ws/install/my_py_pkg:/home/livia/ros2_ws/install/actions_py:/home/livia/Documents/git/Catch-Them-All-Turtlesim-Project/Catch_Them_All_Turtlesim_Project_WS/install/turtlesim_catch_them_all:/home/livia/rl_6dof_ws/install/sixdof_arm_rl:/opt/ros/humble CONDA_PROMPT_MODIFIER=(rl_sixdof_env) /usr/bin/cmake --install /home/livia/rl_6dof_ws/build/sixdof_arm_description
[0.691s] Level 1:colcon.colcon_core.environment:checking '/home/livia/rl_6dof_ws/install/sixdof_arm_description' for CMake module files
[0.694s] Level 1:colcon.colcon_core.environment:checking '/home/livia/rl_6dof_ws/install/sixdof_arm_description' for CMake config files
[0.694s] Level 1:colcon.colcon_core.shell:create_environment_hook('sixdof_arm_description', 'cmake_prefix_path')
[0.695s] INFO:colcon.colcon_core.shell:Creating environment hook '/home/livia/rl_6dof_ws/install/sixdof_arm_description/share/sixdof_arm_description/hook/cmake_prefix_path.ps1'
[0.696s] INFO:colcon.colcon_core.shell:Creating environment descriptor '/home/livia/rl_6dof_ws/install/sixdof_arm_description/share/sixdof_arm_description/hook/cmake_prefix_path.dsv'
[0.698s] INFO:colcon.colcon_core.shell:Creating environment hook '/home/livia/rl_6dof_ws/install/sixdof_arm_description/share/sixdof_arm_description/hook/cmake_prefix_path.sh'
[0.700s] Level 1:colcon.colcon_core.environment:checking '/home/livia/rl_6dof_ws/install/sixdof_arm_description/bin'
[0.701s] Level 1:colcon.colcon_core.environment:checking '/home/livia/rl_6dof_ws/install/sixdof_arm_description/lib/pkgconfig/sixdof_arm_description.pc'
[0.705s] Level 1:colcon.colcon_core.environment:checking '/home/livia/rl_6dof_ws/install/sixdof_arm_description/lib/python3.10/site-packages'
[0.706s] Level 1:colcon.colcon_core.environment:checking '/home/livia/rl_6dof_ws/install/sixdof_arm_description/bin'
[0.706s] INFO:colcon.colcon_core.shell:Creating package script '/home/livia/rl_6dof_ws/install/sixdof_arm_description/share/sixdof_arm_description/package.ps1'
[0.710s] INFO:colcon.colcon_core.shell:Creating package descriptor '/home/livia/rl_6dof_ws/install/sixdof_arm_description/share/sixdof_arm_description/package.dsv'
[0.711s] INFO:colcon.colcon_core.shell:Creating package script '/home/livia/rl_6dof_ws/install/sixdof_arm_description/share/sixdof_arm_description/package.sh'
[0.713s] INFO:colcon.colcon_core.shell:Creating package script '/home/livia/rl_6dof_ws/install/sixdof_arm_description/share/sixdof_arm_description/package.bash'
[0.719s] INFO:colcon.colcon_core.shell:Creating package script '/home/livia/rl_6dof_ws/install/sixdof_arm_description/share/sixdof_arm_description/package.zsh'
[0.723s] Level 1:colcon.colcon_core.environment:create_file_with_runtime_dependencies(/home/livia/rl_6dof_ws/install/sixdof_arm_description/share/colcon-core/packages/sixdof_arm_description)
[0.724s] Level 1:colcon.colcon_core.environment:create_environment_scripts_only(sixdof_arm_description)
[0.724s] Level 1:colcon.colcon_core.environment:checking '/home/livia/rl_6dof_ws/install/sixdof_arm_description' for CMake module files
[0.725s] Level 1:colcon.colcon_core.environment:checking '/home/livia/rl_6dof_ws/install/sixdof_arm_description' for CMake config files
[0.726s] Level 1:colcon.colcon_core.shell:create_environment_hook('sixdof_arm_description', 'cmake_prefix_path')
[0.726s] INFO:colcon.colcon_core.shell:Creating environment hook '/home/livia/rl_6dof_ws/install/sixdof_arm_description/share/sixdof_arm_description/hook/cmake_prefix_path.ps1'
[0.727s] INFO:colcon.colcon_core.shell:Creating environment descriptor '/home/livia/rl_6dof_ws/install/sixdof_arm_description/share/sixdof_arm_description/hook/cmake_prefix_path.dsv'
[0.728s] INFO:colcon.colcon_core.shell:Creating environment hook '/home/livia/rl_6dof_ws/install/sixdof_arm_description/share/sixdof_arm_description/hook/cmake_prefix_path.sh'
[0.730s] Level 1:colcon.colcon_core.environment:checking '/home/livia/rl_6dof_ws/install/sixdof_arm_description/bin'
[0.730s] Level 1:colcon.colcon_core.environment:checking '/home/livia/rl_6dof_ws/install/sixdof_arm_description/lib/pkgconfig/sixdof_arm_description.pc'
[0.730s] Level 1:colcon.colcon_core.environment:checking '/home/livia/rl_6dof_ws/install/sixdof_arm_description/lib/python3.10/site-packages'
[0.730s] Level 1:colcon.colcon_core.environment:checking '/home/livia/rl_6dof_ws/install/sixdof_arm_description/bin'
[0.731s] INFO:colcon.colcon_core.shell:Creating package script '/home/livia/rl_6dof_ws/install/sixdof_arm_description/share/sixdof_arm_description/package.ps1'
[0.732s] INFO:colcon.colcon_core.shell:Creating package descriptor '/home/livia/rl_6dof_ws/install/sixdof_arm_description/share/sixdof_arm_description/package.dsv'
[0.736s] INFO:colcon.colcon_core.shell:Creating package script '/home/livia/rl_6dof_ws/install/sixdof_arm_description/share/sixdof_arm_description/package.sh'
[0.737s] INFO:colcon.colcon_core.shell:Creating package script '/home/livia/rl_6dof_ws/install/sixdof_arm_description/share/sixdof_arm_description/package.bash'
[0.739s] INFO:colcon.colcon_core.shell:Creating package script '/home/livia/rl_6dof_ws/install/sixdof_arm_description/share/sixdof_arm_description/package.zsh'
[0.741s] Level 1:colcon.colcon_core.environment:create_file_with_runtime_dependencies(/home/livia/rl_6dof_ws/install/sixdof_arm_description/share/colcon-core/packages/sixdof_arm_description)
[1.193s] DEBUG:colcon.colcon_core.event_handler.log_command:Invoked command in '/home/livia/rl_6dof_ws/build/sixdof_arm_interfaces' returned '0': CMAKE_PREFIX_PATH=${CMAKE_PREFIX_PATH}:/home/livia/ros2_ws/install/my_py_pkg:/home/livia/ros2_ws/install/actions_py:/home/livia/Documents/git/Catch-Them-All-Turtlesim-Project/Catch_Them_All_Turtlesim_Project_WS/install/turtlesim_catch_them_all:/home/livia/rl_6dof_ws/install/sixdof_arm_rl:/opt/ros/humble CONDA_PROMPT_MODIFIER=(rl_sixdof_env) /usr/bin/cmake --build /home/livia/rl_6dof_ws/build/sixdof_arm_interfaces -- -j4 -l4
[1.195s] DEBUG:colcon.colcon_core.event_handler.log_command:Invoking command in '/home/livia/rl_6dof_ws/build/sixdof_arm_interfaces': CMAKE_PREFIX_PATH=${CMAKE_PREFIX_PATH}:/home/livia/ros2_ws/install/my_py_pkg:/home/livia/ros2_ws/install/actions_py:/home/livia/Documents/git/Catch-Them-All-Turtlesim-Project/Catch_Them_All_Turtlesim_Project_WS/install/turtlesim_catch_them_all:/home/livia/rl_6dof_ws/install/sixdof_arm_rl:/opt/ros/humble CONDA_PROMPT_MODIFIER=(rl_sixdof_env) /usr/bin/cmake --install /home/livia/rl_6dof_ws/build/sixdof_arm_interfaces
[1.403s] Level 1:colcon.colcon_core.environment:create_environment_scripts_only(sixdof_arm_interfaces)
[1.404s] Level 1:colcon.colcon_core.environment:checking '/home/livia/rl_6dof_ws/install/sixdof_arm_interfaces' for CMake module files
[1.407s] DEBUG:colcon.colcon_core.event_handler.log_command:Invoked command in '/home/livia/rl_6dof_ws/build/sixdof_arm_interfaces' returned '0': CMAKE_PREFIX_PATH=${CMAKE_PREFIX_PATH}:/home/livia/ros2_ws/install/my_py_pkg:/home/livia/ros2_ws/install/actions_py:/home/livia/Documents/git/Catch-Them-All-Turtlesim-Project/Catch_Them_All_Turtlesim_Project_WS/install/turtlesim_catch_them_all:/home/livia/rl_6dof_ws/install/sixdof_arm_rl:/opt/ros/humble CONDA_PROMPT_MODIFIER=(rl_sixdof_env) /usr/bin/cmake --install /home/livia/rl_6dof_ws/build/sixdof_arm_interfaces
[1.408s] Level 1:colcon.colcon_core.environment:checking '/home/livia/rl_6dof_ws/install/sixdof_arm_interfaces' for CMake config files
[1.408s] Level 1:colcon.colcon_core.shell:create_environment_hook('sixdof_arm_interfaces', 'cmake_prefix_path')
[1.409s] INFO:colcon.colcon_core.shell:Creating environment hook '/home/livia/rl_6dof_ws/install/sixdof_arm_interfaces/share/sixdof_arm_interfaces/hook/cmake_prefix_path.ps1'
[1.410s] INFO:colcon.colcon_core.shell:Creating environment descriptor '/home/livia/rl_6dof_ws/install/sixdof_arm_interfaces/share/sixdof_arm_interfaces/hook/cmake_prefix_path.dsv'
[1.411s] INFO:colcon.colcon_core.shell:Creating environment hook '/home/livia/rl_6dof_ws/install/sixdof_arm_interfaces/share/sixdof_arm_interfaces/hook/cmake_prefix_path.sh'
[1.412s] Level 1:colcon.colcon_core.environment:checking '/home/livia/rl_6dof_ws/install/sixdof_arm_interfaces/lib'
[1.412s] Level 1:colcon.colcon_core.shell:create_environment_hook('sixdof_arm_interfaces', 'ld_library_path_lib')
[1.412s] INFO:colcon.colcon_core.shell:Creating environment hook '/home/livia/rl_6dof_ws/install/sixdof_arm_interfaces/share/sixdof_arm_interfaces/hook/ld_library_path_lib.ps1'
[1.413s] INFO:colcon.colcon_core.shell:Creating environment descriptor '/home/livia/rl_6dof_ws/install/sixdof_arm_interfaces/share/sixdof_arm_interfaces/hook/ld_library_path_lib.dsv'
[1.414s] INFO:colcon.colcon_core.shell:Creating environment hook '/home/livia/rl_6dof_ws/install/sixdof_arm_interfaces/share/sixdof_arm_interfaces/hook/ld_library_path_lib.sh'
[1.414s] Level 1:colcon.colcon_core.environment:checking '/home/livia/rl_6dof_ws/install/sixdof_arm_interfaces/bin'
[1.414s] Level 1:colcon.colcon_core.environment:checking '/home/livia/rl_6dof_ws/install/sixdof_arm_interfaces/lib/pkgconfig/sixdof_arm_interfaces.pc'
[1.414s] Level 1:colcon.colcon_core.environment:checking '/home/livia/rl_6dof_ws/install/sixdof_arm_interfaces/lib/python3.10/site-packages'
[1.415s] Level 1:colcon.colcon_core.environment:checking '/home/livia/rl_6dof_ws/install/sixdof_arm_interfaces/bin'
[1.415s] INFO:colcon.colcon_core.shell:Creating package script '/home/livia/rl_6dof_ws/install/sixdof_arm_interfaces/share/sixdof_arm_interfaces/package.ps1'
[1.416s] INFO:colcon.colcon_core.shell:Creating package descriptor '/home/livia/rl_6dof_ws/install/sixdof_arm_interfaces/share/sixdof_arm_interfaces/package.dsv'
[1.416s] INFO:colcon.colcon_core.shell:Creating package script '/home/livia/rl_6dof_ws/install/sixdof_arm_interfaces/share/sixdof_arm_interfaces/package.sh'
[1.417s] INFO:colcon.colcon_core.shell:Creating package script '/home/livia/rl_6dof_ws/install/sixdof_arm_interfaces/share/sixdof_arm_interfaces/package.bash'
[1.417s] INFO:colcon.colcon_core.shell:Creating package script '/home/livia/rl_6dof_ws/install/sixdof_arm_interfaces/share/sixdof_arm_interfaces/package.zsh'
[1.418s] Level 1:colcon.colcon_core.environment:create_file_with_runtime_dependencies(/home/livia/rl_6dof_ws/install/sixdof_arm_interfaces/share/colcon-core/packages/sixdof_arm_interfaces)
[1.418s] Level 1:colcon.colcon_core.environment:create_environment_scripts_only(sixdof_arm_interfaces)
[1.419s] Level 1:colcon.colcon_core.environment:checking '/home/livia/rl_6dof_ws/install/sixdof_arm_interfaces' for CMake module files
[1.420s] Level 1:colcon.colcon_core.environment:checking '/home/livia/rl_6dof_ws/install/sixdof_arm_interfaces' for CMake config files
[1.423s] Level 1:colcon.colcon_core.shell:create_environment_hook('sixdof_arm_interfaces', 'cmake_prefix_path')
[1.423s] INFO:colcon.colcon_core.shell:Creating environment hook '/home/livia/rl_6dof_ws/install/sixdof_arm_interfaces/share/sixdof_arm_interfaces/hook/cmake_prefix_path.ps1'
[1.424s] INFO:colcon.colcon_core.shell:Creating environment descriptor '/home/livia/rl_6dof_ws/install/sixdof_arm_interfaces/share/sixdof_arm_interfaces/hook/cmake_prefix_path.dsv'
[1.425s] INFO:colcon.colcon_core.shell:Creating environment hook '/home/livia/rl_6dof_ws/install/sixdof_arm_interfaces/share/sixdof_arm_interfaces/hook/cmake_prefix_path.sh'
[1.426s] Level 1:colcon.colcon_core.environment:checking '/home/livia/rl_6dof_ws/install/sixdof_arm_interfaces/lib'
[1.426s] Level 1:colcon.colcon_core.shell:create_environment_hook('sixdof_arm_interfaces', 'ld_library_path_lib')
[1.426s] INFO:colcon.colcon_core.shell:Creating environment hook '/home/livia/rl_6dof_ws/install/sixdof_arm_interfaces/share/sixdof_arm_interfaces/hook/ld_library_path_lib.ps1'
[1.427s] INFO:colcon.colcon_core.shell:Creating environment descriptor '/home/livia/rl_6dof_ws/install/sixdof_arm_interfaces/share/sixdof_arm_interfaces/hook/ld_library_path_lib.dsv'
[1.428s] INFO:colcon.colcon_core.shell:Creating environment hook '/home/livia/rl_6dof_ws/install/sixdof_arm_interfaces/share/sixdof_arm_interfaces/hook/ld_library_path_lib.sh'
[1.429s] Level 1:colcon.colcon_core.environment:checking '/home/livia/rl_6dof_ws/install/sixdof_arm_interfaces/bin'
[1.429s] Level 1:colcon.colcon_core.environment:checking '/home/livia/rl_6dof_ws/install/sixdof_arm_interfaces/lib/pkgconfig/sixdof_arm_interfaces.pc'
[1.429s] Level 1:colcon.colcon_core.environment:checking '/home/livia/rl_6dof_ws/install/sixdof_arm_interfaces/lib/python3.10/site-packages'
[1.429s] Level 1:colcon.colcon_core.environment:checking '/home/livia/rl_6dof_ws/install/sixdof_arm_interfaces/bin'
[1.429s] INFO:colcon.colcon_core.shell:Creating package script '/home/livia/rl_6dof_ws/install/sixdof_arm_interfaces/share/sixdof_arm_interfaces/package.ps1'
[1.430s] INFO:colcon.colcon_core.shell:Creating package descriptor '/home/livia/rl_6dof_ws/install/sixdof_arm_interfaces/share/sixdof_arm_interfaces/package.dsv'
[1.431s] INFO:colcon.colcon_core.shell:Creating package script '/home/livia/rl_6dof_ws/install/sixdof_arm_interfaces/share/sixdof_arm_interfaces/package.sh'
[1.431s] INFO:colcon.colcon_core.shell:Creating package script '/home/livia/rl_6dof_ws/install/sixdof_arm_interfaces/share/sixdof_arm_interfaces/package.bash'
[1.432s] INFO:colcon.colcon_core.shell:Creating package script '/home/livia/rl_6dof_ws/install/sixdof_arm_interfaces/share/sixdof_arm_interfaces/package.zsh'
[1.433s] Level 1:colcon.colcon_core.environment:create_file_with_runtime_dependencies(/home/livia/rl_6dof_ws/install/sixdof_arm_interfaces/share/colcon-core/packages/sixdof_arm_interfaces)
[1.433s] INFO:colcon.colcon_ros.task.ament_python.build:Building ROS package in '/home/livia/rl_6dof_ws/src/sixdof_arm_rl' with build type 'ament_python'
[1.433s] Level 1:colcon.colcon_core.shell:create_environment_hook('sixdof_arm_rl', 'ament_prefix_path')
[1.433s] INFO:colcon.colcon_core.shell:Creating environment hook '/home/livia/rl_6dof_ws/install/sixdof_arm_rl/share/sixdof_arm_rl/hook/ament_prefix_path.ps1'
[1.434s] INFO:colcon.colcon_core.shell:Creating environment descriptor '/home/livia/rl_6dof_ws/install/sixdof_arm_rl/share/sixdof_arm_rl/hook/ament_prefix_path.dsv'
[1.435s] INFO:colcon.colcon_core.shell:Creating environment hook '/home/livia/rl_6dof_ws/install/sixdof_arm_rl/share/sixdof_arm_rl/hook/ament_prefix_path.sh'
[1.436s] INFO:colcon.colcon_core.shell:Skip shell extension 'powershell' for command environment: Not usable outside of PowerShell
[1.436s] DEBUG:colcon.colcon_core.shell:Skip shell extension 'dsv' for command environment
[1.738s] INFO:colcon.colcon_core.task.python.build:Building Python package in '/home/livia/rl_6dof_ws/src/sixdof_arm_rl'
[1.739s] INFO:colcon.colcon_core.shell:Skip shell extension 'powershell' for command environment: Not usable outside of PowerShell
[1.739s] DEBUG:colcon.colcon_core.shell:Skip shell extension 'dsv' for command environment
[2.332s] DEBUG:colcon.colcon_core.event_handler.log_command:Invoking command in '/home/livia/rl_6dof_ws/build/sixdof_arm_rl': CMAKE_PREFIX_PATH=/home/livia/rl_6dof_ws/install/sixdof_arm_interfaces:/home/livia/ros2_ws/install/my_robot_bringup:/home/livia/ros2_ws/install/my_robot_interfaces:/home/livia/ros2_ws/install/my_robot_description:/home/livia/ros2_ws/install/my_cpp_pkg:/home/livia/rl_6dof_ws/install/sixdof_arm_bringup:/home/livia/rl_6dof_ws/install/sixdof_arm_description CONDA_PROMPT_MODIFIER=(rl_sixdof_env) LD_LIBRARY_PATH=/home/livia/rl_6dof_ws/install/sixdof_arm_interfaces/lib:/home/livia/ros2_ws/install/my_robot_interfaces/lib:/usr/lib/x86_64-linux-gnu/gazebo-11/plugins:/opt/ros/humble/opt/rviz_ogre_vendor/lib:/opt/ros/humble/lib/x86_64-linux-gnu:/opt/ros/humble/lib:/usr/share/gazebo/../../lib/x86_64-linux-gnu/gazebo-11/plugins:/usr/share/gazebo/../../lib/x86_64-linux-gnu/gazebo-11/plugins:/usr/share/gazebo/../../lib/x86_64-linux-gnu/gazebo-11/plugins PYTHONPATH=/home/livia/rl_6dof_ws/build/sixdof_arm_rl/prefix_override:/home/livia/anaconda3/envs/rl_sixdof_env/lib/python3.10/site-packages/colcon_core/task/python/colcon_distutils_commands:/home/livia/rl_6dof_ws/install/sixdof_arm_rl/lib/python3.10/site-packages:${PYTHONPATH} /home/livia/anaconda3/envs/rl_sixdof_env/bin/python -W ignore:setup.py install is deprecated -W ignore:easy_install command is deprecated setup.py develop --editable --build-directory /home/livia/rl_6dof_ws/build/sixdof_arm_rl/build --no-deps symlink_data
[3.055s] Level 1:colcon.colcon_core.shell:create_environment_hook('sixdof_arm_rl', 'pythonpath_develop')
[3.056s] INFO:colcon.colcon_core.shell:Creating environment hook '/home/livia/rl_6dof_ws/build/sixdof_arm_rl/share/sixdof_arm_rl/hook/pythonpath_develop.ps1'
[3.056s] DEBUG:colcon.colcon_core.event_handler.log_command:Invoked command in '/home/livia/rl_6dof_ws/build/sixdof_arm_rl' returned '0': CMAKE_PREFIX_PATH=/home/livia/rl_6dof_ws/install/sixdof_arm_interfaces:/home/livia/ros2_ws/install/my_robot_bringup:/home/livia/ros2_ws/install/my_robot_interfaces:/home/livia/ros2_ws/install/my_robot_description:/home/livia/ros2_ws/install/my_cpp_pkg:/home/livia/rl_6dof_ws/install/sixdof_arm_bringup:/home/livia/rl_6dof_ws/install/sixdof_arm_description CONDA_PROMPT_MODIFIER=(rl_sixdof_env) LD_LIBRARY_PATH=/home/livia/rl_6dof_ws/install/sixdof_arm_interfaces/lib:/home/livia/ros2_ws/install/my_robot_interfaces/lib:/usr/lib/x86_64-linux-gnu/gazebo-11/plugins:/opt/ros/humble/opt/rviz_ogre_vendor/lib:/opt/ros/humble/lib/x86_64-linux-gnu:/opt/ros/humble/lib:/usr/share/gazebo/../../lib/x86_64-linux-gnu/gazebo-11/plugins:/usr/share/gazebo/../../lib/x86_64-linux-gnu/gazebo-11/plugins:/usr/share/gazebo/../../lib/x86_64-linux-gnu/gazebo-11/plugins PYTHONPATH=/home/livia/rl_6dof_ws/build/sixdof_arm_rl/prefix_override:/home/livia/anaconda3/envs/rl_sixdof_env/lib/python3.10/site-packages/colcon_core/task/python/colcon_distutils_commands:/home/livia/rl_6dof_ws/install/sixdof_arm_rl/lib/python3.10/site-packages:${PYTHONPATH} /home/livia/anaconda3/envs/rl_sixdof_env/bin/python -W ignore:setup.py install is deprecated -W ignore:easy_install command is deprecated setup.py develop --editable --build-directory /home/livia/rl_6dof_ws/build/sixdof_arm_rl/build --no-deps symlink_data
[3.057s] INFO:colcon.colcon_core.shell:Creating environment descriptor '/home/livia/rl_6dof_ws/build/sixdof_arm_rl/share/sixdof_arm_rl/hook/pythonpath_develop.dsv'
[3.058s] INFO:colcon.colcon_core.shell:Creating environment hook '/home/livia/rl_6dof_ws/build/sixdof_arm_rl/share/sixdof_arm_rl/hook/pythonpath_develop.sh'
[3.059s] Level 1:colcon.colcon_core.environment:checking '/home/livia/rl_6dof_ws/install/sixdof_arm_rl' for CMake module files
[3.059s] Level 1:colcon.colcon_core.environment:checking '/home/livia/rl_6dof_ws/install/sixdof_arm_rl' for CMake config files
[3.060s] Level 1:colcon.colcon_core.environment:checking '/home/livia/rl_6dof_ws/install/sixdof_arm_rl/lib'
[3.060s] Level 1:colcon.colcon_core.environment:checking '/home/livia/rl_6dof_ws/install/sixdof_arm_rl/bin'
[3.060s] Level 1:colcon.colcon_core.environment:checking '/home/livia/rl_6dof_ws/install/sixdof_arm_rl/lib/pkgconfig/sixdof_arm_rl.pc'
[3.060s] Level 1:colcon.colcon_core.environment:checking '/home/livia/rl_6dof_ws/install/sixdof_arm_rl/lib/python3.10/site-packages'
[3.060s] Level 1:colcon.colcon_core.shell:create_environment_hook('sixdof_arm_rl', 'pythonpath')
[3.061s] INFO:colcon.colcon_core.shell:Creating environment hook '/home/livia/rl_6dof_ws/install/sixdof_arm_rl/share/sixdof_arm_rl/hook/pythonpath.ps1'
[3.061s] INFO:colcon.colcon_core.shell:Creating environment descriptor '/home/livia/rl_6dof_ws/install/sixdof_arm_rl/share/sixdof_arm_rl/hook/pythonpath.dsv'
[3.062s] INFO:colcon.colcon_core.shell:Creating environment hook '/home/livia/rl_6dof_ws/install/sixdof_arm_rl/share/sixdof_arm_rl/hook/pythonpath.sh'
[3.063s] Level 1:colcon.colcon_core.environment:checking '/home/livia/rl_6dof_ws/install/sixdof_arm_rl/bin'
[3.063s] Level 1:colcon.colcon_core.environment:create_environment_scripts_only(sixdof_arm_rl)
[3.063s] INFO:colcon.colcon_core.shell:Creating package script '/home/livia/rl_6dof_ws/install/sixdof_arm_rl/share/sixdof_arm_rl/package.ps1'
[3.064s] INFO:colcon.colcon_core.shell:Creating package descriptor '/home/livia/rl_6dof_ws/install/sixdof_arm_rl/share/sixdof_arm_rl/package.dsv'
[3.064s] INFO:colcon.colcon_core.shell:Creating package script '/home/livia/rl_6dof_ws/install/sixdof_arm_rl/share/sixdof_arm_rl/package.sh'
[3.065s] INFO:colcon.colcon_core.shell:Creating package script '/home/livia/rl_6dof_ws/install/sixdof_arm_rl/share/sixdof_arm_rl/package.bash'
[3.066s] INFO:colcon.colcon_core.shell:Creating package script '/home/livia/rl_6dof_ws/install/sixdof_arm_rl/share/sixdof_arm_rl/package.zsh'
[3.066s] Level 1:colcon.colcon_core.environment:create_file_with_runtime_dependencies(/home/livia/rl_6dof_ws/install/sixdof_arm_rl/share/colcon-core/packages/sixdof_arm_rl)
[3.066s] INFO:colcon.colcon_ros.task.ament_cmake.build:Building ROS package in '/home/livia/rl_6dof_ws/src/sixdof_arm_bringup' with build type 'ament_cmake'
[3.067s] INFO:colcon.colcon_cmake.task.cmake.build:Building CMake package in '/home/livia/rl_6dof_ws/src/sixdof_arm_bringup'
[3.067s] INFO:colcon.colcon_core.shell:Skip shell extension 'powershell' for command environment: Not usable outside of PowerShell
[3.067s] DEBUG:colcon.colcon_core.shell:Skip shell extension 'dsv' for command environment
[3.092s] DEBUG:colcon.colcon_core.event_handler.log_command:Invoking command in '/home/livia/rl_6dof_ws/build/sixdof_arm_bringup': AMENT_PREFIX_PATH=/home/livia/rl_6dof_ws/install/sixdof_arm_rl:/home/livia/ros2_ws/install/my_robot_bringup:/home/livia/ros2_ws/install/my_py_pkg:/home/livia/ros2_ws/install/actions_py:/home/livia/ros2_ws/install/my_robot_interfaces:/home/livia/ros2_ws/install/my_robot_description:/home/livia/ros2_ws/install/my_cpp_pkg:/home/livia/Documents/git/Catch-Them-All-Turtlesim-Project/Catch_Them_All_Turtlesim_Project_WS/install/turtlesim_catch_them_all:/home/livia/rl_6dof_ws/install/sixdof_arm_bringup:/home/livia/rl_6dof_ws/install/sixdof_arm_interfaces:/home/livia/rl_6dof_ws/install/sixdof_arm_description:/opt/ros/humble CMAKE_PREFIX_PATH=/home/livia/rl_6dof_ws/install/sixdof_arm_interfaces:/home/livia/rl_6dof_ws/install/sixdof_arm_description:/home/livia/ros2_ws/install/my_robot_bringup:/home/livia/ros2_ws/install/my_robot_interfaces:/home/livia/ros2_ws/install/my_robot_description:/home/livia/ros2_ws/install/my_cpp_pkg:/home/livia/rl_6dof_ws/install/sixdof_arm_bringup:/home/livia/ros2_ws/install/my_py_pkg:/home/livia/ros2_ws/install/actions_py:/home/livia/Documents/git/Catch-Them-All-Turtlesim-Project/Catch_Them_All_Turtlesim_Project_WS/install/turtlesim_catch_them_all:/home/livia/rl_6dof_ws/install/sixdof_arm_rl:/opt/ros/humble CONDA_PROMPT_MODIFIER=(rl_sixdof_env) LD_LIBRARY_PATH=/home/livia/rl_6dof_ws/install/sixdof_arm_interfaces/lib:/home/livia/ros2_ws/install/my_robot_interfaces/lib:/usr/lib/x86_64-linux-gnu/gazebo-11/plugins:/opt/ros/humble/opt/rviz_ogre_vendor/lib:/opt/ros/humble/lib/x86_64-linux-gnu:/opt/ros/humble/lib:/usr/share/gazebo/../../lib/x86_64-linux-gnu/gazebo-11/plugins:/usr/share/gazebo/../../lib/x86_64-linux-gnu/gazebo-11/plugins:/usr/share/gazebo/../../lib/x86_64-linux-gnu/gazebo-11/plugins PYTHONPATH=/home/livia/rl_6dof_ws/build/sixdof_arm_rl:/home/livia/rl_6dof_ws/install/sixdof_arm_rl/lib/python3.10/site-packages:/home/livia/ros2_ws/install/my_py_pkg/lib/python3.10/site-packages:/home/livia/ros2_ws/install/actions_py/lib/python3.10/site-packages:/home/livia/ros2_ws/install/my_robot_interfaces/lib/python3.10/site-packages:/home/livia/Documents/git/Catch-Them-All-Turtlesim-Project/Catch_Them_All_Turtlesim_Project_WS/install/turtlesim_catch_them_all/lib/python3.10/site-packages:/home/livia/rl_6dof_ws/install/sixdof_arm_interfaces/local/lib/python3.10/dist-packages:/opt/ros/humble/lib/python3.10/site-packages:/opt/ros/humble/local/lib/python3.10/dist-packages /usr/bin/cmake --build /home/livia/rl_6dof_ws/build/sixdof_arm_bringup -- -j4 -l4
[3.138s] DEBUG:colcon.colcon_core.event_handler.log_command:Invoked command in '/home/livia/rl_6dof_ws/build/sixdof_arm_bringup' returned '0': AMENT_PREFIX_PATH=/home/livia/rl_6dof_ws/install/sixdof_arm_rl:/home/livia/ros2_ws/install/my_robot_bringup:/home/livia/ros2_ws/install/my_py_pkg:/home/livia/ros2_ws/install/actions_py:/home/livia/ros2_ws/install/my_robot_interfaces:/home/livia/ros2_ws/install/my_robot_description:/home/livia/ros2_ws/install/my_cpp_pkg:/home/livia/Documents/git/Catch-Them-All-Turtlesim-Project/Catch_Them_All_Turtlesim_Project_WS/install/turtlesim_catch_them_all:/home/livia/rl_6dof_ws/install/sixdof_arm_bringup:/home/livia/rl_6dof_ws/install/sixdof_arm_interfaces:/home/livia/rl_6dof_ws/install/sixdof_arm_description:/opt/ros/humble CMAKE_PREFIX_PATH=/home/livia/rl_6dof_ws/install/sixdof_arm_interfaces:/home/livia/rl_6dof_ws/install/sixdof_arm_description:/home/livia/ros2_ws/install/my_robot_bringup:/home/livia/ros2_ws/install/my_robot_interfaces:/home/livia/ros2_ws/install/my_robot_description:/home/livia/ros2_ws/install/my_cpp_pkg:/home/livia/rl_6dof_ws/install/sixdof_arm_bringup:/home/livia/ros2_ws/install/my_py_pkg:/home/livia/ros2_ws/install/actions_py:/home/livia/Documents/git/Catch-Them-All-Turtlesim-Project/Catch_Them_All_Turtlesim_Project_WS/install/turtlesim_catch_them_all:/home/livia/rl_6dof_ws/install/sixdof_arm_rl:/opt/ros/humble CONDA_PROMPT_MODIFIER=(rl_sixdof_env) LD_LIBRARY_PATH=/home/livia/rl_6dof_ws/install/sixdof_arm_interfaces/lib:/home/livia/ros2_ws/install/my_robot_interfaces/lib:/usr/lib/x86_64-linux-gnu/gazebo-11/plugins:/opt/ros/humble/opt/rviz_ogre_vendor/lib:/opt/ros/humble/lib/x86_64-linux-gnu:/opt/ros/humble/lib:/usr/share/gazebo/../../lib/x86_64-linux-gnu/gazebo-11/plugins:/usr/share/gazebo/../../lib/x86_64-linux-gnu/gazebo-11/plugins:/usr/share/gazebo/../../lib/x86_64-linux-gnu/gazebo-11/plugins PYTHONPATH=/home/livia/rl_6dof_ws/build/sixdof_arm_rl:/home/livia/rl_6dof_ws/install/sixdof_arm_rl/lib/python3.10/site-packages:/home/livia/ros2_ws/install/my_py_pkg/lib/python3.10/site-packages:/home/livia/ros2_ws/install/actions_py/lib/python3.10/site-packages:/home/livia/ros2_ws/install/my_robot_interfaces/lib/python3.10/site-packages:/home/livia/Documents/git/Catch-Them-All-Turtlesim-Project/Catch_Them_All_Turtlesim_Project_WS/install/turtlesim_catch_them_all/lib/python3.10/site-packages:/home/livia/rl_6dof_ws/install/sixdof_arm_interfaces/local/lib/python3.10/dist-packages:/opt/ros/humble/lib/python3.10/site-packages:/opt/ros/humble/local/lib/python3.10/dist-packages /usr/bin/cmake --build /home/livia/rl_6dof_ws/build/sixdof_arm_bringup -- -j4 -l4
[3.140s] DEBUG:colcon.colcon_core.event_handler.log_command:Invoking command in '/home/livia/rl_6dof_ws/build/sixdof_arm_bringup': AMENT_PREFIX_PATH=/home/livia/rl_6dof_ws/install/sixdof_arm_rl:/home/livia/ros2_ws/install/my_robot_bringup:/home/livia/ros2_ws/install/my_py_pkg:/home/livia/ros2_ws/install/actions_py:/home/livia/ros2_ws/install/my_robot_interfaces:/home/livia/ros2_ws/install/my_robot_description:/home/livia/ros2_ws/install/my_cpp_pkg:/home/livia/Documents/git/Catch-Them-All-Turtlesim-Project/Catch_Them_All_Turtlesim_Project_WS/install/turtlesim_catch_them_all:/home/livia/rl_6dof_ws/install/sixdof_arm_bringup:/home/livia/rl_6dof_ws/install/sixdof_arm_interfaces:/home/livia/rl_6dof_ws/install/sixdof_arm_description:/opt/ros/humble CMAKE_PREFIX_PATH=/home/livia/rl_6dof_ws/install/sixdof_arm_interfaces:/home/livia/rl_6dof_ws/install/sixdof_arm_description:/home/livia/ros2_ws/install/my_robot_bringup:/home/livia/ros2_ws/install/my_robot_interfaces:/home/livia/ros2_ws/install/my_robot_description:/home/livia/ros2_ws/install/my_cpp_pkg:/home/livia/rl_6dof_ws/install/sixdof_arm_bringup:/home/livia/ros2_ws/install/my_py_pkg:/home/livia/ros2_ws/install/actions_py:/home/livia/Documents/git/Catch-Them-All-Turtlesim-Project/Catch_Them_All_Turtlesim_Project_WS/install/turtlesim_catch_them_all:/home/livia/rl_6dof_ws/install/sixdof_arm_rl:/opt/ros/humble CONDA_PROMPT_MODIFIER=(rl_sixdof_env) LD_LIBRARY_PATH=/home/livia/rl_6dof_ws/install/sixdof_arm_interfaces/lib:/home/livia/ros2_ws/install/my_robot_interfaces/lib:/usr/lib/x86_64-linux-gnu/gazebo-11/plugins:/opt/ros/humble/opt/rviz_ogre_vendor/lib:/opt/ros/humble/lib/x86_64-linux-gnu:/opt/ros/humble/lib:/usr/share/gazebo/../../lib/x86_64-linux-gnu/gazebo-11/plugins:/usr/share/gazebo/../../lib/x86_64-linux-gnu/gazebo-11/plugins:/usr/share/gazebo/../../lib/x86_64-linux-gnu/gazebo-11/plugins PYTHONPATH=/home/livia/rl_6dof_ws/build/sixdof_arm_rl:/home/livia/rl_6dof_ws/install/sixdof_arm_rl/lib/python3.10/site-packages:/home/livia/ros2_ws/install/my_py_pkg/lib/python3.10/site-packages:/home/livia/ros2_ws/install/actions_py/lib/python3.10/site-packages:/home/livia/ros2_ws/install/my_robot_interfaces/lib/python3.10/site-packages:/home/livia/Documents/git/Catch-Them-All-Turtlesim-Project/Catch_Them_All_Turtlesim_Project_WS/install/turtlesim_catch_them_all/lib/python3.10/site-packages:/home/livia/rl_6dof_ws/install/sixdof_arm_interfaces/local/lib/python3.10/dist-packages:/opt/ros/humble/lib/python3.10/site-packages:/opt/ros/humble/local/lib/python3.10/dist-packages /usr/bin/cmake --install /home/livia/rl_6dof_ws/build/sixdof_arm_bringup
[3.168s] Level 1:colcon.colcon_core.environment:create_environment_scripts_only(sixdof_arm_bringup)
[3.169s] Level 1:colcon.colcon_core.environment:checking '/home/livia/rl_6dof_ws/install/sixdof_arm_bringup' for CMake module files
[3.171s] DEBUG:colcon.colcon_core.event_handler.log_command:Invoked command in '/home/livia/rl_6dof_ws/build/sixdof_arm_bringup' returned '0': AMENT_PREFIX_PATH=/home/livia/rl_6dof_ws/install/sixdof_arm_rl:/home/livia/ros2_ws/install/my_robot_bringup:/home/livia/ros2_ws/install/my_py_pkg:/home/livia/ros2_ws/install/actions_py:/home/livia/ros2_ws/install/my_robot_interfaces:/home/livia/ros2_ws/install/my_robot_description:/home/livia/ros2_ws/install/my_cpp_pkg:/home/livia/Documents/git/Catch-Them-All-Turtlesim-Project/Catch_Them_All_Turtlesim_Project_WS/install/turtlesim_catch_them_all:/home/livia/rl_6dof_ws/install/sixdof_arm_bringup:/home/livia/rl_6dof_ws/install/sixdof_arm_interfaces:/home/livia/rl_6dof_ws/install/sixdof_arm_description:/opt/ros/humble CMAKE_PREFIX_PATH=/home/livia/rl_6dof_ws/install/sixdof_arm_interfaces:/home/livia/rl_6dof_ws/install/sixdof_arm_description:/home/livia/ros2_ws/install/my_robot_bringup:/home/livia/ros2_ws/install/my_robot_interfaces:/home/livia/ros2_ws/install/my_robot_description:/home/livia/ros2_ws/install/my_cpp_pkg:/home/livia/rl_6dof_ws/install/sixdof_arm_bringup:/home/livia/ros2_ws/install/my_py_pkg:/home/livia/ros2_ws/install/actions_py:/home/livia/Documents/git/Catch-Them-All-Turtlesim-Project/Catch_Them_All_Turtlesim_Project_WS/install/turtlesim_catch_them_all:/home/livia/rl_6dof_ws/install/sixdof_arm_rl:/opt/ros/humble CONDA_PROMPT_MODIFIER=(rl_sixdof_env) LD_LIBRARY_PATH=/home/livia/rl_6dof_ws/install/sixdof_arm_interfaces/lib:/home/livia/ros2_ws/install/my_robot_interfaces/lib:/usr/lib/x86_64-linux-gnu/gazebo-11/plugins:/opt/ros/humble/opt/rviz_ogre_vendor/lib:/opt/ros/humble/lib/x86_64-linux-gnu:/opt/ros/humble/lib:/usr/share/gazebo/../../lib/x86_64-linux-gnu/gazebo-11/plugins:/usr/share/gazebo/../../lib/x86_64-linux-gnu/gazebo-11/plugins:/usr/share/gazebo/../../lib/x86_64-linux-gnu/gazebo-11/plugins PYTHONPATH=/home/livia/rl_6dof_ws/build/sixdof_arm_rl:/home/livia/rl_6dof_ws/install/sixdof_arm_rl/lib/python3.10/site-packages:/home/livia/ros2_ws/install/my_py_pkg/lib/python3.10/site-packages:/home/livia/ros2_ws/install/actions_py/lib/python3.10/site-packages:/home/livia/ros2_ws/install/my_robot_interfaces/lib/python3.10/site-packages:/home/livia/Documents/git/Catch-Them-All-Turtlesim-Project/Catch_Them_All_Turtlesim_Project_WS/install/turtlesim_catch_them_all/lib/python3.10/site-packages:/home/livia/rl_6dof_ws/install/sixdof_arm_interfaces/local/lib/python3.10/dist-packages:/opt/ros/humble/lib/python3.10/site-packages:/opt/ros/humble/local/lib/python3.10/dist-packages /usr/bin/cmake --install /home/livia/rl_6dof_ws/build/sixdof_arm_bringup
[3.171s] Level 1:colcon.colcon_core.environment:checking '/home/livia/rl_6dof_ws/install/sixdof_arm_bringup' for CMake config files
[3.172s] Level 1:colcon.colcon_core.shell:create_environment_hook('sixdof_arm_bringup', 'cmake_prefix_path')
[3.172s] INFO:colcon.colcon_core.shell:Creating environment hook '/home/livia/rl_6dof_ws/install/sixdof_arm_bringup/share/sixdof_arm_bringup/hook/cmake_prefix_path.ps1'
[3.173s] INFO:colcon.colcon_core.shell:Creating environment descriptor '/home/livia/rl_6dof_ws/install/sixdof_arm_bringup/share/sixdof_arm_bringup/hook/cmake_prefix_path.dsv'
[3.174s] INFO:colcon.colcon_core.shell:Creating environment hook '/home/livia/rl_6dof_ws/install/sixdof_arm_bringup/share/sixdof_arm_bringup/hook/cmake_prefix_path.sh'
[3.174s] Level 1:colcon.colcon_core.environment:checking '/home/livia/rl_6dof_ws/install/sixdof_arm_bringup/bin'
[3.175s] Level 1:colcon.colcon_core.environment:checking '/home/livia/rl_6dof_ws/install/sixdof_arm_bringup/lib/pkgconfig/sixdof_arm_bringup.pc'
[3.175s] Level 1:colcon.colcon_core.environment:checking '/home/livia/rl_6dof_ws/install/sixdof_arm_bringup/lib/python3.10/site-packages'
[3.175s] Level 1:colcon.colcon_core.environment:checking '/home/livia/rl_6dof_ws/install/sixdof_arm_bringup/bin'
[3.176s] INFO:colcon.colcon_core.shell:Creating package script '/home/livia/rl_6dof_ws/install/sixdof_arm_bringup/share/sixdof_arm_bringup/package.ps1'
[3.176s] INFO:colcon.colcon_core.shell:Creating package descriptor '/home/livia/rl_6dof_ws/install/sixdof_arm_bringup/share/sixdof_arm_bringup/package.dsv'
[3.177s] INFO:colcon.colcon_core.shell:Creating package script '/home/livia/rl_6dof_ws/install/sixdof_arm_bringup/share/sixdof_arm_bringup/package.sh'
[3.178s] INFO:colcon.colcon_core.shell:Creating package script '/home/livia/rl_6dof_ws/install/sixdof_arm_bringup/share/sixdof_arm_bringup/package.bash'
[3.178s] INFO:colcon.colcon_core.shell:Creating package script '/home/livia/rl_6dof_ws/install/sixdof_arm_bringup/share/sixdof_arm_bringup/package.zsh'
[3.179s] Level 1:colcon.colcon_core.environment:create_file_with_runtime_dependencies(/home/livia/rl_6dof_ws/install/sixdof_arm_bringup/share/colcon-core/packages/sixdof_arm_bringup)
[3.179s] Level 1:colcon.colcon_core.environment:create_environment_scripts_only(sixdof_arm_bringup)
[3.180s] Level 1:colcon.colcon_core.environment:checking '/home/livia/rl_6dof_ws/install/sixdof_arm_bringup' for CMake module files
[3.182s] Level 1:colcon.colcon_core.environment:checking '/home/livia/rl_6dof_ws/install/sixdof_arm_bringup' for CMake config files
[3.183s] Level 1:colcon.colcon_core.shell:create_environment_hook('sixdof_arm_bringup', 'cmake_prefix_path')
[3.183s] INFO:colcon.colcon_core.shell:Creating environment hook '/home/livia/rl_6dof_ws/install/sixdof_arm_bringup/share/sixdof_arm_bringup/hook/cmake_prefix_path.ps1'
[3.184s] INFO:colcon.colcon_core.shell:Creating environment descriptor '/home/livia/rl_6dof_ws/install/sixdof_arm_bringup/share/sixdof_arm_bringup/hook/cmake_prefix_path.dsv'
[3.185s] INFO:colcon.colcon_core.shell:Creating environment hook '/home/livia/rl_6dof_ws/install/sixdof_arm_bringup/share/sixdof_arm_bringup/hook/cmake_prefix_path.sh'
[3.186s] Level 1:colcon.colcon_core.environment:checking '/home/livia/rl_6dof_ws/install/sixdof_arm_bringup/bin'
[3.187s] Level 1:colcon.colcon_core.environment:checking '/home/livia/rl_6dof_ws/install/sixdof_arm_bringup/lib/pkgconfig/sixdof_arm_bringup.pc'
[3.187s] Level 1:colcon.colcon_core.environment:checking '/home/livia/rl_6dof_ws/install/sixdof_arm_bringup/lib/python3.10/site-packages'
[3.187s] Level 1:colcon.colcon_core.environment:checking '/home/livia/rl_6dof_ws/install/sixdof_arm_bringup/bin'
[3.187s] INFO:colcon.colcon_core.shell:Creating package script '/home/livia/rl_6dof_ws/install/sixdof_arm_bringup/share/sixdof_arm_bringup/package.ps1'
[3.188s] INFO:colcon.colcon_core.shell:Creating package descriptor '/home/livia/rl_6dof_ws/install/sixdof_arm_bringup/share/sixdof_arm_bringup/package.dsv'
[3.189s] INFO:colcon.colcon_core.shell:Creating package script '/home/livia/rl_6dof_ws/install/sixdof_arm_bringup/share/sixdof_arm_bringup/package.sh'
[3.190s] INFO:colcon.colcon_core.shell:Creating package script '/home/livia/rl_6dof_ws/install/sixdof_arm_bringup/share/sixdof_arm_bringup/package.bash'
[3.190s] INFO:colcon.colcon_core.shell:Creating package script '/home/livia/rl_6dof_ws/install/sixdof_arm_bringup/share/sixdof_arm_bringup/package.zsh'
[3.191s] Level 1:colcon.colcon_core.environment:create_file_with_runtime_dependencies(/home/livia/rl_6dof_ws/install/sixdof_arm_bringup/share/colcon-core/packages/sixdof_arm_bringup)
[3.191s] DEBUG:colcon.colcon_parallel_executor.executor.parallel:closing loop
[3.191s] DEBUG:colcon.colcon_parallel_executor.executor.parallel:loop closed
[3.191s] DEBUG:colcon.colcon_parallel_executor.executor.parallel:run_until_complete finished with '0'
[3.192s] DEBUG:colcon.colcon_core.event_reactor:joining thread
[3.197s] INFO:colcon.colcon_core.plugin_system:Skipping extension 'colcon_notification.desktop_notification.notify2': 'notify2' not found
[3.198s] INFO:colcon.colcon_core.plugin_system:Skipping extension 'colcon_notification.desktop_notification.terminal_notifier': Not used on non-Darwin systems
[3.198s] INFO:colcon.colcon_core.plugin_system:Skipping extension 'colcon_notification.desktop_notification.win32': Not used on non-Windows systems
[3.198s] INFO:colcon.colcon_notification.desktop_notification:Sending desktop notification using 'notify_send'
[3.223s] DEBUG:colcon.colcon_core.event_reactor:joined thread
[3.223s] INFO:colcon.colcon_core.shell:Creating prefix script '/home/livia/rl_6dof_ws/install/local_setup.ps1'
[3.225s] INFO:colcon.colcon_core.shell:Creating prefix util module '/home/livia/rl_6dof_ws/install/_local_setup_util_ps1.py'
[3.231s] INFO:colcon.colcon_core.shell:Creating prefix chain script '/home/livia/rl_6dof_ws/install/setup.ps1'
[3.233s] INFO:colcon.colcon_core.shell:Creating prefix script '/home/livia/rl_6dof_ws/install/local_setup.sh'
[3.235s] INFO:colcon.colcon_core.shell:Creating prefix util module '/home/livia/rl_6dof_ws/install/_local_setup_util_sh.py'
[3.236s] INFO:colcon.colcon_core.shell:Creating prefix chain script '/home/livia/rl_6dof_ws/install/setup.sh'
[3.238s] INFO:colcon.colcon_core.shell:Creating prefix script '/home/livia/rl_6dof_ws/install/local_setup.bash'
[3.240s] INFO:colcon.colcon_core.shell:Creating prefix chain script '/home/livia/rl_6dof_ws/install/setup.bash'
[3.242s] INFO:colcon.colcon_core.shell:Creating prefix script '/home/livia/rl_6dof_ws/install/local_setup.zsh'
[3.243s] INFO:colcon.colcon_core.shell:Creating prefix chain script '/home/livia/rl_6dof_ws/install/setup.zsh'
