[1.093s] Invoking command in '/home/livia/rl_6dof_ws/build/6dof_arm_rl': CONDA_PROMPT_MODIFIER=(base) PYTHONPATH=/home/livia/rl_6dof_ws/build/6dof_arm_rl/prefix_override:/usr/lib/python3/dist-packages/colcon_core/task/python/colcon_distutils_commands:/home/livia/rl_6dof_ws/install/6dof_arm_rl/lib/python3.10/site-packages:${PYTHONPATH} /usr/bin/python3 -W ignore:setup.py install is deprecated -W ignore:easy_install command is deprecated setup.py develop --uninstall --editable --build-directory /home/livia/rl_6dof_ws/build/6dof_arm_rl/build
[1.591s] running develop
[1.934s] Removing /home/livia/rl_6dof_ws/install/6dof_arm_rl/lib/python3.10/site-packages/6dof-arm-rl.egg-link (link to .)
[1.975s] Invoked command in '/home/livia/rl_6dof_ws/build/6dof_arm_rl' returned '0': CONDA_PROMPT_MODIFIER=(base) PYTHONPATH=/home/livia/rl_6dof_ws/build/6dof_arm_rl/prefix_override:/usr/lib/python3/dist-packages/colcon_core/task/python/colcon_distutils_commands:/home/livia/rl_6dof_ws/install/6dof_arm_rl/lib/python3.10/site-packages:${PYTHONPATH} /usr/bin/python3 -W ignore:setup.py install is deprecated -W ignore:easy_install command is deprecated setup.py develop --uninstall --editable --build-directory /home/livia/rl_6dof_ws/build/6dof_arm_rl/build
[1.977s] Invoking command in '/home/livia/rl_6dof_ws/src/6dof_arm_rl': CONDA_PROMPT_MODIFIER=(base) PYTHONPATH=/home/livia/rl_6dof_ws/build/6dof_arm_rl/prefix_override:/usr/lib/python3/dist-packages/colcon_core/task/python/colcon_distutils_commands:/home/livia/rl_6dof_ws/install/6dof_arm_rl/lib/python3.10/site-packages:${PYTHONPATH} /usr/bin/python3 -W ignore:setup.py install is deprecated -W ignore:easy_install command is deprecated setup.py egg_info --egg-base ../../build/6dof_arm_rl build --build-base /home/livia/rl_6dof_ws/build/6dof_arm_rl/build install --record /home/livia/rl_6dof_ws/build/6dof_arm_rl/install.log --single-version-externally-managed install_data --force
[2.323s] running egg_info
[2.324s] writing ../../build/6dof_arm_rl/6dof_arm_rl.egg-info/PKG-INFO
[2.324s] writing dependency_links to ../../build/6dof_arm_rl/6dof_arm_rl.egg-info/dependency_links.txt
[2.324s] writing entry points to ../../build/6dof_arm_rl/6dof_arm_rl.egg-info/entry_points.txt
[2.324s] writing requirements to ../../build/6dof_arm_rl/6dof_arm_rl.egg-info/requires.txt
[2.325s] writing top-level names to ../../build/6dof_arm_rl/6dof_arm_rl.egg-info/top_level.txt
[2.327s] reading manifest file '../../build/6dof_arm_rl/6dof_arm_rl.egg-info/SOURCES.txt'
[2.328s] writing manifest file '../../build/6dof_arm_rl/6dof_arm_rl.egg-info/SOURCES.txt'
[2.328s] running build
[2.328s] running build_py
[2.329s] creating /home/livia/rl_6dof_ws/build/6dof_arm_rl/build
[2.329s] creating /home/livia/rl_6dof_ws/build/6dof_arm_rl/build/lib
[2.329s] creating /home/livia/rl_6dof_ws/build/6dof_arm_rl/build/lib/6dof_arm_rl
[2.329s] copying 6dof_arm_rl/__init__.py -> /home/livia/rl_6dof_ws/build/6dof_arm_rl/build/lib/6dof_arm_rl
[2.329s] running install
[2.329s] running install_lib
[2.331s] creating /home/livia/rl_6dof_ws/install/6dof_arm_rl/lib/python3.10/site-packages/6dof_arm_rl
[2.331s] copying /home/livia/rl_6dof_ws/build/6dof_arm_rl/build/lib/6dof_arm_rl/__init__.py -> /home/livia/rl_6dof_ws/install/6dof_arm_rl/lib/python3.10/site-packages/6dof_arm_rl
[2.334s] byte-compiling /home/livia/rl_6dof_ws/install/6dof_arm_rl/lib/python3.10/site-packages/6dof_arm_rl/__init__.py to __init__.cpython-310.pyc
[2.335s] running install_data
[2.335s] copying resource/6dof_arm_rl -> /home/livia/rl_6dof_ws/install/6dof_arm_rl/share/ament_index/resource_index/packages
[2.335s] copying package.xml -> /home/livia/rl_6dof_ws/install/6dof_arm_rl/share/6dof_arm_rl
[2.336s] running install_egg_info
[2.338s] Copying ../../build/6dof_arm_rl/6dof_arm_rl.egg-info to /home/livia/rl_6dof_ws/install/6dof_arm_rl/lib/python3.10/site-packages/6dof_arm_rl-0.0.0-py3.10.egg-info
[2.339s] running install_scripts
[2.364s] writing list of installed files to '/home/livia/rl_6dof_ws/build/6dof_arm_rl/install.log'
[2.402s] Invoked command in '/home/livia/rl_6dof_ws/src/6dof_arm_rl' returned '0': CONDA_PROMPT_MODIFIER=(base) PYTHONPATH=/home/livia/rl_6dof_ws/build/6dof_arm_rl/prefix_override:/usr/lib/python3/dist-packages/colcon_core/task/python/colcon_distutils_commands:/home/livia/rl_6dof_ws/install/6dof_arm_rl/lib/python3.10/site-packages:${PYTHONPATH} /usr/bin/python3 -W ignore:setup.py install is deprecated -W ignore:easy_install command is deprecated setup.py egg_info --egg-base ../../build/6dof_arm_rl build --build-base /home/livia/rl_6dof_ws/build/6dof_arm_rl/build install --record /home/livia/rl_6dof_ws/build/6dof_arm_rl/install.log --single-version-externally-managed install_data --force
