[0.022s] Invoking command in '/home/livia/rl_6dof_ws/build/sixdof_arm_interfaces': CMAKE_PREFIX_PATH=${CMAKE_PREFIX_PATH}:/home/livia/ros2_ws/install/my_py_pkg:/home/livia/ros2_ws/install/actions_py:/home/livia/Documents/git/Catch-Them-All-Turtlesim-Project/Catch_Them_All_Turtlesim_Project_WS/install/turtlesim_catch_them_all:/home/livia/rl_6dof_ws/install/sixdof_arm_rl:/opt/ros/humble CONDA_PROMPT_MODIFIER=(base) /usr/bin/cmake --build /home/livia/rl_6dof_ws/build/sixdof_arm_interfaces -- -j4 -l4
[0.163s] [  2%] Built target sixdof_arm_interfaces__cpp
[0.172s] [  2%] Built target ament_cmake_python_symlink_sixdof_arm_interfaces
[0.187s] [ 12%] Built target sixdof_arm_interfaces__rosidl_generator_c
[0.229s] [ 38%] Built target sixdof_arm_interfaces__rosidl_typesupport_cpp
[0.229s] [ 41%] Built target sixdof_arm_interfaces__rosidl_typesupport_introspection_cpp
[0.230s] [ 43%] Built target sixdof_arm_interfaces__rosidl_typesupport_fastrtps_cpp
[0.278s] [ 53%] Built target sixdof_arm_interfaces__rosidl_typesupport_c
[0.278s] [ 64%] Built target sixdof_arm_interfaces__rosidl_typesupport_fastrtps_c
[0.279s] [ 74%] Built target sixdof_arm_interfaces__rosidl_typesupport_introspection_c
[0.304s] [ 74%] Built target sixdof_arm_interfaces
[0.332s] [ 76%] Built target sixdof_arm_interfaces__py
[0.376s] [ 84%] Built target sixdof_arm_interfaces__rosidl_generator_py
[0.416s] [ 89%] Built target sixdof_arm_interfaces__rosidl_typesupport_introspection_c__pyext
[0.417s] [100%] Built target sixdof_arm_interfaces__rosidl_typesupport_c__pyext
[0.417s] [100%] Built target sixdof_arm_interfaces__rosidl_typesupport_fastrtps_c__pyext
[0.985s] running egg_info
[1.006s] writing sixdof_arm_interfaces.egg-info/PKG-INFO
[1.006s] writing dependency_links to sixdof_arm_interfaces.egg-info/dependency_links.txt
[1.006s] writing top-level names to sixdof_arm_interfaces.egg-info/top_level.txt
[1.069s] reading manifest file 'sixdof_arm_interfaces.egg-info/SOURCES.txt'
[1.070s] writing manifest file 'sixdof_arm_interfaces.egg-info/SOURCES.txt'
[1.098s] [100%] Built target ament_cmake_python_build_sixdof_arm_interfaces_egg
[1.111s] Invoked command in '/home/livia/rl_6dof_ws/build/sixdof_arm_interfaces' returned '0': CMAKE_PREFIX_PATH=${CMAKE_PREFIX_PATH}:/home/livia/ros2_ws/install/my_py_pkg:/home/livia/ros2_ws/install/actions_py:/home/livia/Documents/git/Catch-Them-All-Turtlesim-Project/Catch_Them_All_Turtlesim_Project_WS/install/turtlesim_catch_them_all:/home/livia/rl_6dof_ws/install/sixdof_arm_rl:/opt/ros/humble CONDA_PROMPT_MODIFIER=(base) /usr/bin/cmake --build /home/livia/rl_6dof_ws/build/sixdof_arm_interfaces -- -j4 -l4
[1.113s] Invoking command in '/home/livia/rl_6dof_ws/build/sixdof_arm_interfaces': CMAKE_PREFIX_PATH=${CMAKE_PREFIX_PATH}:/home/livia/ros2_ws/install/my_py_pkg:/home/livia/ros2_ws/install/actions_py:/home/livia/Documents/git/Catch-Them-All-Turtlesim-Project/Catch_Them_All_Turtlesim_Project_WS/install/turtlesim_catch_them_all:/home/livia/rl_6dof_ws/install/sixdof_arm_rl:/opt/ros/humble CONDA_PROMPT_MODIFIER=(base) /usr/bin/cmake --install /home/livia/rl_6dof_ws/build/sixdof_arm_interfaces
[1.122s] -- Install configuration: ""
[1.123s] -- Execute custom install script
[1.123s] -- Up-to-date symlink: /home/livia/rl_6dof_ws/install/sixdof_arm_interfaces/share/ament_index/resource_index/rosidl_interfaces/sixdof_arm_interfaces
[1.125s] -- Up-to-date symlink: /home/livia/rl_6dof_ws/install/sixdof_arm_interfaces/include/sixdof_arm_interfaces/sixdof_arm_interfaces/action/detail/move_six_dof_arm__functions.h
[1.125s] -- Up-to-date symlink: /home/livia/rl_6dof_ws/install/sixdof_arm_interfaces/include/sixdof_arm_interfaces/sixdof_arm_interfaces/action/detail/move_six_dof_arm__struct.h
[1.126s] -- Up-to-date symlink: /home/livia/rl_6dof_ws/install/sixdof_arm_interfaces/include/sixdof_arm_interfaces/sixdof_arm_interfaces/action/detail/move_six_dof_arm__type_support.h
[1.126s] -- Up-to-date symlink: /home/livia/rl_6dof_ws/install/sixdof_arm_interfaces/include/sixdof_arm_interfaces/sixdof_arm_interfaces/action/move_six_dof_arm.h
[1.127s] -- Up-to-date symlink: /home/livia/rl_6dof_ws/install/sixdof_arm_interfaces/include/sixdof_arm_interfaces/sixdof_arm_interfaces/msg/rosidl_generator_c__visibility_control.h
[1.128s] -- Up-to-date symlink: /home/livia/rl_6dof_ws/install/sixdof_arm_interfaces/include/sixdof_arm_interfaces/sixdof_arm_interfaces/srv/detail/reset_arm__functions.h
[1.128s] -- Up-to-date symlink: /home/livia/rl_6dof_ws/install/sixdof_arm_interfaces/include/sixdof_arm_interfaces/sixdof_arm_interfaces/srv/detail/reset_arm__struct.h
[1.129s] -- Up-to-date symlink: /home/livia/rl_6dof_ws/install/sixdof_arm_interfaces/include/sixdof_arm_interfaces/sixdof_arm_interfaces/srv/detail/reset_arm__type_support.h
[1.130s] -- Up-to-date symlink: /home/livia/rl_6dof_ws/install/sixdof_arm_interfaces/include/sixdof_arm_interfaces/sixdof_arm_interfaces/srv/reset_arm.h
[1.130s] -- Up-to-date symlink: /home/livia/rl_6dof_ws/install/sixdof_arm_interfaces/share/sixdof_arm_interfaces/environment/library_path.sh
[1.130s] -- Up-to-date symlink: /home/livia/rl_6dof_ws/install/sixdof_arm_interfaces/share/sixdof_arm_interfaces/environment/library_path.dsv
[1.131s] -- Up-to-date symlink: /home/livia/rl_6dof_ws/install/sixdof_arm_interfaces/include/sixdof_arm_interfaces/sixdof_arm_interfaces/action/detail/move_six_dof_arm__rosidl_typesupport_fastrtps_c.h
[1.132s] -- Up-to-date symlink: /home/livia/rl_6dof_ws/install/sixdof_arm_interfaces/include/sixdof_arm_interfaces/sixdof_arm_interfaces/msg/rosidl_typesupport_fastrtps_c__visibility_control.h
[1.132s] -- Up-to-date symlink: /home/livia/rl_6dof_ws/install/sixdof_arm_interfaces/include/sixdof_arm_interfaces/sixdof_arm_interfaces/srv/detail/reset_arm__rosidl_typesupport_fastrtps_c.h
[1.133s] -- Up-to-date symlink: /home/livia/rl_6dof_ws/install/sixdof_arm_interfaces/include/sixdof_arm_interfaces/sixdof_arm_interfaces/action/detail/move_six_dof_arm__rosidl_typesupport_introspection_c.h
[1.133s] -- Up-to-date symlink: /home/livia/rl_6dof_ws/install/sixdof_arm_interfaces/include/sixdof_arm_interfaces/sixdof_arm_interfaces/msg/rosidl_typesupport_introspection_c__visibility_control.h
[1.134s] -- Up-to-date symlink: /home/livia/rl_6dof_ws/install/sixdof_arm_interfaces/include/sixdof_arm_interfaces/sixdof_arm_interfaces/srv/detail/reset_arm__rosidl_typesupport_introspection_c.h
[1.135s] -- Up-to-date symlink: /home/livia/rl_6dof_ws/install/sixdof_arm_interfaces/include/sixdof_arm_interfaces/sixdof_arm_interfaces/action/detail/move_six_dof_arm__builder.hpp
[1.136s] -- Up-to-date symlink: /home/livia/rl_6dof_ws/install/sixdof_arm_interfaces/include/sixdof_arm_interfaces/sixdof_arm_interfaces/action/detail/move_six_dof_arm__struct.hpp
[1.136s] -- Up-to-date symlink: /home/livia/rl_6dof_ws/install/sixdof_arm_interfaces/include/sixdof_arm_interfaces/sixdof_arm_interfaces/action/detail/move_six_dof_arm__traits.hpp
[1.136s] -- Up-to-date symlink: /home/livia/rl_6dof_ws/install/sixdof_arm_interfaces/include/sixdof_arm_interfaces/sixdof_arm_interfaces/action/detail/move_six_dof_arm__type_support.hpp
[1.137s] -- Up-to-date symlink: /home/livia/rl_6dof_ws/install/sixdof_arm_interfaces/include/sixdof_arm_interfaces/sixdof_arm_interfaces/action/move_six_dof_arm.hpp
[1.137s] -- Up-to-date symlink: /home/livia/rl_6dof_ws/install/sixdof_arm_interfaces/include/sixdof_arm_interfaces/sixdof_arm_interfaces/msg/rosidl_generator_cpp__visibility_control.hpp
[1.137s] -- Up-to-date symlink: /home/livia/rl_6dof_ws/install/sixdof_arm_interfaces/include/sixdof_arm_interfaces/sixdof_arm_interfaces/srv/detail/reset_arm__builder.hpp
[1.138s] -- Up-to-date symlink: /home/livia/rl_6dof_ws/install/sixdof_arm_interfaces/include/sixdof_arm_interfaces/sixdof_arm_interfaces/srv/detail/reset_arm__struct.hpp
[1.138s] -- Up-to-date symlink: /home/livia/rl_6dof_ws/install/sixdof_arm_interfaces/include/sixdof_arm_interfaces/sixdof_arm_interfaces/srv/detail/reset_arm__traits.hpp
[1.139s] -- Up-to-date symlink: /home/livia/rl_6dof_ws/install/sixdof_arm_interfaces/include/sixdof_arm_interfaces/sixdof_arm_interfaces/srv/detail/reset_arm__type_support.hpp
[1.139s] -- Up-to-date symlink: /home/livia/rl_6dof_ws/install/sixdof_arm_interfaces/include/sixdof_arm_interfaces/sixdof_arm_interfaces/srv/reset_arm.hpp
[1.140s] -- Up-to-date symlink: /home/livia/rl_6dof_ws/install/sixdof_arm_interfaces/include/sixdof_arm_interfaces/sixdof_arm_interfaces/action/detail/move_six_dof_arm__rosidl_typesupport_fastrtps_cpp.hpp
[1.140s] -- Up-to-date symlink: /home/livia/rl_6dof_ws/install/sixdof_arm_interfaces/include/sixdof_arm_interfaces/sixdof_arm_interfaces/msg/rosidl_typesupport_fastrtps_cpp__visibility_control.h
[1.140s] -- Up-to-date symlink: /home/livia/rl_6dof_ws/install/sixdof_arm_interfaces/include/sixdof_arm_interfaces/sixdof_arm_interfaces/srv/detail/reset_arm__rosidl_typesupport_fastrtps_cpp.hpp
[1.141s] -- Up-to-date symlink: /home/livia/rl_6dof_ws/install/sixdof_arm_interfaces/include/sixdof_arm_interfaces/sixdof_arm_interfaces/action/detail/move_six_dof_arm__rosidl_typesupport_introspection_cpp.hpp
[1.142s] -- Up-to-date symlink: /home/livia/rl_6dof_ws/install/sixdof_arm_interfaces/include/sixdof_arm_interfaces/sixdof_arm_interfaces/srv/detail/reset_arm__rosidl_typesupport_introspection_cpp.hpp
[1.142s] -- Up-to-date symlink: /home/livia/rl_6dof_ws/install/sixdof_arm_interfaces/share/sixdof_arm_interfaces/environment/pythonpath.sh
[1.142s] -- Up-to-date symlink: /home/livia/rl_6dof_ws/install/sixdof_arm_interfaces/share/sixdof_arm_interfaces/environment/pythonpath.dsv
[1.143s] -- Up-to-date symlink: /home/livia/rl_6dof_ws/install/sixdof_arm_interfaces/local/lib/python3.10/dist-packages/sixdof_arm_interfaces-0.0.0-py3.10.egg-info/PKG-INFO
[1.143s] -- Up-to-date symlink: /home/livia/rl_6dof_ws/install/sixdof_arm_interfaces/local/lib/python3.10/dist-packages/sixdof_arm_interfaces-0.0.0-py3.10.egg-info/SOURCES.txt
[1.143s] -- Up-to-date symlink: /home/livia/rl_6dof_ws/install/sixdof_arm_interfaces/local/lib/python3.10/dist-packages/sixdof_arm_interfaces-0.0.0-py3.10.egg-info/dependency_links.txt
[1.144s] -- Up-to-date symlink: /home/livia/rl_6dof_ws/install/sixdof_arm_interfaces/local/lib/python3.10/dist-packages/sixdof_arm_interfaces-0.0.0-py3.10.egg-info/top_level.txt
[1.145s] -- Up-to-date symlink: /home/livia/rl_6dof_ws/install/sixdof_arm_interfaces/local/lib/python3.10/dist-packages/sixdof_arm_interfaces/__init__.py
[1.145s] -- Up-to-date symlink: /home/livia/rl_6dof_ws/install/sixdof_arm_interfaces/local/lib/python3.10/dist-packages/sixdof_arm_interfaces/_sixdof_arm_interfaces_s.ep.rosidl_typesupport_c.c
[1.146s] -- Up-to-date symlink: /home/livia/rl_6dof_ws/install/sixdof_arm_interfaces/local/lib/python3.10/dist-packages/sixdof_arm_interfaces/_sixdof_arm_interfaces_s.ep.rosidl_typesupport_fastrtps_c.c
[1.146s] -- Up-to-date symlink: /home/livia/rl_6dof_ws/install/sixdof_arm_interfaces/local/lib/python3.10/dist-packages/sixdof_arm_interfaces/_sixdof_arm_interfaces_s.ep.rosidl_typesupport_introspection_c.c
[1.147s] -- Up-to-date symlink: /home/livia/rl_6dof_ws/install/sixdof_arm_interfaces/local/lib/python3.10/dist-packages/sixdof_arm_interfaces/action/__init__.py
[1.147s] -- Up-to-date symlink: /home/livia/rl_6dof_ws/install/sixdof_arm_interfaces/local/lib/python3.10/dist-packages/sixdof_arm_interfaces/action/_move_six_dof_arm.py
[1.147s] -- Up-to-date symlink: /home/livia/rl_6dof_ws/install/sixdof_arm_interfaces/local/lib/python3.10/dist-packages/sixdof_arm_interfaces/action/_move_six_dof_arm_s.c
[1.148s] -- Up-to-date symlink: /home/livia/rl_6dof_ws/install/sixdof_arm_interfaces/local/lib/python3.10/dist-packages/sixdof_arm_interfaces/libsixdof_arm_interfaces__rosidl_generator_py.so
[1.148s] -- Up-to-date symlink: /home/livia/rl_6dof_ws/install/sixdof_arm_interfaces/local/lib/python3.10/dist-packages/sixdof_arm_interfaces/sixdof_arm_interfaces_s__rosidl_typesupport_c.cpython-310-x86_64-linux-gnu.so
[1.148s] -- Up-to-date symlink: /home/livia/rl_6dof_ws/install/sixdof_arm_interfaces/local/lib/python3.10/dist-packages/sixdof_arm_interfaces/sixdof_arm_interfaces_s__rosidl_typesupport_fastrtps_c.cpython-310-x86_64-linux-gnu.so
[1.149s] -- Up-to-date symlink: /home/livia/rl_6dof_ws/install/sixdof_arm_interfaces/local/lib/python3.10/dist-packages/sixdof_arm_interfaces/sixdof_arm_interfaces_s__rosidl_typesupport_introspection_c.cpython-310-x86_64-linux-gnu.so
[1.149s] -- Up-to-date symlink: /home/livia/rl_6dof_ws/install/sixdof_arm_interfaces/local/lib/python3.10/dist-packages/sixdof_arm_interfaces/srv/__init__.py
[1.150s] -- Up-to-date symlink: /home/livia/rl_6dof_ws/install/sixdof_arm_interfaces/local/lib/python3.10/dist-packages/sixdof_arm_interfaces/srv/_reset_arm.py
[1.150s] -- Up-to-date symlink: /home/livia/rl_6dof_ws/install/sixdof_arm_interfaces/local/lib/python3.10/dist-packages/sixdof_arm_interfaces/srv/_reset_arm_s.c
[1.151s] -- Up-to-date symlink: /home/livia/rl_6dof_ws/install/sixdof_arm_interfaces/local/lib/python3.10/dist-packages/sixdof_arm_interfaces/sixdof_arm_interfaces_s__rosidl_typesupport_fastrtps_c.cpython-310-x86_64-linux-gnu.so
[1.151s] -- Up-to-date symlink: /home/livia/rl_6dof_ws/install/sixdof_arm_interfaces/local/lib/python3.10/dist-packages/sixdof_arm_interfaces/sixdof_arm_interfaces_s__rosidl_typesupport_introspection_c.cpython-310-x86_64-linux-gnu.so
[1.152s] -- Up-to-date symlink: /home/livia/rl_6dof_ws/install/sixdof_arm_interfaces/local/lib/python3.10/dist-packages/sixdof_arm_interfaces/sixdof_arm_interfaces_s__rosidl_typesupport_c.cpython-310-x86_64-linux-gnu.so
[1.153s] -- Up-to-date symlink: /home/livia/rl_6dof_ws/install/sixdof_arm_interfaces/share/sixdof_arm_interfaces/srv/ResetArm.idl
[1.154s] -- Up-to-date symlink: /home/livia/rl_6dof_ws/install/sixdof_arm_interfaces/share/sixdof_arm_interfaces/action/MoveSixDofArm.idl
[1.155s] -- Up-to-date symlink: /home/livia/rl_6dof_ws/install/sixdof_arm_interfaces/share/sixdof_arm_interfaces/srv/ResetArm.srv
[1.155s] -- Up-to-date symlink: /home/livia/rl_6dof_ws/install/sixdof_arm_interfaces/share/sixdof_arm_interfaces/srv/ResetArm_Request.msg
[1.156s] -- Up-to-date symlink: /home/livia/rl_6dof_ws/install/sixdof_arm_interfaces/share/sixdof_arm_interfaces/srv/ResetArm_Response.msg
[1.156s] -- Up-to-date symlink: /home/livia/rl_6dof_ws/install/sixdof_arm_interfaces/share/sixdof_arm_interfaces/action/MoveSixDofArm.action
[1.157s] -- Up-to-date symlink: /home/livia/rl_6dof_ws/install/sixdof_arm_interfaces/share/ament_index/resource_index/package_run_dependencies/sixdof_arm_interfaces
[1.157s] -- Up-to-date symlink: /home/livia/rl_6dof_ws/install/sixdof_arm_interfaces/share/ament_index/resource_index/parent_prefix_path/sixdof_arm_interfaces
[1.158s] -- Up-to-date symlink: /home/livia/rl_6dof_ws/install/sixdof_arm_interfaces/share/sixdof_arm_interfaces/environment/ament_prefix_path.sh
[1.158s] -- Up-to-date symlink: /home/livia/rl_6dof_ws/install/sixdof_arm_interfaces/share/sixdof_arm_interfaces/environment/ament_prefix_path.dsv
[1.158s] -- Up-to-date symlink: /home/livia/rl_6dof_ws/install/sixdof_arm_interfaces/share/sixdof_arm_interfaces/environment/path.sh
[1.159s] -- Up-to-date symlink: /home/livia/rl_6dof_ws/install/sixdof_arm_interfaces/share/sixdof_arm_interfaces/environment/path.dsv
[1.159s] -- Up-to-date symlink: /home/livia/rl_6dof_ws/install/sixdof_arm_interfaces/share/sixdof_arm_interfaces/local_setup.bash
[1.160s] -- Up-to-date symlink: /home/livia/rl_6dof_ws/install/sixdof_arm_interfaces/share/sixdof_arm_interfaces/local_setup.sh
[1.160s] -- Up-to-date symlink: /home/livia/rl_6dof_ws/install/sixdof_arm_interfaces/share/sixdof_arm_interfaces/local_setup.zsh
[1.160s] -- Up-to-date symlink: /home/livia/rl_6dof_ws/install/sixdof_arm_interfaces/share/sixdof_arm_interfaces/local_setup.dsv
[1.161s] -- Symlinking: /home/livia/rl_6dof_ws/install/sixdof_arm_interfaces/share/sixdof_arm_interfaces/package.dsv
[1.170s] -- Up-to-date symlink: /home/livia/rl_6dof_ws/install/sixdof_arm_interfaces/share/ament_index/resource_index/packages/sixdof_arm_interfaces
[1.170s] -- Up-to-date symlink: /home/livia/rl_6dof_ws/install/sixdof_arm_interfaces/share/sixdof_arm_interfaces/cmake/rosidl_cmake-extras.cmake
[1.171s] -- Up-to-date symlink: /home/livia/rl_6dof_ws/install/sixdof_arm_interfaces/share/sixdof_arm_interfaces/cmake/ament_cmake_export_dependencies-extras.cmake
[1.171s] -- Up-to-date symlink: /home/livia/rl_6dof_ws/install/sixdof_arm_interfaces/share/sixdof_arm_interfaces/cmake/ament_cmake_export_include_directories-extras.cmake
[1.172s] -- Up-to-date symlink: /home/livia/rl_6dof_ws/install/sixdof_arm_interfaces/share/sixdof_arm_interfaces/cmake/ament_cmake_export_libraries-extras.cmake
[1.172s] -- Up-to-date symlink: /home/livia/rl_6dof_ws/install/sixdof_arm_interfaces/share/sixdof_arm_interfaces/cmake/ament_cmake_export_targets-extras.cmake
[1.172s] -- Up-to-date symlink: /home/livia/rl_6dof_ws/install/sixdof_arm_interfaces/share/sixdof_arm_interfaces/cmake/rosidl_cmake_export_typesupport_targets-extras.cmake
[1.173s] -- Up-to-date symlink: /home/livia/rl_6dof_ws/install/sixdof_arm_interfaces/share/sixdof_arm_interfaces/cmake/rosidl_cmake_export_typesupport_libraries-extras.cmake
[1.173s] -- Up-to-date symlink: /home/livia/rl_6dof_ws/install/sixdof_arm_interfaces/share/sixdof_arm_interfaces/cmake/sixdof_arm_interfacesConfig.cmake
[1.174s] -- Up-to-date symlink: /home/livia/rl_6dof_ws/install/sixdof_arm_interfaces/share/sixdof_arm_interfaces/cmake/sixdof_arm_interfacesConfig-version.cmake
[1.174s] -- Up-to-date symlink: /home/livia/rl_6dof_ws/install/sixdof_arm_interfaces/share/sixdof_arm_interfaces/package.xml
[1.175s] -- Up-to-date: /home/livia/rl_6dof_ws/install/sixdof_arm_interfaces/lib/libsixdof_arm_interfaces__rosidl_generator_c.so
[1.177s] -- Up-to-date: /home/livia/rl_6dof_ws/install/sixdof_arm_interfaces/lib/libsixdof_arm_interfaces__rosidl_typesupport_fastrtps_c.so
[1.178s] -- Up-to-date: /home/livia/rl_6dof_ws/install/sixdof_arm_interfaces/lib/libsixdof_arm_interfaces__rosidl_typesupport_introspection_c.so
[1.179s] -- Up-to-date: /home/livia/rl_6dof_ws/install/sixdof_arm_interfaces/lib/libsixdof_arm_interfaces__rosidl_typesupport_c.so
[1.180s] -- Up-to-date: /home/livia/rl_6dof_ws/install/sixdof_arm_interfaces/lib/libsixdof_arm_interfaces__rosidl_typesupport_fastrtps_cpp.so
[1.181s] -- Up-to-date: /home/livia/rl_6dof_ws/install/sixdof_arm_interfaces/lib/libsixdof_arm_interfaces__rosidl_typesupport_introspection_cpp.so
[1.182s] -- Up-to-date: /home/livia/rl_6dof_ws/install/sixdof_arm_interfaces/lib/libsixdof_arm_interfaces__rosidl_typesupport_cpp.so
[1.300s] Listing '/home/livia/rl_6dof_ws/install/sixdof_arm_interfaces/local/lib/python3.10/dist-packages/sixdof_arm_interfaces'...
[1.300s] Listing '/home/livia/rl_6dof_ws/install/sixdof_arm_interfaces/local/lib/python3.10/dist-packages/sixdof_arm_interfaces/action'...
[1.300s] Listing '/home/livia/rl_6dof_ws/install/sixdof_arm_interfaces/local/lib/python3.10/dist-packages/sixdof_arm_interfaces/srv'...
[1.306s] -- Up-to-date: /home/livia/rl_6dof_ws/install/sixdof_arm_interfaces/lib/libsixdof_arm_interfaces__rosidl_generator_py.so
[1.307s] -- Up-to-date: /home/livia/rl_6dof_ws/install/sixdof_arm_interfaces/share/sixdof_arm_interfaces/cmake/export_sixdof_arm_interfaces__rosidl_generator_cExport.cmake
[1.307s] -- Up-to-date: /home/livia/rl_6dof_ws/install/sixdof_arm_interfaces/share/sixdof_arm_interfaces/cmake/export_sixdof_arm_interfaces__rosidl_generator_cExport-noconfig.cmake
[1.308s] -- Up-to-date: /home/livia/rl_6dof_ws/install/sixdof_arm_interfaces/share/sixdof_arm_interfaces/cmake/export_sixdof_arm_interfaces__rosidl_typesupport_fastrtps_cExport.cmake
[1.308s] -- Up-to-date: /home/livia/rl_6dof_ws/install/sixdof_arm_interfaces/share/sixdof_arm_interfaces/cmake/export_sixdof_arm_interfaces__rosidl_typesupport_fastrtps_cExport-noconfig.cmake
[1.309s] -- Up-to-date: /home/livia/rl_6dof_ws/install/sixdof_arm_interfaces/share/sixdof_arm_interfaces/cmake/sixdof_arm_interfaces__rosidl_typesupport_introspection_cExport.cmake
[1.309s] -- Up-to-date: /home/livia/rl_6dof_ws/install/sixdof_arm_interfaces/share/sixdof_arm_interfaces/cmake/sixdof_arm_interfaces__rosidl_typesupport_introspection_cExport-noconfig.cmake
[1.309s] -- Up-to-date: /home/livia/rl_6dof_ws/install/sixdof_arm_interfaces/share/sixdof_arm_interfaces/cmake/sixdof_arm_interfaces__rosidl_typesupport_cExport.cmake
[1.309s] -- Up-to-date: /home/livia/rl_6dof_ws/install/sixdof_arm_interfaces/share/sixdof_arm_interfaces/cmake/sixdof_arm_interfaces__rosidl_typesupport_cExport-noconfig.cmake
[1.310s] -- Up-to-date: /home/livia/rl_6dof_ws/install/sixdof_arm_interfaces/share/sixdof_arm_interfaces/cmake/export_sixdof_arm_interfaces__rosidl_generator_cppExport.cmake
[1.311s] -- Up-to-date: /home/livia/rl_6dof_ws/install/sixdof_arm_interfaces/share/sixdof_arm_interfaces/cmake/export_sixdof_arm_interfaces__rosidl_typesupport_fastrtps_cppExport.cmake
[1.311s] -- Up-to-date: /home/livia/rl_6dof_ws/install/sixdof_arm_interfaces/share/sixdof_arm_interfaces/cmake/export_sixdof_arm_interfaces__rosidl_typesupport_fastrtps_cppExport-noconfig.cmake
[1.311s] -- Up-to-date: /home/livia/rl_6dof_ws/install/sixdof_arm_interfaces/share/sixdof_arm_interfaces/cmake/sixdof_arm_interfaces__rosidl_typesupport_introspection_cppExport.cmake
[1.311s] -- Up-to-date: /home/livia/rl_6dof_ws/install/sixdof_arm_interfaces/share/sixdof_arm_interfaces/cmake/sixdof_arm_interfaces__rosidl_typesupport_introspection_cppExport-noconfig.cmake
[1.312s] -- Up-to-date: /home/livia/rl_6dof_ws/install/sixdof_arm_interfaces/share/sixdof_arm_interfaces/cmake/sixdof_arm_interfaces__rosidl_typesupport_cppExport.cmake
[1.312s] -- Up-to-date: /home/livia/rl_6dof_ws/install/sixdof_arm_interfaces/share/sixdof_arm_interfaces/cmake/sixdof_arm_interfaces__rosidl_typesupport_cppExport-noconfig.cmake
[1.313s] -- Up-to-date: /home/livia/rl_6dof_ws/install/sixdof_arm_interfaces/share/sixdof_arm_interfaces/cmake/export_sixdof_arm_interfaces__rosidl_generator_pyExport.cmake
[1.313s] -- Up-to-date: /home/livia/rl_6dof_ws/install/sixdof_arm_interfaces/share/sixdof_arm_interfaces/cmake/export_sixdof_arm_interfaces__rosidl_generator_pyExport-noconfig.cmake
[1.316s] Invoked command in '/home/livia/rl_6dof_ws/build/sixdof_arm_interfaces' returned '0': CMAKE_PREFIX_PATH=${CMAKE_PREFIX_PATH}:/home/livia/ros2_ws/install/my_py_pkg:/home/livia/ros2_ws/install/actions_py:/home/livia/Documents/git/Catch-Them-All-Turtlesim-Project/Catch_Them_All_Turtlesim_Project_WS/install/turtlesim_catch_them_all:/home/livia/rl_6dof_ws/install/sixdof_arm_rl:/opt/ros/humble CONDA_PROMPT_MODIFIER=(base) /usr/bin/cmake --install /home/livia/rl_6dof_ws/build/sixdof_arm_interfaces
