[0.163s] DEBUG:colcon:Command line arguments: ['/usr/bin/colcon', 'build']
[0.163s] DEBUG:colcon:Parsed command line arguments: Namespace(log_base=None, log_level=None, verb_name='build', build_base='build', install_base='install', merge_install=False, symlink_install=False, test_result_base=None, continue_on_error=False, executor='parallel', parallel_workers=4, event_handlers=None, ignore_user_meta=False, metas=['./colcon.meta'], base_paths=['.'], packages_ignore=None, packages_ignore_regex=None, paths=None, packages_up_to=None, packages_up_to_regex=None, packages_above=None, packages_above_and_dependencies=None, packages_above_depth=None, packages_select_by_dep=None, packages_skip_by_dep=None, packages_skip_up_to=None, packages_select_build_failed=False, packages_skip_build_finished=False, packages_select_test_failures=False, packages_skip_test_passed=False, packages_select=None, packages_skip=None, packages_select_regex=None, packages_skip_regex=None, packages_start=None, packages_end=None, allow_overriding=[], cmake_args=None, cmake_target=None, cmake_target_skip_unavailable=False, cmake_clean_cache=False, cmake_clean_first=False, cmake_force_configure=False, ament_cmake_args=None, catkin_cmake_args=None, catkin_skip_building_tests=False, verb_parser=<colcon_defaults.argument_parser.defaults.DefaultArgumentsDecorator object at 0x7a6551600f70>, verb_extension=<colcon_core.verb.build.BuildVerb object at 0x7a65516003d0>, main=<bound method BuildVerb.main of <colcon_core.verb.build.BuildVerb object at 0x7a65516003d0>>)
[0.420s] Level 1:colcon.colcon_core.package_discovery:discover_packages(colcon_meta) check parameters
[0.420s] Level 1:colcon.colcon_core.package_discovery:discover_packages(recursive) check parameters
[0.420s] Level 1:colcon.colcon_core.package_discovery:discover_packages(ignore) check parameters
[0.420s] Level 1:colcon.colcon_core.package_discovery:discover_packages(path) check parameters
[0.420s] Level 1:colcon.colcon_core.package_discovery:discover_packages(colcon_meta) discover
[0.420s] Level 1:colcon.colcon_core.package_discovery:discover_packages(recursive) discover
[0.420s] INFO:colcon.colcon_core.package_discovery:Crawling recursively for packages in '/home/livia/rl_6dof_ws'
[0.421s] Level 1:colcon.colcon_core.package_identification:_identify(.) by extensions ['ignore', 'ignore_ament_install']
[0.421s] Level 1:colcon.colcon_core.package_identification:_identify(.) by extension 'ignore'
[0.421s] Level 1:colcon.colcon_core.package_identification:_identify(.) by extension 'ignore_ament_install'
[0.421s] Level 1:colcon.colcon_core.package_identification:_identify(.) by extensions ['colcon_pkg']
[0.421s] Level 1:colcon.colcon_core.package_identification:_identify(.) by extension 'colcon_pkg'
[0.421s] Level 1:colcon.colcon_core.package_identification:_identify(.) by extensions ['colcon_meta']
[0.421s] Level 1:colcon.colcon_core.package_identification:_identify(.) by extension 'colcon_meta'
[0.421s] Level 1:colcon.colcon_core.package_identification:_identify(.) by extensions ['ros']
[0.421s] Level 1:colcon.colcon_core.package_identification:_identify(.) by extension 'ros'
[0.438s] Level 1:colcon.colcon_core.package_identification:_identify(.) by extensions ['cmake', 'python']
[0.438s] Level 1:colcon.colcon_core.package_identification:_identify(.) by extension 'cmake'
[0.438s] Level 1:colcon.colcon_core.package_identification:_identify(.) by extension 'python'
[0.438s] Level 1:colcon.colcon_core.package_identification:_identify(.) by extensions ['python_setup_py']
[0.438s] Level 1:colcon.colcon_core.package_identification:_identify(.) by extension 'python_setup_py'
[0.438s] Level 1:colcon.colcon_core.package_identification:_identify(build) by extensions ['ignore', 'ignore_ament_install']
[0.439s] Level 1:colcon.colcon_core.package_identification:_identify(build) by extension 'ignore'
[0.439s] Level 1:colcon.colcon_core.package_identification:_identify(build) ignored
[0.439s] Level 1:colcon.colcon_core.package_identification:_identify(install) by extensions ['ignore', 'ignore_ament_install']
[0.439s] Level 1:colcon.colcon_core.package_identification:_identify(install) by extension 'ignore'
[0.439s] Level 1:colcon.colcon_core.package_identification:_identify(install) ignored
[0.439s] Level 1:colcon.colcon_core.package_identification:_identify(log) by extensions ['ignore', 'ignore_ament_install']
[0.439s] Level 1:colcon.colcon_core.package_identification:_identify(log) by extension 'ignore'
[0.439s] Level 1:colcon.colcon_core.package_identification:_identify(log) ignored
[0.439s] Level 1:colcon.colcon_core.package_identification:_identify(src) by extensions ['ignore', 'ignore_ament_install']
[0.439s] Level 1:colcon.colcon_core.package_identification:_identify(src) by extension 'ignore'
[0.440s] Level 1:colcon.colcon_core.package_identification:_identify(src) by extension 'ignore_ament_install'
[0.440s] Level 1:colcon.colcon_core.package_identification:_identify(src) by extensions ['colcon_pkg']
[0.440s] Level 1:colcon.colcon_core.package_identification:_identify(src) by extension 'colcon_pkg'
[0.440s] Level 1:colcon.colcon_core.package_identification:_identify(src) by extensions ['colcon_meta']
[0.440s] Level 1:colcon.colcon_core.package_identification:_identify(src) by extension 'colcon_meta'
[0.440s] Level 1:colcon.colcon_core.package_identification:_identify(src) by extensions ['ros']
[0.440s] Level 1:colcon.colcon_core.package_identification:_identify(src) by extension 'ros'
[0.440s] Level 1:colcon.colcon_core.package_identification:_identify(src) by extensions ['cmake', 'python']
[0.440s] Level 1:colcon.colcon_core.package_identification:_identify(src) by extension 'cmake'
[0.440s] Level 1:colcon.colcon_core.package_identification:_identify(src) by extension 'python'
[0.440s] Level 1:colcon.colcon_core.package_identification:_identify(src) by extensions ['python_setup_py']
[0.440s] Level 1:colcon.colcon_core.package_identification:_identify(src) by extension 'python_setup_py'
[0.441s] Level 1:colcon.colcon_core.package_identification:_identify(src/6dof_arm_bringup) by extensions ['ignore', 'ignore_ament_install']
[0.442s] Level 1:colcon.colcon_core.package_identification:_identify(src/6dof_arm_bringup) by extension 'ignore'
[0.442s] Level 1:colcon.colcon_core.package_identification:_identify(src/6dof_arm_bringup) by extension 'ignore_ament_install'
[0.443s] Level 1:colcon.colcon_core.package_identification:_identify(src/6dof_arm_bringup) by extensions ['colcon_pkg']
[0.443s] Level 1:colcon.colcon_core.package_identification:_identify(src/6dof_arm_bringup) by extension 'colcon_pkg'
[0.443s] Level 1:colcon.colcon_core.package_identification:_identify(src/6dof_arm_bringup) by extensions ['colcon_meta']
[0.443s] Level 1:colcon.colcon_core.package_identification:_identify(src/6dof_arm_bringup) by extension 'colcon_meta'
[0.443s] Level 1:colcon.colcon_core.package_identification:_identify(src/6dof_arm_bringup) by extensions ['ros']
[0.443s] Level 1:colcon.colcon_core.package_identification:_identify(src/6dof_arm_bringup) by extension 'ros'
[0.447s] DEBUG:colcon.colcon_core.package_identification:Package 'src/6dof_arm_bringup' with type 'ros.ament_cmake' and name '6dof_arm_bringup'
[0.447s] Level 1:colcon.colcon_core.package_identification:_identify(src/6dof_arm_description) by extensions ['ignore', 'ignore_ament_install']
[0.447s] Level 1:colcon.colcon_core.package_identification:_identify(src/6dof_arm_description) by extension 'ignore'
[0.447s] Level 1:colcon.colcon_core.package_identification:_identify(src/6dof_arm_description) by extension 'ignore_ament_install'
[0.447s] Level 1:colcon.colcon_core.package_identification:_identify(src/6dof_arm_description) by extensions ['colcon_pkg']
[0.448s] Level 1:colcon.colcon_core.package_identification:_identify(src/6dof_arm_description) by extension 'colcon_pkg'
[0.448s] Level 1:colcon.colcon_core.package_identification:_identify(src/6dof_arm_description) by extensions ['colcon_meta']
[0.448s] Level 1:colcon.colcon_core.package_identification:_identify(src/6dof_arm_description) by extension 'colcon_meta'
[0.448s] Level 1:colcon.colcon_core.package_identification:_identify(src/6dof_arm_description) by extensions ['ros']
[0.448s] Level 1:colcon.colcon_core.package_identification:_identify(src/6dof_arm_description) by extension 'ros'
[0.448s] DEBUG:colcon.colcon_core.package_identification:Package 'src/6dof_arm_description' with type 'ros.ament_cmake' and name '6dof_arm_description'
[0.449s] Level 1:colcon.colcon_core.package_identification:_identify(src/6dof_arm_rl) by extensions ['ignore', 'ignore_ament_install']
[0.449s] Level 1:colcon.colcon_core.package_identification:_identify(src/6dof_arm_rl) by extension 'ignore'
[0.449s] Level 1:colcon.colcon_core.package_identification:_identify(src/6dof_arm_rl) by extension 'ignore_ament_install'
[0.449s] Level 1:colcon.colcon_core.package_identification:_identify(src/6dof_arm_rl) by extensions ['colcon_pkg']
[0.449s] Level 1:colcon.colcon_core.package_identification:_identify(src/6dof_arm_rl) by extension 'colcon_pkg'
[0.449s] Level 1:colcon.colcon_core.package_identification:_identify(src/6dof_arm_rl) by extensions ['colcon_meta']
[0.449s] Level 1:colcon.colcon_core.package_identification:_identify(src/6dof_arm_rl) by extension 'colcon_meta'
[0.449s] Level 1:colcon.colcon_core.package_identification:_identify(src/6dof_arm_rl) by extensions ['ros']
[0.449s] Level 1:colcon.colcon_core.package_identification:_identify(src/6dof_arm_rl) by extension 'ros'
[0.450s] DEBUG:colcon.colcon_core.package_identification:Package 'src/6dof_arm_rl' with type 'ros.ament_python' and name '6dof_arm_rl'
[0.450s] Level 1:colcon.colcon_core.package_discovery:discover_packages(recursive) using defaults
[0.450s] Level 1:colcon.colcon_core.package_discovery:discover_packages(ignore) discover
[0.450s] Level 1:colcon.colcon_core.package_discovery:discover_packages(ignore) using defaults
[0.450s] Level 1:colcon.colcon_core.package_discovery:discover_packages(path) discover
[0.450s] Level 1:colcon.colcon_core.package_discovery:discover_packages(path) using defaults
[0.497s] Level 1:colcon.colcon_core.package_discovery:discover_packages(prefix_path) check parameters
[0.497s] Level 1:colcon.colcon_core.package_discovery:discover_packages(prefix_path) discover
[0.500s] DEBUG:colcon.colcon_installed_package_information.package_discovery:Found 1 installed packages in /home/livia/Documents/git/Catch-Them-All-Turtlesim-Project/Catch_Them_All_Turtlesim_Project_WS/install
[0.501s] DEBUG:colcon.colcon_installed_package_information.package_discovery:Found 6 installed packages in /home/livia/ros2_ws/install
[0.501s] DEBUG:colcon.colcon_installed_package_information.package_discovery:Found 3 installed packages in /home/livia/rl_6dof_ws/install
[0.501s] DEBUG:colcon.colcon_installed_package_information.package_discovery:Found 1 installed packages in /home/livia/ros2_ws2/install
[0.503s] DEBUG:colcon.colcon_installed_package_information.package_discovery:Found 338 installed packages in /opt/ros/humble
[0.508s] Level 1:colcon.colcon_core.package_discovery:discover_packages(prefix_path) using defaults
[0.576s] Level 5:colcon.colcon_core.verb:set package '6dof_arm_description' build argument 'cmake_args' from command line to 'None'
[0.576s] Level 5:colcon.colcon_core.verb:set package '6dof_arm_description' build argument 'cmake_target' from command line to 'None'
[0.576s] Level 5:colcon.colcon_core.verb:set package '6dof_arm_description' build argument 'cmake_target_skip_unavailable' from command line to 'False'
[0.576s] Level 5:colcon.colcon_core.verb:set package '6dof_arm_description' build argument 'cmake_clean_cache' from command line to 'False'
[0.576s] Level 5:colcon.colcon_core.verb:set package '6dof_arm_description' build argument 'cmake_clean_first' from command line to 'False'
[0.576s] Level 5:colcon.colcon_core.verb:set package '6dof_arm_description' build argument 'cmake_force_configure' from command line to 'False'
[0.576s] Level 5:colcon.colcon_core.verb:set package '6dof_arm_description' build argument 'ament_cmake_args' from command line to 'None'
[0.576s] Level 5:colcon.colcon_core.verb:set package '6dof_arm_description' build argument 'catkin_cmake_args' from command line to 'None'
[0.576s] Level 5:colcon.colcon_core.verb:set package '6dof_arm_description' build argument 'catkin_skip_building_tests' from command line to 'False'
[0.576s] DEBUG:colcon.colcon_core.verb:Building package '6dof_arm_description' with the following arguments: {'ament_cmake_args': None, 'build_base': '/home/livia/rl_6dof_ws/build/6dof_arm_description', 'catkin_cmake_args': None, 'catkin_skip_building_tests': False, 'cmake_args': None, 'cmake_clean_cache': False, 'cmake_clean_first': False, 'cmake_force_configure': False, 'cmake_target': None, 'cmake_target_skip_unavailable': False, 'install_base': '/home/livia/rl_6dof_ws/install/6dof_arm_description', 'merge_install': False, 'path': '/home/livia/rl_6dof_ws/src/6dof_arm_description', 'symlink_install': False, 'test_result_base': None}
[0.576s] Level 5:colcon.colcon_core.verb:set package '6dof_arm_rl' build argument 'cmake_args' from command line to 'None'
[0.576s] Level 5:colcon.colcon_core.verb:set package '6dof_arm_rl' build argument 'cmake_target' from command line to 'None'
[0.576s] Level 5:colcon.colcon_core.verb:set package '6dof_arm_rl' build argument 'cmake_target_skip_unavailable' from command line to 'False'
[0.576s] Level 5:colcon.colcon_core.verb:set package '6dof_arm_rl' build argument 'cmake_clean_cache' from command line to 'False'
[0.576s] Level 5:colcon.colcon_core.verb:set package '6dof_arm_rl' build argument 'cmake_clean_first' from command line to 'False'
[0.576s] Level 5:colcon.colcon_core.verb:set package '6dof_arm_rl' build argument 'cmake_force_configure' from command line to 'False'
[0.576s] Level 5:colcon.colcon_core.verb:set package '6dof_arm_rl' build argument 'ament_cmake_args' from command line to 'None'
[0.576s] Level 5:colcon.colcon_core.verb:set package '6dof_arm_rl' build argument 'catkin_cmake_args' from command line to 'None'
[0.577s] Level 5:colcon.colcon_core.verb:set package '6dof_arm_rl' build argument 'catkin_skip_building_tests' from command line to 'False'
[0.577s] DEBUG:colcon.colcon_core.verb:Building package '6dof_arm_rl' with the following arguments: {'ament_cmake_args': None, 'build_base': '/home/livia/rl_6dof_ws/build/6dof_arm_rl', 'catkin_cmake_args': None, 'catkin_skip_building_tests': False, 'cmake_args': None, 'cmake_clean_cache': False, 'cmake_clean_first': False, 'cmake_force_configure': False, 'cmake_target': None, 'cmake_target_skip_unavailable': False, 'install_base': '/home/livia/rl_6dof_ws/install/6dof_arm_rl', 'merge_install': False, 'path': '/home/livia/rl_6dof_ws/src/6dof_arm_rl', 'symlink_install': False, 'test_result_base': None}
[0.577s] Level 5:colcon.colcon_core.verb:set package '6dof_arm_bringup' build argument 'cmake_args' from command line to 'None'
[0.577s] Level 5:colcon.colcon_core.verb:set package '6dof_arm_bringup' build argument 'cmake_target' from command line to 'None'
[0.577s] Level 5:colcon.colcon_core.verb:set package '6dof_arm_bringup' build argument 'cmake_target_skip_unavailable' from command line to 'False'
[0.577s] Level 5:colcon.colcon_core.verb:set package '6dof_arm_bringup' build argument 'cmake_clean_cache' from command line to 'False'
[0.577s] Level 5:colcon.colcon_core.verb:set package '6dof_arm_bringup' build argument 'cmake_clean_first' from command line to 'False'
[0.577s] Level 5:colcon.colcon_core.verb:set package '6dof_arm_bringup' build argument 'cmake_force_configure' from command line to 'False'
[0.577s] Level 5:colcon.colcon_core.verb:set package '6dof_arm_bringup' build argument 'ament_cmake_args' from command line to 'None'
[0.577s] Level 5:colcon.colcon_core.verb:set package '6dof_arm_bringup' build argument 'catkin_cmake_args' from command line to 'None'
[0.578s] Level 5:colcon.colcon_core.verb:set package '6dof_arm_bringup' build argument 'catkin_skip_building_tests' from command line to 'False'
[0.578s] DEBUG:colcon.colcon_core.verb:Building package '6dof_arm_bringup' with the following arguments: {'ament_cmake_args': None, 'build_base': '/home/livia/rl_6dof_ws/build/6dof_arm_bringup', 'catkin_cmake_args': None, 'catkin_skip_building_tests': False, 'cmake_args': None, 'cmake_clean_cache': False, 'cmake_clean_first': False, 'cmake_force_configure': False, 'cmake_target': None, 'cmake_target_skip_unavailable': False, 'install_base': '/home/livia/rl_6dof_ws/install/6dof_arm_bringup', 'merge_install': False, 'path': '/home/livia/rl_6dof_ws/src/6dof_arm_bringup', 'symlink_install': False, 'test_result_base': None}
[0.578s] INFO:colcon.colcon_core.executor:Executing jobs using 'parallel' executor
[0.579s] DEBUG:colcon.colcon_parallel_executor.executor.parallel:run_until_complete
[0.580s] INFO:colcon.colcon_ros.task.ament_cmake.build:Building ROS package in '/home/livia/rl_6dof_ws/src/6dof_arm_description' with build type 'ament_cmake'
[0.580s] INFO:colcon.colcon_cmake.task.cmake.build:Building CMake package in '/home/livia/rl_6dof_ws/src/6dof_arm_description'
[0.583s] INFO:colcon.colcon_core.plugin_system:Skipping extension 'colcon_core.shell.bat': Not used on non-Windows systems
[0.583s] INFO:colcon.colcon_core.shell:Skip shell extension 'powershell' for command environment: Not usable outside of PowerShell
[0.583s] DEBUG:colcon.colcon_core.shell:Skip shell extension 'dsv' for command environment
[0.591s] INFO:colcon.colcon_ros.task.ament_python.build:Building ROS package in '/home/livia/rl_6dof_ws/src/6dof_arm_rl' with build type 'ament_python'
[0.592s] Level 1:colcon.colcon_core.shell:create_environment_hook('6dof_arm_rl', 'ament_prefix_path')
[0.592s] INFO:colcon.colcon_core.shell:Creating environment hook '/home/livia/rl_6dof_ws/install/6dof_arm_rl/share/6dof_arm_rl/hook/ament_prefix_path.ps1'
[0.593s] INFO:colcon.colcon_core.shell:Creating environment descriptor '/home/livia/rl_6dof_ws/install/6dof_arm_rl/share/6dof_arm_rl/hook/ament_prefix_path.dsv'
[0.594s] INFO:colcon.colcon_core.shell:Creating environment hook '/home/livia/rl_6dof_ws/install/6dof_arm_rl/share/6dof_arm_rl/hook/ament_prefix_path.sh'
[0.595s] INFO:colcon.colcon_core.shell:Skip shell extension 'powershell' for command environment: Not usable outside of PowerShell
[0.595s] DEBUG:colcon.colcon_core.shell:Skip shell extension 'dsv' for command environment
[0.609s] DEBUG:colcon.colcon_core.event_handler.log_command:Invoking command in '/home/livia/rl_6dof_ws/build/6dof_arm_description': CMAKE_PREFIX_PATH=${CMAKE_PREFIX_PATH}:/home/livia/ros2_ws/install/my_py_pkg:/home/livia/Documents/git/Catch-Them-All-Turtlesim-Project/Catch_Them_All_Turtlesim_Project_WS/install/turtlesim_catch_them_all:/home/livia/rl_6dof_ws/install/6dof_arm_rl:/opt/ros/humble /usr/bin/cmake --build /home/livia/rl_6dof_ws/build/6dof_arm_description -- -j4 -l4
[1.031s] INFO:colcon.colcon_core.task.python.build:Building Python package in '/home/livia/rl_6dof_ws/src/6dof_arm_rl'
[1.031s] INFO:colcon.colcon_core.shell:Skip shell extension 'powershell' for command environment: Not usable outside of PowerShell
[1.031s] DEBUG:colcon.colcon_core.shell:Skip shell extension 'dsv' for command environment
[1.042s] DEBUG:colcon.colcon_core.event_handler.log_command:Invoked command in '/home/livia/rl_6dof_ws/build/6dof_arm_description' returned '0': CMAKE_PREFIX_PATH=${CMAKE_PREFIX_PATH}:/home/livia/ros2_ws/install/my_py_pkg:/home/livia/Documents/git/Catch-Them-All-Turtlesim-Project/Catch_Them_All_Turtlesim_Project_WS/install/turtlesim_catch_them_all:/home/livia/rl_6dof_ws/install/6dof_arm_rl:/opt/ros/humble /usr/bin/cmake --build /home/livia/rl_6dof_ws/build/6dof_arm_description -- -j4 -l4
[1.057s] DEBUG:colcon.colcon_core.event_handler.log_command:Invoking command in '/home/livia/rl_6dof_ws/build/6dof_arm_description': CMAKE_PREFIX_PATH=${CMAKE_PREFIX_PATH}:/home/livia/ros2_ws/install/my_py_pkg:/home/livia/Documents/git/Catch-Them-All-Turtlesim-Project/Catch_Them_All_Turtlesim_Project_WS/install/turtlesim_catch_them_all:/home/livia/rl_6dof_ws/install/6dof_arm_rl:/opt/ros/humble /usr/bin/cmake --install /home/livia/rl_6dof_ws/build/6dof_arm_description
[1.093s] Level 1:colcon.colcon_core.environment:create_environment_scripts_only(6dof_arm_description)
[1.094s] DEBUG:colcon.colcon_core.event_handler.log_command:Invoked command in '/home/livia/rl_6dof_ws/build/6dof_arm_description' returned '0': CMAKE_PREFIX_PATH=${CMAKE_PREFIX_PATH}:/home/livia/ros2_ws/install/my_py_pkg:/home/livia/Documents/git/Catch-Them-All-Turtlesim-Project/Catch_Them_All_Turtlesim_Project_WS/install/turtlesim_catch_them_all:/home/livia/rl_6dof_ws/install/6dof_arm_rl:/opt/ros/humble /usr/bin/cmake --install /home/livia/rl_6dof_ws/build/6dof_arm_description
[1.097s] Level 1:colcon.colcon_core.environment:checking '/home/livia/rl_6dof_ws/install/6dof_arm_description' for CMake module files
[1.098s] Level 1:colcon.colcon_core.environment:checking '/home/livia/rl_6dof_ws/install/6dof_arm_description' for CMake config files
[1.101s] Level 1:colcon.colcon_core.shell:create_environment_hook('6dof_arm_description', 'cmake_prefix_path')
[1.101s] INFO:colcon.colcon_core.shell:Creating environment hook '/home/livia/rl_6dof_ws/install/6dof_arm_description/share/6dof_arm_description/hook/cmake_prefix_path.ps1'
[1.102s] INFO:colcon.colcon_core.shell:Creating environment descriptor '/home/livia/rl_6dof_ws/install/6dof_arm_description/share/6dof_arm_description/hook/cmake_prefix_path.dsv'
[1.103s] INFO:colcon.colcon_core.shell:Creating environment hook '/home/livia/rl_6dof_ws/install/6dof_arm_description/share/6dof_arm_description/hook/cmake_prefix_path.sh'
[1.104s] Level 1:colcon.colcon_core.environment:checking '/home/livia/rl_6dof_ws/install/6dof_arm_description/bin'
[1.104s] Level 1:colcon.colcon_core.environment:checking '/home/livia/rl_6dof_ws/install/6dof_arm_description/lib/pkgconfig/6dof_arm_description.pc'
[1.105s] Level 1:colcon.colcon_core.environment:checking '/home/livia/rl_6dof_ws/install/6dof_arm_description/lib/python3.10/site-packages'
[1.105s] Level 1:colcon.colcon_core.environment:checking '/home/livia/rl_6dof_ws/install/6dof_arm_description/bin'
[1.105s] INFO:colcon.colcon_core.shell:Creating package script '/home/livia/rl_6dof_ws/install/6dof_arm_description/share/6dof_arm_description/package.ps1'
[1.106s] INFO:colcon.colcon_core.shell:Creating package descriptor '/home/livia/rl_6dof_ws/install/6dof_arm_description/share/6dof_arm_description/package.dsv'
[1.107s] INFO:colcon.colcon_core.shell:Creating package script '/home/livia/rl_6dof_ws/install/6dof_arm_description/share/6dof_arm_description/package.sh'
[1.107s] INFO:colcon.colcon_core.shell:Creating package script '/home/livia/rl_6dof_ws/install/6dof_arm_description/share/6dof_arm_description/package.bash'
[1.109s] INFO:colcon.colcon_core.shell:Creating package script '/home/livia/rl_6dof_ws/install/6dof_arm_description/share/6dof_arm_description/package.zsh'
[1.111s] Level 1:colcon.colcon_core.environment:create_file_with_runtime_dependencies(/home/livia/rl_6dof_ws/install/6dof_arm_description/share/colcon-core/packages/6dof_arm_description)
[1.111s] Level 1:colcon.colcon_core.environment:create_environment_scripts_only(6dof_arm_description)
[1.112s] Level 1:colcon.colcon_core.environment:checking '/home/livia/rl_6dof_ws/install/6dof_arm_description' for CMake module files
[1.113s] Level 1:colcon.colcon_core.environment:checking '/home/livia/rl_6dof_ws/install/6dof_arm_description' for CMake config files
[1.115s] Level 1:colcon.colcon_core.shell:create_environment_hook('6dof_arm_description', 'cmake_prefix_path')
[1.116s] INFO:colcon.colcon_core.shell:Creating environment hook '/home/livia/rl_6dof_ws/install/6dof_arm_description/share/6dof_arm_description/hook/cmake_prefix_path.ps1'
[1.117s] INFO:colcon.colcon_core.shell:Creating environment descriptor '/home/livia/rl_6dof_ws/install/6dof_arm_description/share/6dof_arm_description/hook/cmake_prefix_path.dsv'
[1.118s] INFO:colcon.colcon_core.shell:Creating environment hook '/home/livia/rl_6dof_ws/install/6dof_arm_description/share/6dof_arm_description/hook/cmake_prefix_path.sh'
[1.120s] Level 1:colcon.colcon_core.environment:checking '/home/livia/rl_6dof_ws/install/6dof_arm_description/bin'
[1.120s] Level 1:colcon.colcon_core.environment:checking '/home/livia/rl_6dof_ws/install/6dof_arm_description/lib/pkgconfig/6dof_arm_description.pc'
[1.120s] Level 1:colcon.colcon_core.environment:checking '/home/livia/rl_6dof_ws/install/6dof_arm_description/lib/python3.10/site-packages'
[1.120s] Level 1:colcon.colcon_core.environment:checking '/home/livia/rl_6dof_ws/install/6dof_arm_description/bin'
[1.121s] INFO:colcon.colcon_core.shell:Creating package script '/home/livia/rl_6dof_ws/install/6dof_arm_description/share/6dof_arm_description/package.ps1'
[1.122s] INFO:colcon.colcon_core.shell:Creating package descriptor '/home/livia/rl_6dof_ws/install/6dof_arm_description/share/6dof_arm_description/package.dsv'
[1.122s] INFO:colcon.colcon_core.shell:Creating package script '/home/livia/rl_6dof_ws/install/6dof_arm_description/share/6dof_arm_description/package.sh'
[1.123s] INFO:colcon.colcon_core.shell:Creating package script '/home/livia/rl_6dof_ws/install/6dof_arm_description/share/6dof_arm_description/package.bash'
[1.123s] INFO:colcon.colcon_core.shell:Creating package script '/home/livia/rl_6dof_ws/install/6dof_arm_description/share/6dof_arm_description/package.zsh'
[1.124s] Level 1:colcon.colcon_core.environment:create_file_with_runtime_dependencies(/home/livia/rl_6dof_ws/install/6dof_arm_description/share/colcon-core/packages/6dof_arm_description)
[1.124s] INFO:colcon.colcon_ros.task.ament_cmake.build:Building ROS package in '/home/livia/rl_6dof_ws/src/6dof_arm_bringup' with build type 'ament_cmake'
[1.124s] INFO:colcon.colcon_cmake.task.cmake.build:Building CMake package in '/home/livia/rl_6dof_ws/src/6dof_arm_bringup'
[1.124s] INFO:colcon.colcon_core.shell:Skip shell extension 'powershell' for command environment: Not usable outside of PowerShell
[1.124s] DEBUG:colcon.colcon_core.shell:Skip shell extension 'dsv' for command environment
[1.152s] DEBUG:colcon.colcon_core.event_handler.log_command:Invoking command in '/home/livia/rl_6dof_ws/build/6dof_arm_bringup': CMAKE_PREFIX_PATH=/home/livia/rl_6dof_ws/install/6dof_arm_description:/home/livia/ros2_ws/install/my_robot_bringup:/home/livia/ros2_ws/install/my_robot_interfaces:/home/livia/ros2_ws/install/my_robot_gazebo_bringup:/home/livia/ros2_ws/install/my_robot_description:/home/livia/ros2_ws/install/my_cpp_pkg:/home/livia/rl_6dof_ws/install/6dof_arm_bringup:/home/livia/ros2_ws2/install/my_robot_interfaces:/home/livia/ros2_ws/install/my_py_pkg:/home/livia/Documents/git/Catch-Them-All-Turtlesim-Project/Catch_Them_All_Turtlesim_Project_WS/install/turtlesim_catch_them_all:/home/livia/rl_6dof_ws/install/6dof_arm_rl:/opt/ros/humble /usr/bin/cmake --build /home/livia/rl_6dof_ws/build/6dof_arm_bringup -- -j4 -l4
[1.218s] DEBUG:colcon.colcon_core.event_handler.log_command:Invoked command in '/home/livia/rl_6dof_ws/build/6dof_arm_bringup' returned '0': CMAKE_PREFIX_PATH=/home/livia/rl_6dof_ws/install/6dof_arm_description:/home/livia/ros2_ws/install/my_robot_bringup:/home/livia/ros2_ws/install/my_robot_interfaces:/home/livia/ros2_ws/install/my_robot_gazebo_bringup:/home/livia/ros2_ws/install/my_robot_description:/home/livia/ros2_ws/install/my_cpp_pkg:/home/livia/rl_6dof_ws/install/6dof_arm_bringup:/home/livia/ros2_ws2/install/my_robot_interfaces:/home/livia/ros2_ws/install/my_py_pkg:/home/livia/Documents/git/Catch-Them-All-Turtlesim-Project/Catch_Them_All_Turtlesim_Project_WS/install/turtlesim_catch_them_all:/home/livia/rl_6dof_ws/install/6dof_arm_rl:/opt/ros/humble /usr/bin/cmake --build /home/livia/rl_6dof_ws/build/6dof_arm_bringup -- -j4 -l4
[1.221s] DEBUG:colcon.colcon_core.event_handler.log_command:Invoking command in '/home/livia/rl_6dof_ws/build/6dof_arm_bringup': CMAKE_PREFIX_PATH=/home/livia/rl_6dof_ws/install/6dof_arm_description:/home/livia/ros2_ws/install/my_robot_bringup:/home/livia/ros2_ws/install/my_robot_interfaces:/home/livia/ros2_ws/install/my_robot_gazebo_bringup:/home/livia/ros2_ws/install/my_robot_description:/home/livia/ros2_ws/install/my_cpp_pkg:/home/livia/rl_6dof_ws/install/6dof_arm_bringup:/home/livia/ros2_ws2/install/my_robot_interfaces:/home/livia/ros2_ws/install/my_py_pkg:/home/livia/Documents/git/Catch-Them-All-Turtlesim-Project/Catch_Them_All_Turtlesim_Project_WS/install/turtlesim_catch_them_all:/home/livia/rl_6dof_ws/install/6dof_arm_rl:/opt/ros/humble /usr/bin/cmake --install /home/livia/rl_6dof_ws/build/6dof_arm_bringup
[1.257s] Level 1:colcon.colcon_core.environment:create_environment_scripts_only(6dof_arm_bringup)
[1.260s] Level 1:colcon.colcon_core.environment:checking '/home/livia/rl_6dof_ws/install/6dof_arm_bringup' for CMake module files
[1.261s] DEBUG:colcon.colcon_core.event_handler.log_command:Invoked command in '/home/livia/rl_6dof_ws/build/6dof_arm_bringup' returned '0': CMAKE_PREFIX_PATH=/home/livia/rl_6dof_ws/install/6dof_arm_description:/home/livia/ros2_ws/install/my_robot_bringup:/home/livia/ros2_ws/install/my_robot_interfaces:/home/livia/ros2_ws/install/my_robot_gazebo_bringup:/home/livia/ros2_ws/install/my_robot_description:/home/livia/ros2_ws/install/my_cpp_pkg:/home/livia/rl_6dof_ws/install/6dof_arm_bringup:/home/livia/ros2_ws2/install/my_robot_interfaces:/home/livia/ros2_ws/install/my_py_pkg:/home/livia/Documents/git/Catch-Them-All-Turtlesim-Project/Catch_Them_All_Turtlesim_Project_WS/install/turtlesim_catch_them_all:/home/livia/rl_6dof_ws/install/6dof_arm_rl:/opt/ros/humble /usr/bin/cmake --install /home/livia/rl_6dof_ws/build/6dof_arm_bringup
[1.261s] Level 1:colcon.colcon_core.environment:checking '/home/livia/rl_6dof_ws/install/6dof_arm_bringup' for CMake config files
[1.262s] Level 1:colcon.colcon_core.shell:create_environment_hook('6dof_arm_bringup', 'cmake_prefix_path')
[1.262s] INFO:colcon.colcon_core.shell:Creating environment hook '/home/livia/rl_6dof_ws/install/6dof_arm_bringup/share/6dof_arm_bringup/hook/cmake_prefix_path.ps1'
[1.263s] INFO:colcon.colcon_core.shell:Creating environment descriptor '/home/livia/rl_6dof_ws/install/6dof_arm_bringup/share/6dof_arm_bringup/hook/cmake_prefix_path.dsv'
[1.264s] INFO:colcon.colcon_core.shell:Creating environment hook '/home/livia/rl_6dof_ws/install/6dof_arm_bringup/share/6dof_arm_bringup/hook/cmake_prefix_path.sh'
[1.265s] Level 1:colcon.colcon_core.environment:checking '/home/livia/rl_6dof_ws/install/6dof_arm_bringup/bin'
[1.265s] Level 1:colcon.colcon_core.environment:checking '/home/livia/rl_6dof_ws/install/6dof_arm_bringup/lib/pkgconfig/6dof_arm_bringup.pc'
[1.265s] Level 1:colcon.colcon_core.environment:checking '/home/livia/rl_6dof_ws/install/6dof_arm_bringup/lib/python3.10/site-packages'
[1.265s] Level 1:colcon.colcon_core.environment:checking '/home/livia/rl_6dof_ws/install/6dof_arm_bringup/bin'
[1.266s] INFO:colcon.colcon_core.shell:Creating package script '/home/livia/rl_6dof_ws/install/6dof_arm_bringup/share/6dof_arm_bringup/package.ps1'
[1.267s] INFO:colcon.colcon_core.shell:Creating package descriptor '/home/livia/rl_6dof_ws/install/6dof_arm_bringup/share/6dof_arm_bringup/package.dsv'
[1.267s] INFO:colcon.colcon_core.shell:Creating package script '/home/livia/rl_6dof_ws/install/6dof_arm_bringup/share/6dof_arm_bringup/package.sh'
[1.268s] INFO:colcon.colcon_core.shell:Creating package script '/home/livia/rl_6dof_ws/install/6dof_arm_bringup/share/6dof_arm_bringup/package.bash'
[1.268s] INFO:colcon.colcon_core.shell:Creating package script '/home/livia/rl_6dof_ws/install/6dof_arm_bringup/share/6dof_arm_bringup/package.zsh'
[1.268s] Level 1:colcon.colcon_core.environment:create_file_with_runtime_dependencies(/home/livia/rl_6dof_ws/install/6dof_arm_bringup/share/colcon-core/packages/6dof_arm_bringup)
[1.269s] Level 1:colcon.colcon_core.environment:create_environment_scripts_only(6dof_arm_bringup)
[1.269s] Level 1:colcon.colcon_core.environment:checking '/home/livia/rl_6dof_ws/install/6dof_arm_bringup' for CMake module files
[1.270s] Level 1:colcon.colcon_core.environment:checking '/home/livia/rl_6dof_ws/install/6dof_arm_bringup' for CMake config files
[1.270s] Level 1:colcon.colcon_core.shell:create_environment_hook('6dof_arm_bringup', 'cmake_prefix_path')
[1.270s] INFO:colcon.colcon_core.shell:Creating environment hook '/home/livia/rl_6dof_ws/install/6dof_arm_bringup/share/6dof_arm_bringup/hook/cmake_prefix_path.ps1'
[1.271s] INFO:colcon.colcon_core.shell:Creating environment descriptor '/home/livia/rl_6dof_ws/install/6dof_arm_bringup/share/6dof_arm_bringup/hook/cmake_prefix_path.dsv'
[1.271s] INFO:colcon.colcon_core.shell:Creating environment hook '/home/livia/rl_6dof_ws/install/6dof_arm_bringup/share/6dof_arm_bringup/hook/cmake_prefix_path.sh'
[1.272s] Level 1:colcon.colcon_core.environment:checking '/home/livia/rl_6dof_ws/install/6dof_arm_bringup/bin'
[1.273s] Level 1:colcon.colcon_core.environment:checking '/home/livia/rl_6dof_ws/install/6dof_arm_bringup/lib/pkgconfig/6dof_arm_bringup.pc'
[1.275s] Level 1:colcon.colcon_core.environment:checking '/home/livia/rl_6dof_ws/install/6dof_arm_bringup/lib/python3.10/site-packages'
[1.276s] Level 1:colcon.colcon_core.environment:checking '/home/livia/rl_6dof_ws/install/6dof_arm_bringup/bin'
[1.276s] INFO:colcon.colcon_core.shell:Creating package script '/home/livia/rl_6dof_ws/install/6dof_arm_bringup/share/6dof_arm_bringup/package.ps1'
[1.277s] INFO:colcon.colcon_core.shell:Creating package descriptor '/home/livia/rl_6dof_ws/install/6dof_arm_bringup/share/6dof_arm_bringup/package.dsv'
[1.278s] INFO:colcon.colcon_core.shell:Creating package script '/home/livia/rl_6dof_ws/install/6dof_arm_bringup/share/6dof_arm_bringup/package.sh'
[1.279s] INFO:colcon.colcon_core.shell:Creating package script '/home/livia/rl_6dof_ws/install/6dof_arm_bringup/share/6dof_arm_bringup/package.bash'
[1.279s] INFO:colcon.colcon_core.shell:Creating package script '/home/livia/rl_6dof_ws/install/6dof_arm_bringup/share/6dof_arm_bringup/package.zsh'
[1.280s] Level 1:colcon.colcon_core.environment:create_file_with_runtime_dependencies(/home/livia/rl_6dof_ws/install/6dof_arm_bringup/share/colcon-core/packages/6dof_arm_bringup)
[1.663s] DEBUG:colcon.colcon_core.event_handler.log_command:Invoking command in '/home/livia/rl_6dof_ws/src/6dof_arm_rl': PYTHONPATH=/home/livia/rl_6dof_ws/build/6dof_arm_rl/prefix_override:/usr/lib/python3/dist-packages/colcon_core/task/python/colcon_distutils_commands:/home/livia/rl_6dof_ws/install/6dof_arm_rl/lib/python3.10/site-packages:${PYTHONPATH} /usr/bin/python3 -W ignore:setup.py install is deprecated -W ignore:easy_install command is deprecated setup.py egg_info --egg-base ../../build/6dof_arm_rl build --build-base /home/livia/rl_6dof_ws/build/6dof_arm_rl/build install --record /home/livia/rl_6dof_ws/build/6dof_arm_rl/install.log --single-version-externally-managed install_data
[2.180s] Level 1:colcon.colcon_core.environment:checking '/home/livia/rl_6dof_ws/install/6dof_arm_rl' for CMake module files
[2.181s] DEBUG:colcon.colcon_core.event_handler.log_command:Invoked command in '/home/livia/rl_6dof_ws/src/6dof_arm_rl' returned '0': PYTHONPATH=/home/livia/rl_6dof_ws/build/6dof_arm_rl/prefix_override:/usr/lib/python3/dist-packages/colcon_core/task/python/colcon_distutils_commands:/home/livia/rl_6dof_ws/install/6dof_arm_rl/lib/python3.10/site-packages:${PYTHONPATH} /usr/bin/python3 -W ignore:setup.py install is deprecated -W ignore:easy_install command is deprecated setup.py egg_info --egg-base ../../build/6dof_arm_rl build --build-base /home/livia/rl_6dof_ws/build/6dof_arm_rl/build install --record /home/livia/rl_6dof_ws/build/6dof_arm_rl/install.log --single-version-externally-managed install_data
[2.181s] Level 1:colcon.colcon_core.environment:checking '/home/livia/rl_6dof_ws/install/6dof_arm_rl' for CMake config files
[2.182s] Level 1:colcon.colcon_core.environment:checking '/home/livia/rl_6dof_ws/install/6dof_arm_rl/lib'
[2.182s] Level 1:colcon.colcon_core.environment:checking '/home/livia/rl_6dof_ws/install/6dof_arm_rl/bin'
[2.182s] Level 1:colcon.colcon_core.environment:checking '/home/livia/rl_6dof_ws/install/6dof_arm_rl/lib/pkgconfig/6dof_arm_rl.pc'
[2.182s] Level 1:colcon.colcon_core.environment:checking '/home/livia/rl_6dof_ws/install/6dof_arm_rl/lib/python3.10/site-packages'
[2.182s] Level 1:colcon.colcon_core.shell:create_environment_hook('6dof_arm_rl', 'pythonpath')
[2.183s] INFO:colcon.colcon_core.shell:Creating environment hook '/home/livia/rl_6dof_ws/install/6dof_arm_rl/share/6dof_arm_rl/hook/pythonpath.ps1'
[2.183s] INFO:colcon.colcon_core.shell:Creating environment descriptor '/home/livia/rl_6dof_ws/install/6dof_arm_rl/share/6dof_arm_rl/hook/pythonpath.dsv'
[2.184s] INFO:colcon.colcon_core.shell:Creating environment hook '/home/livia/rl_6dof_ws/install/6dof_arm_rl/share/6dof_arm_rl/hook/pythonpath.sh'
[2.187s] Level 1:colcon.colcon_core.environment:checking '/home/livia/rl_6dof_ws/install/6dof_arm_rl/bin'
[2.187s] Level 1:colcon.colcon_core.environment:create_environment_scripts_only(6dof_arm_rl)
[2.188s] INFO:colcon.colcon_core.shell:Creating package script '/home/livia/rl_6dof_ws/install/6dof_arm_rl/share/6dof_arm_rl/package.ps1'
[2.190s] INFO:colcon.colcon_core.shell:Creating package descriptor '/home/livia/rl_6dof_ws/install/6dof_arm_rl/share/6dof_arm_rl/package.dsv'
[2.191s] INFO:colcon.colcon_core.shell:Creating package script '/home/livia/rl_6dof_ws/install/6dof_arm_rl/share/6dof_arm_rl/package.sh'
[2.191s] INFO:colcon.colcon_core.shell:Creating package script '/home/livia/rl_6dof_ws/install/6dof_arm_rl/share/6dof_arm_rl/package.bash'
[2.192s] INFO:colcon.colcon_core.shell:Creating package script '/home/livia/rl_6dof_ws/install/6dof_arm_rl/share/6dof_arm_rl/package.zsh'
[2.193s] Level 1:colcon.colcon_core.environment:create_file_with_runtime_dependencies(/home/livia/rl_6dof_ws/install/6dof_arm_rl/share/colcon-core/packages/6dof_arm_rl)
[2.193s] DEBUG:colcon.colcon_parallel_executor.executor.parallel:closing loop
[2.193s] DEBUG:colcon.colcon_parallel_executor.executor.parallel:loop closed
[2.193s] DEBUG:colcon.colcon_parallel_executor.executor.parallel:run_until_complete finished with '0'
[2.194s] DEBUG:colcon.colcon_core.event_reactor:joining thread
[2.206s] INFO:colcon.colcon_core.plugin_system:Skipping extension 'colcon_notification.desktop_notification.terminal_notifier': Not used on non-Darwin systems
[2.206s] INFO:colcon.colcon_core.plugin_system:Skipping extension 'colcon_notification.desktop_notification.win32': Not used on non-Windows systems
[2.206s] INFO:colcon.colcon_notification.desktop_notification:Sending desktop notification using 'notify2'
[2.230s] DEBUG:colcon.colcon_core.event_reactor:joined thread
[2.231s] INFO:colcon.colcon_core.shell:Creating prefix script '/home/livia/rl_6dof_ws/install/local_setup.ps1'
[2.235s] INFO:colcon.colcon_core.shell:Creating prefix util module '/home/livia/rl_6dof_ws/install/_local_setup_util_ps1.py'
[2.241s] INFO:colcon.colcon_core.shell:Creating prefix chain script '/home/livia/rl_6dof_ws/install/setup.ps1'
[2.245s] INFO:colcon.colcon_core.shell:Creating prefix script '/home/livia/rl_6dof_ws/install/local_setup.sh'
[2.247s] INFO:colcon.colcon_core.shell:Creating prefix util module '/home/livia/rl_6dof_ws/install/_local_setup_util_sh.py'
[2.248s] INFO:colcon.colcon_core.shell:Creating prefix chain script '/home/livia/rl_6dof_ws/install/setup.sh'
[2.252s] INFO:colcon.colcon_core.shell:Creating prefix script '/home/livia/rl_6dof_ws/install/local_setup.bash'
[2.253s] INFO:colcon.colcon_core.shell:Creating prefix chain script '/home/livia/rl_6dof_ws/install/setup.bash'
[2.258s] INFO:colcon.colcon_core.shell:Creating prefix script '/home/livia/rl_6dof_ws/install/local_setup.zsh'
[2.260s] INFO:colcon.colcon_core.shell:Creating prefix chain script '/home/livia/rl_6dof_ws/install/setup.zsh'
