[0.022s] Invoking command in '/home/livia/rl_6dof_ws/build/sixdof_arm_interfaces': CMAKE_PREFIX_PATH=${CMAKE_PREFIX_PATH}:/home/livia/ros2_ws/install/my_py_pkg:/home/livia/ros2_ws/install/actions_py:/home/livia/Documents/git/Catch-Them-All-Turtlesim-Project/Catch_Them_All_Turtlesim_Project_WS/install/turtlesim_catch_them_all:/home/livia/rl_6dof_ws/install/sixdof_arm_rl:/opt/ros/humble CONDA_PROMPT_MODIFIER=(base) /usr/bin/cmake --build /home/livia/rl_6dof_ws/build/sixdof_arm_interfaces -- -j4 -l4
[0.165s] [  2%] Built target sixdof_arm_interfaces__cpp
[0.178s] [  2%] Built target ament_cmake_python_symlink_sixdof_arm_interfaces
[0.189s] [ 12%] Built target sixdof_arm_interfaces__rosidl_generator_c
[0.228s] [ 23%] Built target sixdof_arm_interfaces__rosidl_typesupport_cpp
[0.232s] [ 33%] Built target sixdof_arm_interfaces__rosidl_typesupport_introspection_cpp
[0.234s] [ 43%] Built target sixdof_arm_interfaces__rosidl_typesupport_fastrtps_cpp
[0.279s] [ 53%] Built target sixdof_arm_interfaces__rosidl_typesupport_introspection_c
[0.281s] [ 64%] Built target sixdof_arm_interfaces__rosidl_typesupport_fastrtps_c
[0.285s] [ 74%] Built target sixdof_arm_interfaces__rosidl_typesupport_c
[0.311s] [ 74%] Built target sixdof_arm_interfaces
[0.339s] [ 76%] Built target sixdof_arm_interfaces__py
[0.382s] [ 84%] Built target sixdof_arm_interfaces__rosidl_generator_py
[0.424s] [ 89%] Built target sixdof_arm_interfaces__rosidl_typesupport_introspection_c__pyext
[0.424s] [ 94%] Built target sixdof_arm_interfaces__rosidl_typesupport_fastrtps_c__pyext
[0.425s] [100%] Built target sixdof_arm_interfaces__rosidl_typesupport_c__pyext
[0.928s] running egg_info
[0.950s] writing sixdof_arm_interfaces.egg-info/PKG-INFO
[0.950s] writing dependency_links to sixdof_arm_interfaces.egg-info/dependency_links.txt
[0.950s] writing top-level names to sixdof_arm_interfaces.egg-info/top_level.txt
[1.012s] reading manifest file 'sixdof_arm_interfaces.egg-info/SOURCES.txt'
[1.013s] writing manifest file 'sixdof_arm_interfaces.egg-info/SOURCES.txt'
[1.043s] [100%] Built target ament_cmake_python_build_sixdof_arm_interfaces_egg
[1.055s] Invoked command in '/home/livia/rl_6dof_ws/build/sixdof_arm_interfaces' returned '0': CMAKE_PREFIX_PATH=${CMAKE_PREFIX_PATH}:/home/livia/ros2_ws/install/my_py_pkg:/home/livia/ros2_ws/install/actions_py:/home/livia/Documents/git/Catch-Them-All-Turtlesim-Project/Catch_Them_All_Turtlesim_Project_WS/install/turtlesim_catch_them_all:/home/livia/rl_6dof_ws/install/sixdof_arm_rl:/opt/ros/humble CONDA_PROMPT_MODIFIER=(base) /usr/bin/cmake --build /home/livia/rl_6dof_ws/build/sixdof_arm_interfaces -- -j4 -l4
[1.058s] Invoking command in '/home/livia/rl_6dof_ws/build/sixdof_arm_interfaces': CMAKE_PREFIX_PATH=${CMAKE_PREFIX_PATH}:/home/livia/ros2_ws/install/my_py_pkg:/home/livia/ros2_ws/install/actions_py:/home/livia/Documents/git/Catch-Them-All-Turtlesim-Project/Catch_Them_All_Turtlesim_Project_WS/install/turtlesim_catch_them_all:/home/livia/rl_6dof_ws/install/sixdof_arm_rl:/opt/ros/humble CONDA_PROMPT_MODIFIER=(base) /usr/bin/cmake --install /home/livia/rl_6dof_ws/build/sixdof_arm_interfaces
[1.066s] -- Install configuration: ""
[1.067s] -- Execute custom install script
[1.068s] -- Up-to-date symlink: /home/livia/rl_6dof_ws/install/sixdof_arm_interfaces/share/ament_index/resource_index/rosidl_interfaces/sixdof_arm_interfaces
[1.072s] -- Up-to-date symlink: /home/livia/rl_6dof_ws/install/sixdof_arm_interfaces/include/sixdof_arm_interfaces/sixdof_arm_interfaces/action/detail/move_six_dof_arm__functions.h
[1.072s] -- Up-to-date symlink: /home/livia/rl_6dof_ws/install/sixdof_arm_interfaces/include/sixdof_arm_interfaces/sixdof_arm_interfaces/action/detail/move_six_dof_arm__struct.h
[1.073s] -- Up-to-date symlink: /home/livia/rl_6dof_ws/install/sixdof_arm_interfaces/include/sixdof_arm_interfaces/sixdof_arm_interfaces/action/detail/move_six_dof_arm__type_support.h
[1.073s] -- Up-to-date symlink: /home/livia/rl_6dof_ws/install/sixdof_arm_interfaces/include/sixdof_arm_interfaces/sixdof_arm_interfaces/action/move_six_dof_arm.h
[1.074s] -- Up-to-date symlink: /home/livia/rl_6dof_ws/install/sixdof_arm_interfaces/include/sixdof_arm_interfaces/sixdof_arm_interfaces/msg/rosidl_generator_c__visibility_control.h
[1.075s] -- Up-to-date symlink: /home/livia/rl_6dof_ws/install/sixdof_arm_interfaces/include/sixdof_arm_interfaces/sixdof_arm_interfaces/srv/detail/reset_arm__functions.h
[1.075s] -- Up-to-date symlink: /home/livia/rl_6dof_ws/install/sixdof_arm_interfaces/include/sixdof_arm_interfaces/sixdof_arm_interfaces/srv/detail/reset_arm__struct.h
[1.075s] -- Up-to-date symlink: /home/livia/rl_6dof_ws/install/sixdof_arm_interfaces/include/sixdof_arm_interfaces/sixdof_arm_interfaces/srv/detail/reset_arm__type_support.h
[1.076s] -- Up-to-date symlink: /home/livia/rl_6dof_ws/install/sixdof_arm_interfaces/include/sixdof_arm_interfaces/sixdof_arm_interfaces/srv/reset_arm.h
[1.077s] -- Up-to-date symlink: /home/livia/rl_6dof_ws/install/sixdof_arm_interfaces/share/sixdof_arm_interfaces/environment/library_path.sh
[1.077s] -- Up-to-date symlink: /home/livia/rl_6dof_ws/install/sixdof_arm_interfaces/share/sixdof_arm_interfaces/environment/library_path.dsv
[1.078s] -- Up-to-date symlink: /home/livia/rl_6dof_ws/install/sixdof_arm_interfaces/include/sixdof_arm_interfaces/sixdof_arm_interfaces/action/detail/move_six_dof_arm__rosidl_typesupport_fastrtps_c.h
[1.079s] -- Up-to-date symlink: /home/livia/rl_6dof_ws/install/sixdof_arm_interfaces/include/sixdof_arm_interfaces/sixdof_arm_interfaces/msg/rosidl_typesupport_fastrtps_c__visibility_control.h
[1.079s] -- Up-to-date symlink: /home/livia/rl_6dof_ws/install/sixdof_arm_interfaces/include/sixdof_arm_interfaces/sixdof_arm_interfaces/srv/detail/reset_arm__rosidl_typesupport_fastrtps_c.h
[1.080s] -- Up-to-date symlink: /home/livia/rl_6dof_ws/install/sixdof_arm_interfaces/include/sixdof_arm_interfaces/sixdof_arm_interfaces/action/detail/move_six_dof_arm__rosidl_typesupport_introspection_c.h
[1.080s] -- Up-to-date symlink: /home/livia/rl_6dof_ws/install/sixdof_arm_interfaces/include/sixdof_arm_interfaces/sixdof_arm_interfaces/msg/rosidl_typesupport_introspection_c__visibility_control.h
[1.081s] -- Up-to-date symlink: /home/livia/rl_6dof_ws/install/sixdof_arm_interfaces/include/sixdof_arm_interfaces/sixdof_arm_interfaces/srv/detail/reset_arm__rosidl_typesupport_introspection_c.h
[1.081s] -- Up-to-date symlink: /home/livia/rl_6dof_ws/install/sixdof_arm_interfaces/include/sixdof_arm_interfaces/sixdof_arm_interfaces/action/detail/move_six_dof_arm__builder.hpp
[1.082s] -- Up-to-date symlink: /home/livia/rl_6dof_ws/install/sixdof_arm_interfaces/include/sixdof_arm_interfaces/sixdof_arm_interfaces/action/detail/move_six_dof_arm__struct.hpp
[1.082s] -- Up-to-date symlink: /home/livia/rl_6dof_ws/install/sixdof_arm_interfaces/include/sixdof_arm_interfaces/sixdof_arm_interfaces/action/detail/move_six_dof_arm__traits.hpp
[1.083s] -- Up-to-date symlink: /home/livia/rl_6dof_ws/install/sixdof_arm_interfaces/include/sixdof_arm_interfaces/sixdof_arm_interfaces/action/detail/move_six_dof_arm__type_support.hpp
[1.083s] -- Up-to-date symlink: /home/livia/rl_6dof_ws/install/sixdof_arm_interfaces/include/sixdof_arm_interfaces/sixdof_arm_interfaces/action/move_six_dof_arm.hpp
[1.083s] -- Up-to-date symlink: /home/livia/rl_6dof_ws/install/sixdof_arm_interfaces/include/sixdof_arm_interfaces/sixdof_arm_interfaces/msg/rosidl_generator_cpp__visibility_control.hpp
[1.084s] -- Up-to-date symlink: /home/livia/rl_6dof_ws/install/sixdof_arm_interfaces/include/sixdof_arm_interfaces/sixdof_arm_interfaces/srv/detail/reset_arm__builder.hpp
[1.084s] -- Up-to-date symlink: /home/livia/rl_6dof_ws/install/sixdof_arm_interfaces/include/sixdof_arm_interfaces/sixdof_arm_interfaces/srv/detail/reset_arm__struct.hpp
[1.084s] -- Up-to-date symlink: /home/livia/rl_6dof_ws/install/sixdof_arm_interfaces/include/sixdof_arm_interfaces/sixdof_arm_interfaces/srv/detail/reset_arm__traits.hpp
[1.085s] -- Up-to-date symlink: /home/livia/rl_6dof_ws/install/sixdof_arm_interfaces/include/sixdof_arm_interfaces/sixdof_arm_interfaces/srv/detail/reset_arm__type_support.hpp
[1.085s] -- Up-to-date symlink: /home/livia/rl_6dof_ws/install/sixdof_arm_interfaces/include/sixdof_arm_interfaces/sixdof_arm_interfaces/srv/reset_arm.hpp
[1.086s] -- Up-to-date symlink: /home/livia/rl_6dof_ws/install/sixdof_arm_interfaces/include/sixdof_arm_interfaces/sixdof_arm_interfaces/action/detail/move_six_dof_arm__rosidl_typesupport_fastrtps_cpp.hpp
[1.087s] -- Up-to-date symlink: /home/livia/rl_6dof_ws/install/sixdof_arm_interfaces/include/sixdof_arm_interfaces/sixdof_arm_interfaces/msg/rosidl_typesupport_fastrtps_cpp__visibility_control.h
[1.087s] -- Up-to-date symlink: /home/livia/rl_6dof_ws/install/sixdof_arm_interfaces/include/sixdof_arm_interfaces/sixdof_arm_interfaces/srv/detail/reset_arm__rosidl_typesupport_fastrtps_cpp.hpp
[1.088s] -- Up-to-date symlink: /home/livia/rl_6dof_ws/install/sixdof_arm_interfaces/include/sixdof_arm_interfaces/sixdof_arm_interfaces/action/detail/move_six_dof_arm__rosidl_typesupport_introspection_cpp.hpp
[1.088s] -- Up-to-date symlink: /home/livia/rl_6dof_ws/install/sixdof_arm_interfaces/include/sixdof_arm_interfaces/sixdof_arm_interfaces/srv/detail/reset_arm__rosidl_typesupport_introspection_cpp.hpp
[1.089s] -- Up-to-date symlink: /home/livia/rl_6dof_ws/install/sixdof_arm_interfaces/share/sixdof_arm_interfaces/environment/pythonpath.sh
[1.089s] -- Up-to-date symlink: /home/livia/rl_6dof_ws/install/sixdof_arm_interfaces/share/sixdof_arm_interfaces/environment/pythonpath.dsv
[1.089s] -- Up-to-date symlink: /home/livia/rl_6dof_ws/install/sixdof_arm_interfaces/local/lib/python3.10/dist-packages/sixdof_arm_interfaces-0.0.0-py3.10.egg-info/PKG-INFO
[1.090s] -- Up-to-date symlink: /home/livia/rl_6dof_ws/install/sixdof_arm_interfaces/local/lib/python3.10/dist-packages/sixdof_arm_interfaces-0.0.0-py3.10.egg-info/SOURCES.txt
[1.090s] -- Up-to-date symlink: /home/livia/rl_6dof_ws/install/sixdof_arm_interfaces/local/lib/python3.10/dist-packages/sixdof_arm_interfaces-0.0.0-py3.10.egg-info/dependency_links.txt
[1.090s] -- Up-to-date symlink: /home/livia/rl_6dof_ws/install/sixdof_arm_interfaces/local/lib/python3.10/dist-packages/sixdof_arm_interfaces-0.0.0-py3.10.egg-info/top_level.txt
[1.092s] -- Up-to-date symlink: /home/livia/rl_6dof_ws/install/sixdof_arm_interfaces/local/lib/python3.10/dist-packages/sixdof_arm_interfaces/__init__.py
[1.092s] -- Up-to-date symlink: /home/livia/rl_6dof_ws/install/sixdof_arm_interfaces/local/lib/python3.10/dist-packages/sixdof_arm_interfaces/_sixdof_arm_interfaces_s.ep.rosidl_typesupport_c.c
[1.092s] -- Up-to-date symlink: /home/livia/rl_6dof_ws/install/sixdof_arm_interfaces/local/lib/python3.10/dist-packages/sixdof_arm_interfaces/_sixdof_arm_interfaces_s.ep.rosidl_typesupport_fastrtps_c.c
[1.093s] -- Up-to-date symlink: /home/livia/rl_6dof_ws/install/sixdof_arm_interfaces/local/lib/python3.10/dist-packages/sixdof_arm_interfaces/_sixdof_arm_interfaces_s.ep.rosidl_typesupport_introspection_c.c
[1.093s] -- Up-to-date symlink: /home/livia/rl_6dof_ws/install/sixdof_arm_interfaces/local/lib/python3.10/dist-packages/sixdof_arm_interfaces/action/__init__.py
[1.094s] -- Up-to-date symlink: /home/livia/rl_6dof_ws/install/sixdof_arm_interfaces/local/lib/python3.10/dist-packages/sixdof_arm_interfaces/action/_move_six_dof_arm.py
[1.094s] -- Up-to-date symlink: /home/livia/rl_6dof_ws/install/sixdof_arm_interfaces/local/lib/python3.10/dist-packages/sixdof_arm_interfaces/action/_move_six_dof_arm_s.c
[1.094s] -- Up-to-date symlink: /home/livia/rl_6dof_ws/install/sixdof_arm_interfaces/local/lib/python3.10/dist-packages/sixdof_arm_interfaces/libsixdof_arm_interfaces__rosidl_generator_py.so
[1.095s] -- Up-to-date symlink: /home/livia/rl_6dof_ws/install/sixdof_arm_interfaces/local/lib/python3.10/dist-packages/sixdof_arm_interfaces/sixdof_arm_interfaces_s__rosidl_typesupport_c.cpython-310-x86_64-linux-gnu.so
[1.095s] -- Up-to-date symlink: /home/livia/rl_6dof_ws/install/sixdof_arm_interfaces/local/lib/python3.10/dist-packages/sixdof_arm_interfaces/sixdof_arm_interfaces_s__rosidl_typesupport_fastrtps_c.cpython-310-x86_64-linux-gnu.so
[1.096s] -- Up-to-date symlink: /home/livia/rl_6dof_ws/install/sixdof_arm_interfaces/local/lib/python3.10/dist-packages/sixdof_arm_interfaces/sixdof_arm_interfaces_s__rosidl_typesupport_introspection_c.cpython-310-x86_64-linux-gnu.so
[1.096s] -- Up-to-date symlink: /home/livia/rl_6dof_ws/install/sixdof_arm_interfaces/local/lib/python3.10/dist-packages/sixdof_arm_interfaces/srv/__init__.py
[1.097s] -- Up-to-date symlink: /home/livia/rl_6dof_ws/install/sixdof_arm_interfaces/local/lib/python3.10/dist-packages/sixdof_arm_interfaces/srv/_reset_arm.py
[1.097s] -- Up-to-date symlink: /home/livia/rl_6dof_ws/install/sixdof_arm_interfaces/local/lib/python3.10/dist-packages/sixdof_arm_interfaces/srv/_reset_arm_s.c
[1.098s] -- Up-to-date symlink: /home/livia/rl_6dof_ws/install/sixdof_arm_interfaces/local/lib/python3.10/dist-packages/sixdof_arm_interfaces/sixdof_arm_interfaces_s__rosidl_typesupport_fastrtps_c.cpython-310-x86_64-linux-gnu.so
[1.098s] -- Up-to-date symlink: /home/livia/rl_6dof_ws/install/sixdof_arm_interfaces/local/lib/python3.10/dist-packages/sixdof_arm_interfaces/sixdof_arm_interfaces_s__rosidl_typesupport_introspection_c.cpython-310-x86_64-linux-gnu.so
[1.099s] -- Up-to-date symlink: /home/livia/rl_6dof_ws/install/sixdof_arm_interfaces/local/lib/python3.10/dist-packages/sixdof_arm_interfaces/sixdof_arm_interfaces_s__rosidl_typesupport_c.cpython-310-x86_64-linux-gnu.so
[1.099s] -- Up-to-date symlink: /home/livia/rl_6dof_ws/install/sixdof_arm_interfaces/share/sixdof_arm_interfaces/srv/ResetArm.idl
[1.100s] -- Up-to-date symlink: /home/livia/rl_6dof_ws/install/sixdof_arm_interfaces/share/sixdof_arm_interfaces/action/MoveSixDofArm.idl
[1.101s] -- Up-to-date symlink: /home/livia/rl_6dof_ws/install/sixdof_arm_interfaces/share/sixdof_arm_interfaces/srv/ResetArm.srv
[1.101s] -- Up-to-date symlink: /home/livia/rl_6dof_ws/install/sixdof_arm_interfaces/share/sixdof_arm_interfaces/srv/ResetArm_Request.msg
[1.101s] -- Up-to-date symlink: /home/livia/rl_6dof_ws/install/sixdof_arm_interfaces/share/sixdof_arm_interfaces/srv/ResetArm_Response.msg
[1.102s] -- Up-to-date symlink: /home/livia/rl_6dof_ws/install/sixdof_arm_interfaces/share/sixdof_arm_interfaces/action/MoveSixDofArm.action
[1.102s] -- Up-to-date symlink: /home/livia/rl_6dof_ws/install/sixdof_arm_interfaces/share/ament_index/resource_index/package_run_dependencies/sixdof_arm_interfaces
[1.103s] -- Up-to-date symlink: /home/livia/rl_6dof_ws/install/sixdof_arm_interfaces/share/ament_index/resource_index/parent_prefix_path/sixdof_arm_interfaces
[1.103s] -- Up-to-date symlink: /home/livia/rl_6dof_ws/install/sixdof_arm_interfaces/share/sixdof_arm_interfaces/environment/ament_prefix_path.sh
[1.103s] -- Up-to-date symlink: /home/livia/rl_6dof_ws/install/sixdof_arm_interfaces/share/sixdof_arm_interfaces/environment/ament_prefix_path.dsv
[1.104s] -- Up-to-date symlink: /home/livia/rl_6dof_ws/install/sixdof_arm_interfaces/share/sixdof_arm_interfaces/environment/path.sh
[1.104s] -- Up-to-date symlink: /home/livia/rl_6dof_ws/install/sixdof_arm_interfaces/share/sixdof_arm_interfaces/environment/path.dsv
[1.105s] -- Up-to-date symlink: /home/livia/rl_6dof_ws/install/sixdof_arm_interfaces/share/sixdof_arm_interfaces/local_setup.bash
[1.105s] -- Up-to-date symlink: /home/livia/rl_6dof_ws/install/sixdof_arm_interfaces/share/sixdof_arm_interfaces/local_setup.sh
[1.105s] -- Up-to-date symlink: /home/livia/rl_6dof_ws/install/sixdof_arm_interfaces/share/sixdof_arm_interfaces/local_setup.zsh
[1.106s] -- Up-to-date symlink: /home/livia/rl_6dof_ws/install/sixdof_arm_interfaces/share/sixdof_arm_interfaces/local_setup.dsv
[1.106s] -- Symlinking: /home/livia/rl_6dof_ws/install/sixdof_arm_interfaces/share/sixdof_arm_interfaces/package.dsv
[1.116s] -- Up-to-date symlink: /home/livia/rl_6dof_ws/install/sixdof_arm_interfaces/share/ament_index/resource_index/packages/sixdof_arm_interfaces
[1.116s] -- Up-to-date symlink: /home/livia/rl_6dof_ws/install/sixdof_arm_interfaces/share/sixdof_arm_interfaces/cmake/rosidl_cmake-extras.cmake
[1.117s] -- Up-to-date symlink: /home/livia/rl_6dof_ws/install/sixdof_arm_interfaces/share/sixdof_arm_interfaces/cmake/ament_cmake_export_dependencies-extras.cmake
[1.117s] -- Up-to-date symlink: /home/livia/rl_6dof_ws/install/sixdof_arm_interfaces/share/sixdof_arm_interfaces/cmake/ament_cmake_export_include_directories-extras.cmake
[1.117s] -- Up-to-date symlink: /home/livia/rl_6dof_ws/install/sixdof_arm_interfaces/share/sixdof_arm_interfaces/cmake/ament_cmake_export_libraries-extras.cmake
[1.118s] -- Up-to-date symlink: /home/livia/rl_6dof_ws/install/sixdof_arm_interfaces/share/sixdof_arm_interfaces/cmake/ament_cmake_export_targets-extras.cmake
[1.118s] -- Up-to-date symlink: /home/livia/rl_6dof_ws/install/sixdof_arm_interfaces/share/sixdof_arm_interfaces/cmake/rosidl_cmake_export_typesupport_targets-extras.cmake
[1.119s] -- Up-to-date symlink: /home/livia/rl_6dof_ws/install/sixdof_arm_interfaces/share/sixdof_arm_interfaces/cmake/rosidl_cmake_export_typesupport_libraries-extras.cmake
[1.119s] -- Up-to-date symlink: /home/livia/rl_6dof_ws/install/sixdof_arm_interfaces/share/sixdof_arm_interfaces/cmake/sixdof_arm_interfacesConfig.cmake
[1.119s] -- Up-to-date symlink: /home/livia/rl_6dof_ws/install/sixdof_arm_interfaces/share/sixdof_arm_interfaces/cmake/sixdof_arm_interfacesConfig-version.cmake
[1.120s] -- Up-to-date symlink: /home/livia/rl_6dof_ws/install/sixdof_arm_interfaces/share/sixdof_arm_interfaces/package.xml
[1.121s] -- Up-to-date: /home/livia/rl_6dof_ws/install/sixdof_arm_interfaces/lib/libsixdof_arm_interfaces__rosidl_generator_c.so
[1.122s] -- Up-to-date: /home/livia/rl_6dof_ws/install/sixdof_arm_interfaces/lib/libsixdof_arm_interfaces__rosidl_typesupport_fastrtps_c.so
[1.124s] -- Up-to-date: /home/livia/rl_6dof_ws/install/sixdof_arm_interfaces/lib/libsixdof_arm_interfaces__rosidl_typesupport_introspection_c.so
[1.125s] -- Up-to-date: /home/livia/rl_6dof_ws/install/sixdof_arm_interfaces/lib/libsixdof_arm_interfaces__rosidl_typesupport_c.so
[1.126s] -- Up-to-date: /home/livia/rl_6dof_ws/install/sixdof_arm_interfaces/lib/libsixdof_arm_interfaces__rosidl_typesupport_fastrtps_cpp.so
[1.128s] -- Up-to-date: /home/livia/rl_6dof_ws/install/sixdof_arm_interfaces/lib/libsixdof_arm_interfaces__rosidl_typesupport_introspection_cpp.so
[1.129s] -- Up-to-date: /home/livia/rl_6dof_ws/install/sixdof_arm_interfaces/lib/libsixdof_arm_interfaces__rosidl_typesupport_cpp.so
[1.248s] Listing '/home/livia/rl_6dof_ws/install/sixdof_arm_interfaces/local/lib/python3.10/dist-packages/sixdof_arm_interfaces'...
[1.248s] Listing '/home/livia/rl_6dof_ws/install/sixdof_arm_interfaces/local/lib/python3.10/dist-packages/sixdof_arm_interfaces/action'...
[1.248s] Listing '/home/livia/rl_6dof_ws/install/sixdof_arm_interfaces/local/lib/python3.10/dist-packages/sixdof_arm_interfaces/srv'...
[1.254s] -- Up-to-date: /home/livia/rl_6dof_ws/install/sixdof_arm_interfaces/lib/libsixdof_arm_interfaces__rosidl_generator_py.so
[1.255s] -- Up-to-date: /home/livia/rl_6dof_ws/install/sixdof_arm_interfaces/share/sixdof_arm_interfaces/cmake/export_sixdof_arm_interfaces__rosidl_generator_cExport.cmake
[1.255s] -- Up-to-date: /home/livia/rl_6dof_ws/install/sixdof_arm_interfaces/share/sixdof_arm_interfaces/cmake/export_sixdof_arm_interfaces__rosidl_generator_cExport-noconfig.cmake
[1.256s] -- Up-to-date: /home/livia/rl_6dof_ws/install/sixdof_arm_interfaces/share/sixdof_arm_interfaces/cmake/export_sixdof_arm_interfaces__rosidl_typesupport_fastrtps_cExport.cmake
[1.256s] -- Up-to-date: /home/livia/rl_6dof_ws/install/sixdof_arm_interfaces/share/sixdof_arm_interfaces/cmake/export_sixdof_arm_interfaces__rosidl_typesupport_fastrtps_cExport-noconfig.cmake
[1.256s] -- Up-to-date: /home/livia/rl_6dof_ws/install/sixdof_arm_interfaces/share/sixdof_arm_interfaces/cmake/sixdof_arm_interfaces__rosidl_typesupport_introspection_cExport.cmake
[1.257s] -- Up-to-date: /home/livia/rl_6dof_ws/install/sixdof_arm_interfaces/share/sixdof_arm_interfaces/cmake/sixdof_arm_interfaces__rosidl_typesupport_introspection_cExport-noconfig.cmake
[1.257s] -- Up-to-date: /home/livia/rl_6dof_ws/install/sixdof_arm_interfaces/share/sixdof_arm_interfaces/cmake/sixdof_arm_interfaces__rosidl_typesupport_cExport.cmake
[1.257s] -- Up-to-date: /home/livia/rl_6dof_ws/install/sixdof_arm_interfaces/share/sixdof_arm_interfaces/cmake/sixdof_arm_interfaces__rosidl_typesupport_cExport-noconfig.cmake
[1.258s] -- Up-to-date: /home/livia/rl_6dof_ws/install/sixdof_arm_interfaces/share/sixdof_arm_interfaces/cmake/export_sixdof_arm_interfaces__rosidl_generator_cppExport.cmake
[1.259s] -- Up-to-date: /home/livia/rl_6dof_ws/install/sixdof_arm_interfaces/share/sixdof_arm_interfaces/cmake/export_sixdof_arm_interfaces__rosidl_typesupport_fastrtps_cppExport.cmake
[1.259s] -- Up-to-date: /home/livia/rl_6dof_ws/install/sixdof_arm_interfaces/share/sixdof_arm_interfaces/cmake/export_sixdof_arm_interfaces__rosidl_typesupport_fastrtps_cppExport-noconfig.cmake
[1.260s] -- Up-to-date: /home/livia/rl_6dof_ws/install/sixdof_arm_interfaces/share/sixdof_arm_interfaces/cmake/sixdof_arm_interfaces__rosidl_typesupport_introspection_cppExport.cmake
[1.260s] -- Up-to-date: /home/livia/rl_6dof_ws/install/sixdof_arm_interfaces/share/sixdof_arm_interfaces/cmake/sixdof_arm_interfaces__rosidl_typesupport_introspection_cppExport-noconfig.cmake
[1.260s] -- Up-to-date: /home/livia/rl_6dof_ws/install/sixdof_arm_interfaces/share/sixdof_arm_interfaces/cmake/sixdof_arm_interfaces__rosidl_typesupport_cppExport.cmake
[1.261s] -- Up-to-date: /home/livia/rl_6dof_ws/install/sixdof_arm_interfaces/share/sixdof_arm_interfaces/cmake/sixdof_arm_interfaces__rosidl_typesupport_cppExport-noconfig.cmake
[1.261s] -- Up-to-date: /home/livia/rl_6dof_ws/install/sixdof_arm_interfaces/share/sixdof_arm_interfaces/cmake/export_sixdof_arm_interfaces__rosidl_generator_pyExport.cmake
[1.261s] -- Up-to-date: /home/livia/rl_6dof_ws/install/sixdof_arm_interfaces/share/sixdof_arm_interfaces/cmake/export_sixdof_arm_interfaces__rosidl_generator_pyExport-noconfig.cmake
[1.264s] Invoked command in '/home/livia/rl_6dof_ws/build/sixdof_arm_interfaces' returned '0': CMAKE_PREFIX_PATH=${CMAKE_PREFIX_PATH}:/home/livia/ros2_ws/install/my_py_pkg:/home/livia/ros2_ws/install/actions_py:/home/livia/Documents/git/Catch-Them-All-Turtlesim-Project/Catch_Them_All_Turtlesim_Project_WS/install/turtlesim_catch_them_all:/home/livia/rl_6dof_ws/install/sixdof_arm_rl:/opt/ros/humble CONDA_PROMPT_MODIFIER=(base) /usr/bin/cmake --install /home/livia/rl_6dof_ws/build/sixdof_arm_interfaces
