running develop
Removing /home/livia/rl_6dof_ws/install/6dof_arm_rl/lib/python3.10/site-packages/6dof-arm-rl.egg-link (link to .)
running egg_info
writing ../../build/6dof_arm_rl/6dof_arm_rl.egg-info/PKG-INFO
writing dependency_links to ../../build/6dof_arm_rl/6dof_arm_rl.egg-info/dependency_links.txt
writing entry points to ../../build/6dof_arm_rl/6dof_arm_rl.egg-info/entry_points.txt
writing requirements to ../../build/6dof_arm_rl/6dof_arm_rl.egg-info/requires.txt
writing top-level names to ../../build/6dof_arm_rl/6dof_arm_rl.egg-info/top_level.txt
reading manifest file '../../build/6dof_arm_rl/6dof_arm_rl.egg-info/SOURCES.txt'
writing manifest file '../../build/6dof_arm_rl/6dof_arm_rl.egg-info/SOURCES.txt'
running build
running build_py
running install
running install_lib
creating /home/livia/rl_6dof_ws/install/6dof_arm_rl/lib/python3.10/site-packages/6dof_arm_rl
copying /home/livia/rl_6dof_ws/build/6dof_arm_rl/build/lib/6dof_arm_rl/__init__.py -> /home/livia/rl_6dof_ws/install/6dof_arm_rl/lib/python3.10/site-packages/6dof_arm_rl
copying /home/livia/rl_6dof_ws/build/6dof_arm_rl/build/lib/6dof_arm_rl/arm_control.py -> /home/livia/rl_6dof_ws/install/6dof_arm_rl/lib/python3.10/site-packages/6dof_arm_rl
byte-compiling /home/livia/rl_6dof_ws/install/6dof_arm_rl/lib/python3.10/site-packages/6dof_arm_rl/__init__.py to __init__.cpython-310.pyc
byte-compiling /home/livia/rl_6dof_ws/install/6dof_arm_rl/lib/python3.10/site-packages/6dof_arm_rl/arm_control.py to arm_control.cpython-310.pyc
running install_data
copying resource/6dof_arm_rl -> /home/livia/rl_6dof_ws/install/6dof_arm_rl/share/ament_index/resource_index/packages
copying package.xml -> /home/livia/rl_6dof_ws/install/6dof_arm_rl/share/6dof_arm_rl
running install_egg_info
Copying ../../build/6dof_arm_rl/6dof_arm_rl.egg-info to /home/livia/rl_6dof_ws/install/6dof_arm_rl/lib/python3.10/site-packages/6dof_arm_rl-0.0.0-py3.10.egg-info
running install_scripts
Installing arm_control script to /home/livia/rl_6dof_ws/install/6dof_arm_rl/lib/6dof_arm_rl
writing list of installed files to '/home/livia/rl_6dof_ws/build/6dof_arm_rl/install.log'
