[0.754s] Invoking command in '/home/livia/rl_6dof_ws/build/6dof_arm_rl': PYTHONPATH=/home/livia/rl_6dof_ws/build/6dof_arm_rl/prefix_override:/usr/lib/python3/dist-packages/colcon_core/task/python/colcon_distutils_commands:/home/livia/rl_6dof_ws/install/6dof_arm_rl/lib/python3.10/site-packages:${PYTHONPATH} /usr/bin/python3 -W ignore:setup.py install is deprecated -W ignore:easy_install command is deprecated setup.py develop --uninstall --editable --build-directory /home/livia/rl_6dof_ws/build/6dof_arm_rl/build
[1.047s] running develop
[1.240s] Removing /home/livia/rl_6dof_ws/install/6dof_arm_rl/lib/python3.10/site-packages/6dof-arm-rl.egg-link (link to .)
[1.265s] Invoked command in '/home/livia/rl_6dof_ws/build/6dof_arm_rl' returned '0': PYTHONPATH=/home/livia/rl_6dof_ws/build/6dof_arm_rl/prefix_override:/usr/lib/python3/dist-packages/colcon_core/task/python/colcon_distutils_commands:/home/livia/rl_6dof_ws/install/6dof_arm_rl/lib/python3.10/site-packages:${PYTHONPATH} /usr/bin/python3 -W ignore:setup.py install is deprecated -W ignore:easy_install command is deprecated setup.py develop --uninstall --editable --build-directory /home/livia/rl_6dof_ws/build/6dof_arm_rl/build
[1.267s] Invoking command in '/home/livia/rl_6dof_ws/src/6dof_arm_rl': PYTHONPATH=/home/livia/rl_6dof_ws/build/6dof_arm_rl/prefix_override:/usr/lib/python3/dist-packages/colcon_core/task/python/colcon_distutils_commands:/home/livia/rl_6dof_ws/install/6dof_arm_rl/lib/python3.10/site-packages:${PYTHONPATH} /usr/bin/python3 -W ignore:setup.py install is deprecated -W ignore:easy_install command is deprecated setup.py egg_info --egg-base ../../build/6dof_arm_rl build --build-base /home/livia/rl_6dof_ws/build/6dof_arm_rl/build install --record /home/livia/rl_6dof_ws/build/6dof_arm_rl/install.log --single-version-externally-managed install_data --force
[1.512s] running egg_info
[1.513s] writing ../../build/6dof_arm_rl/6dof_arm_rl.egg-info/PKG-INFO
[1.513s] writing dependency_links to ../../build/6dof_arm_rl/6dof_arm_rl.egg-info/dependency_links.txt
[1.513s] writing entry points to ../../build/6dof_arm_rl/6dof_arm_rl.egg-info/entry_points.txt
[1.513s] writing requirements to ../../build/6dof_arm_rl/6dof_arm_rl.egg-info/requires.txt
[1.513s] writing top-level names to ../../build/6dof_arm_rl/6dof_arm_rl.egg-info/top_level.txt
[1.515s] reading manifest file '../../build/6dof_arm_rl/6dof_arm_rl.egg-info/SOURCES.txt'
[1.516s] writing manifest file '../../build/6dof_arm_rl/6dof_arm_rl.egg-info/SOURCES.txt'
[1.516s] running build
[1.516s] running build_py
[1.517s] running install
[1.518s] running install_lib
[1.518s] creating /home/livia/rl_6dof_ws/install/6dof_arm_rl/lib/python3.10/site-packages/6dof_arm_rl
[1.519s] copying /home/livia/rl_6dof_ws/build/6dof_arm_rl/build/lib/6dof_arm_rl/__init__.py -> /home/livia/rl_6dof_ws/install/6dof_arm_rl/lib/python3.10/site-packages/6dof_arm_rl
[1.519s] copying /home/livia/rl_6dof_ws/build/6dof_arm_rl/build/lib/6dof_arm_rl/arm_control.py -> /home/livia/rl_6dof_ws/install/6dof_arm_rl/lib/python3.10/site-packages/6dof_arm_rl
[1.519s] byte-compiling /home/livia/rl_6dof_ws/install/6dof_arm_rl/lib/python3.10/site-packages/6dof_arm_rl/__init__.py to __init__.cpython-310.pyc
[1.519s] byte-compiling /home/livia/rl_6dof_ws/install/6dof_arm_rl/lib/python3.10/site-packages/6dof_arm_rl/arm_control.py to arm_control.cpython-310.pyc
[1.520s] running install_data
[1.520s] copying resource/6dof_arm_rl -> /home/livia/rl_6dof_ws/install/6dof_arm_rl/share/ament_index/resource_index/packages
[1.520s] copying package.xml -> /home/livia/rl_6dof_ws/install/6dof_arm_rl/share/6dof_arm_rl
[1.520s] running install_egg_info
[1.523s] Copying ../../build/6dof_arm_rl/6dof_arm_rl.egg-info to /home/livia/rl_6dof_ws/install/6dof_arm_rl/lib/python3.10/site-packages/6dof_arm_rl-0.0.0-py3.10.egg-info
[1.524s] running install_scripts
[1.546s] Installing arm_control script to /home/livia/rl_6dof_ws/install/6dof_arm_rl/lib/6dof_arm_rl
[1.546s] writing list of installed files to '/home/livia/rl_6dof_ws/build/6dof_arm_rl/install.log'
[1.570s] Invoked command in '/home/livia/rl_6dof_ws/src/6dof_arm_rl' returned '0': PYTHONPATH=/home/livia/rl_6dof_ws/build/6dof_arm_rl/prefix_override:/usr/lib/python3/dist-packages/colcon_core/task/python/colcon_distutils_commands:/home/livia/rl_6dof_ws/install/6dof_arm_rl/lib/python3.10/site-packages:${PYTHONPATH} /usr/bin/python3 -W ignore:setup.py install is deprecated -W ignore:easy_install command is deprecated setup.py egg_info --egg-base ../../build/6dof_arm_rl build --build-base /home/livia/rl_6dof_ws/build/6dof_arm_rl/build install --record /home/livia/rl_6dof_ws/build/6dof_arm_rl/install.log --single-version-externally-managed install_data --force
