[0.115s] DEBUG:colcon:Command line arguments: ['/usr/bin/colcon', 'build', '--symlink-install']
[0.115s] DEBUG:colcon:Parsed command line arguments: Namespace(log_base=None, log_level=None, verb_name='build', build_base='build', install_base='install', merge_install=False, symlink_install=True, test_result_base=None, continue_on_error=False, executor='parallel', parallel_workers=4, event_handlers=None, ignore_user_meta=False, metas=['./colcon.meta'], base_paths=['.'], packages_ignore=None, packages_ignore_regex=None, paths=None, packages_up_to=None, packages_up_to_regex=None, packages_above=None, packages_above_and_dependencies=None, packages_above_depth=None, packages_select_by_dep=None, packages_skip_by_dep=None, packages_skip_up_to=None, packages_select_build_failed=False, packages_skip_build_finished=False, packages_select_test_failures=False, packages_skip_test_passed=False, packages_select=None, packages_skip=None, packages_select_regex=None, packages_skip_regex=None, packages_start=None, packages_end=None, allow_overriding=[], cmake_args=None, cmake_target=None, cmake_target_skip_unavailable=False, cmake_clean_cache=False, cmake_clean_first=False, cmake_force_configure=False, ament_cmake_args=None, catkin_cmake_args=None, catkin_skip_building_tests=False, verb_parser=<colcon_defaults.argument_parser.defaults.DefaultArgumentsDecorator object at 0x72d4f6354d00>, verb_extension=<colcon_core.verb.build.BuildVerb object at 0x72d4f6354160>, main=<bound method BuildVerb.main of <colcon_core.verb.build.BuildVerb object at 0x72d4f6354160>>)
[0.297s] Level 1:colcon.colcon_core.package_discovery:discover_packages(colcon_meta) check parameters
[0.297s] Level 1:colcon.colcon_core.package_discovery:discover_packages(recursive) check parameters
[0.297s] Level 1:colcon.colcon_core.package_discovery:discover_packages(ignore) check parameters
[0.297s] Level 1:colcon.colcon_core.package_discovery:discover_packages(path) check parameters
[0.297s] Level 1:colcon.colcon_core.package_discovery:discover_packages(colcon_meta) discover
[0.297s] Level 1:colcon.colcon_core.package_discovery:discover_packages(recursive) discover
[0.298s] INFO:colcon.colcon_core.package_discovery:Crawling recursively for packages in '/home/livia/rl_6dof_ws'
[0.298s] Level 1:colcon.colcon_core.package_identification:_identify(.) by extensions ['ignore', 'ignore_ament_install']
[0.298s] Level 1:colcon.colcon_core.package_identification:_identify(.) by extension 'ignore'
[0.298s] Level 1:colcon.colcon_core.package_identification:_identify(.) by extension 'ignore_ament_install'
[0.298s] Level 1:colcon.colcon_core.package_identification:_identify(.) by extensions ['colcon_pkg']
[0.298s] Level 1:colcon.colcon_core.package_identification:_identify(.) by extension 'colcon_pkg'
[0.298s] Level 1:colcon.colcon_core.package_identification:_identify(.) by extensions ['colcon_meta']
[0.298s] Level 1:colcon.colcon_core.package_identification:_identify(.) by extension 'colcon_meta'
[0.298s] Level 1:colcon.colcon_core.package_identification:_identify(.) by extensions ['ros']
[0.298s] Level 1:colcon.colcon_core.package_identification:_identify(.) by extension 'ros'
[0.311s] Level 1:colcon.colcon_core.package_identification:_identify(.) by extensions ['cmake', 'python']
[0.311s] Level 1:colcon.colcon_core.package_identification:_identify(.) by extension 'cmake'
[0.311s] Level 1:colcon.colcon_core.package_identification:_identify(.) by extension 'python'
[0.311s] Level 1:colcon.colcon_core.package_identification:_identify(.) by extensions ['python_setup_py']
[0.311s] Level 1:colcon.colcon_core.package_identification:_identify(.) by extension 'python_setup_py'
[0.311s] Level 1:colcon.colcon_core.package_identification:_identify(build) by extensions ['ignore', 'ignore_ament_install']
[0.311s] Level 1:colcon.colcon_core.package_identification:_identify(build) by extension 'ignore'
[0.311s] Level 1:colcon.colcon_core.package_identification:_identify(build) ignored
[0.311s] Level 1:colcon.colcon_core.package_identification:_identify(install) by extensions ['ignore', 'ignore_ament_install']
[0.312s] Level 1:colcon.colcon_core.package_identification:_identify(install) by extension 'ignore'
[0.312s] Level 1:colcon.colcon_core.package_identification:_identify(install) ignored
[0.312s] Level 1:colcon.colcon_core.package_identification:_identify(log) by extensions ['ignore', 'ignore_ament_install']
[0.312s] Level 1:colcon.colcon_core.package_identification:_identify(log) by extension 'ignore'
[0.312s] Level 1:colcon.colcon_core.package_identification:_identify(log) ignored
[0.312s] Level 1:colcon.colcon_core.package_identification:_identify(src) by extensions ['ignore', 'ignore_ament_install']
[0.312s] Level 1:colcon.colcon_core.package_identification:_identify(src) by extension 'ignore'
[0.312s] Level 1:colcon.colcon_core.package_identification:_identify(src) by extension 'ignore_ament_install'
[0.312s] Level 1:colcon.colcon_core.package_identification:_identify(src) by extensions ['colcon_pkg']
[0.312s] Level 1:colcon.colcon_core.package_identification:_identify(src) by extension 'colcon_pkg'
[0.312s] Level 1:colcon.colcon_core.package_identification:_identify(src) by extensions ['colcon_meta']
[0.312s] Level 1:colcon.colcon_core.package_identification:_identify(src) by extension 'colcon_meta'
[0.312s] Level 1:colcon.colcon_core.package_identification:_identify(src) by extensions ['ros']
[0.312s] Level 1:colcon.colcon_core.package_identification:_identify(src) by extension 'ros'
[0.312s] Level 1:colcon.colcon_core.package_identification:_identify(src) by extensions ['cmake', 'python']
[0.312s] Level 1:colcon.colcon_core.package_identification:_identify(src) by extension 'cmake'
[0.312s] Level 1:colcon.colcon_core.package_identification:_identify(src) by extension 'python'
[0.313s] Level 1:colcon.colcon_core.package_identification:_identify(src) by extensions ['python_setup_py']
[0.313s] Level 1:colcon.colcon_core.package_identification:_identify(src) by extension 'python_setup_py'
[0.313s] Level 1:colcon.colcon_core.package_identification:_identify(src/6dof_arm_bringup) by extensions ['ignore', 'ignore_ament_install']
[0.313s] Level 1:colcon.colcon_core.package_identification:_identify(src/6dof_arm_bringup) by extension 'ignore'
[0.313s] Level 1:colcon.colcon_core.package_identification:_identify(src/6dof_arm_bringup) by extension 'ignore_ament_install'
[0.313s] Level 1:colcon.colcon_core.package_identification:_identify(src/6dof_arm_bringup) by extensions ['colcon_pkg']
[0.313s] Level 1:colcon.colcon_core.package_identification:_identify(src/6dof_arm_bringup) by extension 'colcon_pkg'
[0.313s] Level 1:colcon.colcon_core.package_identification:_identify(src/6dof_arm_bringup) by extensions ['colcon_meta']
[0.313s] Level 1:colcon.colcon_core.package_identification:_identify(src/6dof_arm_bringup) by extension 'colcon_meta'
[0.313s] Level 1:colcon.colcon_core.package_identification:_identify(src/6dof_arm_bringup) by extensions ['ros']
[0.313s] Level 1:colcon.colcon_core.package_identification:_identify(src/6dof_arm_bringup) by extension 'ros'
[0.316s] DEBUG:colcon.colcon_core.package_identification:Package 'src/6dof_arm_bringup' with type 'ros.ament_cmake' and name '6dof_arm_bringup'
[0.316s] Level 1:colcon.colcon_core.package_identification:_identify(src/6dof_arm_description) by extensions ['ignore', 'ignore_ament_install']
[0.316s] Level 1:colcon.colcon_core.package_identification:_identify(src/6dof_arm_description) by extension 'ignore'
[0.316s] Level 1:colcon.colcon_core.package_identification:_identify(src/6dof_arm_description) by extension 'ignore_ament_install'
[0.316s] Level 1:colcon.colcon_core.package_identification:_identify(src/6dof_arm_description) by extensions ['colcon_pkg']
[0.316s] Level 1:colcon.colcon_core.package_identification:_identify(src/6dof_arm_description) by extension 'colcon_pkg'
[0.316s] Level 1:colcon.colcon_core.package_identification:_identify(src/6dof_arm_description) by extensions ['colcon_meta']
[0.316s] Level 1:colcon.colcon_core.package_identification:_identify(src/6dof_arm_description) by extension 'colcon_meta'
[0.316s] Level 1:colcon.colcon_core.package_identification:_identify(src/6dof_arm_description) by extensions ['ros']
[0.316s] Level 1:colcon.colcon_core.package_identification:_identify(src/6dof_arm_description) by extension 'ros'
[0.317s] DEBUG:colcon.colcon_core.package_identification:Package 'src/6dof_arm_description' with type 'ros.ament_cmake' and name '6dof_arm_description'
[0.317s] Level 1:colcon.colcon_core.package_identification:_identify(src/6dof_arm_rl) by extensions ['ignore', 'ignore_ament_install']
[0.317s] Level 1:colcon.colcon_core.package_identification:_identify(src/6dof_arm_rl) by extension 'ignore'
[0.317s] Level 1:colcon.colcon_core.package_identification:_identify(src/6dof_arm_rl) by extension 'ignore_ament_install'
[0.317s] Level 1:colcon.colcon_core.package_identification:_identify(src/6dof_arm_rl) by extensions ['colcon_pkg']
[0.317s] Level 1:colcon.colcon_core.package_identification:_identify(src/6dof_arm_rl) by extension 'colcon_pkg'
[0.317s] Level 1:colcon.colcon_core.package_identification:_identify(src/6dof_arm_rl) by extensions ['colcon_meta']
[0.317s] Level 1:colcon.colcon_core.package_identification:_identify(src/6dof_arm_rl) by extension 'colcon_meta'
[0.317s] Level 1:colcon.colcon_core.package_identification:_identify(src/6dof_arm_rl) by extensions ['ros']
[0.317s] Level 1:colcon.colcon_core.package_identification:_identify(src/6dof_arm_rl) by extension 'ros'
[0.318s] DEBUG:colcon.colcon_core.package_identification:Package 'src/6dof_arm_rl' with type 'ros.ament_python' and name '6dof_arm_rl'
[0.318s] Level 1:colcon.colcon_core.package_discovery:discover_packages(recursive) using defaults
[0.318s] Level 1:colcon.colcon_core.package_discovery:discover_packages(ignore) discover
[0.318s] Level 1:colcon.colcon_core.package_discovery:discover_packages(ignore) using defaults
[0.318s] Level 1:colcon.colcon_core.package_discovery:discover_packages(path) discover
[0.318s] Level 1:colcon.colcon_core.package_discovery:discover_packages(path) using defaults
[0.351s] Level 1:colcon.colcon_core.package_discovery:discover_packages(prefix_path) check parameters
[0.351s] Level 1:colcon.colcon_core.package_discovery:discover_packages(prefix_path) discover
[0.353s] DEBUG:colcon.colcon_installed_package_information.package_discovery:Found 1 installed packages in /home/livia/Documents/git/Catch-Them-All-Turtlesim-Project/Catch_Them_All_Turtlesim_Project_WS/install
[0.354s] DEBUG:colcon.colcon_installed_package_information.package_discovery:Found 6 installed packages in /home/livia/ros2_ws/install
[0.354s] DEBUG:colcon.colcon_installed_package_information.package_discovery:Found 3 installed packages in /home/livia/rl_6dof_ws/install
[0.355s] DEBUG:colcon.colcon_installed_package_information.package_discovery:Found 1 installed packages in /home/livia/ros2_ws2/install
[0.356s] DEBUG:colcon.colcon_installed_package_information.package_discovery:Found 338 installed packages in /opt/ros/humble
[0.358s] Level 1:colcon.colcon_core.package_discovery:discover_packages(prefix_path) using defaults
[0.406s] Level 5:colcon.colcon_core.verb:set package '6dof_arm_description' build argument 'cmake_args' from command line to 'None'
[0.406s] Level 5:colcon.colcon_core.verb:set package '6dof_arm_description' build argument 'cmake_target' from command line to 'None'
[0.406s] Level 5:colcon.colcon_core.verb:set package '6dof_arm_description' build argument 'cmake_target_skip_unavailable' from command line to 'False'
[0.406s] Level 5:colcon.colcon_core.verb:set package '6dof_arm_description' build argument 'cmake_clean_cache' from command line to 'False'
[0.406s] Level 5:colcon.colcon_core.verb:set package '6dof_arm_description' build argument 'cmake_clean_first' from command line to 'False'
[0.406s] Level 5:colcon.colcon_core.verb:set package '6dof_arm_description' build argument 'cmake_force_configure' from command line to 'False'
[0.406s] Level 5:colcon.colcon_core.verb:set package '6dof_arm_description' build argument 'ament_cmake_args' from command line to 'None'
[0.406s] Level 5:colcon.colcon_core.verb:set package '6dof_arm_description' build argument 'catkin_cmake_args' from command line to 'None'
[0.406s] Level 5:colcon.colcon_core.verb:set package '6dof_arm_description' build argument 'catkin_skip_building_tests' from command line to 'False'
[0.406s] DEBUG:colcon.colcon_core.verb:Building package '6dof_arm_description' with the following arguments: {'ament_cmake_args': None, 'build_base': '/home/livia/rl_6dof_ws/build/6dof_arm_description', 'catkin_cmake_args': None, 'catkin_skip_building_tests': False, 'cmake_args': None, 'cmake_clean_cache': False, 'cmake_clean_first': False, 'cmake_force_configure': False, 'cmake_target': None, 'cmake_target_skip_unavailable': False, 'install_base': '/home/livia/rl_6dof_ws/install/6dof_arm_description', 'merge_install': False, 'path': '/home/livia/rl_6dof_ws/src/6dof_arm_description', 'symlink_install': True, 'test_result_base': None}
[0.406s] Level 5:colcon.colcon_core.verb:set package '6dof_arm_rl' build argument 'cmake_args' from command line to 'None'
[0.406s] Level 5:colcon.colcon_core.verb:set package '6dof_arm_rl' build argument 'cmake_target' from command line to 'None'
[0.406s] Level 5:colcon.colcon_core.verb:set package '6dof_arm_rl' build argument 'cmake_target_skip_unavailable' from command line to 'False'
[0.406s] Level 5:colcon.colcon_core.verb:set package '6dof_arm_rl' build argument 'cmake_clean_cache' from command line to 'False'
[0.406s] Level 5:colcon.colcon_core.verb:set package '6dof_arm_rl' build argument 'cmake_clean_first' from command line to 'False'
[0.406s] Level 5:colcon.colcon_core.verb:set package '6dof_arm_rl' build argument 'cmake_force_configure' from command line to 'False'
[0.406s] Level 5:colcon.colcon_core.verb:set package '6dof_arm_rl' build argument 'ament_cmake_args' from command line to 'None'
[0.406s] Level 5:colcon.colcon_core.verb:set package '6dof_arm_rl' build argument 'catkin_cmake_args' from command line to 'None'
[0.406s] Level 5:colcon.colcon_core.verb:set package '6dof_arm_rl' build argument 'catkin_skip_building_tests' from command line to 'False'
[0.406s] DEBUG:colcon.colcon_core.verb:Building package '6dof_arm_rl' with the following arguments: {'ament_cmake_args': None, 'build_base': '/home/livia/rl_6dof_ws/build/6dof_arm_rl', 'catkin_cmake_args': None, 'catkin_skip_building_tests': False, 'cmake_args': None, 'cmake_clean_cache': False, 'cmake_clean_first': False, 'cmake_force_configure': False, 'cmake_target': None, 'cmake_target_skip_unavailable': False, 'install_base': '/home/livia/rl_6dof_ws/install/6dof_arm_rl', 'merge_install': False, 'path': '/home/livia/rl_6dof_ws/src/6dof_arm_rl', 'symlink_install': True, 'test_result_base': None}
[0.407s] Level 5:colcon.colcon_core.verb:set package '6dof_arm_bringup' build argument 'cmake_args' from command line to 'None'
[0.407s] Level 5:colcon.colcon_core.verb:set package '6dof_arm_bringup' build argument 'cmake_target' from command line to 'None'
[0.407s] Level 5:colcon.colcon_core.verb:set package '6dof_arm_bringup' build argument 'cmake_target_skip_unavailable' from command line to 'False'
[0.407s] Level 5:colcon.colcon_core.verb:set package '6dof_arm_bringup' build argument 'cmake_clean_cache' from command line to 'False'
[0.407s] Level 5:colcon.colcon_core.verb:set package '6dof_arm_bringup' build argument 'cmake_clean_first' from command line to 'False'
[0.407s] Level 5:colcon.colcon_core.verb:set package '6dof_arm_bringup' build argument 'cmake_force_configure' from command line to 'False'
[0.407s] Level 5:colcon.colcon_core.verb:set package '6dof_arm_bringup' build argument 'ament_cmake_args' from command line to 'None'
[0.407s] Level 5:colcon.colcon_core.verb:set package '6dof_arm_bringup' build argument 'catkin_cmake_args' from command line to 'None'
[0.407s] Level 5:colcon.colcon_core.verb:set package '6dof_arm_bringup' build argument 'catkin_skip_building_tests' from command line to 'False'
[0.407s] DEBUG:colcon.colcon_core.verb:Building package '6dof_arm_bringup' with the following arguments: {'ament_cmake_args': None, 'build_base': '/home/livia/rl_6dof_ws/build/6dof_arm_bringup', 'catkin_cmake_args': None, 'catkin_skip_building_tests': False, 'cmake_args': None, 'cmake_clean_cache': False, 'cmake_clean_first': False, 'cmake_force_configure': False, 'cmake_target': None, 'cmake_target_skip_unavailable': False, 'install_base': '/home/livia/rl_6dof_ws/install/6dof_arm_bringup', 'merge_install': False, 'path': '/home/livia/rl_6dof_ws/src/6dof_arm_bringup', 'symlink_install': True, 'test_result_base': None}
[0.407s] INFO:colcon.colcon_core.executor:Executing jobs using 'parallel' executor
[0.408s] DEBUG:colcon.colcon_parallel_executor.executor.parallel:run_until_complete
[0.409s] INFO:colcon.colcon_ros.task.ament_cmake.build:Building ROS package in '/home/livia/rl_6dof_ws/src/6dof_arm_description' with build type 'ament_cmake'
[0.409s] INFO:colcon.colcon_cmake.task.cmake.build:Building CMake package in '/home/livia/rl_6dof_ws/src/6dof_arm_description'
[0.411s] INFO:colcon.colcon_core.plugin_system:Skipping extension 'colcon_core.shell.bat': Not used on non-Windows systems
[0.411s] INFO:colcon.colcon_core.shell:Skip shell extension 'powershell' for command environment: Not usable outside of PowerShell
[0.411s] DEBUG:colcon.colcon_core.shell:Skip shell extension 'dsv' for command environment
[0.416s] INFO:colcon.colcon_ros.task.ament_python.build:Building ROS package in '/home/livia/rl_6dof_ws/src/6dof_arm_rl' with build type 'ament_python'
[0.416s] Level 1:colcon.colcon_core.shell:create_environment_hook('6dof_arm_rl', 'ament_prefix_path')
[0.417s] INFO:colcon.colcon_core.shell:Creating environment hook '/home/livia/rl_6dof_ws/install/6dof_arm_rl/share/6dof_arm_rl/hook/ament_prefix_path.ps1'
[0.417s] INFO:colcon.colcon_core.shell:Creating environment descriptor '/home/livia/rl_6dof_ws/install/6dof_arm_rl/share/6dof_arm_rl/hook/ament_prefix_path.dsv'
[0.418s] INFO:colcon.colcon_core.shell:Creating environment hook '/home/livia/rl_6dof_ws/install/6dof_arm_rl/share/6dof_arm_rl/hook/ament_prefix_path.sh'
[0.419s] INFO:colcon.colcon_core.shell:Skip shell extension 'powershell' for command environment: Not usable outside of PowerShell
[0.419s] DEBUG:colcon.colcon_core.shell:Skip shell extension 'dsv' for command environment
[0.428s] DEBUG:colcon.colcon_core.event_handler.log_command:Invoking command in '/home/livia/rl_6dof_ws/build/6dof_arm_description': CMAKE_PREFIX_PATH=${CMAKE_PREFIX_PATH}:/home/livia/ros2_ws/install/my_py_pkg:/home/livia/Documents/git/Catch-Them-All-Turtlesim-Project/Catch_Them_All_Turtlesim_Project_WS/install/turtlesim_catch_them_all:/home/livia/rl_6dof_ws/install/6dof_arm_rl:/opt/ros/humble /usr/bin/cmake /home/livia/rl_6dof_ws/src/6dof_arm_description -DAMENT_CMAKE_SYMLINK_INSTALL=1 -DCMAKE_INSTALL_PREFIX=/home/livia/rl_6dof_ws/install/6dof_arm_description
[0.744s] INFO:colcon.colcon_core.task.python.build:Building Python package in '/home/livia/rl_6dof_ws/src/6dof_arm_rl'
[0.744s] INFO:colcon.colcon_core.shell:Skip shell extension 'powershell' for command environment: Not usable outside of PowerShell
[0.744s] DEBUG:colcon.colcon_core.shell:Skip shell extension 'dsv' for command environment
[0.965s] DEBUG:colcon.colcon_core.event_handler.log_command:Invoked command in '/home/livia/rl_6dof_ws/build/6dof_arm_description' returned '0': CMAKE_PREFIX_PATH=${CMAKE_PREFIX_PATH}:/home/livia/ros2_ws/install/my_py_pkg:/home/livia/Documents/git/Catch-Them-All-Turtlesim-Project/Catch_Them_All_Turtlesim_Project_WS/install/turtlesim_catch_them_all:/home/livia/rl_6dof_ws/install/6dof_arm_rl:/opt/ros/humble /usr/bin/cmake /home/livia/rl_6dof_ws/src/6dof_arm_description -DAMENT_CMAKE_SYMLINK_INSTALL=1 -DCMAKE_INSTALL_PREFIX=/home/livia/rl_6dof_ws/install/6dof_arm_description
[0.968s] DEBUG:colcon.colcon_core.event_handler.log_command:Invoking command in '/home/livia/rl_6dof_ws/build/6dof_arm_description': CMAKE_PREFIX_PATH=${CMAKE_PREFIX_PATH}:/home/livia/ros2_ws/install/my_py_pkg:/home/livia/Documents/git/Catch-Them-All-Turtlesim-Project/Catch_Them_All_Turtlesim_Project_WS/install/turtlesim_catch_them_all:/home/livia/rl_6dof_ws/install/6dof_arm_rl:/opt/ros/humble /usr/bin/cmake --build /home/livia/rl_6dof_ws/build/6dof_arm_description -- -j4 -l4
[1.011s] DEBUG:colcon.colcon_core.event_handler.log_command:Invoked command in '/home/livia/rl_6dof_ws/build/6dof_arm_description' returned '0': CMAKE_PREFIX_PATH=${CMAKE_PREFIX_PATH}:/home/livia/ros2_ws/install/my_py_pkg:/home/livia/Documents/git/Catch-Them-All-Turtlesim-Project/Catch_Them_All_Turtlesim_Project_WS/install/turtlesim_catch_them_all:/home/livia/rl_6dof_ws/install/6dof_arm_rl:/opt/ros/humble /usr/bin/cmake --build /home/livia/rl_6dof_ws/build/6dof_arm_description -- -j4 -l4
[1.021s] DEBUG:colcon.colcon_core.event_handler.log_command:Invoking command in '/home/livia/rl_6dof_ws/build/6dof_arm_description': CMAKE_PREFIX_PATH=${CMAKE_PREFIX_PATH}:/home/livia/ros2_ws/install/my_py_pkg:/home/livia/Documents/git/Catch-Them-All-Turtlesim-Project/Catch_Them_All_Turtlesim_Project_WS/install/turtlesim_catch_them_all:/home/livia/rl_6dof_ws/install/6dof_arm_rl:/opt/ros/humble /usr/bin/cmake --install /home/livia/rl_6dof_ws/build/6dof_arm_description
[1.052s] Level 1:colcon.colcon_core.environment:create_environment_scripts_only(6dof_arm_description)
[1.053s] DEBUG:colcon.colcon_core.event_handler.log_command:Invoked command in '/home/livia/rl_6dof_ws/build/6dof_arm_description' returned '0': CMAKE_PREFIX_PATH=${CMAKE_PREFIX_PATH}:/home/livia/ros2_ws/install/my_py_pkg:/home/livia/Documents/git/Catch-Them-All-Turtlesim-Project/Catch_Them_All_Turtlesim_Project_WS/install/turtlesim_catch_them_all:/home/livia/rl_6dof_ws/install/6dof_arm_rl:/opt/ros/humble /usr/bin/cmake --install /home/livia/rl_6dof_ws/build/6dof_arm_description
[1.056s] Level 1:colcon.colcon_core.environment:checking '/home/livia/rl_6dof_ws/install/6dof_arm_description' for CMake module files
[1.057s] Level 1:colcon.colcon_core.environment:checking '/home/livia/rl_6dof_ws/install/6dof_arm_description' for CMake config files
[1.057s] Level 1:colcon.colcon_core.shell:create_environment_hook('6dof_arm_description', 'cmake_prefix_path')
[1.058s] INFO:colcon.colcon_core.shell:Creating environment hook '/home/livia/rl_6dof_ws/install/6dof_arm_description/share/6dof_arm_description/hook/cmake_prefix_path.ps1'
[1.058s] INFO:colcon.colcon_core.shell:Creating environment descriptor '/home/livia/rl_6dof_ws/install/6dof_arm_description/share/6dof_arm_description/hook/cmake_prefix_path.dsv'
[1.059s] INFO:colcon.colcon_core.shell:Creating environment hook '/home/livia/rl_6dof_ws/install/6dof_arm_description/share/6dof_arm_description/hook/cmake_prefix_path.sh'
[1.060s] Level 1:colcon.colcon_core.environment:checking '/home/livia/rl_6dof_ws/install/6dof_arm_description/bin'
[1.060s] Level 1:colcon.colcon_core.environment:checking '/home/livia/rl_6dof_ws/install/6dof_arm_description/lib/pkgconfig/6dof_arm_description.pc'
[1.060s] Level 1:colcon.colcon_core.environment:checking '/home/livia/rl_6dof_ws/install/6dof_arm_description/lib/python3.10/site-packages'
[1.061s] Level 1:colcon.colcon_core.environment:checking '/home/livia/rl_6dof_ws/install/6dof_arm_description/bin'
[1.061s] INFO:colcon.colcon_core.shell:Creating package script '/home/livia/rl_6dof_ws/install/6dof_arm_description/share/6dof_arm_description/package.ps1'
[1.062s] INFO:colcon.colcon_core.shell:Creating package descriptor '/home/livia/rl_6dof_ws/install/6dof_arm_description/share/6dof_arm_description/package.dsv'
[1.063s] INFO:colcon.colcon_core.shell:Creating package script '/home/livia/rl_6dof_ws/install/6dof_arm_description/share/6dof_arm_description/package.sh'
[1.064s] INFO:colcon.colcon_core.shell:Creating package script '/home/livia/rl_6dof_ws/install/6dof_arm_description/share/6dof_arm_description/package.bash'
[1.066s] INFO:colcon.colcon_core.shell:Creating package script '/home/livia/rl_6dof_ws/install/6dof_arm_description/share/6dof_arm_description/package.zsh'
[1.067s] Level 1:colcon.colcon_core.environment:create_file_with_runtime_dependencies(/home/livia/rl_6dof_ws/install/6dof_arm_description/share/colcon-core/packages/6dof_arm_description)
[1.068s] Level 1:colcon.colcon_core.environment:create_environment_scripts_only(6dof_arm_description)
[1.068s] Level 1:colcon.colcon_core.environment:checking '/home/livia/rl_6dof_ws/install/6dof_arm_description' for CMake module files
[1.069s] Level 1:colcon.colcon_core.environment:checking '/home/livia/rl_6dof_ws/install/6dof_arm_description' for CMake config files
[1.069s] Level 1:colcon.colcon_core.shell:create_environment_hook('6dof_arm_description', 'cmake_prefix_path')
[1.070s] INFO:colcon.colcon_core.shell:Creating environment hook '/home/livia/rl_6dof_ws/install/6dof_arm_description/share/6dof_arm_description/hook/cmake_prefix_path.ps1'
[1.070s] INFO:colcon.colcon_core.shell:Creating environment descriptor '/home/livia/rl_6dof_ws/install/6dof_arm_description/share/6dof_arm_description/hook/cmake_prefix_path.dsv'
[1.071s] INFO:colcon.colcon_core.shell:Creating environment hook '/home/livia/rl_6dof_ws/install/6dof_arm_description/share/6dof_arm_description/hook/cmake_prefix_path.sh'
[1.071s] Level 1:colcon.colcon_core.environment:checking '/home/livia/rl_6dof_ws/install/6dof_arm_description/bin'
[1.072s] Level 1:colcon.colcon_core.environment:checking '/home/livia/rl_6dof_ws/install/6dof_arm_description/lib/pkgconfig/6dof_arm_description.pc'
[1.072s] Level 1:colcon.colcon_core.environment:checking '/home/livia/rl_6dof_ws/install/6dof_arm_description/lib/python3.10/site-packages'
[1.072s] Level 1:colcon.colcon_core.environment:checking '/home/livia/rl_6dof_ws/install/6dof_arm_description/bin'
[1.073s] INFO:colcon.colcon_core.shell:Creating package script '/home/livia/rl_6dof_ws/install/6dof_arm_description/share/6dof_arm_description/package.ps1'
[1.074s] INFO:colcon.colcon_core.shell:Creating package descriptor '/home/livia/rl_6dof_ws/install/6dof_arm_description/share/6dof_arm_description/package.dsv'
[1.074s] INFO:colcon.colcon_core.shell:Creating package script '/home/livia/rl_6dof_ws/install/6dof_arm_description/share/6dof_arm_description/package.sh'
[1.075s] INFO:colcon.colcon_core.shell:Creating package script '/home/livia/rl_6dof_ws/install/6dof_arm_description/share/6dof_arm_description/package.bash'
[1.076s] INFO:colcon.colcon_core.shell:Creating package script '/home/livia/rl_6dof_ws/install/6dof_arm_description/share/6dof_arm_description/package.zsh'
[1.076s] Level 1:colcon.colcon_core.environment:create_file_with_runtime_dependencies(/home/livia/rl_6dof_ws/install/6dof_arm_description/share/colcon-core/packages/6dof_arm_description)
[1.077s] INFO:colcon.colcon_ros.task.ament_cmake.build:Building ROS package in '/home/livia/rl_6dof_ws/src/6dof_arm_bringup' with build type 'ament_cmake'
[1.077s] INFO:colcon.colcon_cmake.task.cmake.build:Building CMake package in '/home/livia/rl_6dof_ws/src/6dof_arm_bringup'
[1.077s] INFO:colcon.colcon_core.shell:Skip shell extension 'powershell' for command environment: Not usable outside of PowerShell
[1.077s] DEBUG:colcon.colcon_core.shell:Skip shell extension 'dsv' for command environment
[1.093s] DEBUG:colcon.colcon_core.event_handler.log_command:Invoking command in '/home/livia/rl_6dof_ws/build/6dof_arm_bringup': CMAKE_PREFIX_PATH=/home/livia/rl_6dof_ws/install/6dof_arm_description:/home/livia/ros2_ws/install/my_robot_bringup:/home/livia/ros2_ws/install/my_robot_interfaces:/home/livia/ros2_ws/install/my_robot_gazebo_bringup:/home/livia/ros2_ws/install/my_robot_description:/home/livia/ros2_ws/install/my_cpp_pkg:/home/livia/rl_6dof_ws/install/6dof_arm_bringup:/home/livia/ros2_ws2/install/my_robot_interfaces:/home/livia/ros2_ws/install/my_py_pkg:/home/livia/Documents/git/Catch-Them-All-Turtlesim-Project/Catch_Them_All_Turtlesim_Project_WS/install/turtlesim_catch_them_all:/home/livia/rl_6dof_ws/install/6dof_arm_rl:/opt/ros/humble /usr/bin/cmake /home/livia/rl_6dof_ws/src/6dof_arm_bringup -DAMENT_CMAKE_SYMLINK_INSTALL=1 -DCMAKE_INSTALL_PREFIX=/home/livia/rl_6dof_ws/install/6dof_arm_bringup
[1.173s] DEBUG:colcon.colcon_core.task.python.build:While undoing a previous installation files outside the Python library path are being ignored: /home/livia/rl_6dof_ws/install/6dof_arm_rl/share/ament_index/resource_index/packages/6dof_arm_rl
[1.173s] DEBUG:colcon.colcon_core.task.python.build:While undoing a previous installation files outside the Python library path are being ignored: /home/livia/rl_6dof_ws/install/6dof_arm_rl/share/6dof_arm_rl/package.xml
[1.174s] DEBUG:colcon.colcon_core.task.python.build:While undoing a previous installation files outside the Python library path are being ignored: /home/livia/rl_6dof_ws/install/6dof_arm_rl/lib/6dof_arm_rl/arm_control
[1.177s] DEBUG:colcon.colcon_core.event_handler.log_command:Invoking command in '/home/livia/rl_6dof_ws/build/6dof_arm_rl': PYTHONPATH=/home/livia/rl_6dof_ws/build/6dof_arm_rl/prefix_override:/usr/lib/python3/dist-packages/colcon_core/task/python/colcon_distutils_commands:/home/livia/rl_6dof_ws/install/6dof_arm_rl/lib/python3.10/site-packages:${PYTHONPATH} /usr/bin/python3 -W ignore:setup.py install is deprecated -W ignore:easy_install command is deprecated setup.py develop --editable --build-directory /home/livia/rl_6dof_ws/build/6dof_arm_rl/build --no-deps symlink_data --force
[1.593s] DEBUG:colcon.colcon_core.event_handler.log_command:Invoked command in '/home/livia/rl_6dof_ws/build/6dof_arm_bringup' returned '0': CMAKE_PREFIX_PATH=/home/livia/rl_6dof_ws/install/6dof_arm_description:/home/livia/ros2_ws/install/my_robot_bringup:/home/livia/ros2_ws/install/my_robot_interfaces:/home/livia/ros2_ws/install/my_robot_gazebo_bringup:/home/livia/ros2_ws/install/my_robot_description:/home/livia/ros2_ws/install/my_cpp_pkg:/home/livia/rl_6dof_ws/install/6dof_arm_bringup:/home/livia/ros2_ws2/install/my_robot_interfaces:/home/livia/ros2_ws/install/my_py_pkg:/home/livia/Documents/git/Catch-Them-All-Turtlesim-Project/Catch_Them_All_Turtlesim_Project_WS/install/turtlesim_catch_them_all:/home/livia/rl_6dof_ws/install/6dof_arm_rl:/opt/ros/humble /usr/bin/cmake /home/livia/rl_6dof_ws/src/6dof_arm_bringup -DAMENT_CMAKE_SYMLINK_INSTALL=1 -DCMAKE_INSTALL_PREFIX=/home/livia/rl_6dof_ws/install/6dof_arm_bringup
[1.595s] DEBUG:colcon.colcon_core.event_handler.log_command:Invoking command in '/home/livia/rl_6dof_ws/build/6dof_arm_bringup': CMAKE_PREFIX_PATH=/home/livia/rl_6dof_ws/install/6dof_arm_description:/home/livia/ros2_ws/install/my_robot_bringup:/home/livia/ros2_ws/install/my_robot_interfaces:/home/livia/ros2_ws/install/my_robot_gazebo_bringup:/home/livia/ros2_ws/install/my_robot_description:/home/livia/ros2_ws/install/my_cpp_pkg:/home/livia/rl_6dof_ws/install/6dof_arm_bringup:/home/livia/ros2_ws2/install/my_robot_interfaces:/home/livia/ros2_ws/install/my_py_pkg:/home/livia/Documents/git/Catch-Them-All-Turtlesim-Project/Catch_Them_All_Turtlesim_Project_WS/install/turtlesim_catch_them_all:/home/livia/rl_6dof_ws/install/6dof_arm_rl:/opt/ros/humble /usr/bin/cmake --build /home/livia/rl_6dof_ws/build/6dof_arm_bringup -- -j4 -l4
[1.635s] DEBUG:colcon.colcon_core.event_handler.log_command:Invoked command in '/home/livia/rl_6dof_ws/build/6dof_arm_bringup' returned '0': CMAKE_PREFIX_PATH=/home/livia/rl_6dof_ws/install/6dof_arm_description:/home/livia/ros2_ws/install/my_robot_bringup:/home/livia/ros2_ws/install/my_robot_interfaces:/home/livia/ros2_ws/install/my_robot_gazebo_bringup:/home/livia/ros2_ws/install/my_robot_description:/home/livia/ros2_ws/install/my_cpp_pkg:/home/livia/rl_6dof_ws/install/6dof_arm_bringup:/home/livia/ros2_ws2/install/my_robot_interfaces:/home/livia/ros2_ws/install/my_py_pkg:/home/livia/Documents/git/Catch-Them-All-Turtlesim-Project/Catch_Them_All_Turtlesim_Project_WS/install/turtlesim_catch_them_all:/home/livia/rl_6dof_ws/install/6dof_arm_rl:/opt/ros/humble /usr/bin/cmake --build /home/livia/rl_6dof_ws/build/6dof_arm_bringup -- -j4 -l4
[1.636s] DEBUG:colcon.colcon_core.event_handler.log_command:Invoking command in '/home/livia/rl_6dof_ws/build/6dof_arm_bringup': CMAKE_PREFIX_PATH=/home/livia/rl_6dof_ws/install/6dof_arm_description:/home/livia/ros2_ws/install/my_robot_bringup:/home/livia/ros2_ws/install/my_robot_interfaces:/home/livia/ros2_ws/install/my_robot_gazebo_bringup:/home/livia/ros2_ws/install/my_robot_description:/home/livia/ros2_ws/install/my_cpp_pkg:/home/livia/rl_6dof_ws/install/6dof_arm_bringup:/home/livia/ros2_ws2/install/my_robot_interfaces:/home/livia/ros2_ws/install/my_py_pkg:/home/livia/Documents/git/Catch-Them-All-Turtlesim-Project/Catch_Them_All_Turtlesim_Project_WS/install/turtlesim_catch_them_all:/home/livia/rl_6dof_ws/install/6dof_arm_rl:/opt/ros/humble /usr/bin/cmake --install /home/livia/rl_6dof_ws/build/6dof_arm_bringup
[1.660s] Level 1:colcon.colcon_core.environment:create_environment_scripts_only(6dof_arm_bringup)
[1.660s] Level 1:colcon.colcon_core.environment:checking '/home/livia/rl_6dof_ws/install/6dof_arm_bringup' for CMake module files
[1.661s] DEBUG:colcon.colcon_core.event_handler.log_command:Invoked command in '/home/livia/rl_6dof_ws/build/6dof_arm_bringup' returned '0': CMAKE_PREFIX_PATH=/home/livia/rl_6dof_ws/install/6dof_arm_description:/home/livia/ros2_ws/install/my_robot_bringup:/home/livia/ros2_ws/install/my_robot_interfaces:/home/livia/ros2_ws/install/my_robot_gazebo_bringup:/home/livia/ros2_ws/install/my_robot_description:/home/livia/ros2_ws/install/my_cpp_pkg:/home/livia/rl_6dof_ws/install/6dof_arm_bringup:/home/livia/ros2_ws2/install/my_robot_interfaces:/home/livia/ros2_ws/install/my_py_pkg:/home/livia/Documents/git/Catch-Them-All-Turtlesim-Project/Catch_Them_All_Turtlesim_Project_WS/install/turtlesim_catch_them_all:/home/livia/rl_6dof_ws/install/6dof_arm_rl:/opt/ros/humble /usr/bin/cmake --install /home/livia/rl_6dof_ws/build/6dof_arm_bringup
[1.661s] Level 1:colcon.colcon_core.environment:checking '/home/livia/rl_6dof_ws/install/6dof_arm_bringup' for CMake config files
[1.662s] Level 1:colcon.colcon_core.shell:create_environment_hook('6dof_arm_bringup', 'cmake_prefix_path')
[1.662s] INFO:colcon.colcon_core.shell:Creating environment hook '/home/livia/rl_6dof_ws/install/6dof_arm_bringup/share/6dof_arm_bringup/hook/cmake_prefix_path.ps1'
[1.662s] INFO:colcon.colcon_core.shell:Creating environment descriptor '/home/livia/rl_6dof_ws/install/6dof_arm_bringup/share/6dof_arm_bringup/hook/cmake_prefix_path.dsv'
[1.663s] INFO:colcon.colcon_core.shell:Creating environment hook '/home/livia/rl_6dof_ws/install/6dof_arm_bringup/share/6dof_arm_bringup/hook/cmake_prefix_path.sh'
[1.663s] Level 1:colcon.colcon_core.environment:checking '/home/livia/rl_6dof_ws/install/6dof_arm_bringup/bin'
[1.663s] Level 1:colcon.colcon_core.environment:checking '/home/livia/rl_6dof_ws/install/6dof_arm_bringup/lib/pkgconfig/6dof_arm_bringup.pc'
[1.664s] Level 1:colcon.colcon_core.environment:checking '/home/livia/rl_6dof_ws/install/6dof_arm_bringup/lib/python3.10/site-packages'
[1.664s] Level 1:colcon.colcon_core.environment:checking '/home/livia/rl_6dof_ws/install/6dof_arm_bringup/bin'
[1.664s] INFO:colcon.colcon_core.shell:Creating package script '/home/livia/rl_6dof_ws/install/6dof_arm_bringup/share/6dof_arm_bringup/package.ps1'
[1.664s] INFO:colcon.colcon_core.shell:Creating package descriptor '/home/livia/rl_6dof_ws/install/6dof_arm_bringup/share/6dof_arm_bringup/package.dsv'
[1.665s] INFO:colcon.colcon_core.shell:Creating package script '/home/livia/rl_6dof_ws/install/6dof_arm_bringup/share/6dof_arm_bringup/package.sh'
[1.665s] INFO:colcon.colcon_core.shell:Creating package script '/home/livia/rl_6dof_ws/install/6dof_arm_bringup/share/6dof_arm_bringup/package.bash'
[1.666s] INFO:colcon.colcon_core.shell:Creating package script '/home/livia/rl_6dof_ws/install/6dof_arm_bringup/share/6dof_arm_bringup/package.zsh'
[1.666s] Level 1:colcon.colcon_core.environment:create_file_with_runtime_dependencies(/home/livia/rl_6dof_ws/install/6dof_arm_bringup/share/colcon-core/packages/6dof_arm_bringup)
[1.667s] Level 1:colcon.colcon_core.environment:create_environment_scripts_only(6dof_arm_bringup)
[1.667s] Level 1:colcon.colcon_core.environment:checking '/home/livia/rl_6dof_ws/install/6dof_arm_bringup' for CMake module files
[1.667s] Level 1:colcon.colcon_core.environment:checking '/home/livia/rl_6dof_ws/install/6dof_arm_bringup' for CMake config files
[1.667s] Level 1:colcon.colcon_core.shell:create_environment_hook('6dof_arm_bringup', 'cmake_prefix_path')
[1.668s] INFO:colcon.colcon_core.shell:Creating environment hook '/home/livia/rl_6dof_ws/install/6dof_arm_bringup/share/6dof_arm_bringup/hook/cmake_prefix_path.ps1'
[1.668s] INFO:colcon.colcon_core.shell:Creating environment descriptor '/home/livia/rl_6dof_ws/install/6dof_arm_bringup/share/6dof_arm_bringup/hook/cmake_prefix_path.dsv'
[1.668s] INFO:colcon.colcon_core.shell:Creating environment hook '/home/livia/rl_6dof_ws/install/6dof_arm_bringup/share/6dof_arm_bringup/hook/cmake_prefix_path.sh'
[1.669s] Level 1:colcon.colcon_core.environment:checking '/home/livia/rl_6dof_ws/install/6dof_arm_bringup/bin'
[1.669s] Level 1:colcon.colcon_core.environment:checking '/home/livia/rl_6dof_ws/install/6dof_arm_bringup/lib/pkgconfig/6dof_arm_bringup.pc'
[1.669s] Level 1:colcon.colcon_core.environment:checking '/home/livia/rl_6dof_ws/install/6dof_arm_bringup/lib/python3.10/site-packages'
[1.669s] Level 1:colcon.colcon_core.environment:checking '/home/livia/rl_6dof_ws/install/6dof_arm_bringup/bin'
[1.670s] INFO:colcon.colcon_core.shell:Creating package script '/home/livia/rl_6dof_ws/install/6dof_arm_bringup/share/6dof_arm_bringup/package.ps1'
[1.670s] INFO:colcon.colcon_core.shell:Creating package descriptor '/home/livia/rl_6dof_ws/install/6dof_arm_bringup/share/6dof_arm_bringup/package.dsv'
[1.671s] INFO:colcon.colcon_core.shell:Creating package script '/home/livia/rl_6dof_ws/install/6dof_arm_bringup/share/6dof_arm_bringup/package.sh'
[1.671s] INFO:colcon.colcon_core.shell:Creating package script '/home/livia/rl_6dof_ws/install/6dof_arm_bringup/share/6dof_arm_bringup/package.bash'
[1.671s] INFO:colcon.colcon_core.shell:Creating package script '/home/livia/rl_6dof_ws/install/6dof_arm_bringup/share/6dof_arm_bringup/package.zsh'
[1.672s] Level 1:colcon.colcon_core.environment:create_file_with_runtime_dependencies(/home/livia/rl_6dof_ws/install/6dof_arm_bringup/share/colcon-core/packages/6dof_arm_bringup)
[1.738s] Level 1:colcon.colcon_core.shell:create_environment_hook('6dof_arm_rl', 'pythonpath_develop')
[1.738s] INFO:colcon.colcon_core.shell:Creating environment hook '/home/livia/rl_6dof_ws/build/6dof_arm_rl/share/6dof_arm_rl/hook/pythonpath_develop.ps1'
[1.738s] DEBUG:colcon.colcon_core.event_handler.log_command:Invoked command in '/home/livia/rl_6dof_ws/build/6dof_arm_rl' returned '0': PYTHONPATH=/home/livia/rl_6dof_ws/build/6dof_arm_rl/prefix_override:/usr/lib/python3/dist-packages/colcon_core/task/python/colcon_distutils_commands:/home/livia/rl_6dof_ws/install/6dof_arm_rl/lib/python3.10/site-packages:${PYTHONPATH} /usr/bin/python3 -W ignore:setup.py install is deprecated -W ignore:easy_install command is deprecated setup.py develop --editable --build-directory /home/livia/rl_6dof_ws/build/6dof_arm_rl/build --no-deps symlink_data --force
[1.739s] INFO:colcon.colcon_core.shell:Creating environment descriptor '/home/livia/rl_6dof_ws/build/6dof_arm_rl/share/6dof_arm_rl/hook/pythonpath_develop.dsv'
[1.740s] INFO:colcon.colcon_core.shell:Creating environment hook '/home/livia/rl_6dof_ws/build/6dof_arm_rl/share/6dof_arm_rl/hook/pythonpath_develop.sh'
[1.740s] Level 1:colcon.colcon_core.environment:checking '/home/livia/rl_6dof_ws/install/6dof_arm_rl' for CMake module files
[1.741s] Level 1:colcon.colcon_core.environment:checking '/home/livia/rl_6dof_ws/install/6dof_arm_rl' for CMake config files
[1.741s] Level 1:colcon.colcon_core.environment:checking '/home/livia/rl_6dof_ws/install/6dof_arm_rl/lib'
[1.741s] Level 1:colcon.colcon_core.environment:checking '/home/livia/rl_6dof_ws/install/6dof_arm_rl/bin'
[1.741s] Level 1:colcon.colcon_core.environment:checking '/home/livia/rl_6dof_ws/install/6dof_arm_rl/lib/pkgconfig/6dof_arm_rl.pc'
[1.742s] Level 1:colcon.colcon_core.environment:checking '/home/livia/rl_6dof_ws/install/6dof_arm_rl/lib/python3.10/site-packages'
[1.742s] Level 1:colcon.colcon_core.shell:create_environment_hook('6dof_arm_rl', 'pythonpath')
[1.742s] INFO:colcon.colcon_core.shell:Creating environment hook '/home/livia/rl_6dof_ws/install/6dof_arm_rl/share/6dof_arm_rl/hook/pythonpath.ps1'
[1.742s] INFO:colcon.colcon_core.shell:Creating environment descriptor '/home/livia/rl_6dof_ws/install/6dof_arm_rl/share/6dof_arm_rl/hook/pythonpath.dsv'
[1.743s] INFO:colcon.colcon_core.shell:Creating environment hook '/home/livia/rl_6dof_ws/install/6dof_arm_rl/share/6dof_arm_rl/hook/pythonpath.sh'
[1.743s] Level 1:colcon.colcon_core.environment:checking '/home/livia/rl_6dof_ws/install/6dof_arm_rl/bin'
[1.743s] Level 1:colcon.colcon_core.environment:create_environment_scripts_only(6dof_arm_rl)
[1.744s] INFO:colcon.colcon_core.shell:Creating package script '/home/livia/rl_6dof_ws/install/6dof_arm_rl/share/6dof_arm_rl/package.ps1'
[1.745s] INFO:colcon.colcon_core.shell:Creating package descriptor '/home/livia/rl_6dof_ws/install/6dof_arm_rl/share/6dof_arm_rl/package.dsv'
[1.745s] INFO:colcon.colcon_core.shell:Creating package script '/home/livia/rl_6dof_ws/install/6dof_arm_rl/share/6dof_arm_rl/package.sh'
[1.746s] INFO:colcon.colcon_core.shell:Creating package script '/home/livia/rl_6dof_ws/install/6dof_arm_rl/share/6dof_arm_rl/package.bash'
[1.746s] INFO:colcon.colcon_core.shell:Creating package script '/home/livia/rl_6dof_ws/install/6dof_arm_rl/share/6dof_arm_rl/package.zsh'
[1.746s] Level 1:colcon.colcon_core.environment:create_file_with_runtime_dependencies(/home/livia/rl_6dof_ws/install/6dof_arm_rl/share/colcon-core/packages/6dof_arm_rl)
[1.747s] DEBUG:colcon.colcon_parallel_executor.executor.parallel:closing loop
[1.747s] DEBUG:colcon.colcon_parallel_executor.executor.parallel:loop closed
[1.747s] DEBUG:colcon.colcon_parallel_executor.executor.parallel:run_until_complete finished with '0'
[1.747s] DEBUG:colcon.colcon_core.event_reactor:joining thread
[1.754s] INFO:colcon.colcon_core.plugin_system:Skipping extension 'colcon_notification.desktop_notification.terminal_notifier': Not used on non-Darwin systems
[1.754s] INFO:colcon.colcon_core.plugin_system:Skipping extension 'colcon_notification.desktop_notification.win32': Not used on non-Windows systems
[1.754s] INFO:colcon.colcon_notification.desktop_notification:Sending desktop notification using 'notify2'
[1.765s] DEBUG:colcon.colcon_core.event_reactor:joined thread
[1.765s] INFO:colcon.colcon_core.shell:Creating prefix script '/home/livia/rl_6dof_ws/install/local_setup.ps1'
[1.766s] INFO:colcon.colcon_core.shell:Creating prefix util module '/home/livia/rl_6dof_ws/install/_local_setup_util_ps1.py'
[1.768s] INFO:colcon.colcon_core.shell:Creating prefix chain script '/home/livia/rl_6dof_ws/install/setup.ps1'
[1.770s] INFO:colcon.colcon_core.shell:Creating prefix script '/home/livia/rl_6dof_ws/install/local_setup.sh'
[1.771s] INFO:colcon.colcon_core.shell:Creating prefix util module '/home/livia/rl_6dof_ws/install/_local_setup_util_sh.py'
[1.772s] INFO:colcon.colcon_core.shell:Creating prefix chain script '/home/livia/rl_6dof_ws/install/setup.sh'
[1.773s] INFO:colcon.colcon_core.shell:Creating prefix script '/home/livia/rl_6dof_ws/install/local_setup.bash'
[1.774s] INFO:colcon.colcon_core.shell:Creating prefix chain script '/home/livia/rl_6dof_ws/install/setup.bash'
[1.775s] INFO:colcon.colcon_core.shell:Creating prefix script '/home/livia/rl_6dof_ws/install/local_setup.zsh'
[1.776s] INFO:colcon.colcon_core.shell:Creating prefix chain script '/home/livia/rl_6dof_ws/install/setup.zsh'
